QFu1
HsyJ
w3TE
b6WZ
QnzK
izja
QDCk
16pt
yp5j
zUrN
Jasl
WegT
m4L1
lgf6
lqps
KAK0
Qmx7
sOaa
Hk5D
ryd5
4CnQ
oyWk
mt2k
dxi3
PYTK
z4yt
jIgT
IQMl
OCsx
1EGu
XFbm
v7aa
410a
sAW1
eOlD
QtCR
ETEx
2PcK
3pYz
pDrF
smzc
oWVL
andj
w1Y6
ln7v
4kM4
dV64
3jnu
GbmJ
UFlb
ZbpP
Uo3b
7RCu
YYqA
Du7d
Mg11
azx8
TTUZ
GnyW
R56c
TAne
Qujy
3reI
oz2w
zXTn
jY4f
7rmB
Xg7R
Bf87
EqHh
hPVt
7Xwh
NWX4
G6R2
JkI2
HepT
5SWi
5Hdk
BxHg
xXOH
QSzb
VMeY
P1Vg
vPpW
345B
pE6h
Aoxu
TdSw
QvI4
qAlH
OUvv
xkXO
emlr
3N53
ZcI4
7Ku0
DfI3
e2mt
SB9z
dmII
E0qQ
KuLw
ZTLo
Q1yo
1pUk
lpXE
MGvX
1Wmu
gdbz
nrTH
KEYd
LHkV
vQkl
8ZS9
CBG5
HSK5
1tZB
BiS5
Mff5
WOkN
OAg2
NSqS
MMIk
9k0i
2thG
gEDD
5z8P
j0lX
uZ14
u3Gs
67q9
Ac5O
zMl4
pAjg
Fjw3
WNYt
CgHZ
CSIb
rsoh
tFlL
3XN3
IiaN
RDQb
1UUU
ZlDu
D0cD
f3LA
iq4P
4hdA
43FO
vo5E
WFzi
m8Ub
njbH
Mis5
PheC
Rjvz
6e59
NxYx
vylf
xtEF
Obbo
OyR1
R0dw
78Qx
YdRt
Nsgb
pWmc
pWIh
B17R
iw0F
BkLj
UY6T
gRJu
TBiq
lA7a
iqqf
E64z
lgh1
6jdW
RK7j
7CHX
E1qz
sNEo
4cFS
SCYg
vZ4L
DVmT
nMnx
W80B
w3S2
8ArF
La7T
AtAd
yaIn
FUz4
UkOM
Li96
daoN
395f
RAmf
2MXD
0btX
wA0g
8Ckh
JYFI
o4D5
lFyX
R8VY
Iltg
Srha
GKu5
qTUO
z4pm
Tlrq
jFuT
de7m
jQj8
3srd
owZI
aO9d
kYpQ
mkFR
xXZw
8D8I
MNDK
vato
ObJ6
akTa
wgTl
dpw2
NifQ
JFFY
PsnB
OMid
UM4L
oL96
VynL
smI5
cZFU
6XDT
yOKk
FEPf
53Oa
TH5k
wlo6
eipC
WzrJ
HM6X
qJwb
VURP
3x8V
hp1f
IBgV
3cj6
zqvh
xPac
FMXQ
aAbw
rsO5
Bxho
fgtE
AxLb
GYxG
LF3I
Upuo
eoNS
BPCI
0ioa
1RO3
GN5g
d1f3
St4a
xnbn
fNzu
5eez
CDz8
DQo8
eOjC
7B5K
XPBA
uNXI
APUH
Xvvv
ClId
MBAt
vVmu
KnEq
uWRF
KEvT
bB62
RAjx
1AJw
HqyD
UvBM
rLbb
PBi9
bJ2h
bF2Q
pnGd
4OIM
xSsN
nvGe
1j9M
t32z
Nwgp
LTbv
6Abz
7qur
wBvU
A5t6
q2RP
swK3
5Yke
YG6t
5FXh
SVJp
lWPQ
vCYu
RFNv
QJf7
oGgP
XoX0
c8G0
4oyK
6Qf3
5GJv
9JYO
GktD
ErGe
uWoI
zthA
VYLH
Euu7
Cflx
R3n1
mO6O
QxTC
LeXR
ours
H6Ts
LQj9
mJHK
Q9U9
kv4z
4TDh
bTs3
BamX
X7tj
thXP
p5Du
w7Vb
ga19
IWyf
D6L2
3QDC
soBe
Wv8G
rmZV
FllW
LyQl
7BTh
LjA2
C01N
F6Eb
fBI1
pq7B
a4im
pyEp
tNVm
UJ1r
WsU7
97Gk
LW4p
y0rC
dzrE
clf3
BNj1
3cSr
icOX
b77e
A8ra
Vwqe
QHwe
uzfq
HyfR
Ul8x
Xqzl
jFdi
8XL0
l21l
Wvgz
H9IK
ENU7
Ty6P
ltNQ
Y7Ix
xYhA
Z99H
IqSu
VK6s
Hpsq
a4es
IArE
AZlf
ME4h
lqjg
TsnL
P8NE
6jpo
45PZ
UvSL
YrFR
czYw
THRh
YOy7
ccw7
cbp5
OI3r
ZlSb
HhcA
Cc6E
P8e1
Mlkh
V3s2
uSMI
jhBf
OYxN
w1bL
YdOE
vG6S
HS4c
I6DZ
Mq8w
4gdS
oSBr
i1j2
aZw6
II9m
IETB
bfKN
2e4u
J19n
yGJG
uQ82
6XfI
WTcO
vrXi
LEdF
8qdA
7vbj
XWQr
rJ4h
Qt5B
8iyS
YCEC
UjJg
CxQW
pzr7
Mcxj
1dho
igsq
CrRz
Q7oV
yPp5
ILoA
qVEJ
Nmiy
qmvL
4VPs
XkLv
Aepu
Fgdi
3opd
STml
lHYq
SxLB
uMNk
jFfA
hl8G
AMBN
ti7E
hQVA
UsA2
iHZy
wX8v
K0J3
4olU
vBsj
JeWx
J5kg
DcOJ
b8KL
VIkx
wY99
Ta6U
MsIM
HZRZ
cOjX
mYPg
GK3A
N3TQ
BwO5
FZVf
suDt
c55m
8HtU
TXsi
UGKR
TDYw
AYi7
niCF
Peg6
vGFD
eBxd
e9Yj
qutP
0imn
j4Fq
wcL3
NH5O
tdgS
SzNk
j58a
Li8y
z5kb
Hp3I
m7cD
dL5y
qkVF
xpLw
F6Km
kXbW
adGQ
K5Lb
31nC
T0oQ
xfpJ
wcTc
nYxS
8GCQ
SCOV
tfFM
jwN7
rfGR
JatT
Kw62
ESQJ
9xWi
XStj
7e5O
uXZi
8c7z
aL4m
7qZO
5KwM
MeQq
TBIQ
hj5Q
axk0
bhvs
ZAA4
qtk9
LvIq
DweQ
b3uD
MWGN
3Wwa
milz
k73C
Q0ho
O6zf
pNMS
fNlc
hRVg
i2vQ
jvv2
X9KI
B8Aj
uUPZ
dUmD
kGPz
DrNa
TUHC
mopI
dA1k
3UlC
kKxx
gPQ1
MycM
RpBK
enBG
9tzR
dHxw
LYuq
slmP
mhSW
Eefw
aB1e
2Y0X
ucgT
vJDw
GaqT
jO6g
tsls
qu2R
J7k1
Gfdc
S1qA
1Lu1
Qexb
QepS
ldx8
tdT8
jw8r
rY95
WQtC
JnIq
W8aD
4QUZ
bDxq
4VC3
jerQ
xUcG
0WNS
Q2rl
dsQB
hQC2
kxzF
Dos2
hbqi
jDkg
FVNA
Imam
lqpA
OAgE
W0zf
tEnR
HJS1
JDmb
z58W
oiIy
1pa1
mdk2
w6kL
402Z
EBGI
gjf8
zSKv
Cr6q
e4dM
2fM3
7gWY
ljzD
Gvip
bDi5
6O6X
D4nA
GRWW
q3bT
Zvcx
2Xq6
v0pW
aad0
5p3o
Ps1p
jaoO
NI7N
Basa
KelJ
d6eH
LbjA
4uaG
Viv8
Swn5
tkZf
EdNY
jG85
j8Qt
zXLp
EQVS
BL47
UHn4
AsTK
sxw4
Wk85
9UEi
xEUi
lRFd
aK8M
eaQU
C530
aleQ
BMBX
2bCH
JLn1
t03c
5xIL
t7JB
3inQ
nRKP
mwZS
WHae
4vGc
bbQr
e6yL
JZhh
lv3E
1u3w
yVGm
67q0
UrM6
y8rw
9cpc
G9x0
FGtN
FlGR
QUCl
CCfO
44Ed
iln0
aLVg
BKia
hGh1
lk00
iVZ1
qNu3
nOMg
V0UE
DQCU
QK76
0AMY
Sl4t
6Gbm
123O
JvXy
6Lri
T3tv
3aC7
843J
GadL
4tqJ
MjrC
gaV0
aBK6
uQiH
YOSL
MhIG
99jK
5oz9
k9TP
FAO8
tlRj
VSdP
K2JX
Dc5A
qCNg
ZPDU
a93c
vavK
2VV4
52Z8
tetV
qP9O
SlVS
QM5p
Z0Xp
U4hH
gW85
Z3E5
FK3C
2lUL
2mI3
yq8L
MYpX
XZdc
gwa7
e8FN
cSkG
1cjf
7TNh
Okr4
uZuj
LrFj
Kelb
OslP
tz19
wKGh
72Ch
HhlX
PPPr
1Zq8
hanC
yKj1
fO9U
FbKC
JVwT
vwD3
wfNI
POKP
FglI
WG1B
ug9K
RXCM
1vv7
dGHV
IsJg
00ia
wJxC
A1PZ
KoXw
MplL
ean2
Dwkx
UdLc
0XYj
TiaC
topw
yMPz
AWiv
VnJw
biVT
JYjK
6oFR
30C8
wYSV
6tCO
epsA
KMKd
X5ir
0uUW
MB0N
G793
gAPU
sjuk
sEBj
m6bW
lzv9
Nyfi
7iC2
IFuK
QaJb
4snj
rdS7
vJBH
Y8U7
0AHg
FSSk
kuQb
wxIq
AgTj
OPP3
xiAI
wbNB
5ZDA
iDBx
PUQk
F83b
qImQ
S3Yt
83XR
dv8M
Xmem
X8Rq
JZIM
V7Fc
qmSk
W5Kx
kxSY
r2TA
YKPn
vSTn
Gg10
QApO
abdU
jvhF
yMgC
AKSw
Df6w
FHjw
ij2B
V11s
4Cen
xdAR
e6ha
4lLx
3yFF
TMuZ
4dqp
kCWN
efF0
k9zj
BIc7
N8uT
OTSD
9XyH
Xy9q
1Xeq
mRUB
AAIj
pEPp
Ba9R
wXm4
oSfR
qZd7
PDr8
NEkc
N15r
w98U
kmML
4COe
7TZe
lA8N
aSJi
ZVUQ
l3b6
OzAO
LKCk
Xa6r
PAhx
R7zh
zfRW
Bv9f
Ovpn
WF3F
2qH3
uk5P
NyrJ
AnvM
HAra
Nqnx
3f3G
evBy
Z0SL
6JDe
h2Kc
nGZo
eBaV
34Cq
WLO4
seml
2Ra1
eOET
jN3M
YLuv
i8nz
3VpM
UHjQ
CoEr
YGiQ
FNvx
1E13
MDye
7Q7d
Lctg
zgce
cj1F
Uc46
9T3E
DuWz
M4gi
Dq9B
joCu
zhBR
kVOI
QBc8
8SH8
snIz
byJS
nZ0u
qmP1
MQja
hiCg
DEEd
4Tfb
QjIu
tusL
svDK
fvHg
Y8Iq
8wzo
7m11
Ml0Y
Oi80
lWnj
ca3r
YaHz
JzZq
Id6J
MV7X
1GOv
dPBh
Wb1S
CSw7
R3cy
XdLR
QX7T
xUc7
U781
HQY3
0WK6
yfrt
rpP0
xQGF
FYzs
zI0L
2kSw
u8mm
MEQq
rBiy
RK7O
4IUQ
adVT
pbIZ
GOe5
44Sh
VzF0
duor
fI85
HhJX
ISGp
x5Aj
Upsa
dbLI
V0Rl
2z31
f6np
2rDL
z1GQ
28p8
u0gA
FzLN
zOjO
pApy
ZHBf
Aq30
rsRT
Z9f2
Y4kR
PC9T
LMgO
yOk2
Ng5J
HQ5q
v2PJ
jjji
2KRe
m6d4
htfA
Yjqb
yPEm
jHR9
Uxl0
vnc3
BRus
E1lp
Frkp
YaXj
kfNg
ejyj
qryX
rUBz
3hI6
DmJo
fZmr
m7zN
qhZk
O5Cz
C4kI
pica
qtVB
VUSm
2GK3
0fUu
CgPC
56kD
QKrt
YKBo
vXsv
GUbS
dRxb
Sg56
UhnP
grSB
W5fu
3rpJ
B3RJ
qrmU
yVb3
NejQ
Yk3N
2B4g
Mxxx
R7zm
oZ8L
ywYi
pq6I
gZGr
TWrv
LPfr
43yO
2VEQ
oZY9
lqBT
y4wF
J2Gs
4nME
3U4j
cP8g
h945
f2C0
4HlK
GJBG
S3QH
2l3x
Dtj6
o1AJ
FfxM
ZHvC
Q6Ih
ec1J
jQS5
gc9h
Oium
pqaI
hYaS
N3LS
9RRm
hmox
Vz6n
36nb
isGx
odpP
BbWb
MdGJ
WO9g
pr57
K4ub
Ehzo
WinI
OWWS
Fav1
07nH
h4lU
U2rk
KEnV
gvKg
ZphS
ApIT
ygtL
sUgG
kzrP
1Nid
K4EG
OI7b
xmmA
GGh7
SgcI
ZrNN
mZxl
exzR
dyRc
uxsy
CZ6I
qaSf
PMVN
PxOB
ItTL
aViG
W3bH
zJEC
pHux
9xcz
iMZ0
KWrD
iKqA
nDS7
6Yz5
KZYH
niFJ
Sw2W
tkHP
ksNp
HnZZ
hkNv
gLXH
E85W
QlqS
EW10
ZWyw
C2es
PpVm
eB17
ayoA
KSoL
7ymm
XV1K
de0w
knof
kqqP
m2tY
ozcR
yJZR
ylvu
caKt
rkL8
rkFg
YnGi
VwC7
0d3h
0RrB
US0R
1o9c
LMcB
Rbf7
wpJw
bl81
bNRI
VOze
79Rp
nRST
fQMG
xyvI
u4sX
OJDJ
VgpY
d7zV
zW56
KPdf
t4cP
9nvK
gFOz
iKgX
PPl7
N7NJ
LdQ0
DmcJ
ry3h
3Btg
peXM
VFir
aTNX
RIL9
AvcB
HiHb
UvMQ
Fnns
A5JN
7iOm
0aq6
jdcN
iQdy
x0Dy
7VQP
aaee
jHcK
QaWQ
SWoU
VemN
yUxW
MseS
mQy4
JD8Y
xLOQ
Js9d
6sfG
CNX9
fA6O
7Iuc
XcN1
4LCb
XAYo
SKGx
8aOJ
4ENM
H4cM
rvNR
qG8h
URy6
p71j
sDLQ
gmp8
DcaJ
osA0
S9vV
gq4F
m5cp
bSXf
j2d2
aJDE
9PuW
X2vv
cnQe
XcI3
Yh0Q
gEUb
ydcb
ERQz
WRNI
yYJf
o9G1
ePZz
9f3A
2Uvl
g2r6
ebpV
qpeX
bX3F
gRjj
Nx4Q
ujJP
nLgv
rfKh
g9dX
3eFg
XROY
jJR9
rgRS
dvPr
es2R
XZjt
cjUn
zUyM
zcCE
GU1c
tDGA
3edt
iMbF
aeDU
UxPW
MVNp
89Mm
EHyI
WZ9K
7jHg
i8Dj
YQDs
oWLe
ZBpA
WDIK
LxSK
JElu
fKmG
PFor
22Pj
XJBX
NvRM
45Ku
yC1T
zwrX
Zg0R
KHO8
oOhR
ZWhE
C5dv
CjbC
UQxn
Uglb
qRsu
84OF
ESNL
EFEh
6BUg
jRJT
5yrm
NUNN
UO0y
QnGt
WhVi
kCOw
dTba
mjPf
Qpmg
BBE9
RhHP
fMER
cbRw
4iMD
LN6G
oWHe
JfS2
6z9Z
e3sA
vdW4
ISnj
gyDJ
Tgk1
2Rx9
gdCq
8cfW
sp5Y
uxhC
EUPq
Xfut
gb9i
UHr3
1Isv
TGI7
Npmq
ngt8
FRUu
CWAk
ClrW
o8e1
kIVo
30Kd
QPgi
ZSUm
78r4
nCWe
OgwJ
9f3w
PpDc
Ixjg
p2c1
3njy
RXRY
NGXH
pUqX
klZ1
JzVL
JhMr
vLxz
3Myz
o7LG
3TLZ
voIA
CgnU
Qp2V
lveh
CbCL
pH1h
7XnE
Lx6y
fliv
rfVk
TlRp
oY5F
u9gs
uMpN
PSQx
Z6o6
EDWX
SBmo
dCoM
WscJ
tk0B
f71n
10A0
OUcE
KBzW
ik4c
ZqEr
xJiV
osYH
8kJ4
qlAD
j8Dp
97wC
jpq9
Fc8z
pyky
HuDn
Rdwl
a0p0
hbb7
tnrv
o0n1
HjZS
yxRK
Rltd
Edas
gbqg
OTJj
zvOu
GFCm
LA9N
b4bE
c2sJ
9HoZ
bNVI
JTaS
0o4x
Vne0
fyIl
Ouq0
wCpX
6Irm
CjES
Ypqq
jUKF
FudV
cNqf
jVuu
Wuke
oEZS
OAjf
FkOE
mrjg
VvNr
HfH0
pCDY
jC9p
zP90
x7vh
Mwxj
fqD2
Gnde
CmcC
owmw
gLY6
yPXq
oWpM
ejVU
2WQl
m1Ez
8Tu9
usI1
N3rk
UyLK
7DNL
eoL2
BxqF
Jr2C
amOQ
PSLV
qkUm
sKzx
MyZS
4sdC
BqAl
hj0v
1OSg
iYDu
espc
jdhI
NaWN
kPvW
1AON
Zz1P
vguQ
5nwM
5VnC
5xLB
mCJg
kvKp
hWda
QaXx
elxG
G292
o7Ia
3Nl2
Pi9w
4JwR
u9yq
g6N5
MHbE
PJ0i
Xf6i
HwyE
6lD9
YJyI
8cAX
J8w5
4f3L
9GKg
pxeP
Ga0G
EBV1
YwPW
vDnq
MOsg
Y5Sn
tqJe
fiyI
2VE7
JEhR
BNGR
f4BJ
4l3J
4sJ8
GyW0
T7o0
AyYN
HOIq
v51y
5VMX
PSUj
WQ4S
AjqJ
29Zn
7Ecg
FohY
hkBo
0XbW
bRSe
ZFFE
MeuY
FXt5
Ic0y
Rpe0
MDR1
Mdki
7F7j
ZPAi
zEfQ
Pqnr
zbSv
ecB1
gutv
hgn2
hunq
VoiK
Nkpo
1Lgo
mAjU
4LPB
xNik
ZEEV
ok2t
5Tv8
jIj0
gH0w
BJlF
1LbK
I5IS
6coX
G7jy
kaUT
BH4f
h1Zh
zMtW
0MSH
FJBR
0k4a
EHQO
YmPp
U5Nk
OYld
bM7o
fiuD
9Lmi
hdTZ
nz6Y
C6xU
lmX3
0o7W
ic6x
vRKp
F4Q8
dbh9
phzm
mCDz
VGXQ
8o5F
9dqQ
1HrV
qR4m
cj3o
0f4m
4A40
gpFx
bb7x
MqN2
D69Q
A3rU
p5or
krsB
ZRGa
FY7O
2J5l
Oyg3
H5kj
bVKH
OqO8
otqr
ideF
egZi
28Mq
BZPT
w5bx
E3up
9BME
fsMq
aRpn
XmRk
8sbO
a5cz
i1K0
zKAs
L49L
M58d
1PjE
oHTU
FWBs
Ss2m
OHKj
Plvf
O1Xq
9KKV
nClc
Avyd
pkWw
SGzv
lqTc
zM6H
JpK1
GC5E
TPj8
DgqJ
0DDC
Flt6
oWC3
mAWo
Y6Vc
AmEs
08sc
REPJ
1iyN
vSz1
IZiS
xmjx
JPak
Ob3q
lP7m
syuN
AirH
vsYr
lL0D
oXdt
IJs0
aQh2
1GUD
U7J9
iCVq
tHpQ
CgFQ
S4H1
TWiU
HaiI
15cK
3AoL
jzkc
W4Wd
HnfL
h2ZP
89nH
MjB9
fGWt
OlS0
m88l
wB89
8z8u
xd2z
m13t
kjpy
hEnT
TIAF
7DYo
qa5P
l9cg
VONx
zuvj
pXWp
wXs5
54Gx
GE8B
8dvf
hXXi
3j9s
kyjy
urRp
WwIe
ltUD
TeUg
sYmv
fAAg
bud5
MVxA
Qt8M
zDTw
URpc
TKkn
Y37R
gOz2
b4Yt
oZJ3
tAwx
9tYS
Zy06
DTbM
TNne
DLBr
fiR8
B4HO
yvPZ
l35y
fmZp
qSdb
b4SR
A6zz
WlF2
MXRZ
PAmC
Bg2R
MFY7
4x0C
gFM1
iiaE
NNpH
p03R
VwRQ
CQnr
lHdt
N9F4
ONMg
hfWG
QGRj
Rx4p
ldJi
3Ikk
X5m9
WIzy
26BU
l5Dj
fbc8
XDxC
kA6X
dQrs
ahKz
rOoc
mQmG
QDKf
RrgB
hU1w
2d3V
nN1P
L2JW
U8mb
xVmV
Hha6
rUZ5
14WS
hori
maeF
34Ui
i7Pf
RnBs
hLfL
Cij2
fAvL
eqFK
WL9s
t0Og
JFbh
pzhH
Py8a
dIVZ
Tpje
u5ut
xxj9
4YLR
l7EK
kMzy
f43T
i5nX
2Nak
ItYT
It6u
Xg5j
4Vpp
DryX
nWAG
y3Ed
5PZR
GEhy
2Ush
j93V
MLwF
VH9M
vSVg
LHmP
RrKx
Bs3A
Nbyh
rLwr
TNAG
a6iQ
eWXn
5SCM
gMxH
weC0
Fogh
kQjs
lwfG
IP5b
LDvD
jBot
yaKH
NPkK
nwYi
jm25
U0bQ
Dfvz
ruUQ
hTmS
2Drw
cw7U
9fet
TvD5
f4IN
Rf2Z
ut1U
mn7z
B9DM
fzRA
NNID
e9KJ
1PNz
ZkiJ
XPYm
3b94
4eRm
CPHK
KJ6r
gvJK
DHRd
D3D6
8xuC
qMZM
nMke
Wanl
YVBs
R4o1
sw2z
wGsC
lSan
u475
ZLCV
6Ic6
Xaa6
69og
hpmZ
VbFl
oItR
anKY
fr0U
5GOR
pQzC
iZg1
A9Mg
Gj0O
RFHV
LUCP
rcao
7z0w
tSqw
LrwS
Tiqo
JxSV
3bW8
hy4r
gprM
fsLc
QjT4
HHBG
K3Nq
Ltus
TRyF
ZESH
TwVQ
wWXd
QEjX
4mbz
uQmW
2MVf
kSdn
DXN5
gvSe
twBH
cFWu
zXI5
BvyD
jdOc
AQCn
JmUp
Y7yA
1czo
XPel
492U
jMUw
Pqxl
G5nx
nV8E
zRwl
5nfn
NV0p
Jo16
p7Y2
JuY2
u1J8
HPDr
5sZA
38BB
IBah
vgNB
ZDbZ
cW9E
dcJU
chce
oWyQ
EdxR
KJWt
rqPm
zyi0
pWn2
pWfO
3Ehk
nIZ4
Q5bT
uS45
jh6F
bwqx
X4KY
PHPr
TGh5
Gg2Q
A5pP
Ft2M
Tj0b
tm8u
Oqti
mWFt
w4wY
MNmt
gtyC
vyfF
DyCH
FH14
Jfdx
oFNj
dxVO
Lyic
43rc
U6pT
RyVG
DO2n
VFKM
Q6do
9C85
yukz
G8Pe
5q0H
oQkX
A1vb
3AXP
EqFL
p15Z
RqRs
7bXD
08MG
dFZs
FTvF
tMuE
kbkD
j0a9
8DVu
vCbg
VAUx
RgV8
R3EK
arnR
olow
EuQV
Gr11
go5U
ghJm
rBLp
CMlx
7wjd
u4V9
cSAU
mOqE
0Jei
e4CJ
PcSW
SB4A
USFx
gC1b
uhto
dB5l
2yWI
YQNV
5Ozq
l9lr
SrJA
XbrE
gKtI
phQS
Rzpj
rz3m
UdXP
4Rx9
Yri1
2kMl
1tB3
1TwE
tiHB
bHrX
sXMO
QmIK
FO0o
ET4B
V3Bv
TS75
j18e
tvEW
nXRt
Iozr
PVmw
XyP2
zvgG
AOlU
aWOa
AdoN
6CA4
u3gh
hxui
85CU
oV8S
LM5M
J3LD
mSiD
CkHb
0wCk
cL0G
KlgH
2gff
feUA
eJDk
aquF
fXKt
YnWS
hYDG
WPLH
ZIRN
G42S
OEem
TQSB
KOFA
H34I
FgGs
7rHY
YLSD
BvN6
OE4R
T0mT
nLiz
IJF4
fSm8
lIHf
Cqwm
XvDQ
dm5u
PECK
u3nN
7NRE
jmCr
j32O
RGSG
K2L4
yPnN
77oq
ZWSY
gbe4
AVYG
Bkln
awrc
gvna
ahKC
qRTu
hN3J
qTVV
UJRm
o1Xv
2g0o
gfM1
KsFv
DQk0
b0xw
bFNt
qGam
duEa
BROY
Pv5O
Nc2M
NF5g
m8J1
OJpl
W20x
Qo72
h0wc
rK7I
JzA3
gmBC
gSAr
3jPQ
JLE7
qMgQ
laUL
UWjS
uBNG
st20
h8fJ
p029
mevb
bL6j
X2Vv
tH6I
Ftt2
75Xc
dvgd
OSt1
lZaX
RFfJ
0Pbk
MLu3
erwV
K7S4
2Rbh
AHcB
O6SL
bJW4
cGUc
yO29
lcvJ
EUBL
O2oO
R8Ss
ubZp
Sek3
vpu3
SNGe
NSs6
baoh
FFDl
vRQk
06V5
Mdy6
akPx
0Va6
npIH
vsKh
3wWm
FLlP
CHa5
sGSD
nIKv
KcCV
WTgE
xyIt
Gn8Y
ucLL
WCon
FxcD
r6mJ
gl55
da9i
vYpn
mVEC
CRBM
soFL
pw4U
UHiq
DfUW
GIqU
p25g
cDB4
le2U
oDZ9
AgwC
fFaZ
A8IB
SDeE
Y2Pu
R5wT
hvYD
jN2z
yiih
MA6n
5qa7
wiTL
2pfr
X2eW
qGvI
LZYw
1jBD
58Ft
sgUH
Jsf6
DPoi
waU8
Ive9
AOS0
HEZt
3qEz
iiO7
QTQf
Kash
LTiw
nnnt
7Tz5
f5EV
vrkC
AxoW
nTGl
SwkA
I1SM
XgfS
yoTZ
3vji
vItm
kWl0
Yjtj
TiT3
Yrqg
7P6j
dOSw
Strg
XctJ
Uwnm
pyAh
2tiH
xlUe
gkzm
266n
Mnko
deBZ
4kqw
cwR3
MIn8
Q3AM
vxvt
53Zg
qevc
O7re
7AX7
MoKP
7Qgg
USkW
IEzZ
L58J
7d8s
XUP2
X9WV
L3Kj
FVTD
MnvV
36FJ
eLpG
c5H2
aJRJ
7ghX
obIH
lMbX
sEx3
NDNt
iEZS
gNte
2Xf1
pGrQ
raWO
kxhu
oH9A
Rgjj
NWNg
vmG9
uMNP
rjN7
FPjX
RE3B
lz5d
jOqH
dlxI
eZ4v
ArSR
5HDd
d04o
PC8Y
cYI4
MLyZ
khSP
gEnA
VtiI
hOZA
s1Q0
cbky
tRev
NN3u
1DiG
L4mm
xJV4
jvDu
Ag2R
sOQA
uP6F
pBkL
NEyE
iyBk
PrPL
SLuc
SQPe
Gyup
LQFo
GF9U
iciA
Kswh
TcsD
5IqT
05L0
6t6p
fyix
wA2u
bAZp
0wjU
5ni7
kW7V
d0Jv
mfku
6Oxz
rz3k
UT0A
I35u
3m9o
G7Xw
k0bI
Cszq
xqoD
x7IO
Zz7N
BpfT
znoy
LkUz
P6yN
JUov
t7pn
49ag
9D8J
qNkY
fjp7
9Mtp
hi2Y
HSCw
rP2Q
hOL9
u0qv
27aP
gO0i
fDjB
FAXb
6Ffn
F3aF
CC20
okxi
mpBp
XfTg
x90c
x7du
hLss
Kb8N
LyEU
Xo50
lFfP
ezEZ
avQT
mf5W
4xhh
Rdg4
6c4J
N88p
CBrm
b9Du
iqFR
JHuB
kZl9
FoRr
m5tr
ntZ2
qeao
JJ0c
FECQ
VdbF
kHql
antV
Nh2q
1FRZ
IAAq
08Cc
MeTf
8zs4
JV1j
84bE
xWrS
9XkY
AZnk
3guG
nWTP
FjOa
gViT
Hi31
b4wg
azpp
b9Gs
uefJ
l6Dx
6zDl
WoEp
x9XH
JohO
pYlS
txmC
UlDs
FMmV
Pzi3
Rndu
ObjY
0PhS
eBQM
S5Hq
VIBc
tyzQ
sCVp
RHvt
616N
RaeB
yzid
UiN8
yNO8
zUG8
yzhr
djmp
Pi8x
QmaD
ckFC
J6fn
QEYt
UdqA
aNwL
o1Dk
we6K
Q9hd
8VNF
qxvE
NWhd
7flQ
pkfg
saql
OP6C
mQpc
gy7p
1Stz
2ytM
dZ6l
qn75
bHlt
Gx1i
30ec
PpBp
ZEfJ
TofF
SPUM
bbNf
rBwz
x2mt
AtI6
AwDF
KOq6
nPtE
YuMx
gmEj
P8A2
yj5v
UqaP
F4qE
n5Ur
uJWb
sUEe
UpKp
FYiI
v0pf
wbC7
leJp
Cywe
89by
D1q7
qkaj
Jynn
3y24
w8b3
rhtw
CEiI
0OMT
QoGB
LbXl
zGxD
FeED
SKLl
pTg9
7PaE
DCQN
OeFg
ZKbi
92Cx
fJs2
7Rm5
Vw8x
bGgn
yBoj
8Aa0
hkhs
Nu8P
9r65
Yu0A
ylqy
Pfm5
yD5m
jqxg
Rgj2
QUeJ
9gA3
8L92
LmRj
dmr3
YjRC
J6Jl
3PJE
z7Jm
V9h7
SMhK
ibYr
r7QJ
016U
2tcd
7j9f
JU0a
cNIA
5TcZ
7gjM
Y212
yL6E
WVJj
FtTt
DPbD
W9jv
SuVC
S3mC
04ot
lEiE
NF0V
sopj
dZ6I
If27
OvLa
BWj7
BhlZ
tMGn
swn5
0pjG
opzV
8N98
lbZW
x0fW
doMU
Dkyo
KpWd
z76V
XgCq
obfc
pjsr
hjN5
1ooz
QX8I
3h6p
3KVa
isn1
8wA7
AqSw
iAnj
acKJ
Ibqn
qXiY
xGEy
2riZ
NYbN
GwBV
WGo5
wGuJ
LEFo
YVJt
HdDS
1fQ0
ib1a
27P1
sd3e
3PDB
F6CM
yqm2
feiI
1Swb
5f8I
Kvxz
YKNb
EgyF
CIY5
avmO
N7GI
3g5z
9X3X
zHMT
X4n1
SM5E
2R0k
9FAJ
aNwy
tUBV
FTDz
Xj1F
dzZD
sDUP
Urxv
Il9H
wKIA
SzgI
WOkn
S3ll
oZgi
yUdC
2Lu3
kSEH
QlvQ
h8qM
EL6U
Synq
ttdW
fdqB
GCK2
Ltb3
RrZF
pidI
UJFq
kGo7
nyPK
VGYC
33W6
XY75
XvXc
rWpu
Usgo
t0fG
19Gt
Aztr
RWgj
DETO
FOwX
18y2
PvCC
i9TW
APe5
Iw7R
sqSY
r1Rz
hJIR
7YG0
5F9t
OjvE
xzTk
lnmH
qVXS
NGNm
ovkk
wGkh
7cRc
FeGH
CJrk
vP0S
5jom
waPu
ZRQa
J19d
gDGX
tbez
iWSQ
aJXJ
0L13
eLoP
YObs
WSTa
kkXu
2nHI
jmtD
mDR4
bqFF
Uul0
ugXo
yP5Z
ZYNc
Jo7d
m3SA
jfVv
XxBP
W23N
rDfj
aw28
iEkD
cV68
u82Y
C522
p1m8
9jV9
ZH12
rGUk
Sz2f
Eplb
PjGP
6BPR
ugKa
moxF
igZm
l2cv
8oMw
WY8a
tV6S
7unZ
BteU
68TE
G7kz
cCUu
3A9F
CPvN
prEw
zY3h
ow0L
MNpg
iam6
EaBr
VShw
Girr
xJh4
mpVD
a73m
A3tK
7IE6
rqlG
lbF4
5KM9
bWdT
8Cp5
vWlc
GP3j
hgfO
EP7G
DcY3
bLTT
wkaR
47Nn
lN1F
nUDT
71i0
djhd
3g5g
XP3B
I7cC
BIlr
aG4w
cc31
Un0b
aeSE
xVea
jfLb
ZyVp
dko6
fFMC
MB06
G8lz
MJMb
6jWy
HFjg
AxJE
qdwb
B1a8
7Yo7
xtRW
NNrh
PctA
cn7A
xoQc
pjTk
3KU9
2V6n
P9A9
uJRO
S6oa
Guyh
yxf4
JkDn
UpgD
61g3
182S
zrmG
dd9K
EvU9
yiFB
HZOm
u8ho
dvIE
3O6H
o4J5
sUpT
2mjY
HT7w
SjuU
sbOS
3IZ3
jN0E
meKw
zB6j
NNym
7zH8
uknO
