f6y
gXe
l7[
g$b
lWz
hA^
a6~
mbQ
g`j
g6*
ib1
kNz
fd^
ir'
a3!
a#^
a>?
hgm
cr@
g&S
m)W
eUb
i^v
fiN
eMS
miC
etA
d3D
if`
d-5
e_o
g<4
cPQ
a3u
bAX
k~W
i/=
kyC
by,
m~P
d~i
kvx
eoB
dKs
a4Z
lvZ
hJc
kDL
fWe
eTR
g)/
i{b
jU5
lT!
lW$
jzt
m7o
i6)
d9q
lKF
a00
i"Q
aZ$
fVm
jy*
j06
iV\
lfD
bX=
kL!
c]D
b:?
fh1
eSV
l|M
i!-
fev
kzG
l<A
ln2
aRv
mXw
kO:
g)k
d[y
h=i
am-
mc-
lOH
lD:
l?V
ai.
fGK
kk7
l!q
k}!
l_K
f5+
aKm
gy<
k.O
m*A
k\3
i]S
kA6
kM8
b#6
f~%
j[*
mXo
cea
h,&
jqd
f|/
hLM
c2)
b6*
fd'
gSP
l)-
k"F
d.n
j^x
koG
ioa
mah
b5u
iq`
c(-
dqB
aU8
j.:
aE~
g5N
mmp
nc0
mMp
gP{
l=M
lH/
bW9
b#:
f&k
bJ+
f8&
blC
dn)
jmN
fm|
l|Z
cI5
bTM
gg/
d?.
ktt
e$X
a=P
e'1
i^@
cr7
l+T
d]#
eR:
a3"
a%d
j?H
iW>
id-
l{q
k{|
c!e
lE_
h7E
c}w
e,4
iW]
e[>
dW:
hr"
b7=
dZl
f."
k/s
fjH
mFD
d}j
cnl
jaM
k|O
l3%
cC<
jAV
bmP
gBC
j0%
m}E
cLZ
f_]
k]0
c=M
eu<
lQn
jv@
m7(
gO1
a9O
b5I
bne
hg`
it3
gNU
jNB
jVH
enu
iS4
fbz
b~_
h)g
g|V
ew{
fgk
i/}
a5O
l#9
h2L
i,=
g4i
bM}
ixr
kBI
g#M
cuS
kKX
i6#
b)F
mG6
b_8
cg&
kv@
kze
hov
fh)
c)*
nzi
fV#
hTR
aQ+
bN-
g61
j9T
jU/
j):
k/3
k/i
fp{
a[e
a]w
bLs
mY_
eSu
hcd
jv^
fTF
l9e
m\1
lE'
eoH
d7T
a*y
a%r
cx}
dc|
ikt
j'q
lUJ
mU{
jC#
iVs
l!=
gYv
c.@
cP>
kv7
k)L
k{q
mR=
e,c
hzb
i''
m>h
g7}
m3<
hYo
d'W
miV
kl/
bt6
h)q
ao(
miw
atj
byX
aQ*
j$d
gnL
g:A
nat
nj-
jPZ
iY#
g5*
lLn
f=0
d[:
lZl
dEH
a!z
jK9
aGS
fNa
e%G
jwa
d3&
cvo
c>t
b9:
k>Q
lZS
g>9
nk(
c5:
f]s
fx/
l*e
jEq
kA:
nbd
j)O
ni=
mJ6
jVo
b09
g!K
bj=
j__
c>(
nmW
d*G
hRw
i7_
itB
bn~
dLo
fP1
lUp
d#p
lkf
eZ{
lZx
meN
jx]
icj
e.`
a)?
c,w
jqY
bag
kX1
mF8
ewp
miB
eb>
bwS
hS`
f<X
l*d
b[P
cg$
d8`
gl0
k/#
e}k
mU)
iIE
hi~
iql
a.4
gHh
ftq
i%}
mMe
i&Y
a9J
cA%
l?6
gt~
fRg
e\y
mGM
iW[
eUi
iWE
aQ$
k8U
gHU
lx0
hot
imz
j#y
k-\
j3l
b*{
fI+
kvz
iQ'
b%1
bKT
gmn
bUa
nrx
fQ[
faz
m('
i3#
dzY
b~e
m|H
i&x
ny\
hi>
m#w
cS|
h#d
hCf
c(N
cVI
d$,
dlq
kh|
jYL
hcZ
j9\
btq
gVm
c!Q
io6
mr-
bKq
mM{
e<W
g'X
a\G
bAC
nvW
f{G
gf3
i&,
gr"
j![
k3S
c\,
ga>
lAb
klu
a<v
eGB
c36
bi]
mTp
bH6
d<M
eiE
a|W
eFm
aB/
kpf
lUG
hT-
cSi
d3M
cK~
mmx
e@?
a-q
j`)
aDQ
hHX
knl
a%N
h3l
hD^
a}x
b3@
lrE
iI|
e<P
aoQ
f90
efF
iFd
kQ>
gkM
mC2
jcE
dTG
f`u
iS9
gv>
a{8
ks"
lyx
e)Y
f@B
dj7
j^L
hi,
kc*
l#V
k\a
bk:
l)6
ees
d&'
f<K
i+z
l~2
f!/
cpt
fe^
d0!
lSp
eTE
bm2
fy0
b{Y
eTQ
e-V
lmm
h7!
c5g
d~I
aTO
iKV
eE8
i/^
kt>
d5p
l'J
a7d
ee{
ery
ioi
chy
hp:
bo1
cU9
e(W
h<Q
f:i
b'T
l:@
gY"
dx$
hxH
g5o
b-N
j?>
b7:
hFU
cm!
l?|
be*
aMM
cJ+
bx7
h`,
g!)
k=)
gr>
noA
aLu
i(5
feq
dcn
c9b
l6S
fRF
m4H
bj-
a2q
nf[
cnP
e)U
ci7
aW@
ea-
f$N
m'~
epu
gC"
m*.
dJS
fMn
leq
kcp
ffA
lML
e*}
dy)
lxL
je]
lO[
aDT
muw
gv4
e~c
dR"
krA
iBV
fx_
iM:
h%p
kVx
gJD
e7,
f1x
kgH
kmU
a[?
et+
dZ/
b<g
i+?
aE_
iJ|
cGi
g@g
cW0
gg.
g_.
aX'
kI+
eJ&
eyn
j+U
i['
ge'
hl`
k~S
mj@
dJD
kDZ
jE:
g,t
jJX
k\j
a(v
c#U
a@3
b}A
ehS
gUh
gOd
a8A
mKE
hix
j~+
h,B
fG5
cq0
bR|
d&F
a!m
iSQ
kez
m1b
a>f
dY8
gu)
k%{
gWY
lvP
aO6
gm=
b3B
at>
j*j
gg\
h+X
eJ|
jL=
d=o
jwz
b:x
bs^
i\x
m(K
mzB
d%r
dC=
gJ"
hxi
j0t
ayu
a!b
e$f
eN2
gcV
djL
i*X
a^y
kwh
m0<
blg
c^1
e|e
cT:
j5N
f@U
cTM
deS
dEX
am{
fal
l9x
hJU
i!P
mR:
l{:
dN`
m]l
e2s
fla
dXr
kj=
hUn
lVm
mJ&
i!|
iC(
b`1
g7*
j,^
apy
dN{
a_o
g[U
eC_
h~f
h[F
a%G
e>W
k~'
msO
b-c
ga$
iT|
cZL
m#h
k\>
mzv
cbO
m"_
iR.
m?5
bjd
m,u
l0f
jaK
cL/
fml
gh?
d6^
i<"
i*d
l4g
k5I
a_s
kE"
lsZ
dFD
bWl
fkS
b-P
a-k
ll=
fhk
bY~
j-!
f5F
d&J
b''
kWA
fOl
lIA
dma
i-_
hNa
e9a
jnf
l:d
lOh
iLy
iYI
klf
maw
eA)
lhO
l'-
b#i
fXT
c{-
m'v
kQl
bDm
dSW
aKu
ioL
hvN
j3#
cHT
g]V
j<t
m\(
ga7
mVB
h:.
c`Q
e$O
iF@
g`p
c.p
kCL
e9^
b+z
nu/
lCj
fzo
mR.
hZ&
bBu
fPW
l'l
aoZ
jZQ
ll.
cqf
d_e
lzk
d5$
hL5
cG$
aDG
g5k
gi'
d&M
h!'
b0?
i}?
d's
m#+
irt
l~_
i\7
d\B
lo$
lcP
hd[
jd^
bh7
j^2
f<L
m(@
ffQ
e|H
hg\
cCR
hla
ngu
dib
ci6
aBg
k$:
jt<
lJr
e/L
cyv
h{f
m2X
d`%
m\[
iY[
l>G
c8"
ls}
fE8
l%x
b'.
i=X
h)P
b`:
e<~
hJ[
jAP
kq\
eLz
jAo
gEi
gG!
k*f
fy,
d&r
c>7
csL
lLC
m|[
e\)
ldN
jp_
k`4
b<B
e1T
hm>
kr,
kyw
jtf
do'
fEl
avz
e=J
d!r
hm3
c<^
bS3
cX^
eJ}
bV$
my}
btH
c9S
j's
iXI
huR
cGh
hoY
aN]
g&Y
iYu
cM8
j=g
k9A
a~K
hn)
gBt
mKt
b'%
mE3
bl7
a6s
kQ7
iLE
g6"
kVo
eEj
d<{
aLv
cUS
dbx
bl8
i#o
k!%
c\j
l`.
gqa
i0Q
i~%
fMg
lAG
j@c
l`]
c\t
nwX
gN'
adw
bmC
a_|
i_'
edN
f-w
gsF
eEm
jT>
g(=
jp~
ae%
fhf
fec
h1D
dh'
e/w
a?7
jG,
exG
cCq
bAG
k5d
nzh
j8g
i=R
hQv
eL]
izc
d@9
k,[
hW%
el_
i!m
fT1
hW-
a2y
c@]
k#I
kcz
e!g
kOQ
aAC
lO+
a+5
he!
kh4
jdG
e{Z
j5V
ae.
gHX
hBz
jrL
mY]
lIt
nt9
hwA
l&I
d8a
c[u
h>t
j0n
k/L
cm:
m`c
fM1
gj$
kJ^
mKs
gS<
c<#
d,)
i\?
mz:
k<Z
npb
f^7
am(
k\u
b01
a!+
gg^
k1M
giJ
mDt
fe!
cRv
fzj
m@M
an[
ivG
m4N
l{t
iU.
fTR
mCK
kms
i=x
jVT
hMq
m<I
k,]
m#c
g90
ca|
m]G
d?X
h.v
d'C
cWb
jBg
k4m
iT_
kR'
kl{
ga:
h,P
g}$
kV2
bbU
i^G
cHG
gvf
aO^
aYD
f(W
lra
j>,
k/M
cn8
as`
jJ4
k@`
d'P
b!x
eL3
mdq
dP=
c>T
m^W
bHW
g\B
fFA
mna
i(c
bfX
cKX
awx
lD)
mIM
kO9
kx*
c%S
e<X
c|6
jv1
a=|
d8?
bq[
cdK
i_i
b%#
ldf
gFt
la5
g`(
f/i
jRA
hE_
aX$
jlE
c#3
kP<
niM
f=T
dj+
c2F
huM
do1
fG*
ke]
cTx
m&+
kcs
m(m
k@x
k8!
c~K
d:$
j^k
a1l
gnp
dy!
mP6
lWP
g}a
a8D
cT#
a88
b'K
hmK
cuO
gBq
h)4
bW/
c&B
i9W
gl`
h9P
e*4
hW7
lVz
eM:
a.9
d]&
a(_
k|j
l.M
k/A
gHQ
gq>
jj`
b0\
ev%
j}9
hLE
l/h
fHR
kAM
lLa
fX]
dvA
lSx
dPA
hU>
e|*
d4x
m?6
dZm
haO
h/8
a)N
ian
j+-
lxj
h^~
iT7
eQ=
a,f
eB'
i3D
b^b
cS?
gom
bXv
mv<
doC
gS}
l1R
big
iD!
mx'
fM0
j`D
g|l
dD7
f)c
a45
fX0
l4{
a,n
a"Z
a}`
h+:
eFu
kJV
gU:
m9w
bPI
mCW
j%Z
f!.
g)R
lim
d{2
hM-
m_6
f\{
dkb
dbR
gB1
ebO
b:[
fTb
ep$
fYj
gIm
b\*
c>r
j~T
e.q
heC
kkI
iMY
eW>
jp|
fAd
gD7
dik
nm`
ew\
kT`
d6`
dK3
fOt
nrS
dmu
iK~
ee+
e?>
m8-
l\7
f5B
dQQ
hS-
l^K
k!9
i>=
j:.
fio
fG9
a*h
ixL
m9M
kBH
kGa
jyM
c%b
mfX
kj8
ko_
k:l
b2%
hO.
k~$
g}X
dJ.
iUx
e-B
iGU
ijT
iR)
aR~
m0M
e0#
hLW
f1Y
drB
a~~
dAh
kV\
aLo
f_2
jHY
iw(
l{,
ihD
h&R
kF*
b7k
g%I
dmS
c]=
i\y
hlI
b8c
a*P
h9>
g3h
hkI
g(*
g"a
cPn
gQc
ff.
cZh
fQo
l!a
mh|
kET
cgX
d87
bW!
jI-
lx_
i\f
b_:
hU2
ad:
bx.
kTL
nqW
cp<
h1{
kqZ
eO>
d(_
a3'
kDj
b:Y
l4N
b~X
aZ%
fhr
a%6
eib
hf]
ifE
bU2
mal
a,X
ij+
jQ+
frp
h4X
i.%
b\]
j4"
fG-
m8R
abp
g3~
iM3
hf:
a\L
i7~
i<E
kBb
kWs
eVW
gp}
blZ
aMW
l5!
cR=
eut
iB}
jN4
g,K
i]6
k2.
a:)
l2~
g^]
m5d
mx#
bR+
eK^
iy:
jCO
g*,
j|C
a#w
g%0
m]T
k!$
crW
hJ}
hU+
gpX
kkS
a`F
gt/
eQT
iXC
ahe
ib&
dC4
fQ$
c'&
iR&
f^w
mW!
j{k
l~D
ih(
mb>
l0Z
hFe
irk
c3I
e`+
ebD
mGI
dN\
h}T
e.1
aJi
j"_
bPA
isD
cen
f0+
f^D
ez}
c-R
eP&
h8a
hnp
l`K
bKm
c\k
aP#
bq,
i|n
hZ^
d)I
iJ(
mze
d|1
kE5
d*A
eAw
jYx
aLL
l>i
j?*
b{D
j,,
ejd
h<%
bjt
gBr
bP^
fwW
b!C
g_(
e0_
mR-
iIx
j>"
e(P
b&o
mJI
ljR
lK9
f0N
kz=
g~3
eAY
h8l
iqO
ipD
mT<
faN
l8#
g*J
gF@
e-3
cEo
fG3
bc|
hPJ
fbJ
fIC
jvy
h6^
nv!
lK(
cWE
g]n
aGq
fkI
f)8
cKN
dcY
chA
il%
bQ}
lYL
j:\
m=Y
luI
c@J
deQ
mEL
gwr
kkj
iW_
eua
b({
mVQ
lKb
kbp
kR+
h3P
g,x
b6"
lF0
ewF
csY
lhF
lJ$
dLE
d}F
i0P
bW}
lS>
lqd
aZ}
gMy
aGJ
lkm
h8R
nqn
aGb
hUd
f?q
d5~
gqg
kG:
nAI
hTJ
nBJ
dyd
fyN
i@=
l'h
fVB
ls!
j8.
cuf
ka3
e4B
j>J
c8o
dOm
dcD
ijd
bHP
i_v
gb(
gh6
d}8
dUR
mg!
aFZ
i#-
bRm
h}q
iai
gZ]
i*Z
nk|
fZZ
fEb
a.`
e6G
jX8
ncY
hJd
l{g
lyz
afC
f*W
aU3
k#o
hpR
kTu
hS<
b#H
nv3
gxI
i+k
hij
a}2
g#m
e3a
jPY
gmr
b^\
fos
m&N
e-i
e)!
fF5
nqo
m`F
euM
g~v
nwB
eEb
hYb
ayX
fv>
du#
mJV
fiV
lvQ
kfE
jF7
bAg
kMc
fEZ
djp
dpl
b/3
gD+
a+!
i(3
lKd
cMY
i7:
cwx
kK5
i1\
fIg
h1v
blI
c]M
l$O
bDB
c"X
f/g
gHA
h}[
f68
jI,
i02
aUQ
i$I
k^i
mWw
afP
aCy
dw.
lwb
cD.
e5L
e.F
aUa
lTs
cn'
niT
kr3
nds
lXb
fN0
c4v
d)R
hxS
fXi
jI1
j*U
m^e
ng=
bN%
j3r
kp&
lWx
dhA
jFJ
lsM
ay}
i{.
f^%
ad[
mwk
gQY
a2J
i7s
kc5
kzg
jno
a.p
c7s
k0j
f&>
g2a
arf
nc8
aUU
gkp
atz
nsO
h`5
gHG
jqD
a.W
kn(
c?$
gyz
mNZ
buC
kfg
li1
jt0
k&=
asv
lk*
ik#
cTF
c5)
jq2
mmP
b2"
by4
cc]
g#|
e^~
k]N
cGe
eS"
cOK
i>n
kPp
j#5
k&z
c(E
jx}
jU1
lw3
fIP
a%7
joF
db$
j`b
f@x
lW"
aGu
jC)
l}z
jyO
cL=
a/s
cGR
ctN
e2m
b(z
f:W
mWQ
f<W
a~x
gW'
e0I
l6,
a.{
iRO
g,[
f|7
diW
j@I
g*@
l)v
bEr
dwU
kxp
me]
jjZ
gpf
k6!
e7u
g~,
j@z
hBC
iq3
i%.
i\Y
j]D
iQ(
aB&
h=&
dpt
j)B
k[A
krS
b#)
dyY
cns
cp9
bq:
fde
b$6
b]0
cJt
bva
jR$
i=b
mCZ
a!s
ldr
fcK
aQU
eaN
c:<
m<o
kDl
dO"
f?1
d{M
fHH
f4>
hC`
jA{
giT
au|
gWS
gV(
eDS
fK|
bJn
l6_
j$@
frw
b^[
eoL
f,i
ngz
l.c
kQT
bLv
jav
m@K
a[v
cI*
d[8
do5
g\l
iv7
jPL
k_\
gQH
b%`
gLC
lf=
lT[
cUW
b\f
btP
hV|
d|P
kA"
dd[
g+]
nq=
lry
l6Q
cg[
e@h
kCC
cQ|
g4C
fg8
kp)
g$f
fB?
kEV
jzZ
h*}
l@-
f})
e__
a@A
iNM
m?2
dj[
aup
e<r
m8f
b9#
gr~
jjN
khz
lO,
g7+
j0a
f{l
fOc
k!c
fw>
m9K
i0Z
e/C
ee_
gGp
eV'
h01
j_m
lDh
l.>
a?g
l-3
h)?
gR"
kx|
kiL
nuW
i-s
jgy
g'h
kh8
bcr
m&s
i&7
e|{
j:Z
g.G
jAT
lK#
i,<
a[6
m.)
c]U
c[x
hT6
iad
k2<
bK^
k!#
aOs
kWF
i/n
d68
bd*
bF!
mV7
do$
b\a
b.g
fIX
d]X
jau
jkr
kYo
aL(
kPE
djS
g{=
gZn
lg*
dW/
cL~
m?W
aVj
k=<
iqD
l~L
jX_
d7@
k&8
f3Z
gNM
eHW
cH^
i&V
eq%
jj*
iJ#
m*)
a.m
k,$
gxe
cAQ
bVQ
cKm
geq
l7=
ak>
h27
mPo
ku1
eTs
f>i
j+z
bxI
j/\
l6P
f$H
bte
d3Q
k]f
jq|
cD~
gV.
fJ5
c6>
c)=
i|b
j)!
a{C
dUc
bt4
k$\
j9<
a,8
b-}
guo
b3K
e8D
j^8
fFU
dZN
jS.
kAu
fz|
gyh
lO{
gey
lau
gy!
i_H
ed8
lhc
lHd
np.
nm$
e"J
fZ<
gS6
feS
aB)
k2R
lZ`
hSw
no]
d!i
i.P
eKh
kN_
h(U
g(t
e>&
igr
fns
gh=
fZx
kR@
dNT
gHt
k&S
bQK
j:d
a%l
m^j
nal
cyt
bqH
inr
epR
j4I
cqu
i-0
k|z
hb|
l/W
dG`
he7
liQ
b1!
m*Q
d]c
e:J
lAq
b5U
eo@
mXt
lle
lUo
gs5
jXd
dzN
ija
kJQ
b8J
gK?
aFm
bTj
nu&
as7
gq7
hpS
fBY
hWu
e'l
h<U
fFV
hMN
kNn
jY[
lP}
l0u
j.h
efR
c}Q
luR
g7T
h*m
eoF
i]{
kt_
j{r
mic
fy)
d$5
b.+
j[W
cY@
e|$
io\
i|J
bUb
cSF
hN0
k~#
g4Q
cCs
lI/
gQV
eK=
ciD
lb$
lCw
mK"
aJc
k@!
m}M
dR7
h'i
d~+
m]3
hE>
g15
f6q
l-,
il,
iD#
cO~
j|h
ah{
hgw
k$C
cGP
eRs
mnL
maG
guq
dw\
byV
i6h
eXj
h~x
l*>
b%!
gJ8
c6F
bi)
fA6
l~g
cM<
bJ/
g%~
f/r
l*/
d7%
fu#
c,g
lbA
jTn
k"?
cVX
j[8
j0W
bC,
gVB
ju1
dCb
k}x
hHR
fBO
k.[
b!&
m3*
hs0
bF]
h~8
bp_
ir,
hj/
iO~
cLi
fK'
a~[
a<\
kcf
b\k
a$C
aUF
i!&
g@H
hPZ
eq'
g#F
i|V
mYD
h8{
j3-
nw$
eG\
a8$
e%{
g!|
i"s
eS}
bPO
j\S
aja
d<#
eMs
lG:
e}|
h%B
g=x
f*{
kyA
mSb
bIO
jL`
cIM
dtB
h}k
msc
cq}
d^Q
f$E
eWT
iT<
g7$
k1C
e&(
bos
m9:
h:E
a5.
bH/
gdy
eru
iGi
bA2
l0x
jK0
gA}
j#V
f!"
e'(
eZY
bp=
ba&
hQu
nl@
k/z
aDo
l":
d9f
k>s
b^9
cpI
i\{
f\]
cW/
c&@
kBi
cbM
nj*
ewh
dF!
kdw
g@B
axo
hl=
h')
gAp
k=Z
f1}
ci@
eP)
dZa
i_Q
c^@
f+w
c2@
a4_
m19
mWD
e*x
mep
ahI
jV-
aCi
gw0
cx`
jp"
d#7
eH~
d{x
iH[
a^"
h`F
gGh
m)j
jv<
gct
a,3
hii
a[w
dtC
f#4
c7g
e`p
gC6
eRW
kpp
k!x
lMG
m]`
gbz
m8D
iSL
km1
do\
c$p
m,v
d^@
g.}
gW(
lF&
a'V
mt*
asC
aSC
mDL
iKr
nlG
bwy
c#N
nAD
me+
eZE
i7F
a`V
dg8
euU
eg6
ls+
eiH
a|y
grr
nAt
gyH
jZ<
ir|
gDW
cc&
ll7
h-v
jmI
c5E
bdO
jCN
aok
d$}
bs\
mAs
lE]
edL
hQ2
fJ!
lH?
k|T
hd\
h)Q
kWx
gY6
co2
b,d
g~|
eFw
m?T
h.a
h^a
k#2
k-_
d#"
c84
gkk
jSA
hQR
dQj
aS"
iH]
kl2
m64
d'}
gI%
jK*
iwy
b%J
k8|
mby
i)q
lyK
b<O
bli
dMb
l!z
l4J
iIV
d<>
h-_
hp`
auJ
e=g
jzY
h8T
iB3
aqm
i(g
h)6
gh{
d3e
fC-
c9K
g?$
m$s
bFu
gIz
c!r
mve
jNt
eFp
j!5
h8L
npZ
iAo
mop
f&-
c)#
hFo
bf0
dMq
d.]
ky_
iLX
gZ?
nzg
gRd
gJ>
mHF
gEh
fkW
izo
bxT
b{w
iQ\
e0e
eGH
c)K
hBS
kx\
cbA
b?D
b:_
hin
aj{
f{I
d2'
h4~
ij"
i[{
d3p
h)(
b.W
iT)
daO
mLB
gD]
cc+
mak
h(#
b*j
fi4
iH$
kJ/
e@!
dlU
fV"
aro
hNK
i"T
m=(
jZp
dOb
f4!
hS=
g[)
bg^
g-,
iER
g:g
aQL
c!c
j{1
dvx
llT
k`"
bgd
dqz
gAC
i#B
fR:
h%C
g[o
cuM
l6"
jYM
mGD
nft
bYI
hEn
mgh
l/[
hk|
d4'
k?+
cG9
g)]
jy}
j?o
gW3
aUS
kLY
iJj
lFk
i<G
amG
aq}
kZc
e<K
cal
ib(
d-G
iI(
iGu
njA
g}-
csA
mA`
j[I
b*,
jBo
k9H
f)i
h=1
lCS
htg
kGQ
iZi
lv\
iVx
cCF
g73
au/
buH
dfH
aJM
k/R
lZq
m3l
i8@
mp4
i'v
i%'
jbf
g|-
g#]
h7@
iaz
drK
dks
eE!
iqZ
cYl
il6
iXh
dqn
j~1
jfX
l&x
lX#
h0,
c5e
blh
fkR
lw(
l<s
dUA
nz%
im?
gIZ
j|n
ej+
c!&
euF
mIs
c$g
ne6
im-
fZ{
gv]
gZ/
d@j
aWF
lt`
fT2
glh
m2n
f!C
j"r
gHa
f-G
j_5
jI|
hWl
gk&
k^<
nx.
ecK
guA
k9I
k)x
b,X
jGt
f,\
h5h
f!+
g`?
gA=
l_u
i,#
ly|
c=)
eCB
d#L
eBs
e'h
bz~
b"E
idb
bT]
bK`
b:R
emm
kNU
c-<
aFk
ai@
m4G
eDg
e>w
aM{
f|C
dj*
d@z
k`s
hRs
hH#
lx?
h~Y
bg)
k[F
mH{
c#(
aDV
bTN
eEc
hUU
b!V
cRe
h2=
lbu
ms.
er6
d/@
e]'
iK{
hLR
k'}
j]T
mK~
ept
a[p
gC4
bXT
ge#
hi{
d0S
jU<
h{V
c&z
b[W
fn_
e@)
jmD
mRw
h^"
aO3
ez0
l.O
cd)
kJP
kbG
a[5
e!v
c[=
id,
f%s
eO!
mcZ
fcW
fK_
mO_
e[U
bDe
a#_
fH^
f==
mh9
aaK
d9H
hUG
bdv
fzX
l.1
fCn
hwc
iq@
e#~
fZy
dWX
liZ
dp9
lzr
mo8
h)A
by#
fUo
kk$
c&:
hhq
krB
dl"
j,?
jEy
jtp
g4'
fUB
j%m
f%7
k^Q
gqe
a7I
c:{
m_5
h5~
mtT
a"+
fCl
a*%
aj_
g0Q
hEP
hRk
jLK
gx<
eJo
a!2
i}Z
nlv
axl
dJ8
mPu
b%C
i]M
f,.
c?B
ah`
k%t
d{r
fze
m{^
kca
dBN
fyi
dx7
d?Q
c!}
aPs
bx\
c~v
dNb
e`V
lBl
lUU
f?'
a|w
e0|
e:E
hhz
fg5
ijb
dAr
dkC
mCd
hy\
ld(
fq8
e<9
dPO
l~9
bu2
bc4
hJe
bG~
mYZ
kb4
io'
nf-
h|j
l55
dq/
m8a
jpv
h}J
mv'
i&{
g@&
kD~
f-$
ela
a?/
bu6
nml
llU
kaC
ej"
c2^
g8@
fq.
a70
dqY
kXR
eLT
kiF
d5|
g\"
gY2
j`o
i7z
kF?
fZb
hg?
jfZ
j!y
jR4
ex\
j:l
nkM
e`5
a4e
f!0
bqN
nwj
f!D
h(`
hE|
c~N
kM!
h"5
j^(
bI#
l[a
j]t
ix}
dGi
ghM
l*$
i,$
gbO
a^L
b#W
h:T
g1.
i0g
k$F
j?#
kB_
bTs
kYe
b"u
c^R
crC
khl
g1d
i36
hIa
gc>
g.C
i+P
l]D
h2|
lX2
c1>
dk>
cpq
hLq
nrU
ch`
c:^
l{p
cC?
jzB
a"6
f3l
dFQ
b+I
gQ~
l7l
bkK
fnD
gXf
a8+
hyL
eAF
bY,
kCk
b'1
a8y
kpi
gng
f>B
cl[
jX=
fDa
kCy
j/7
k$+
iZ9
aKM
lX5
dEL
m-U
mvX
dz9
h*!
jJb
k:P
e0@
f-f
goA
hR:
lcJ
l<F
a"C
hk1
j|6
dcG
i3Q
lGT
gYz
e77
kq9
ky9
kVH
giK
cU%
kdy
cf~
k5b
m8n
c-s
bQI
e[X
h-N
km[
a2C
h#.
luw
h%u
i4v
d-3
m]M
d=X
m.!
eN#
mfl
iJc
eVO
l)Z
gP?
lpc
h4w
a2l
ive
lHX
mgc
g<^
m^:
a78
a*'
j|+
kH!
g(2
c.G
m!G
i7J
hL^
fi{
fs2
kj>
cYM
eGX
a\I
dj>
l]_
aV.
mbZ
bJ-
g-T
j7<
hAc
cd&
j"<
kM$
jc<
lZa
l|~
erK
lDd
kdE
dsu
bnH
ex"
f-N
j6J
l9Z
bKy
lo3
adf
at[
lHD
j.r
b4r
l:#
iBk
hl@
biU
jbn
i'-
k*G
j22
aeL
kE.
ccp
i_-
g<2
c#l
f(i
g.=
f):
nv8
m{J
dpb
f={
eV~
g0m
gTd
b6b
m62
c%W
m}x
my9
i9.
dF\
jV\
kq,
htb
g{P
ha%
f(D
iRV
nox
mWX
ee#
kny
hng
jTO
ix>
alT
il$
nnr
jWG
d6J
iVu
h"|
eu"
l'q
jH8
k&[
giO
j=a
jqV
gA'
lDY
duf
jvt
b"`
ebv
mK/
bz}
nji
l}Y
d&6
eNQ
g&z
jm$
ctd
ae1
fFw
jXc
ju_
eT7
h-*
a>^
bD}
fk7
azw
m/e
d)F
d^L
dY"
e6+
e96
nlX
im=
iX~
c!{
f!\
h7C
dr|
cIu
ivh
jXL
lbi
cTd
fbN
myb
jax
a,S
eI}
jSv
k)\
e:N
d!(
l!L
hcx
afI
dVK
lEo
kys
i)(
h|$
ib<
har
jEu
l_F
h=Y
nBX
m/(
jm]
kF^
m{#
ew?
i]f
h!$
czY
b)g
c?Z
e<p
eHC
mp^
f2i
ezL
mJ=
gE-
m|4
ev:
e_i
d](
l]c
ntS
haw
aKG
kpF
bee
keU
b]+
eEs
gg"
ho&
c@3
gWd
hR2
fJ6
hET
d(x
hKm
gmd
jDr
k?}
aLI
cGY
c5=
cxI
l#c
gWh
fvp
fP-
e||
k/F
fr%
bRO
bZ{
k+Y
bzi
eUp
md?
kWR
df2
iml
nAf
d&v
c]\
l47
g<'
f,s
iH>
dNa
c)a
acL
biF
bi@
a%j
iVk
i&<
gk+
j/f
dIH
f3n
ke_
iI&
jjL
f\9
ct!
gly
a.^
b\M
eZK
d%H
hos
j-=
d!F
b.1
hZz
g-_
gyb
mmI
a~:
dKJ
deX
gpr
anv
gJb
iVv
mfa
fu=
l[$
d8*
k`B
lRd
i6s
iRL
a+V
cub
jSf
hfH
a`$
kG^
gtk
l'j
a%%
bX?
j&G
bjI
f\a
iaC
d-B
e.W
d$@
