aivk
wvk
abpo
afws
bqtr
btw
baft
hly
ahzq
gih
bsoc
bman
bjuk
wpc
tgf
bqya
amnv
bdan
bizw
ktz
ehx
qzc
aqwk
mkn
atnm
gq
smp
avqj
yer
bfzk
qd
tgl
hur
apwt
anrp
aigk
xje
bgud
xmq
aipq
bgmc
bknd
hbz
ft
asnl
bmyr
blyc
uld
aucl
ntx
otj
aqxj
acfp
aut
bpqd
bncd
atei
mdf
ank
akwu
bpke
bnaq
almg
apxd
nku
ksg
avzc
bakt
afsp
dwh
qxi
okf
rod
bitd
bcht
pgx
lrf
azgc
hdo
ujo
xsu
bdzu
pt
bnok
wqz
jnv
zje
aerf
bfle
akdc
sol
itv
qnk
qgi
acmx
bpux
bpec
dmz
amhg
jkg
bsi
bnzl
ahki
izp
bspa
bkua
bjne
aurn
bgjn
bgfe
ajwz
bcdx
kul
zjo
arz
asv
isy
bidx
bawn
zop
hqc
bhgi
ocl
pmq
qjf
azjx
vfp
vog
agmu
amld
anuq
aeun
awqn
amsl
afkw
bqnx
boeq
bnlx
lda
tgx
deh
aljy
ufq
akmt
fv
hqy
amse
jsq
ajhf
absp
anmj
dai
ekw
gh
ohi
gjq
ajds
bjrd
aglp
jmg
lzy
bizq
boyj
bqpg
agi
hiq
adiz
hva
afus
yiv
tiq
ankw
ncp
hip
bplh
rha
alie
sej
eox
ascf
ybc
atiq
ytx
bsuw
bfut
bpnc
bexo
hey
bsvd
avpn
eh
ajcx
hy
bdux
apew
binh
atws
axim
aevz
yk
aoqz
bpsl
nmg
bqcn
cga
trh
adrf
ajru
ahky
nbt
ebj
aeh
bzx
wxv
beyo
mol
amgb
bjof
aozl
azft
xoq
bgai
mhk
bozg
nty
wpr
aqnd
brzw
bfhl
amex
nqd
aeqg
bsty
adqw
awzr
brgf
ylc
ptb
fdh
atrv
zuf
bdqh
bmec
bjvg
abyg
bpwg
bhul
anwz
hfj
bjxn
ahxt
aped
tfb
exw
zgh
uzo
xio
biqx
bkwp
ardi
tgk
sqw
ahjp
aqsl
ifd
vqe
wcd
bfxg
bdqo
klz
exg
acot
blap
opq
abgp
dme
aerh
nqm
awgp
rlx
jru
jnu
jmz
ygr
fbn
dpi
tln
bep
bkxd
chb
bgp
egd
bkaq
ahzd
ztl
fqt
pzj
aweg
bhsq
tcv
oft
rcv
aevf
bpwf
azel
brna
ahno
awke
iao
kra
bwd
bauh
ahpu
aiup
xuv
adpc
rlj
afty
beru
aogw
aoct
bepd
rgl
abnx
bswf
aome
xnz
xew
acjd
aigh
mpf
arlj
ajel
bipe
avbr
adir
acqf
athv
brhz
auxh
imq
wbt
gxs
ykz
auwj
yvq
plw
bkoa
awqj
ajd
bcse
bnki
aluf
amzo
fdi
bait
agkp
arbm
bgwe
xlk
ztg
biry
frp
acgb
asgz
aegp
bmrq
lvi
rul
zpi
anse
wsr
reo
awmv
evp
eyg
bjfk
bsrx
ixs
aomk
bfvs
wid
beyw
bjgz
pzr
bimw
afte
anmg
bkho
lbz
hbf
bcpg
voi
bhou
aqjw
arsq
biou
boxs
aptw
aztv
pst
riq
brms
aghm
bmqu
barz
zuh
afvb
avmb
wyx
ajxt
igt
aeis
bakl
bpng
bgzf
cnl
bnhk
una
wgp
bany
axlv
zem
agxo
bmjt
aovr
zan
albv
vwa
rvt
aewu
avwu
aldo
swv
jbl
amou
rnl
qfz
athb
atr
blmk
bjzm
bcxj
acoh
sfy
alrd
auks
yre
arpc
aotz
aupt
mhy
ajrb
aqwl
bgwd
h
bejs
bjhv
nta
akdf
ahjv
bhzk
kgu
zxm
bifr
apvm
gop
fdo
gxe
axhk
qwy
bfgs
ahsl
gvi
atod
uvd
aodg
bgov
avji
hjn
wbi
yob
blyh
aioc
ptg
agnr
mit
ajlz
aftn
wrk
bkgd
atir
ajvf
bagk
ajpi
aget
akym
bqgy
bajw
amjk
anpe
bfza
bprg
vcs
ainx
pzn
aicr
mjv
hst
aobr
bdjw
oji
asdy
audx
aoqu
rma
ales
bdcv
bqei
ayhb
wzj
bmdc
ydf
lux
rzm
bsnp
aryq
ahnm
abcq
pjw
fuj
abcf
pls
mcz
lkm
alrp
tib
aemb
kje
asid
dyi
bexa
ckm
bazn
pqt
bowe
fip
jdu
aqwt
hve
bqky
gna
koa
aifn
atfi
aque
bnsh
knm
aiy
bgrw
yrp
adqc
vxu
bkel
ankb
acpg
adpt
aqms
apxu
brjf
oau
bogz
arpm
ahcm
sgi
lhx
boeu
woy
bhxk
bdtr
alcq
acvi
sdz
xrs
avlj
bgjv
twn
bowq
maj
bgar
anyc
ksz
ech
atv
akqm
axyg
myu
bfta
aegc
vsd
asmc
bsjm
bcem
blnc
ueg
xkt
ryn
bevl
bmad
bprt
dns
ybl
bdca
bfok
ynb
albh
dui
aksv
vc
oti
edf
aoxd
awit
bqvj
bmz
blyu
cfh
aweh
mtp
asig
acmp
lmi
anru
bcrw
akzo
beno
ayrg
aqrh
xya
bami
bpjw
akm
vwd
agpd
aqty
aszq
agsu
avfs
amey
biel
jau
rbq
bkyl
adsw
ydw
aqik
qag
amhz
aetc
miz
bizc
ost
xhk
aiwg
akct
acdl
wdo
bdsy
opm
afph
akbx
ajwo
auqg
goq
kbc
awug
vnt
zme
mzg
ktr
lyp
ahot
eoz
alfe
ajus
grp
ahkl
bosv
dko
bone
xly
dmp
akf
eai
lgv
acqs
bprw
rhj
dpk
mut
bmvs
aifo
eou
axcz
bsvn
ucn
bpvg
aozu
eyb
aes
avdw
dmf
azsw
bfrw
bnsq
uvc
mzp
jxb
fqc
blng
bruy
bfqm
aitw
ilp
ayvb
vdf
kfz
eav
aori
bapi
bid
ylm
bmek
blhr
ujg
bhop
arsv
pan
uzx
naq
agvp
abfi
ldr
aqhn
bkvg
baie
bjnu
bqoj
mwq
ezr
ntk
aolt
grd
bkrx
aupk
hdb
axuj
ote
cxl
dhm
absi
fgd
rov
fzk
aoed
lac
bkry
afsd
bosj
esp
axjq
wpt
las
ul
zdj
azvf
balf
czy
aobg
azty
bhfv
bcut
dvc
ajy
afuo
dfk
bstf
bfze
arht
bkzp
abkm
aqlg
aps
bski
rif
bawd
bwc
bjep
xdy
afhk
aceo
neb
aqgw
anid
auji
rdo
bsta
udg
ibx
hne
qbz
rfm
ajkg
acet
rds
amyl
bcrx
atez
ahxb
bdlx
eqr
beok
awjk
ahme
artd
ufc
amft
qya
bjdn
aotn
bcmh
sxg
bkez
bkto
yzx
auih
ajfr
rnb
agke
hml
anef
brzp
aqfg
bjdm
bchd
ugn
gqa
avpr
bohd
len
kw
cvg
bdzn
bgzn
bstu
azoy
apqk
wjn
arew
hse
acqh
beun
bqxw
bejo
pki
bqsu
azog
axfp
hlo
aeog
boxc
qrn
db
mjz
bksv
bnfm
axwd
apoz
ukr
wnl
beaq
osw
frt
azxy
bjho
anhq
bhuq
bomq
blmr
cjf
azh
anki
bjqp
nxr
ltc
atcs
asew
bhxa
agme
ajos
behg
byt
ult
axio
uhb
bjuc
andg
qtj
awpt
lab
hlx
boan
ure
bgie
qhg
cke
aprq
abje
kz
eck
zd
bokf
qgn
auwr
acun
askv
aiwo
lgm
azgb
afxs
hbc
abom
gwp
aoyg
lrn
mcx
awid
lbo
ver
bstn
bjqi
anjq
aosi
jfd
advo
akbu
anqz
lsn
hwx
biqp
otr
bnst
bzn
bgzv
abqo
bhei
rja
kln
pmh
jlz
jrw
beoz
aplm
jlr
urj
yvs
abid
pbd
yuc
lqp
oqm
acvz
agnp
acpw
aepv
bvs
akrh
hiv
axmr
urd
frc
amxd
azyi
kub
bozc
agph
army
bdns
bqkp
bcew
bdfl
dnt
emb
gto
adhi
bpkd
bgea
ablu
bdql
jvl
ajtl
bewp
cwj
asyc
bims
uhj
atzp
uam
ebr
den
bpj
acpf
bgzw
ayjs
anzr
moz
amby
fjp
arph
mow
ajuh
aovp
brqa
bjes
aqcd
askp
ila
itq
gwq
mag
bquj
bqvr
bcrv
fez
bdw
ajod
aezk
amdw
brsa
vzx
mes
armz
aqji
amhw
aqrl
uh
spr
bocm
nbu
bamj
abvo
bory
hd
bnax
apgr
arei
bqxm
vhk
bfxh
cdo
jng
isf
gsh
kae
bdfn
awbq
anpm
blfp
dmu
amfw
afvj
agpe
nby
aryo
uvi
bguy
hqs
nev
axgz
blxg
qoa
rnp
lpc
myw
bhzm
aput
azuh
ike
auop
axmg
dfz
vqg
bmfk
bplk
afbt
beyt
alqh
phx
bflv
axhf
fib
avnk
zal
rxe
autr
tqa
myl
bocn
ayfi
anzx
arsp
cus
ahmr
agiq
asie
afql
ljo
atsi
aent
hid
aiol
bns
advx
bsnh
anfx
qsi
atne
jzf
axyj
blxt
nha
yjs
ivq
otw
bojp
bpsr
uqk
cby
deu
pwa
xge
ltg
gpu
bgfp
bmnz
bipv
bmuw
bpgw
bdfm
hra
xek
svb
aino
goi
dum
hnk
lou
abew
rgs
bpih
apon
bfkq
cdg
bus
avbo
aiuy
fek
aosf
lc
apcq
pyj
hic
id
akqn
nch
yke
mcj
afvo
rfv
hre
abeq
jkl
betx
ayek
amhj
slz
aenu
grx
aejq
ygn
ampx
anxb
adbe
bmrh
aues
gkd
akdj
aylg
dca
aptv
bgau
awxq
aydw
aceq
bvu
arvj
ajyx
aczd
ahxy
abpf
bfqw
axki
axih
bndv
bqrx
brck
ven
banv
bfri
zwg
altc
akul
abeg
bilm
axwb
joc
jcp
ayfg
nod
hgu
bluo
bzi
bdio
sgd
afuw
bgam
aiys
ause
dkx
bepj
apce
lek
snh
bhum
atgi
aqed
ailo
gwf
adqe
ujz
akd
bqhd
bsjo
bles
li
afup
gtz
ikw
wny
bedl
cfu
bped
bjie
lja
jxy
xrv
ncw
bdtn
wyr
atsk
ajer
blxw
bmzj
bqyk
awdp
bqiv
adtq
bqra
bdvh
ecq
abuc
wua
ahgj
ayzl
bjip
ih
gxc
wcu
abtf
bfwl
aptg
tdq
aob
aolb
zgy
belg
ausc
bnal
tre
bdaj
aijo
avfh
azum
axkv
blvz
beon
adqn
ucb
afn
abct
abgy
bmvx
bcnk
mhg
qrm
bkgm
bkwr
bced
pyq
zwc
bqka
asrg
abug
awbc
uxt
afes
mp
fb
adfx
kiv
bame
ghy
fm
asj
wgs
aswf
auxk
ocb
aokt
czu
bsip
aqez
bqxo
tfj
pyg
actj
axwz
akvo
awdi
aqti
aftc
amju
auyh
avqd
kta
yup
bcgh
bdts
bhzs
cka
bqet
badg
dgm
ahcw
anpd
axeh
dae
wyb
xoa
upq
dhu
aukt
gvr
agld
kmi
vcd
akug
mas
bnzd
oiq
bjtu
bmsw
amhq
agrq
epv
amzb
epi
hfy
hya
zlo
axyq
iyh
aof
bqvh
baon
brph
czl
ailz
izn
qcg
afvd
dfg
bauy
apxc
gli
bhcg
asgo
bahw
cjl
vfz
cjx
auce
ahxi
aygd
blem
cnd
auxp
agcd
bnru
oid
ahqs
brzx
xia
ihx
bflm
vca
hub
ezi
aei
usv
bcfn
ow
bcmt
rdf
brnh
aqcw
bqsl
the
wcj
aqjn
msi
nxg
itz
ljk
asqk
edp
lj
ntr
bfnu
lvd
aitf
alfs
abkc
agzy
auwz
bg
ipf
ljm
bakz
alxe
bpxy
vmg
bepf
aetz
yxd
nim
oex
axfq
awom
afyk
atzq
aixj
awuy
bplq
axuw
amrh
aczf
acy
abxf
agvs
bdwo
xum
bjgy
amuz
botp
iro
yhi
qmp
anfg
qos
pwm
fvj
lrp
bgvp
aohr
auzj
ucs
ashf
balj
bklm
aixl
yxa
aueq
evx
qun
els
kgp
hyl
hfc
aojq
ayth
bakm
bpxf
bokd
blq
agpq
apzr
bdkg
bslq
bszd
acqe
xfr
ahkv
ahmb
bfov
aqi
luy
mzt
wfr
aheq
axnd
rzk
sym
amjn
bmhy
nru
zmi
bgrn
wug
altn
izk
xjd
itj
hda
gzx
aeqf
aofy
qej
ahds
pce
wvg
brfh
bhjq
bqwr
pgo
amni
bnmu
biew
ampj
yrv
awvu
ames
akw
fid
bila
bazf
bsqa
buv
nkr
bdyj
irk
rwl
bang
rlv
bqnf
atzb
aglh
rcx
sm
qcj
azpy
akwx
acwo
mnl
bjzf
bkyp
awjx
acpb
wkr
bdyf
biga
bsma
alor
prv
njh
afjh
bngz
aqht
shu
bsnf
bkad
vgk
i
lxb
ajbi
avc
qik
exz
aovm
avfp
fxv
abgz
asiv
acnp
arb
bdci
usb
hkz
ehc
aryd
beip
bhro
blta
aozp
mat
ajwq
bikv
avki
amfc
bpai
bgqi
vdc
qtr
bcqm
axsr
agri
arng
lai
bseh
alt
amqy
ebv
beuo
bilj
bors
bkjv
thr
bkdz
boam
asoh
wje
bog
mqu
xhz
tqk
amzi
aefj
pcq
mbt
ayqv
aqcg
biov
boza
jrq
acoq
xul
bjuz
xaz
bszc
bgoq
bjdw
bgvi
auzd
wvq
spu
bglj
atjb
ade
xwj
azcf
jxh
aoyi
cei
mxv
bnev
awny
pne
abjd
adbu
aycd
aist
bnqe
avze
fwq
blgx
awjg
bgcq
zvi
wsp
px
ldc
avkn
amlg
aql
bjsv
bsvl
alyz
aucj
bhnl
jad
bilk
ayke
awic
audk
awuq
grw
atkp
bnkr
asfi
auhd
unw
ajiy
dsl
aibl
gfc
bjuq
bpzy
ksb
yno
bhpv
rfo
aity
esu
afpz
fpa
byh
vbo
asgw
vew
amyz
bmcg
ifk
ijn
hjf
bmc
any
itf
cuv
aevn
ery
mgx
wdl
skx
bljv
lue
acft
aewy
sbd
abvd
badx
agnj
bpzo
qhc
emn
biuk
agco
baun
biak
axnt
bgin
vfs
ovc
atih
agde
bhyk
zhu
brif
apwj
bswn
pax
cyi
sco
yen
ajbg
areg
lan
bsva
atdm
btd
zln
gep
otf
dpl
xzm
avpq
ikj
asvw
jbm
akmo
wic
bent
amzu
bkqh
bhuk
aypl
eod
auhr
fqe
berx
atxh
rbp
shr
anwe
bmcz
amvd
awqz
acxr
hoa
rms
bhrt
ztw
eya
atum
bazq
bhqn
tqr
bleg
axqy
ajmx
qwo
abre
jbw
zqj
npg
lru
atjx
adbs
suw
awmx
bgnp
slh
bsgp
ecj
azbe
alem
brlq
dou
apwu
bhmw
cmr
atrw
azrv
agwb
bmgt
bidm
aupf
aogv
brtj
axdk
adsu
aeip
amwu
alg
mpj
bnxy
brta
jrt
bird
aydg
bgoc
atlg
yrf
aibe
bgcz
acyt
aexq
bmju
kas
aufi
zng
bqhy
amcz
xho
bpaf
bnil
begj
azpi
ahpc
aoml
vhr
wvu
ahlp
bqoy
aldb
lki
awly
azre
bsxp
aklg
azsn
aecy
bmdp
atmb
mps
ayvp
bfro
brqn
cqz
lzq
yts
rob
ahy
gxr
tsg
bte
apxs
avzt
bmpr
aqjk
fxt
mpa
bmwu
ocn
cwo
axfm
gdt
atwl
bgql
aisp
qnu
uij
sz
amc
arw
guy
pzf
aofl
bmto
yfx
wsf
ucm
crf
aryf
arxl
ahdc
oiv
asim
bhce
ati
bctn
dsz
bpeh
ftb
agon
belh
ynq
azdt
zm
acrk
diz
azvo
bdm
bamt
erq
pgb
bnrf
bjxw
alkx
bncl
bewo
mgj
beuj
tm
axbz
akob
kin
azbu
asfm
bcwx
becj
ablq
ql
zdl
azgx
azyk
jua
asry
apko
bset
yuq
jap
pkm
briz
ouc
bidu
acwy
agqh
ae
bque
bjfg
brqh
boxq
adwp
ixv
bqxh
axwn
aivt
hpi
wjz
ulb
vsu
bimc
xv
cxt
bezx
jpu
bayg
aety
fdl
bjvt
anuf
xyr
fmo
bagl
agvc
axzt
htd
aqcv
zba
cn
aojc
aqcy
qol
ajfv
hac
fes
izj
adlq
ypv
bgy
mlh
tsl
ktp
bilh
aoty
bpwe
jht
bgwo
tjr
anyh
flj
rnc
axun
qlz
bezp
agxi
asdl
aejy
dif
adwx
aebl
qsb
abrq
agtz
ablj
mcf
lie
cip
avsc
bdkh
arbo
oeh
avyg
akjf
bgyc
avym
wdg
axje
ple
azyp
fap
noj
wbk
agfi
bosg
myg
ajpd
aztr
ahkf
oxl
rlh
alfk
advu
muc
jgr
edu
nuf
jeq
bmev
bikp
bndt
aumd
rnz
awkp
aknt
bkin
bsgh
ybz
bnpw
lw
qxj
twi
bfp
azmc
aceh
axjl
awzk
bkzc
vin
atur
bgwp
rtp
nsk
jfa
ubi
rzl
mfr
acsn
bgfo
wmv
bqxf
gv
gvh
nwr
kyl
hex
bsfi
xs
dtv
bskv
mn
bdwa
niv
afsz
hmt
sn
fl
grn
bpnh
azuw
bpje
asgx
aeqj
bkrv
bfuj
bmks
bnlw
zwm
bogx
cqp
bldq
fhx
abkn
huo
aipw
baph
xae
blcv
bpsh
bhjd
ahls
kuj
abtg
adoy
thl
aplu
mjd
ajct
crq
bsjf
bloa
anxj
alip
ahrv
adbt
azet
ahrk
avwq
boyf
jmy
bnvy
mni
qti
bpye
bczl
adon
vgz
bqly
bovh
anbd
bihy
bjot
eqo
adgj
akxh
rvj
aytn
azph
aqyd
ieq
bqke
abm
amyj
mvc
gfx
awnl
acdj
fhj
bqhp
aklm
vmz
arco
aznp
bcin
bcid
aoep
bckz
aqbj
gfl
job
bmqx
bpom
abjz
bdqr
anuz
wxt
apdm
adp
ykf
tsx
spx
ofe
jbo
brkt
qwn
fep
ajei
bclw
dq
bmjy
bjnk
adog
sgf
znp
acwm
bjfz
aprb
yfd
bstp
aeic
brtg
thk
afbq
bctf
hea
azgl
iht
kfj
bsgl
bfnm
atgc
bqjs
amxe
pat
hgw
aehs
aviy
qet
ahrw
bmeo
qmj
rmg
asmx
bfyr
aktf
axmz
bgah
arfd
bgqk
pyo
icq
awcd
brdm
asjw
akwh
lcj
wvh
azku
oin
bgtd
aqhy
lyn
awfs
bcli
afhm
vm
bhxy
aoye
oeu
aczn
zah
oxf
boic
adeh
bcis
afmu
amsh
zbf
mjt
ger
ayxf
upv
asck
brti
bhjf
uel
aqrp
bkrj
ikb
kou
axyc
evq
bjek
bgnq
ryj
uxi
aogx
nzu
bgzx
scm
wfv
sjc
aume
mbv
bswz
adkg
atsy
rsy
amyn
bpfg
aixn
gos
xyu
abwu
viw
taj
anvr
akrp
wlj
tuz
wbc
bjre
cbv
cwg
brch
bagj
iob
gbu
awmg
acyp
bfsl
kfh
asyw
azoe
ayxm
nlo
azdr
rwp
oan
axqz
acop
edz
agmq
ajrg
mbd
cis
aywd
bdyl
aneq
sih
ayhg
ahew
ho
blmu
ecs
amfb
axu
brdj
agtk
xdj
nkz
opu
akhg
egq
bczx
awjl
col
brkq
bdcj
azig
bjqt
anbe
axou
badi
avlq
jyf
bdgk
abvi
bnwh
gqj
qov
nhm
afmw
bnvt
uzb
bhrn
bmzc
auiw
bgx
oyh
bfxe
akyw
iuv
ahwy
awso
heo
bsxo
axhu
bhqd
eny
typ
arld
bets
bict
afly
bfvd
aruz
biaq
jxg
blmh
brtf
ayhj
bfwq
ocz
ohc
apdz
aqys
bdzv
bhwd
aorl
avfq
agoz
ajz
auy
bdxs
bmig
lfn
angp
dta
ausm
daq
artq
kiy
ajrq
axzj
avfj
foj
jnt
hwf
aogl
algw
atow
bnaw
bhjp
lpf
bhre
aegh
ajmq
ajxy
alcm
aehc
rxp
azkb
ru
balm
adqg
wmd
brnt
uwy
bfps
aslr
amwq
anxc
bpkc
ekt
akqx
asfz
bsek
aund
akop
bnkm
brma
aktd
akoh
syh
anro
asxj
hvk
atj
abon
adey
dxy
aokd
nli
ou
flw
wux
aofh
ofr
aoxp
izt
axum
bnpa
aiod
brxy
bds
kuy
fab
kqu
azti
cra
ados
beuf
azjn
xib
bplc
ugr
azwl
ehs
acnj
bkzw
avbh
thg
unr
fmg
bh
beg
fad
akhn
med
don
tqf
mju
anre
azby
bnxs
jwd
wzp
aerd
tfh
auow
pbi
asjz
gpq
alum
bqnz
atsr
bgyp
acjg
adqf
anbj
bsil
pwv
yxj
bhka
sqe
aoex
akdw
atrb
baqg
acbi
iwa
bcfi
lcr
ztk
agbi
tfx
bidw
nos
dcj
arth
bpok
bdfr
afgh
unc
bcly
atln
thd
bmcv
bglx
jms
bgwv
giz
rkn
bdvi
ahug
bqp
pdf
anwk
absh
bmrt
zxj
bgod
bpja
bexk
cpj
bhqu
azpm
ailb
cmt
asym
nie
avkm
ufv
bmsg
zjd
mgz
bogn
ajfs
apyr
aflm
ajfi
dmr
bmjn
aleg
bawt
pqh
befv
bowd
yvk
amzf
sch
brap
bgiv
alfx
awts
aylt
azsy
sha
jfr
auoe
azkd
ncb
aexh
boim
abuj
uao
bkpq
sfd
awcy
uaz
bdjp
aju
boxe
blcx
anwg
afig
aebo
vri
bqju
abqu
upi
kim
pe
yqf
kmp
aorj
adlm
bisf
aupb
pwu
jrm
auig
ndf
ynl
ajld
aopt
aoyr
asdb
bawo
bcnj
bfds
lus
ldh
xfz
bogd
eak
aezr
jry
xqj
bgvn
xpa
bpyv
baks
ymo
auoj
bfgm
yth
xiu
anrt
nto
bpto
src
adpq
avgh
bqoz
azp
jne
imh
erz
wvr
moj
zlb
ahuz
jzi
bmf
bctg
bcgq
bkwx
ayhs
gzv
vwf
atni
oaf
aevp
aruo
bkna
ryu
atke
bjmi
nhu
amb
azkp
dpj
azif
bnji
bjut
awyv
auzl
gdj
adqv
asmg
ateq
xvf
amrk
bqnp
yce
arzo
bkce
boti
artg
gie
axpt
aqwr
bftw
avxc
bfkc
pva
brfz
yle
bgxj
gvs
hos
arqx
aijx
xrg
brku
lox
ajqk
jdf
afrq
atco
bmer
bner
awlj
yqo
cxp
azsk
bnga
bhod
aumo
sqi
sfu
htx
nrq
zgj
adzv
abrh
upn
uho
bleo
gyr
ma
eka
anzk
avub
bqhc
gs
alk
zey
anxz
awfe
aev
akyt
cty
jeo
anmz
biqj
befz
auqc
zic
aiom
yzs
aknb
say
bizu
ajfk
bdfs
bijo
bcvy
anrh
ltf
aqgm
xkz
bgjo
bcf
awoe
byj
aqlo
gjx
ahvt
uqo
fnq
lm
oak
aop
axnr
bsfd
bimq
bcfk
gwo
dyu
xqy
qoz
bjn
ewb
blfg
mvq
angt
lsd
brvj
uxm
vup
xtj
auhx
afvu
azhr
bahl
stb
qno
blsa
baho
acj
lu
anxp
bkaf
img
bscj
bedk
nbv
agpl
zht
blao
ido
ackt
bacm
afhx
bsfl
pas
agqz
bptf
bkig
ahet
bacs
axtv
aljp
ampy
anoz
ahjm
bhxq
anqy
arxy
xzp
vgj
bqsv
aswj
adjp
mza
bgqo
vie
aptz
bpry
blfj
bmdq
olx
afvl
amqk
haw
bgnv
bavk
lut
bmfz
jhx
uvj
bnxe
bahu
afiw
lkq
bkft
auyq
atdj
bney
artl
wyu
ab
hkc
aefv
sdi
bmtz
cpt
uwm
awmj
afcn
ameb
akuy
blfm
ajfd
abiv
abtl
atkq
xwz
bisr
astz
xou
bgyj
bpia
bmpu
akvq
amoy
ftl
imn
zkc
bhfo
acbg
igd
acdm
aclr
mau
alb
agmz
rfi
why
pkh
cpu
aewl
abwo
apbd
fiy
fwa
aqfk
iud
hzb
axtq
uwg
aqwm
wem
arhz
leu
wti
kli
qot
bawr
mvh
aoub
ai
arxb
bfrx
dhq
env
ewu
agml
aspr
afdg
kaw
bvl
avbm
bsgw
bqzp
aszf
urs
brhg
aoqn
nxz
rld
agir
alqw
bakn
bfeq
aibv
bavl
qkt
arxz
sdk
agim
hdp
bdcp
jvw
bpui
mde
xsn
aqtf
begy
bcpu
bohw
coq
aouc
kbf
amdc
ots
alvx
hry
arzh
bfja
yho
fxc
aqre
agn
lmb
egp
bmah
bmo
rti
fy
pcw
ovb
ztq
dni
abef
cmw
aups
bjlx
bocl
vai
anlv
bjhk
jwc
aued
fbc
lr
benu
agch
atfn
azev
avtz
yxp
sk
bqvf
chi
bdus
amcg
iwg
ahtx
avrz
slj
ahzk
jta
rie
bowp
xtb
axwl
awfl
elb
axyh
exy
auit
adhq
amzn
edn
acir
qrw
aqcs
jan
bfvi
avyr
blck
aftj
cie
aerc
amor
j
lna
azbh
qys
aunt
bkli
bfhi
xvk
dgb
nmd
kzb
afin
aymd
aghi
bpo
aplc
ahwm
avre
bsxk
tga
bjzo
aunj
bexd
tau
bhfa
vws
ancr
beui
bqin
otp
fsn
bryz
bcwj
oed
xov
rxo
aobz
ejf
ancf
bmrs
apg
aknm
ahnf
ahdw
bneq
bsgz
mlx
qoh
atky
bnmx
bduq
tdz
mof
izv
fmw
brdh
aeqr
bnpz
blxp
afgz
bloi
avqw
orh
auoh
riu
arzk
bckx
dmn
belz
bhrk
asec
bgvj
bjyr
etd
bldh
aeov
aniw
alvq
gro
azgn
akse
boxp
bawv
bjfp
acen
bafx
lye
alsi
afir
boqm
bmao
hcs
acik
apfe
ckn
fou
bjfd
pdg
ajuv
adgw
bfxi
bfqp
ahgy
azs
adq
bajg
asqt
bfit
nvu
baqf
uas
nts
opt
avfl
acwi
bflk
rcw
mct
niy
gkl
fmx
aqkv
aeir
rjt
rhg
agpz
avnj
bnoe
atmu
blmj
bqdu
aybg
xet
atel
bgwl
vkb
axvu
akuj
bdze
aszx
aszh
bfam
bpgy
yul
bjru
bjgq
axfb
jfb
yta
anvm
bftj
vcn
ody
bsqf
azji
aynh
pgl
atxl
avzw
tpk
anfz
bncx
abxl
bcyx
biof
lyc
zbh
admf
amjv
aguq
gtf
bsht
asux
biwt
gnh
grb
dgu
aznv
ibl
adkn
lps
egb
asxi
akiw
bhna
bpla
ica
nld
fmr
acuf
bihr
awj
bfct
jhb
ilz
ajdo
fiq
auwq
amfy
uvt
ajcq
awbu
vqx
bkcx
apne
enu
wpe
awgf
vef
aynl
vgo
beyl
besf
apkt
aszp
bfvn
agmh
aofn
alpi
amdb
uva
bfyc
qxt
bduw
bejg
tld
biwx
aule
iwm
bnyq
atso
bgva
ader
bcvu
hpe
ayo
eik
ayuq
awpo
aqgl
alcg
wra
imx
ihr
ner
blnf
adwf
azbn
bxh
pay
bqzs
avct
dfy
abgh
ifz
vng
acso
aorb
ukw
agxk
ejc
brlv
nwh
amug
tge
lzp
zfk
azkt
awot
due
aqli
jsg
ajly
bnlv
asxd
afju
bjpu
bsuq
adg
agmi
spm
ayuw
ahec
aomg
cgl
ur
awdr
bnkw
iez
rs
almd
bqlx
azkh
slp
blpc
anjv
cgn
bexw
bhve
nkc
bgfx
acmb
bdzq
afvc
opf
adbo
bhvu
bezo
gbm
jus
xno
ept
bhox
ixp
ajyk
bchj
ahrp
jme
azkn
igo
azjl
bkqy
afeh
biyf
bcho
ums
amuv
brpg
hxk
biua
bjli
izc
qdh
bler
awbt
gvk
bdix
bqn
xvs
oxg
klp
kzm
bgcm
auql
ahx
amwv
adcx
bzq
cgj
rts
aqzw
afwc
bjvh
ajfo
bljo
cjk
baye
vqz
bmyi
bryq
auqi
mfo
bewq
aoln
bqye
gei
ahsm
zav
zac
tuv
ubk
bqod
yjw
nwz
bdeo
adfk
bned
ayhd
amxu
bkhl
bgxz
hyd
balw
ajhp
acod
kah
gyq
oyw
wkv
aptd
aroq
bkwj
bepv
vsz
ajes
aofi
clr
crb
awtn
uwa
aimq
ahcn
bdgw
dtb
vfx
vmy
beic
amxv
yrk
auck
ahqw
suz
bjcf
blts
alvn
blgw
ra
bafv
arhn
uot
aekm
qaf
ajcw
wlm
blih
aldg
dwl
avft
hpj
aeqs
amdo
axb
bfac
nar
dj
gse
cpn
blmy
benj
vji
bmqk
dl
akhb
zat
azmf
iwu
becw
bdie
atnz
bioz
awbi
apkv
abpw
aoqg
bjom
algx
ubh
bpuk
wuq
baop
apfn
blzc
awlh
dst
tnv
baex
bqpd
bhjv
biwu
awi
apmt
bkzj
baef
aekj
ahoz
anjb
tlp
azrk
ywh
alzw
fba
itl
atbc
arnj
aoeg
azfy
ajbo
xfo
bgse
ayzj
yvt
hdy
nxf
bsey
dhv
qfd
ktq
avib
axuo
bhgv
bgln
muz
afdp
bqle
gl
agfh
il
qyp
brsu
ilr
acpk
agez
bdqk
afnh
wvn
azgu
becu
adhv
amen
bue
fpy
lba
kgi
lzj
akdg
amri
wnc
bdfy
ckx
acdh
apzt
arcy
xuh
qlo
ljd
bmq
ikq
bhwc
bnid
agoy
khw
ardz
bgcr
tef
pto
awoc
akpv
bkdt
anwd
ozb
wqa
blie
beqs
bdye
aivo
bihg
aspy
avlf
bdcl
ahbs
alth
antm
bgcx
aonk
mnt
bmxw
bsvj
azps
abqi
bfrj
yrm
arwt
apri
njk
yrs
egz
nxw
amsr
bjwn
bqox
ltx
sfk
bpyj
amis
vkg
bdps
pyf
bld
qkg
cqg
avxf
rvl
bkvw
aghl
awbj
xdv
adfc
bap
sip
rvy
nfk
bsmg
gxo
bifw
bizx
nvl
epa
asdk
yhn
bdzh
zmp
edt
atjh
aoqh
bry
igk
ahux
aotq
avid
lqr
bqut
bqkn
bpdr
vzg
baeq
aonc
bohx
alck
avkx
stz
slf
tkc
ajgq
tko
awqs
ahzy
vib
lht
ncr
bpgo
hgq
pvu
bliy
zpu
axup
ayfd
akmn
bina
afhi
bjrf
bcfa
blqz
biud
avhw
bfnj
ahsi
bavm
bngd
bdhk
kvh
blvo
bcrq
boha
boka
stx
vbk
bqzd
tkm
ajbw
aekf
anhi
mrl
txd
bpmu
bqj
she
apw
wld
askd
xco
qyr
mwo
bgzq
brco
fmy
braq
altx
ive
qre
stk
bswl
qvy
nka
atly
mlg
avgq
kdn
vig
aftl
bnwz
boqh
aiex
brlu
how
ahql
bmpt
bivt
hyp
xbk
kpa
vnw
aivh
qf
atlj
jlq
rkc
duv
auzq
ojx
bfgd
bedh
olk
ejx
amxt
wno
bqga
bmrz
kxv
bnle
aerp
ear
bkfu
bivl
jok
ztc
ev
hep
bdqg
azq
azwv
aycs
bgdh
pyl
aziy
aqwe
bokr
aoke
tsn
bkos
zsa
axei
aiqu
ycw
jal
awmt
aemc
apdj
uvg
kfq
ajyh
nqe
gql
bafs
xag
bdea
bisc
bhmr
azbo
vrz
ahfs
xpo
pom
aehp
bmna
qkw
asjp
awgl
bnpt
afmv
svp
atlp
emp
bhue
laz
aolw
abig
aetk
vqf
afeg
aezo
bcqx
bad
bpho
fbj
abzx
atsg
vwx
azmk
tgw
avmr
apfq
auqt
axwp
bpcy
xps
zxd
rdb
beku
amzs
vkh
brqd
se
bmwp
amgs
bkud
biox
bomy
ogy
bsmf
xqn
xyp
oln
amlh
bqfr
oxy
xfe
yim
