26544
17981
20739
22886
10436
7034
39526
37204
32880
27454
14278
23808
17090
15914
24026
16343
30033
38263
29445
15761
9279
38281
972
16572
6272
3235
11799
18194
26193
23275
2999
10780
35545
6667
30324
27904
12416
10208
31003
2469
26857
19717
10066
403
34067
8577
34973
39912
27506
8399
25795
34360
33210
158
18321
14040
12853
16105
39499
35169
13389
5083
20449
39261
38937
24381
11333
18995
1257
28419
7921
35197
32165
24130
8458
31765
9682
14008
22087
14796
33732
22965
13570
7512
10648
24619
15453
1157
1137
19357
24520
32916
14962
32066
21367
21588
39880
14990
34534
5280
20523
73
35740
37884
5599
24679
8655
31386
12695
19151
23419
16018
31111
36916
13546
38061
17744
11075
10326
6890
5506
10605
39159
9651
38689
6659
2274
38368
22471
35924
16927
6752
15136
9300
15171
29204
4404
30952
19648
27856
24083
13407
16471
24768
17631
6880
33139
20119
22846
224
3690
113
918
15025
10068
565
21349
5521
5593
944
22844
9404
26296
766
1798
25911
35561
11043
16337
21894
15460
12391
26657
15521
3207
20957
3579
23705
22579
33132
6014
16566
9555
24062
9133
8221
22246
12715
33926
307
9622
6331
5282
38394
32470
34084
5650
26886
29321
23905
13255
32781
22362
2078
1963
8794
33989
34135
17791
34148
29033
5073
3477
5130
15679
5297
22939
22519
29002
19605
8963
29463
27463
19599
3486
23091
35512
1238
12629
39821
9715
10263
14257
38739
27304
31234
15876
3013
22092
19350
35553
33043
10234
24607
37754
37710
38206
5494
13177
37609
35236
13833
30548
14876
14247
21981
5373
5900
7716
15234
12413
23360
9804
36780
18308
2349
35666
8806
853
26023
20718
4157
18926
29106
1769
20953
23196
24032
29579
22996
37971
35406
38508
33070
32452
2071
28883
26134
35629
18288
24349
12411
18777
7171
6092
7350
11304
18225
8617
31032
27389
1991
30101
37410
19318
15771
14302
39142
23588
17561
14930
20162
19949
21765
352
2654
4969
35895
29500
8573
13648
31352
21314
13220
15000
1179
5273
5504
17826
1517
4475
38961
12009
23696
3033
9143
32526
25573
36337
37524
18700
38086
12750
29499
7614
26519
24773
39719
10518
11785
16998
36863
35362
14060
16688
28260
20713
25548
38147
36696
9870
2119
34090
32516
15942
11150
18443
32442
14747
6294
1651
29485
38004
1949
13747
7767
5613
27049
28209
21838
23665
5813
8834
15956
1758
28279
1152
423
8360
13372
13630
35400
35610
17373
26785
2740
4742
25283
36705
6039
35118
8718
3180
34669
8214
5289
12830
36442
33158
17033
7540
33654
33349
23042
7988
9973
1937
2357
13718
31761
22814
23020
29198
13938
30693
2519
15831
36579
22655
28326
1278
16035
9618
4172
14892
19543
237
27052
6302
2851
796
2116
26270
31827
38304
27970
27280
13868
19489
35613
11144
32499
10043
16146
11216
295
16551
21202
6673
18084
1582
18498
25552
30579
21533
9450
6410
14598
21945
17462
4152
26627
2003
26378
26212
37240
37864
881
24735
17238
32150
24008
7278
7298
6972
27148
15312
13471
3574
25241
27517
11056
8933
1366
34132
1556
30752
14908
30468
869
32902
14234
6582
35541
13053
8112
25811
33472
1608
9439
24972
14087
5313
33181
12215
17824
23089
28151
26512
29725
33936
21598
9936
32296
28296
18768
24887
12813
19786
5077
1554
26464
11962
8088
840
12971
8089
3198
34238
21178
15269
6108
8191
25981
37845
9402
4950
11208
19928
24414
19886
7589
28441
25219
31309
22110
21699
26470
34330
28537
14942
9924
37981
26718
5673
24571
2190
21612
2179
6474
15436
21351
36843
39843
4239
826
29992
12985
23614
11600
2103
26803
39484
39087
28054
33002
9309
28276
9315
36963
10852
8510
26948
24441
12305
21490
2118
12170
17591
4222
4273
25477
27033
34663
13850
645
25907
27087
16403
1914
22270
15735
13398
21144
5186
20562
30332
36146
3191
38343
22213
14603
13688
36583
3985
15963
28135
2420
38985
14337
23492
17465
36720
24182
38930
10839
8763
17376
32183
31978
33261
30746
21269
2705
13844
28023
22750
23407
10014
4900
34593
24831
16886
19528
19726
6256
13483
27039
5075
179
19818
13019
39774
33229
30196
25464
7721
5754
18232
34770
13354
24372
1547
7233
3954
35455
5925
28699
12261
36631
6087
29542
2311
22057
6543
38449
14475
21537
26836
18873
28074
21161
19596
31027
481
156
23054
14954
8756
3672
10500
12523
28282
33790
18051
8135
38701
21412
32549
4584
1291
37168
39089
36699
32059
24893
16872
5505
6914
11224
12023
31721
11227
8925
17766
10055
2366
32036
36890
12055
36595
26749
25863
11752
19906
17229
33151
27492
31052
11728
3294
17168
30466
38013
14788
31805
33273
15328
29943
26782
5767
12482
29838
30435
32218
10484
27791
39136
35710
34408
19150
15509
1623
37466
3783
37638
29034
29846
22567
22335
26686
8161
35435
30458
36913
17691
3689
19655
5403
21365
3968
35050
36647
289
5630
7475
24205
5353
31339
2164
33721
16136
19721
20280
35352
18805
23064
6378
23324
27302
19697
27373
39525
37381
31096
27110
22847
4544
28038
31086
32400
7715
948
25606
6630
4424
34707
10226
10961
15101
14589
7091
25854
16664
2176
10632
37101
15138
530
3008
162
692
7277
17835
11557
13166
32186
11825
32919
7789
38160
9256
17941
19935
15175
439
39474
30569
5586
12956
32515
39505
38182
5179
28609
13885
20632
20301
38257
5608
22412
17059
2380
26344
7814
17951
17505
17762
17678
30112
11509
26057
14694
15500
27378
10235
1143
30385
23143
3529
37150
26469
38175
12839
7121
15961
22030
7406
38496
12880
18339
4389
28340
14232
9667
34208
23253
25620
8342
25663
694
17484
6055
38268
4202
12639
1713
5680
15911
33468
34661
30063
9083
36326
15516
7533
20213
17420
11518
1587
39822
10070
20031
1353
23224
28032
3429
2451
39100
24784
4210
8077
14156
21473
3813
10161
29006
22561
4050
28131
16714
28577
21165
6634
31901
28443
32033
10790
31705
17401
22037
23371
11471
83
16784
8403
34305
15072
22214
13328
30715
18340
21798
5756
1020
39913
15276
14429
22320
39190
13215
14088
36387
21684
34239
26822
1954
23895
16710
17283
13378
9567
29496
740
33699
16017
17069
37645
1416
16696
23710
33404
6231
30243
17911
8801
553
18301
1069
29961
36930
2206
22933
21839
24404
6709
27140
32510
31423
22448
10873
30079
18737
18655
6289
10384
954
24168
20878
28095
37120
13593
3829
1423
20408
4199
3506
544
33381
2833
30289
7873
18035
32275
1185
39578
4788
14906
15437
33481
37070
22642
4911
23742
21586
4619
39096
38835
17105
5460
33645
3186
2343
5516
15606
20803
7450
13297
25302
4524
3023
2985
16587
5705
25158
20569
17961
16661
2927
9052
2660
37092
33672
33101
26864
21440
6250
39360
14117
16586
23777
39692
9598
38289
37515
16849
4885
29407
38578
30373
36509
26740
13769
2300
20783
24332
12180
23627
32737
7847
27798
21154
4414
28487
25834
22275
2530
25319
12502
7757
28794
10660
17566
7331
13453
2619
6223
6765
12560
9805
20835
12400
18459
15522
39247
5342
35006
37310
18497
4394
32800
11323
19141
29249
17953
37572
39615
38149
2574
18069
23482
12698
5379
33834
30726
8505
19088
24531
20077
499
3962
31616
2493
20256
3618
39611
11779
3290
38700
13951
30203
34848
10280
16162
36958
5921
34567
38954
39037
26275
2406
12025
26388
4534
17337
28255
29904
579
8508
11612
206
4629
11165
33389
14976
37895
16971
11035
24111
26510
21282
36953
18533
1528
1194
26802
7292
19282
18803
2703
12334
27117
25068
30454
18478
6059
36486
15359
16513
31792
5648
25259
34196
20579
1224
8776
16610
22067
24112
1120
22150
20527
19416
4536
13494
14714
26716
13449
39626
18842
24376
904
36237
37097
7622
14585
14488
29659
21355
16264
13150
25904
29494
29518
21502
10558
20489
37711
17647
27003
9573
21910
13904
20656
20266
20464
15968
8065
30830
23366
26978
20259
14717
31569
20709
31011
14996
32496
21651
17354
9376
10314
31278
34940
1924
18986
24899
4153
7794
20004
4787
33020
35287
12763
30879
19733
8591
24199
38938
16723
12922
11359
15737
22282
25020
25346
16307
9508
30690
23400
17291
2154
8728
20323
14719
9619
18588
13859
13144
32311
30211
14923
15949
23003
15325
37591
22912
6902
37331
34108
30489
36681
9607
9364
14106
39156
31894
30550
39063
14885
24107
6075
3423
370
39252
33191
7489
2873
35196
18104
36719
34782
28926
862
1177
26101
38412
20100
29730
8209
3969
9343
9534
28215
37708
33059
938
10715
30899
24916
22189
28347
18044
23961
16655
31128
24555
16128
23479
2812
12573
7137
31803
15106
34792
18097
36577
38186
18738
36047
16005
35303
13314
16890
31062
1902
4896
16327
26609
31973
6946
20392
2835
17082
1996
37398
11942
37905
33950
3563
665
21820
17800
8310
8531
28729
13549
541
13522
37110
2360
29829
15134
16830
5214
39898
28686
23647
33937
2057
36822
20831
2435
436
10001
26182
11492
25295
35735
7639
26473
5183
38841
1856
2509
1861
36226
23311
22006
4780
4435
9731
16029
27565
31416
9648
37869
1089
29127
25323
7244
10423
30656
25783
24926
38019
23927
30997
22540
36728
2594
19559
39391
14879
801
35111
2645
28851
13069
4980
5459
25721
993
18426
20880
34844
10706
27
311
10659
28137
22678
33390
19432
28107
35029
3421
26514
27437
10212
38232
30783
3930
13581
3609
6462
2104
6487
14137
17509
33169
22438
39488
25035
8126
37314
18434
26042
22772
11237
11418
20296
19145
11263
30095
30773
28662
8769
2849
35604
3856
2261
27355
36324
13049
11007
20558
35648
16119
34648
26804
23123
13323
7116
9389
4244
12890
19395
34815
6140
9257
3293
33098
19135
32790
24116
24180
27629
15644
35081
29955
38632
4135
4909
33361
5903
37663
24536
33968
20111
13075
23024
4363
5983
11482
9060
12784
36507
20353
7399
22488
12361
21543
15807
19734
15682
5052
37062
762
2860
5250
37771
539
3800
25048
777
14541
31533
2639
2107
19251
6515
30000
9845
9329
13230
6520
27733
15835
37476
8092
25112
2538
8325
2341
9704
35615
25108
37315
17241
25700
10019
14949
36341
19132
5476
3635
25365
962
6135
36000
31347
36783
13795
16092
19080
27868
37295
17110
1826
22272
21108
39300
36202
32792
11299
39925
8220
35618
26755
11931
39714
33110
24991
10817
12860
25780
24835
1533
29109
13405
11273
36333
29696
34787
29147
20893
6751
19780
4103
18877
10172
9884
36835
10352
569
6132
20649
582
6873
3373
18121
29678
805
10828
20943
32486
21701
15688
4995
17045
3450
7150
25252
10604
39584
36675
36088
17728
34211
26921
20370
38809
28832
32145
21922
10816
17338
11722
21555
35495
30672
19159
23214
19912
21947
20950
5585
17979
19443
4480
24035
28096
15947
19856
20529
7423
12707
38475
1363
7889
6996
32595
32502
39374
37882
5697
6077
23445
16342
2087
26401
18937
28786
38457
12809
1037
23104
38173
24845
11624
23074
2114
31453
4166
39801
33578
1307
17115
23200
26102
36391
4360
38092
16362
1916
14240
30017
26893
29910
22395
35466
37740
26939
15592
23668
27684
24639
5407
18587
34599
18349
24912
21728
10467
31080
19933
28585
11186
10911
7719
30240
15284
24517
8605
17395
6091
22706
18998
8278
38656
11430
8212
10755
1940
13039
21150
8047
21241
23830
39883
8029
29348
13293
8289
31100
23556
30895
33280
26817
23215
33336
1687
18070
31000
23446
23494
17768
20045
19221
34846
38467
5784
27259
26234
29985
3132
19866
7453
33419
30184
26951
19212
38728
4231
2572
21038
39299
16220
34719
4025
34207
4973
4493
22455
31447
10122
4999
3641
33901
14318
8730
34926
24801
8225
36413
3687
2211
8909
23867
36383
16196
39260
24233
14643
2963
13306
1643
27038
13892
32229
8232
16856
21327
11559
18760
22053
36204
1047
12712
17868
17649
12219
10222
14015
17661
10319
9699
28552
14512
18297
23373
31164
222
12018
2714
7915
38931
505
2253
27842
9094
22927
31523
29588
7932
31659
27674
22765
27184
11425
23096
2174
299
18256
28618
5171
11643
26762
15952
8051
7246
11561
12526
6607
31246
37900
1668
36745
31124
4390
1512
17419
7626
32259
19775
28065
36645
15554
48
10112
10623
28893
30092
2037
5742
35508
27034
37595
3105
9446
31493
6418
27077
15058
13030
37904
4607
3317
36872
27025
5094
33268
23664
7577
9222
3066
36420
3809
25372
8227
5152
22954
33765
5420
1559
2891
27051
24020
13836
29468
27232
30578
16095
30925
18133
39639
11267
20860
11910
32735
26515
28872
13021
35253
8827
30269
38351
9578
14066
14753
21096
37125
21328
17529
5977
17507
6813
16006
35552
264
33564
26221
32050
30366
11342
35229
5082
27702
11229
36470
4710
38278
28378
27123
37093
1771
29050
37977
31094
33447
5372
8463
23789
18560
19846
2525
31137
29783
5850
30200
7271
33819
23277
8469
8242
5914
20190
20200
2652
18257
13614
4691
13992
25638
831
31682
25608
9101
13945
31267
13857
18207
3408
36239
29281
24281
15800
18327
20710
4836
10130
26816
28855
7243
29547
30789
29101
9178
4847
5612
10626
13326
33692
33727
7724
18489
27092
37252
96
4828
10219
17387
33456
21767
24457
11301
20660
18778
1594
8313
17688
20732
1462
36782
33437
17510
32940
31131
12538
33518
12975
33992
2352
1657
4848
23112
21227
19204
11447
19873
19356
11543
15992
7604
30281
1504
19340
3573
38915
36240
1880
8012
2496
7987
17145
31490
36120
36143
28711
8455
39398
5376
1134
31528
38818
23589
35097
23996
37244
23474
36693
5292
6645
13118
9761
10456
31778
25701
15015
1823
26098
12874
7155
28777
5557
2582
29875
19351
28173
23276
9188
7657
37980
12818
22770
16474
18421
21796
216
63
10996
16821
6744
32340
2475
28541
17127
20972
36639
16276
23449
10357
17437
29155
7612
34751
15038
18409
17374
14916
14433
1266
36624
18083
3174
33667
4393
37526
33538
1277
25977
24774
25121
15647
13179
34316
11625
32831
2501
11800
4477
16949
15052
22811
30144
33022
18904
11841
11532
21187
20058
31810
39571
14119
8858
3018
5606
31196
35239
8881
38649
14428
3080
3014
870
5263
3612
32556
29559
30474
3698
31556
38624
15705
3060
15945
13737
13771
1370
29715
37780
35608
10647
26781
31367
9717
7322
416
3341
6458
33371
13503
22991
13264
4867
27563
6888
24267
8967
27841
15698
30513
35345
39952
22159
23834
11181
15203
19052
4416
3363
29528
22400
15641
21635
22416
20735
9116
18620
6280
14189
25633
32398
33651
17146
20826
19848
12658
30336
17562
39646
3345
6459
6102
7515
1774
28950
3168
1979
2064
14777
20817
13733
23700
17328
33823
31256
5902
22601
30314
21991
13888
1586
16454
31310
29058
38247
11614
9628
1752
3040
11697
34320
7917
36741
28041
2889
15246
18670
6355
19893
7599
18558
39674
6485
15583
29393
5849
10133
6903
11777
25808
7326
12130
483
26923
30613
852
7829
22048
9127
22935
15790
2869
4451
31860
8918
1216
27176
6425
30022
3670
27153
1518
33117
28885
9218
22668
9886
22806
25399
10097
16499
36353
12718
12054
22195
22343
26615
9161
32645
25999
19767
19874
14277
23951
5529
9375
18405
10162
38801
3441
9371
21579
6134
27195
4977
33387
10775
2477
3484
16905
8207
23254
26128
20541
20559
14795
6065
11392
33590
8679
18011
427
2635
36553
20480
15944
30131
2638
3015
27756
8970
23732
9109
26727
31974
10132
14427
12954
24840
21400
8852
6779
11951
33303
23702
27794
28286
23772
28352
9911
2526
38904
15789
889
30238
10851
32314
36434
9937
11328
27706
16775
23937
37576
16248
22963
24734
36060
16703
39973
10888
18220
27523
2887
3261
3662
15280
16273
26359
4712
10022
5693
10620
7783
37934
3824
2227
35871
2389
17894
18132
1359
10147
30041
22404
29336
27929
5741
8233
7447
5229
25842
4925
14223
25726
3885
4224
36016
4
28334
31271
35110
26736
31591
17564
5954
11338
11827
2376
38330
29406
897
36613
3336
24513
24442
27116
38312
25131
35028
6510
30835
16912
11826
3405
11077
4865
25837
8648
11622
13451
39572
6266
18649
16952
29246
3350
21535
26725
6100
20474
23848
35367
32892
11220
23169
1793
2983
8978
25935
25574
8884
9035
37390
8954
29788
2226
31982
15054
39472
19404
4588
17850
33236
12203
23669
37079
18120
24109
23094
22738
30995
26673
21529
3206
31846
3487
36716
35256
1658
30304
29830
4778
11307
22277
20232
17660
36085
37990
27122
10105
16663
8146
26608
15939
13687
11426
847
18776
1378
35278
20745
25897
15883
9286
22643
3549
28595
29479
31180
2318
4274
22802
34713
27493
4789
8192
25676
25538
3277
767
34450
18247
8990
2604
13502
14944
28157
28102
5452
10877
36398
17297
23949
28014
27127
4208
13013
28348
15482
28396
33613
11145
24731
37514
28640
8638
8114
9844
19663
18402
11352
15676
14570
36289
36400
8171
16117
16447
9751
27414
16099
13467
26046
5851
30655
25996
21340
17956
12553
25170
11254
38905
30191
27734
22587
4354
22771
1078
21897
12003
16202
20160
27152
1755
13730
6243
16802
14891
9854
33023
8647
23322
28072
28852
819
26946
6557
32082
30163
3832
38918
21948
38128
1021
19269
16205
2217
2249
30929
7259
8657
5916
27616
37723
23722
5908
28639
18229
38983
13991
21524
35614
4267
15579
7174
28598
1070
8795
33563
11369
22349
20703
7769
24240
8111
13424
26317
38020
15755
534
26062
21568
32998
28547
6259
37798
38158
25075
3520
30249
18732
10140
21063
38565
27716
825
829
11894
9691
13209
18577
17787
4426
29847
36269
16167
4735
11820
16149
9510
6484
36416
38690
36280
23852
12916
13981
17083
33248
30686
843
8454
29836
11623
22083
10403
24477
31731
18823
20294
16186
24684
17446
26624
20805
35933
13249
27803
4967
38307
16852
22224
20619
11277
29770
24221
3383
12317
25617
18462
2353
37350
26399
17134
20580
1097
27104
29650
24294
39849
5861
22217
23008
17092
13738
35368
8435
20421
3654
8662
13876
10857
25261
10829
2383
8548
10761
1099
10781
25338
2416
23584
1865
26301
23609
6086
6286
10793
9333
17323
7229
34074
23632
2027
29095
13089
22028
6606
16969
7076
23757
3611
14451
654
5939
5744
23178
19651
8104
13665
16899
20284
37505
17141
28245
22833
11966
2372
23730
39050
5666
23912
31261
18946
29666
20539
3032
38280
12164
20633
511
2417
17962
5389
23560
32053
9564
28775
9878
18800
14239
21
38314
11259
2213
39664
7649
33414
12506
31934
12119
33096
9044
21968
15758
17124
8712
28612
17833
684
31756
18942
20520
13239
35252
3603
31713
9763
20219
33427
27241
5217
6442
17041
386
33559
25788
27212
9957
23587
39066
35507
21907
5541
31084
9040
2250
38550
23099
8525
4816
36336
2066
34691
178
16399
26190
14709
39117
13173
10249
14280
29071
13554
10355
19155
377
33403
20133
16007
30564
27063
35102
17748
27015
1529
4250
6850
39003
5660
31611
5444
32389
411
37495
6753
22689
6073
23550
10023
32380
8107
16848
9088
31948
27601
18267
38079
6025
31017
2014
3001
29176
6676
26303
11
27884
14674
6602
5678
17629
384
39583
3677
23161
34935
15887
24400
8440
35580
28637
3181
16253
22633
25547
10875
15730
21467
31343
19647
25522
28931
3851
16351
3726
25025
14968
8117
34288
19923
6336
3448
29363
12368
35337
35093
13352
33706
1229
6341
22520
11646
36286
12671
39151
9362
25890
12033
1180
9630
14820
35289
35255
15711
34217
29010
10313
18691
28132
15074
14151
2653
32175
28455
20425
30348
7387
31984
6466
29022
4126
24521
35425
32709
37838
34699
29324
1962
39487
28170
29481
39209
34959
2085
29043
27432
11920
36402
14126
2305
22061
25699
32652
12337
24957
12726
35021
29721
12050
28891
5965
201
16674
7758
30565
16009
25358
31237
16219
272
36178
13514
10315
6401
3874
25590
5356
37010
36317
10057
27793
29400
3176
37334
5167
20292
13613
5926
10787
25914
33369
2317
7858
21082
2902
12058
6099
33256
24780
7886
3243
12539
12392
22712
35324
18739
13028
25459
18195
25029
3347
34334
17322
12064
1702
27963
21245
29501
3597
26586
21888
7097
37202
34907
7110
7952
3540
9774
1803
101
9834
10740
35744
7074
13910
21698
27507
97
1343
17702
11138
31690
10176
6675
9
23349
30691
31769
37846
2815
32208
39629
426
6477
38919
15670
23031
37091
7383
37411
9005
3118
6623
38418
24495
14169
16891
3565
18654
11064
29001
27448
19083
18034
29913
35869
27780
9745
4437
19169
25631
30644
786
6003
19624
26570
33115
1754
33386
38159
1442
26846
19438
14399
34749
5294
14578
7992
25898
14725
14631
35681
4654
10658
1319
27288
33225
26012
23425
15067
23731
34333
28248
5174
20369
10585
7227
14006
31219
15553
37907
30316
26905
35480
15049
22040
20481
21649
12205
32181
5927
10572
21058
30058
885
12441
130
35468
28673
8371
26761
17534
5953
28983
28948
16170
4759
11694
13632
37493
22617
5869
23392
3140
36517
35535
18295
8075
11375
30084
37605
33517
25245
39413
36516
38421
21109
22017
18235
21265
4978
24740
28968
23155
20592
15063
32995
17590
12124
22843
31077
22850
20572
11109
5057
33127
6818
20653
12295
34647
39640
22074
2171
2611
32302
9916
14495
36025
4014
1853
14438
9193
11810
21573
5547
27277
17573
16189
35363
3656
31799
37022
13060
15177
16315
28571
1433
14932
8700
25583
12960
15398
22314
33195
30824
21556
25889
30158
17411
7948
14649
21830
2336
19566
7663
3447
2591
26863
33966
32972
25453
10517
23145
15251
6224
324
21437
5011
20176
17601
15151
31389
736
18148
28905
11053
32917
33918
36024
19127
33519
6361
9190
37582
3413
5558
19115
6393
38191
26024
38026
18912
14233
32426
39060
14782
38759
4223
164
19502
23919
38209
37644
18370
13200
3458
18465
30166
5156
12028
17595
9061
9629
22287
20131
24556
23540
6175
24370
16376
14919
13605
3256
16256
23680
35459
13675
20036
28325
23720
10089
32132
19837
32249
3172
2791
10216
23337
12565
13849
13639
6325
20215
1239
21221
29306
34293
20093
22723
37727
13280
6875
18857
16533
17075
31470
26353
2685
37276
35423
8379
8664
33618
21091
3237
39512
643
7059
16751
38562
13420
17311
14013
8210
10387
7899
26571
35470
37709
35100
28955
18799
19800
22892
18714
4649
31433
5066
36325
39561
30921
4234
5991
33318
18038
5736
38704
17178
39013
25424
20194
7362
24602
12129
362
24447
8897
4324
25598
32957
29573
38892
26015
25271
11289
5155
14635
8920
21553
24818
38667
31793
25246
16993
17783
10553
9462
11206
10123
35471
15611
15458
19497
9484
9146
19504
4048
10687
29900
27914
29741
15227
18678
7242
13972
11380
9561
28283
10381
2221
30786
4676
20638
22355
18099
6483
28159
27854
32234
22177
15474
18890
1251
2079
7633
11519
19580
17002
14515
36393
29295
19193
9589
27150
35836
7102
30865
31660
22798
34694
4755
37796
33843
14983
19825
11191
4417
9771
13853
27390
27781
974
3702
37992
1847
3844
24989
21673
1310
3433
10854
10543
23220
6736
11702
26654
35014
36307
10201
38891
5570
21919
24905
29791
14434
39893
14329
6215
18925
14423
1076
23505
25264
22233
30645
36605
2222
17342
39717
15360
34468
37336
16052
13329
2252
5493
3175
5542
31927
9612
23297
26731
11445
10646
15404
35151
6660
26485
13572
31323
27630
34748
3444
33480
15311
20149
5030
2440
32753
37299
21113
35808
11193
26245
14562
27059
1777
570
37452
2127
8405
26823
879
36574
31009
19871
13367
23389
22284
23304
30351
7062
38095
6319
24185
34066
23638
3754
36899
3058
20196
35958
7067
3251
21514
21173
19417
34272
2443
11957
8096
24669
4453
9079
34625
3061
25236
35243
36502
11696
37258
4551
32494
12714
12312
6496
13809
14868
38544
5021
10557
34925
21390
19801
37354
2695
3437
10307
19335
18273
2821
705
34339
23633
32697
3550
29117
1956
32951
10165
10872
2991
10749
13308
4127
618
20545
14841
20524
35660
9613
2739
13172
26655
34412
8900
33420
2951
15098
4518
18543
3249
7640
3556
7309
21652
28749
11212
4209
24720
29224
4420
15565
1502
35116
29223
9760
2002
36961
37430
2320
23015
14056
1617
16850
20768
25010
22896
9521
20410
7249
23945
109
29285
3435
10171
17136
1844
14530
6807
9824
28466
24588
24481
2580
33201
5291
2038
25964
32095
25342
29469
26953
35068
39316
33970
26394
24134
9420
16245
31698
39344
12554
12878
35804
30261
10577
38642
5040
3214
34062
21302
18636
24757
35160
31288
3546
19182
17128
10481
5419
27120
4146
19551
28486
20692
10901
3409
18999
19034
29077
12100
27043
13298
39544
7240
10006
8258
744
33640
12095
38162
34624
29024
20387
1453
4455
1607
2063
36848
38971
13797
39213
22173
37615
35055
26758
4694
15147
11642
11286
3021
30217
39581
11998
36347
8950
4191
18797
6691
7476
21020
33774
927
18422
12460
39
4949
9732
36135
38326
24194
4095
11771
32044
27635
28009
20032
37828
2861
29440
5646
12081
2595
23607
15770
27035
5937
262
16738
25671
34755
26709
5725
5823
19575
12806
34523
19492
6094
14012
165
19412
6453
8125
8767
12656
31968
12462
4819
4804
14201
3374
16249
21128
7591
5964
17099
614
26548
26010
22251
19114
28651
3756
36730
18639
23585
28720
14123
21483
7526
6990
25758
6769
531
656
26165
33079
27470
12910
25395
5609
36559
8263
2471
30229
28093
13033
11896
21234
6617
29110
37656
23860
12396
15535
23467
13587
27680
12807
8241
22865
37131
13531
11967
31636
37494
12146
14905
8447
33478
7017
39617
21348
34345
9105
970
1564
9224
12643
6670
11633
20185
24751
16231
3655
12913
30381
1619
5619
17963
18709
16717
21768
36612
2347
3094
29700
11817
39160
18109
30213
15551
7301
17731
3871
23351
5037
21312
2329
37999
6772
8003
25260
7158
17464
1439
802
23780
25234
34722
21232
7867
17452
30767
22889
6041
16686
31808
12709
11647
18637
34195
18603
34944
2125
10731
30365
27620
13571
10709
19621
36050
5538
118
30522
25455
6938
12014
11180
6359
2996
9766
3732
8778
11290
23383
21692
17223
16440
24282
11662
24068
33605
14822
25173
34271
33046
14038
8189
7231
32654
5868
16258
28417
31439
2918
19334
15007
38197
33270
1566
32437
17027
20398
25290
36943
3068
35051
38379
414
27496
30363
1656
2489
7280
38080
31377
24225
9390
34630
34825
31155
34793
2923
14288
5915
4688
33479
26330
22796
2834
39125
7888
13300
34246
5695
39796
33593
13125
34007
20833
13558
15363
14410
30202
4565
18287
7951
19144
12535
13336
14262
17980
2374
18377
33178
20652
14703
31445
18025
21217
25209
30478
10842
21100
4434
4636
22732
13676
17309
19797
38767
22324
14899
5961
8147
16530
16609
16819
26295
7001
28519
32522
21126
21481
25793
35872
12961
26106
14816
4944
29869
8611
17807
12458
38882
25215
24479
1112
27004
8445
9175
31366
36920
13206
9023
1539
5724
3454
17080
17955
35799
20566
21401
37944
39785
10650
36512
26297
37324
10444
17135
7329
16509
1356
15749
21821
93
23602
21134
26112
9855
34285
6497
25768
7035
15205
12384
6504
29491
22045
6208
38172
26447
13527
31933
30765
3684
12420
14575
390
27585
21971
27197
2729
30494
33150
28903
19382
13545
9351
25332
10766
33996
2845
23906
11648
5997
7901
2056
21834
38917
4307
14965
1246
22126
34864
12444
27991
21581
39204
16980
7615
31738
29676
11162
7300
30052
39418
28578
13811
7442
27488
31512
22711
7611
3125
6008
10757
28206
39382
23394
13620
23086
5352
2257
3449
16975
8149
2196
638
18978
37681
12619
10962
8512
16257
21528
39762
4039
23470
6476
13229
32779
35702
3411
15917
24385
7343
6293
2023
9153
18744
15332
34697
1609
32708
19331
5696
10079
30571
4880
30757
6352
1141
12699
15204
20582
11926
24051
16730
14835
17451
23711
21602
4874
34481
5710
34726
12178
37280
35206
15232
27337
16350
2149
2162
26183
11619
4616
39280
8738
37469
8162
26531
12983
13995
4265
13799
20216
1537
38234
34275
25766
22169
4088
7567
2876
31578
15241
8005
24617
8777
36795
4236
12886
32154
18634
25482
3686
2130
19338
1162
37539
11059
15873
18983
557
30278
4441
2734
10062
23113
5178
10048
32420
30462
28289
32158
31231
28863
11097
19839
480
32506
31647
14783
33207
14931
19510
16932
10487
21731
4700
9370
17670
8144
26197
26164
58
18851
25529
2132
10491
25751
30504
31867
19977
25991
7270
26427
36724
11041
24028
10744
7394
8787
3804
37839
38584
23140
12837
33944
1592
33482
32921
15118
23708
2613
16822
33085
32888
33283
26497
17581
22851
39613
28315
18508
14308
32893
4965
10611
36877
39710
36354
1943
315
10424
3616
21786
798
39270
26527
27395
16507
