('sPo', 2838, 110.66, 72.9, 151.72)
('CmM', 1794, 8.47, 53.14, 77.25)
('xSq', 2582, 22.0, 18.21, 135.3)
('gex', 1608, 77.7, 66.9, 111.96)
('dRg', 1678, 112.8, 37.63, 159.85)
('kIk', 1790, 6.61, 9.58, 61.35)
('lZt', 2848, 81.5, 35.13, 40.48)
('cPB', 2240, 41.48, 71.48, 151.83)
('oSG', 3030, 103.41, 44.93, 151.34)
('rZX', 1608, 13.35, 23.0, 23.92)
('hVR', 2324, 96.48, 24.8, 90.43)
('gnw', 2542, 41.25, 0.68, 27.17)
('rJD', 2972, 64.47, 67.76, 186.51)
('eDe', 2558, 62.81, 41.5, 173.38)
('DAA', 2498, 22.16, 63.61, 111.43)
('AkK', 3038, 110.67, 56.55, 144.8)
('azI', 2046, 57.6, 4.39, 22.96)
('nEy', 2286, 53.5, 31.28, 118.13)
('AeM', 2418, 103.75, 74.7, 109.18)
('rCV', 2280, 6.57, 0.36, 5.39)
('fsK', 750, 36.73, 59.26, 59.28)
('kIc', 1774, 24.39, 60.26, 197.86)
('lNo', 1590, 16.94, 10.71, 54.77)
('Aen', 2368, 65.89, 29.72, 163.37)
('yVC', 2190, 65.64, 30.93, 105.88)
('fLF', 2716, 81.84, 7.48, 117.92)
('nFl', 2364, 10.64, 12.38, 37.71)
('qwQ', 2374, 10.98, 47.7, 193.83)
('BKu', 1914, 63.39, 0.87, 60.19)
('CWe', 2402, 58.94, 13.86, 98.98)
('CRR', 1960, 4.93, 0.21, 145.71)
('CkL', 1584, 2.5, 63.32, 209.8)
('Bkt', 2276, 12.24, 33.84, 130.21)
('kFZ', 1560, 21.96, 49.93, 95.55)
('pNt', 1756, 95.57, 10.12, 86.92)
('xNN', 2108, 64.81, 17.23, 83.12)
('BiF', 2092, 43.64, 8.8, 65.93)
('Dzc', 2346, 48.79, 66.1, 87.52)
('BPG', 2458, 96.2, 8.31, 43.28)
('tDR', 920, 67.4, 72.9, 152.6)
('DCg', 2666, 33.57, 11.84, 117.19)
('zbb', 2760, 88.99, 28.65, 162.15)
('zxx', 2024, 66.68, 7.83, 18.57)
('goI', 2670, 87.5, 48.72, 160.13)
('izM', 2366, 49.2, 63.58, 179.7)
('uwl', 2468, 26.89, 48.85, 191.63)
('scV', 1916, 47.6, 55.59, 110.53)
('lxe', 2974, 66.44, 9.74, 129.9)
('tXi', 2930, 18.11, 4.93, 64.58)
('vGj', 2776, 114.9, 46.49, 99.61)
('ppy', 2338, 88.17, 7.18, 89.84)
('iZZ', 2028, 11.18, 68.93, 138.29)
('sMi', 2514, 68.75, 70.82, 86.97)
('vGW', 2854, 37.89, 42.41, 146.36)
('quQ', 2166, 93.52, 15.7, 124.31)
('lqt', 2276, 73.57, 72.46, 178.62)
('rCx', 2232, 87.8, 30.68, 64.21)
('pnN', 2160, 42.56, 37.67, 72.4)
('BHC', 1618, 11.78, 55.8, 101.9)
('cgk', 1634, 22.73, 57.6, 202.8)
('pku', 1810, 36.46, 27.79, 104.46)
('aJa', 3018, 16.76, 60.25, 60.56)
('yoT', 1860, 17.48, 13.55, 152.12)
('vZv', 1708, 11.33, 73.18, 102.33)
('dZU', 2590, 60.1, 32.84, 164.16)
('jIy', 2546, 13.24, 32.63, 133.91)
('eGJ', 2932, 35.8, 51.75, 111.8)
('gIt', 1652, 4.7, 42.2, 170.3)
('tLt', 1704, 50.8, 44.4, 174.85)
('ztR', 1648, 5.23, 56.86, 175.62)
('olo', 2630, 43.96, 72.62, 181.32)
('rFB', 2552, 27.5, 13.85, 49.52)
('eGy', 2910, 91.57, 35.3, 156.47)
('vyI', 1994, 107.8, 71.39, 188.37)
('nIs', 2690, 9.37, 52.4, 86.2)
('vvr', 1648, 82.84, 8.43, 33.71)
('hUZ', 2236, 20.74, 58.0, 203.94)
('wbx', 1920, 46.68, 40.36, 150.65)
('dwY', 2650, 9.87, 51.98, 74.73)
('yxo', 2734, 74.57, 32.83, 60.6)
('Agk', 2570, 19.45, 62.39, 76.2)
('vuM', 1586, 45.6, 52.39, 126.77)
('wLX', 2648, 46.67, 23.43, 71.99)
('qzX', 2700, 61.72, 45.61, 57.36)
('DuH', 1888, 56.67, 0.31, 15.3)
('knz', 2704, 82.77, 4.85, 15.42)
('rgg', 2978, 74.22, 57.43, 175.97)
('wbQ', 1958, 19.1, 47.26, 96.52)
('pjR', 1752, 46.93, 19.26, 150.7)
('nJN', 2836, 51.11, 15.86, 56.7)
('nez', 2652, 33.9, 71.62, 173.28)
('lRT', 2068, 60.9, 15.26, 19.23)
('DVq', 1594, 60.62, 70.67, 76.56)
('ytd', 2296, 15.73, 55.48, 155.47)
('jzC', 1618, 43.4, 58.34, 120.81)
('eut', 1652, 64.43, 31.95, 134.71)
('Wn', 2056, 73.52, 29.15, 152.27)
('quk', 2102, 28.72, 69.58, 113.98)
('aJp', 3048, 111.15, 41.35, 134.16)
('oFO', 1694, 58.22, 5.87, 21.65)
('oih', 2304, 24.34, 26.59, 147.12)
('hmB', 1720, 96.29, 48.73, 178.38)
('bks', 2794, 51.39, 3.58, 109.72)
('poM', 2262, 24.39, 4.69, 82.16)
('zda', 2966, 44.7, 32.75, 86.25)
('nJq', 2790, 50.6, 44.45, 56.75)
('koh', 2772, 76.11, 58.67, 64.32)
('sOB', 2760, 60.27, 63.82, 120.85)
('AjL', 2936, 41.95, 38.1, 134.29)
('yQq', 1646, 62.36, 20.35, 153.96)
('qSE', 1570, 2.76, 55.52, 184.29)
('bjK', 2726, 111.83, 46.78, 60.99)
('nzQ', 1802, 81.97, 33.5, 110.6)
('EeR', 2584, 2.45, 33.8, 95.31)
('RT', 1600, 27.85, 20.2, 126.1)
('xRH', 2512, 70.55, 70.46, 203.53)
('fKs', 2586, 82.84, 53.53, 158.88)
('fen', 2316, 69.39, 35.6, 123.44)
('kqK', 3038, 78.9, 67.3, 131.56)
('yRB', 1772, 56.6, 7.44, 60.67)
('kMS', 2274, 80.3, 19.78, 102.98)
('dRu', 1706, 0.32, 48.33, 64.66)
('nza', 1718, 45.36, 46.23, 117.58)
('wGR', 2116, 101.74, 9.2, 63.91)
('eZW', 1866, 4.58, 56.91, 167.64)
('sGe', 1882, 47.6, 65.8, 144.67)
('bOO', 2890, 82.8, 26.15, 103.85)
('nbQ', 2374, 106.39, 48.34, 72.49)
('DES', 2950, 60.62, 48.51, 187.94)
('dxu', 2694, 50.73, 64.85, 95.28)
('pYk', 2882, 103.74, 51.21, 192.29)
('xqO', 2786, 37.79, 21.23, 108.23)
('Ckn', 1536, 29.69, 13.28, 105.89)
('eXH', 1628, 108.31, 61.2, 90.9)
('lVt', 2432, 75.1, 44.0, 99.8)
('kNp', 2320, 36.88, 46.93, 184.36)
('dXx', 2336, 93.75, 44.74, 84.1)
('wFA', 1978, 18.71, 21.57, 42.53)
('fGX', 2232, 28.68, 54.73, 174.7)
('wNH', 2824, 85.0, 19.43, 167.99)
('dwi', 2566, 54.5, 34.76, 94.76)
('yZq', 2582, 52.65, 69.46, 163.2)
('CWG', 2458, 27.72, 3.36, 115.8)
('rcq', 2582, 60.77, 0.59, 103.81)
('bmv', 3008, 10.45, 55.18, 110.17)
('wNg', 2770, 13.25, 28.3, 114.35)
('BiB', 2084, 47.4, 9.36, 92.32)
('bbg', 1834, 7.0, 67.99, 93.31)
('reX', 2856, 70.64, 57.68, 142.88)
('doQ', 1802, 20.53, 50.15, 78.23)
('skb', 2656, 82.4, 17.87, 27.61)
('wXu', 770, 109.33, 25.91, 160.42)
('gTX', 2856, 84.27, 54.12, 156.43)
('jMc', 2918, 89.63, 11.8, 153.79)
('ibe', 2870, 58.2, 13.67, 160.48)
('oeU', 1966, 92.4, 36.2, 165.62)
('fjY', 2910, 101.85, 10.98, 140.7)
('yph', 1888, 20.22, 43.63, 166.6)
('Akt', 3004, 3.26, 53.7, 178.1)
('aBl', 2208, 33.93, 74.4, 216.22)
('sed', 2036, 16.69, 48.31, 140.49)
('AZI', 1162, 53.67, 11.44, 65.83)
('gRf', 2560, 7.48, 40.2, 176.77)
('jFu', 2226, 101.76, 29.24, 124.19)
('hnp', 1800, 66.65, 57.64, 94.65)
('uBo', 2994, 39.11, 74.88, 193.41)
('lxd', 2972, 14.64, 64.89, 137.27)
('xmm', 2314, 15.8, 20.38, 109.69)
('tSG', 2458, 90.0, 4.88, 103.63)
('oNy', 2494, 62.7, 19.97, 112.43)
('kKu', 2018, 6.14, 28.1, 115.83)
('lOq', 1698, 48.8, 48.71, 68.37)
('qxF', 2456, 99.8, 2.84, 111.7)
('fjH', 2876, 95.73, 2.92, 119.75)
('qVa', 1822, 54.96, 5.9, 85.39)
('lTz', 2236, 38.14, 41.61, 113.65)
('zDl', 2624, 79.72, 73.3, 184.91)
('rEF', 2456, 67.93, 54.37, 172.92)
('ffF', 2456, 6.58, 43.12, 109.56)
('kMj', 2204, 87.24, 56.22, 80.71)
('yVK', 2206, 90.57, 5.3, 34.54)
('zCQ', 2582, 1.84, 14.47, 100.97)
('cRd', 2400, 14.58, 37.57, 124.55)
('ghn', 1900, 1.68, 58.79, 204.5)
('jMx', 2960, 52.14, 62.84, 149.72)
('Vn', 1952, 39.0, 22.14, 41.27)
('eAW', 2334, 36.33, 43.28, 127.8)
('tnZ', 2340, 3.7, 40.69, 59.35)
('qtv', 2020, 103.3, 46.13, 159.45)
('yyb', 2812, 68.72, 12.29, 21.74)
('ngY', 2910, 95.44, 39.53, 63.97)
('Bno', 2578, 32.27, 61.22, 98.47)
('uuN', 2316, 37.98, 1.83, 101.99)
('jJj', 2620, 25.75, 1.8, 143.74)
('lXm', 2626, 46.35, 60.69, 83.99)
('gMs', 2066, 78.23, 53.55, 89.49)
('wbd', 1880, 41.17, 17.73, 54.17)
('kmA', 2602, 98.83, 62.72, 135.89)
('bje', 2662, 105.3, 63.45, 97.73)
('Alf', 12, 74.34, 56.67, 185.85)
('jjR', 3052, 79.43, 62.14, 210.41)
('reH', 2824, 33.95, 62.33, 195.36)
('rZO', 1590, 15.71, 0.18, 22.63)
('pRN', 2212, 87.89, 4.41, 20.73)
('AKn', 2628, 37.44, 70.63, 145.24)
('sgI', 2306, 91.91, 49.21, 166.29)
('gSA', 2706, 95.82, 40.82, 152.56)
('mVc', 1670, 8.99, 8.8, 70.23)
('BhN', 2004, 41.26, 40.35, 100.23)
('CYn', 2628, 62.62, 43.78, 51.77)
('AMe', 2818, 33.67, 68.67, 90.59)
('hwy', 2754, 12.92, 44.67, 178.43)
('Boe', 2662, 73.3, 30.71, 121.47)
('cQG', 2354, 5.98, 46.5, 100.7)
('fAY', 1610, 26.96, 42.65, 112.12)
('cks', 2066, 103.61, 11.98, 160.4)
('xgn', 1692, 37.45, 17.38, 36.7)
('BIK', 1738, 29.92, 11.13, 20.81)
('whl', 2520, 18.47, 62.72, 88.7)
('exc', 1930, 62.65, 53.23, 139.21)
('nJe', 2766, 13.78, 24.61, 84.23)
('vem', 2938, 46.58, 14.58, 107.3)
('ezJ', 2204, 108.73, 10.78, 53.98)
('whC', 2554, 16.33, 42.24, 133.93)
('lmy', 1870, 17.24, 67.93, 192.63)
('rGS', 2690, 41.41, 22.3, 117.89)
('lkI', 1682, 28.97, 39.83, 40.27)
('gri', 2930, 44.0, 35.4, 179.91)
('pSI', 2306, 79.11, 43.14, 64.67)
('bLc', 2502, 4.4, 74.37, 104.17)
('rbf', 2456, 53.96, 41.17, 168.74)
('lYr', 2740, 45.44, 64.54, 173.24)
('kiA', 2186, 75.32, 0.54, 114.14)
('fia', 2706, 107.52, 5.54, 22.8)
('BpD', 2816, 84.89, 30.4, 175.1)
('aJr', 3052, 98.21, 11.4, 57.64)
('yxJ', 2776, 114.39, 47.3, 52.26)
('fIw', 2386, 107.39, 3.29, 50.59)
('uvv', 2384, 46.14, 50.32, 110.58)
('ElT', 248, 48.3, 61.29, 61.37)
('iZI', 1994, 59.18, 62.2, 154.87)
('kRs', 2742, 40.7, 27.33, 99.44)
('qLk', 802, 28.48, 7.21, 72.58)
('AcE', 2194, 95.3, 51.37, 179.29)
('bBT', 1548, 97.64, 45.99, 100.66)
('pqa', 2394, 61.84, 36.49, 96.57)
('Ehx', 2856, 46.13, 36.42, 173.85)
('kdv', 1656, 74.65, 16.38, 78.19)
('fLq', 2686, 51.79, 74.28, 112.57)
('bIv', 2228, 14.2, 47.24, 152.7)
('xJE', 1674, 111.85, 59.56, 80.66)
('oGg', 1730, 56.26, 65.99, 118.45)
('yvW', 2594, 51.2, 63.65, 168.87)
('bPi', 2930, 8.55, 32.15, 141.55)
('kKD', 2036, 41.55, 1.91, 85.67)
('mUo', 1590, 92.43, 52.45, 99.27)
('vfV', 44, 53.74, 68.78, 137.27)
('qVL', 1896, 64.26, 59.6, 141.87)
('Eau', 2122, 104.39, 40.47, 151.13)
('Eap', 2112, 43.22, 56.5, 181.44)
('isC', 1618, 64.96, 17.33, 166.64)
('ANl', 2936, 22.97, 70.61, 114.67)
('jhI', 2826, 17.85, 44.54, 142.22)
('jes', 2482, 78.4, 68.73, 80.84)
('cle', 2142, 57.34, 59.76, 76.77)
('hWI', 2410, 40.39, 39.54, 58.34)
('saY', 1714, 36.87, 3.96, 57.41)
('xRv', 2488, 17.2, 69.39, 112.58)
('hTZ', 2132, 55.61, 73.8, 97.36)
('Bpj', 2776, 18.52, 56.2, 130.3)
('azd', 1984, 42.11, 70.31, 194.1)
('gip', 2008, 71.31, 23.62, 114.97)
('hsl', 2312, 83.1, 35.2, 157.85)
('tQu', 2226, 98.99, 53.3, 185.42)
('kjm', 2262, 6.29, 56.67, 105.98)
('tPl', 2104, 105.2, 63.38, 175.3)
('mtN', 1900, 21.76, 39.86, 184.31)
('CWN', 2472, 103.93, 45.31, 106.61)
('xIX', 1608, 90.89, 71.92, 134.76)
('tLR', 1752, 111.81, 12.76, 123.17)
('ljx', 1556, 11.51, 31.92, 159.35)
('yvy', 2546, 11.17, 63.11, 107.29)
('sOS', 2794, 111.76, 13.43, 155.27)
('kTF', 2976, 97.95, 50.29, 113.87)
('BHZ', 1664, 29.12, 60.68, 77.4)
('ryM', 1846, 12.93, 71.28, 128.23)
('pix', 1608, 103.56, 40.9, 157.85)
('yyA', 2862, 54.19, 10.36, 16.69)
('hnr', 1804, 51.52, 26.92, 113.71)
('ngH', 2876, 10.95, 45.2, 150.75)
('ggq', 1802, 110.32, 21.22, 67.71)
('BHb', 1564, 96.43, 4.16, 35.1)
('Cvu', 2694, 114.78, 69.71, 188.1)
('sFE', 1830, 81.87, 6.37, 96.2)
('iCm', 2626, 62.38, 27.28, 86.17)
('CYW', 2698, 97.9, 4.98, 148.78)
('toq', 2374, 75.6, 63.88, 68.44)
('fhM', 2678, 12.41, 74.63, 146.3)
('ttw', 2906, 8.48, 25.0, 79.72)
('rBi', 2098, 21.39, 0.37, 98.32)
('dtU', 2330, 90.69, 22.47, 44.53)
('wlY', 3014, 58.42, 44.34, 78.56)
('tLA', 1718, 16.8, 43.92, 171.8)
('lkb', 1616, 76.16, 13.46, 98.41)
('tQD', 2244, 26.1, 73.83, 92.54)
('utT', 2224, 82.16, 72.9, 181.58)
('fcG', 2146, 11.34, 10.64, 138.36)
('wPy', 3014, 46.81, 26.65, 34.48)
('ylP', 1540, 18.61, 36.79, 128.57)
('qSv', 1552, 14.2, 7.22, 119.13)
('myG', 2406, 99.47, 1.46, 42.26)
('xjo', 2006, 108.4, 68.29, 212.52)
('fFJ', 2100, 69.84, 64.97, 146.88)
('nhM', 2990, 9.94, 13.8, 29.4)
('lrs', 2378, 97.27, 4.79, 26.76)
('lNC', 1618, 46.25, 33.94, 161.43)
('kMg', 2198, 95.37, 9.7, 10.0)
('thH', 1680, 70.19, 65.14, 204.51)
('fBa', 1614, 107.91, 29.67, 108.83)
('mrQ', 1698, 110.31, 52.17, 104.87)
('hQE', 1778, 113.49, 44.39, 120.96)
('iOt', 820, 9.33, 20.35, 104.5)
('slI', 2826, 28.41, 24.54, 51.65)
('bgt', 2380, 88.53, 71.54, 79.82)
('Wo', 2058, 24.55, 7.78, 63.9)
('mAF', 2612, 4.1, 53.77, 65.9)
('eud', 1620, 41.43, 58.66, 183.99)
('bHb', 2084, 73.36, 57.3, 70.58)
('bgb', 2344, 36.8, 29.71, 96.33)
('nKg', 2874, 89.28, 23.91, 33.35)
('DDQ', 2842, 36.24, 6.88, 112.49)
('ncf', 2404, 21.19, 42.82, 154.74)
('bST', 248, 62.3, 32.54, 142.52)
('lnx', 1972, 18.1, 54.46, 174.98)
('hLf', 1208, 68.31, 33.13, 92.78)
('xmt', 2328, 109.1, 40.68, 75.55)
('fhk', 2622, 90.95, 65.19, 194.13)
('BSc', 2710, 22.38, 64.52, 202.46)
('jhQ', 2842, 3.0, 7.8, 93.38)
('gdT', 1548, 78.4, 7.4, 110.18)
('vwb', 1720, 97.21, 57.3, 89.18)
('DvS', 2014, 57.89, 31.21, 88.48)
('pjn', 1692, 3.72, 72.9, 127.2)
('hmV', 1760, 102.15, 68.78, 120.64)
('adg', 2770, 17.87, 59.96, 203.76)
('nht', 2952, 62.36, 5.8, 33.45)
('oGZ', 1820, 62.44, 2.4, 71.79)
('zDH', 2668, 28.96, 32.5, 130.2)
('wLa', 2550, 18.4, 72.46, 163.44)
('CSD', 2036, 75.49, 10.7, 53.11)
('BjQ', 2218, 52.27, 55.32, 145.16)
('qYd', 2140, 29.5, 25.72, 112.99)
('chV', 1812, 36.89, 35.63, 97.3)
('pON', 1900, 94.67, 55.82, 150.77)
('mZQ', 2166, 69.61, 64.65, 167.12)
('fHs', 2274, 68.8, 57.94, 111.58)
('CXk', 2518, 41.85, 3.6, 130.6)
('CUx', 2232, 16.45, 7.91, 139.44)
('WE', 2090, 48.49, 9.23, 115.31)
('aJl', 3040, 8.92, 11.55, 87.85)
('cKD', 1724, 32.55, 32.44, 181.22)
('ZL', 2416, 31.6, 25.78, 95.84)
('uSv', 1708, 105.64, 4.57, 118.27)
('hqu', 2122, 37.2, 0.6, 80.22)
('eyU', 2122, 22.5, 50.1, 97.5)
('qwx', 2336, 25.93, 27.79, 147.36)
('nyQ', 1698, 90.33, 22.29, 125.13)
('qyg', 2510, 86.13, 57.38, 128.31)
('oNs', 2482, 36.76, 2.81, 90.4)
('etP', 1592, 21.85, 28.93, 36.41)
('xnH', 2460, 109.4, 5.22, 36.92)
('BhY', 2026, 42.21, 39.25, 146.76)
('ezT', 2224, 2.5, 9.92, 114.36)
('hmK', 1738, 27.92, 38.9, 161.25)
('gVm', 2990, 16.6, 59.56, 192.1)
('fep', 2320, 82.86, 31.27, 36.15)
('dzR', 2948, 78.45, 17.38, 34.36)
('hUQ', 2218, 80.98, 24.68, 115.78)
('hTF', 2092, 35.78, 44.4, 66.59)
('clT', 2224, 51.5, 60.3, 94.25)
('vzA', 2082, 50.12, 0.64, 43.17)
('vwg', 1730, 6.58, 4.57, 112.29)
('EaX', 2180, 30.33, 32.26, 71.27)
('oOL', 2624, 54.32, 40.83, 96.47)
('oRU', 2954, 41.75, 12.11, 34.85)
('seC', 2086, 113.35, 3.6, 96.55)
('zug', 1678, 24.35, 5.78, 65.16)
('fEu', 1966, 33.6, 26.69, 154.41)
('EiB', 2968, 113.81, 73.45, 102.85)
('oFw', 1658, 77.32, 25.89, 112.5)
('lxr', 3000, 106.83, 38.77, 80.5)
('rdO', 2734, 31.78, 42.46, 74.32)
('trj', 2672, 41.58, 16.15, 84.5)
('DsG', 1678, 16.29, 10.28, 108.1)
('awh', 1680, 114.3, 36.6, 93.1)
('Bqr', 2896, 108.96, 7.62, 142.25)
('eCy', 2494, 100.99, 49.93, 121.1)
('ACI', 1838, 65.94, 51.21, 153.49)
('mvJ', 2100, 104.3, 17.11, 152.85)
('sJA', 2238, 53.1, 29.11, 93.85)
('oLg', 2250, 99.3, 40.25, 58.42)
('hVv', 2280, 31.87, 59.42, 81.67)
('nhR', 3000, 26.47, 68.79, 165.8)
('vZz', 1716, 94.22, 46.32, 71.27)
('rDY', 2390, 93.48, 4.56, 51.71)
('wlG', 2978, 24.52, 51.3, 54.93)
('uTR', 1856, 110.35, 66.59, 104.2)
('iZF', 1988, 15.72, 74.75, 107.5)
('kSu', 2850, 109.71, 50.34, 81.75)
('req', 2790, 65.42, 72.7, 164.43)
('tRh', 2304, 47.5, 10.12, 59.34)
('xNR', 2116, 0.83, 51.54, 135.69)
('ALu', 2746, 109.79, 17.42, 150.16)
('iNK', 750, 2.94, 34.74, 121.17)
('xmT', 2380, 105.91, 11.27, 71.38)
('cje', 1934, 47.65, 24.84, 73.12)
('aFA', 2654, 10.12, 7.37, 86.83)
('aHU', 2902, 93.0, 72.3, 181.68)
('nzs', 1754, 60.16, 14.84, 55.36)
('yYU', 2538, 9.96, 9.56, 101.75)
('kiI', 2202, 66.84, 61.51, 177.5)
('fcd', 2088, 29.96, 14.31, 78.6)
('mro', 1642, 28.26, 28.5, 36.44)
('wMd', 2660, 15.61, 72.53, 90.41)
('rwf', 1572, 43.77, 4.24, 46.86)
('mti', 1838, 79.7, 70.52, 204.4)
('Ect', 2328, 71.27, 51.92, 176.84)
('xeV', 1552, 95.95, 6.7, 55.26)
('jdw', 2386, 109.19, 49.4, 170.39)
('olf', 2612, 30.33, 58.22, 86.42)
('wmd', 3024, 113.7, 3.77, 135.31)
('dwn', 2576, 107.55, 42.49, 57.24)
('DCe', 2662, 9.59, 36.38, 137.68)
('eDa', 2550, 54.21, 37.54, 103.83)
('kMH', 2252, 73.63, 31.18, 132.11)
('hRg', 1834, 30.69, 51.89, 54.41)
('XX', 2232, 12.26, 74.52, 127.78)
('lSi', 2098, 101.5, 42.47, 144.54)
('zzj', 2204, 64.7, 21.36, 148.55)
('zWS', 1598, 29.88, 29.83, 125.12)
('uzI', 2826, 32.45, 37.29, 79.57)
('bgL', 2416, 16.31, 59.48, 123.1)
('gjR', 2168, 56.73, 38.86, 52.33)
('DWs', 1702, 93.51, 0.14, 55.21)
('gUF', 2924, 36.7, 16.78, 107.2)
('dvC', 2502, 64.17, 44.8, 170.78)
('lNp', 1592, 72.44, 19.94, 96.46)
('Cxu', 2902, 7.14, 33.5, 54.25)
('oMz', 2392, 21.6, 6.72, 105.29)
('DAY', 2546, 26.11, 26.5, 58.97)
('itJ', 1736, 110.17, 31.2, 65.1)
('qDV', 44, 35.52, 47.64, 123.94)
('kPq', 2530, 11.99, 27.78, 145.57)
('ghO', 1954, 72.4, 45.98, 77.18)
('ofD', 2036, 102.31, 60.67, 136.37)
('hoS', 1962, 50.64, 20.79, 87.22)
('kiy', 2182, 59.4, 12.35, 63.5)
('hwr', 2740, 1.75, 38.51, 39.36)
('aeL', 2936, 45.71, 8.8, 136.15)
('Dvu', 1966, 73.3, 41.31, 141.17)
('gSX', 2752, 12.41, 18.73, 92.49)
('wDo', 1746, 106.7, 69.52, 150.26)
('cqF', 2716, 106.64, 2.52, 110.91)
('dwF', 2612, 12.66, 61.89, 173.27)
('aza', 1978, 68.12, 7.23, 59.74)
('eaE', 2662, 82.97, 43.7, 111.28)
('rxL', 1740, 23.79, 30.18, 106.45)
('uuE', 2298, 82.88, 38.16, 176.81)
('AcG', 2198, 14.68, 64.56, 99.93)
('sgh', 2252, 19.5, 53.52, 155.72)
('nBu', 1966, 94.41, 1.4, 33.1)
('aAZ', 2184, 13.32, 51.34, 100.52)
('Akp', 2996, 59.87, 51.43, 103.33)
('iyi', 2202, 33.91, 60.4, 72.55)
('BOY', 2390, 91.68, 46.17, 90.38)
('eyA', 2082, 47.16, 17.11, 132.15)
('psK', 2674, 7.94, 8.56, 36.49)
('zGO', 2994, 97.36, 42.37, 174.84)
('koN', 2836, 86.33, 1.46, 12.7)
('icr', 3000, 101.56, 12.3, 35.93)
('pYo', 2890, 38.28, 60.45, 102.67)
('jdJ', 2412, 113.32, 40.7, 65.84)
('qYN', 2212, 97.81, 54.62, 190.38)
('xWE', 3026, 19.15, 70.33, 197.92)
('hpa', 1978, 60.64, 20.13, 31.21)
('mtv', 1864, 105.46, 35.13, 144.93)
('iDL', 2780, 92.41, 23.73, 24.88)
('fAP', 1592, 99.16, 20.9, 161.42)
('vep', 2944, 30.17, 29.93, 119.17)
('BPr', 2428, 19.16, 34.78, 108.13)
('bbQ', 1906, 38.7, 5.35, 13.47)
('Cml', 1740, 90.39, 33.59, 180.5)
('hVh', 2252, 110.52, 65.93, 198.5)
('fAF', 1572, 39.85, 0.46, 109.74)
('snF', 3028, 91.8, 9.28, 50.2)
('Akk', 2986, 68.79, 32.36, 68.99)
('ogW', 2178, 76.91, 36.57, 45.44)
('slB', 2812, 0.96, 14.63, 99.3)
('cOW', 2178, 82.0, 36.38, 150.4)
('Bea', 1614, 67.23, 9.51, 125.71)
('dux', 2388, 26.3, 18.33, 71.0)
('mzK', 2518, 104.47, 19.3, 131.77)
('CTV', 2176, 89.31, 26.29, 161.38)
('xLN', 1900, 84.46, 2.75, 14.66)
('tUJ', 2672, 80.31, 39.88, 150.8)
('kHu', 1706, 20.88, 49.7, 143.82)
('cpz', 2600, 88.65, 49.5, 103.91)
('xpz', 2652, 13.3, 2.37, 46.9)
('VY', 2026, 8.3, 38.59, 97.7)
('tSR', 2480, 63.33, 64.6, 168.36)
('kkL', 2416, 27.3, 43.19, 186.16)
('oFm', 1638, 46.21, 58.16, 140.74)
('dVU', 2174, 20.57, 44.11, 153.24)
('AgJ', 2620, 40.22, 41.49, 92.39)
('ffg', 2406, 82.84, 41.72, 52.32)
('ytU', 2382, 47.86, 1.62, 146.95)
('Edz', 2444, 30.8, 2.13, 77.38)
('sjK', 2622, 3.51, 64.93, 205.42)
('fjn', 2836, 106.19, 43.65, 101.3)
('gil', 2000, 57.25, 5.18, 13.75)
('Cmc', 1722, 97.75, 18.7, 72.39)
('uaT', 248, 13.74, 33.16, 54.51)
('lvg', 2770, 18.11, 26.1, 97.54)
('feT', 2380, 97.7, 23.67, 51.45)
('iYS', 1910, 13.66, 5.75, 12.59)
('ghf', 1884, 78.92, 45.31, 116.52)
('bjH', 2720, 102.53, 15.96, 47.65)
('lYE', 2766, 62.15, 52.7, 67.19)
('wdW', 2178, 48.82, 41.49, 81.35)
('fhS', 2690, 37.21, 32.2, 143.0)
('kPg', 2510, 42.48, 24.56, 46.66)
('bCj', 1580, 61.5, 28.44, 71.47)
('pZu', 3006, 42.26, 71.67, 173.82)
('tWz', 2860, 59.98, 68.91, 74.7)
('pwu', 3058, 85.11, 26.83, 163.32)
('AIy', 2442, 76.84, 2.35, 134.4)
('tRS', 2378, 65.5, 44.92, 129.76)
('koy', 2806, 74.51, 69.56, 208.9)
('ffU', 2486, 26.7, 74.24, 118.84)
('wcR', 2064, 30.85, 74.3, 132.86)
('DBP', 2632, 113.55, 43.71, 46.67)
('cTi', 2618, 51.94, 41.37, 154.36)
('zFn', 2836, 54.93, 6.52, 39.2)
('fJY', 2546, 17.18, 50.27, 196.1)
('Dwo', 2058, 41.83, 31.67, 96.64)
('mCY', 2858, 47.7, 64.5, 147.5)
('dpu', 1862, 2.42, 33.2, 34.57)
('cWM', 2990, 113.3, 54.8, 55.9)
('DCY', 2754, 113.92, 18.84, 57.83)
('bKq', 2426, 69.88, 70.2, 164.32)
('Eip', 2944, 48.5, 3.99, 82.54)
('ebs', 2742, 93.71, 72.53, 146.1)
('UE', 1882, 4.9, 8.83, 22.84)
('BQR', 2584, 29.8, 16.47, 52.14)
('Bhb', 1928, 37.85, 73.1, 177.66)
('gVO', 3046, 61.44, 46.8, 136.81)
('glv', 2332, 80.61, 21.29, 139.84)
('CpT', 2120, 52.19, 12.93, 133.2)
('nbG', 2354, 29.29, 68.1, 151.3)
('dpb', 1824, 86.74, 19.25, 165.45)
('rCZ', 2288, 36.55, 26.17, 150.49)
('bLb', 2500, 20.9, 3.19, 36.36)
('uYI', 2358, 15.73, 6.25, 55.8)
('dAh', 2980, 12.62, 66.17, 162.46)
('rdS', 2742, 103.35, 4.73, 120.12)
('fHl', 2260, 113.67, 10.21, 66.34)
('zED', 2764, 4.1, 1.8, 18.24)
('kho', 2058, 74.28, 41.7, 178.55)
('wlp', 2944, 13.74, 32.18, 44.7)
('cqe', 2662, 92.63, 74.59, 126.47)
('grt', 2952, 12.81, 38.58, 153.85)
('xng', 2406, 83.28, 2.25, 24.38)
('hls', 1598, 78.99, 11.5, 56.31)
('keK', 1790, 16.79, 41.83, 93.9)
('sjO', 2630, 89.8, 9.11, 72.15)
('dzz', 2912, 58.57, 9.16, 65.16)
('aYY', 1610, 31.87, 47.84, 195.36)
('uRj', 1580, 54.29, 14.7, 79.34)
('zDh', 2616, 48.48, 27.39, 159.39)
('Ecl', 2312, 14.8, 30.0, 50.51)
('hYy', 2598, 60.25, 70.54, 219.39)
('rBn', 2108, 32.95, 11.76, 64.6)
('ciH', 1888, 64.28, 31.35, 141.83)
('laJ', 644, 13.15, 19.22, 168.94)
('pjl', 1688, 18.16, 0.64, 99.57)
('Ajy', 2910, 105.27, 1.86, 71.15)
('bJE', 2350, 82.82, 57.7, 150.75)
('jGp', 2320, 22.44, 1.74, 101.37)
('wiR', 2688, 114.55, 34.85, 148.14)
('aeR', 2948, 26.52, 18.41, 31.16)
('llv', 1760, 43.6, 49.24, 123.31)
('wNB', 2812, 8.95, 35.62, 168.61)
('isM', 1638, 70.6, 48.69, 185.84)
('eAv', 2280, 59.78, 42.0, 66.47)
('eHn', 2992, 2.33, 37.64, 40.55)
('oMP', 2424, 79.97, 63.55, 179.8)
('xTg', 2666, 104.23, 2.17, 100.2)
('gPu', 2382, 2.44, 11.7, 31.93)
('fMp', 2788, 88.99, 44.44, 150.6)
('CXf', 2508, 107.75, 39.6, 116.3)
('ecA', 2862, 94.78, 25.45, 163.79)
('dYJ', 2464, 53.48, 55.9, 157.0)
('fcT', 2172, 1.11, 26.33, 115.48)
('fKQ', 2634, 99.96, 38.73, 78.24)
('mxl', 2260, 23.7, 73.17, 152.87)
('ewQ', 1906, 44.22, 12.25, 19.4)
('tin', 1744, 44.6, 29.86, 113.19)
('xqM', 2782, 8.92, 26.0, 145.62)
('cTI', 2670, 52.9, 50.6, 188.38)
('fdc', 2190, 106.31, 26.53, 50.67)
('wfx', 2336, 74.7, 12.46, 47.28)
('tuO', 3046, 18.47, 15.8, 52.87)
('Ehe', 2818, 78.46, 46.38, 172.81)
('CRZ', 1976, 22.59, 65.99, 213.13)
('bCY', 1662, 1.39, 10.6, 132.83)
('sjw', 2594, 50.43, 72.21, 91.88)
('cJe', 1570, 37.99, 69.66, 120.77)
('gpM', 2782, 44.81, 3.39, 113.21)
('vzg', 2042, 18.59, 1.19, 146.11)
('aHQ', 2894, 17.32, 8.19, 111.9)
('Agf', 2560, 22.69, 11.9, 36.17)
('xps', 2638, 84.28, 21.66, 137.91)
('htL', 2468, 30.24, 32.97, 80.89)
('oLr', 2272, 105.8, 16.13, 165.19)
('jqr', 660, 16.7, 58.75, 66.41)
('gLj', 1944, 22.69, 26.22, 61.77)
('cRv', 2436, 91.53, 56.44, 130.48)
('pvp', 2944, 60.78, 33.45, 67.16)
('hne', 1778, 78.94, 64.36, 195.19)
('BmJ', 2516, 104.35, 46.1, 99.68)
('fhJ', 2672, 44.97, 22.93, 77.34)
('ypW', 1970, 91.96, 36.8, 166.62)
('ecQ', 2894, 23.21, 69.59, 87.25)
('VQ', 2010, 12.75, 46.26, 194.61)
('hnD', 1828, 6.62, 32.86, 137.54)
('yzs', 2950, 76.17, 12.63, 101.57)
('ome', 2714, 68.53, 65.38, 146.41)
('uRS', 1650, 64.77, 54.17, 105.72)
('fbN', 2056, 64.45, 24.14, 129.76)
('mZw', 2126, 93.75, 73.18, 203.11)
('dXJ', 2360, 17.7, 44.7, 65.44)
('xjl', 2000, 60.26, 70.61, 132.65)
('kgR', 2012, 97.73, 12.67, 133.78)
('unP', 1592, 51.53, 53.52, 196.51)
('utg', 2146, 32.85, 35.3, 70.68)
('jIe', 2506, 22.82, 41.82, 156.25)
('wDD', 1776, 17.61, 32.31, 137.63)
('rFo', 2526, 59.95, 57.92, 150.0)
('bDf', 1676, 75.4, 29.75, 168.36)
('lVX', 2492, 53.41, 63.1, 94.77)
('iDC', 2762, 69.36, 23.57, 33.18)
('CUg', 2198, 47.23, 12.99, 124.5)
('dSy', 1818, 85.95, 72.95, 117.82)
('sGQ', 1958, 76.68, 67.98, 191.41)
('gku', 2226, 35.97, 30.78, 105.67)
('xeU', 1550, 102.77, 67.15, 174.12)
('fIL', 2416, 60.55, 12.6, 111.89)
('oiP', 2372, 109.84, 33.68, 39.6)
('puu', 2850, 53.36, 8.37, 148.78)
('prV', 2592, 26.49, 16.46, 48.42)
('isL', 1636, 6.4, 35.53, 150.37)
('CvB', 2708, 72.21, 45.44, 172.82)
('snM', 3042, 16.31, 36.5, 163.6)
('tMz', 1820, 100.83, 20.92, 50.87)
('pVY', 2650, 3.78, 5.37, 15.13)
('BKY', 1974, 14.13, 26.2, 39.96)
('nGB', 2500, 102.12, 48.2, 53.13)
('yzp', 2944, 26.82, 71.26, 182.63)
('BpL', 2832, 95.24, 4.41, 126.36)
('cNo', 2006, 61.44, 5.78, 78.22)
('sRd', 3024, 69.94, 24.96, 153.9)
('odq', 1802, 80.41, 0.67, 35.62)
('gIh', 1628, 42.4, 31.12, 174.3)
('vaR', 2584, 57.85, 9.76, 103.51)
('kSl', 2832, 39.99, 68.98, 108.35)
('vbJ', 2672, 57.55, 57.84, 199.9)
('gkI', 2254, 29.31, 31.69, 88.35)
('lnn', 1952, 84.22, 4.84, 110.78)
('ynK', 1738, 41.52, 47.74, 108.5)
('bdo', 2058, 60.0, 39.43, 61.81)
('sGl', 1896, 42.43, 53.64, 142.8)
('AKC', 2658, 87.49, 64.55, 78.0)
('cMU', 1966, 55.2, 15.4, 81.22)
('lnL', 2000, 113.87, 16.23, 93.1)
('cQE', 2350, 52.71, 71.2, 96.67)
('upb', 1720, 85.63, 43.85, 113.8)
('aCS', 2378, 80.31, 34.72, 166.48)
('BfC', 1774, 5.36, 44.69, 48.6)
('ncZ', 2496, 3.22, 29.92, 150.45)
('iuu', 1810, 78.4, 39.77, 127.92)
('mEe', 2974, 61.7, 48.22, 167.23)
('xqx', 2752, 66.28, 9.14, 130.71)
('bGO', 2058, 95.84, 15.43, 71.86)
('oks', 2534, 60.39, 60.9, 181.91)
('uoq', 1646, 106.1, 62.21, 63.12)
('hWX', 2440, 16.19, 10.1, 121.35)
('BPh', 2408, 89.86, 45.24, 131.8)
('xsN', 2992, 20.49, 37.37, 95.31)
('kkr', 2376, 79.78, 46.83, 108.5)
('sPd', 2816, 2.95, 17.8, 133.56)
('sgu', 2278, 58.4, 29.37, 115.32)
('jiI', 2930, 92.78, 19.43, 69.89)
('iyo', 2214, 15.86, 10.32, 52.52)
('wjf', 2716, 114.69, 23.44, 41.97)
('yYf', 2456, 64.8, 7.83, 125.74)
('vAA', 2186, 5.17, 28.17, 119.64)
('wik', 2622, 85.65, 64.83, 127.79)
('jDT', 2068, 44.72, 25.29, 70.8)
('quR', 2168, 1.32, 12.23, 35.48)
('seP', 2112, 45.42, 27.73, 89.86)
('tQJ', 2256, 11.74, 54.22, 80.61)
('EeF', 2560, 75.42, 29.78, 56.9)
('zzg', 2198, 39.76, 25.2, 53.78)
('oeA', 1926, 1.76, 23.7, 84.22)
('BJw', 1814, 34.2, 16.96, 144.8)
('uYO', 2370, 55.88, 48.2, 104.81)
('knU', 2746, 32.53, 32.53, 69.94)
('sbE', 1778, 38.1, 69.69, 150.23)
('fhq', 2634, 65.3, 47.52, 153.74)
('xhZ', 1872, 54.0, 11.88, 75.34)
('BNM', 2262, 104.2, 28.48, 41.58)
('BNk', 2206, 42.25, 4.59, 53.9)
('ANP', 2996, 33.85, 57.6, 76.77)
('dpy', 1870, 76.49, 52.2, 174.2)
('iYV', 1916, 33.99, 24.15, 116.29)
('ebk', 2726, 51.4, 27.27, 162.8)
('csl', 2884, 113.37, 74.87, 150.2)
('Uv', 1864, 109.44, 55.12, 99.32)
('Emi', 278, 4.94, 8.3, 88.63)
('zzU', 2278, 3.53, 61.58, 84.59)
('aIt', 2952, 49.29, 0.86, 110.0)
('vcl', 2728, 106.62, 2.7, 5.68)
('pPc', 1930, 41.5, 33.94, 68.46)
('sJU', 2278, 7.31, 25.67, 132.0)
('fdD', 2244, 6.58, 15.94, 43.36)
('uAg', 2874, 101.64, 4.26, 21.37)
('AdP', 2320, 105.82, 64.26, 175.98)
('cQR', 2376, 38.12, 49.26, 145.59)
('gqu', 2850, 1.12, 3.9, 92.7)
('hqz', 2132, 113.57, 3.8, 115.98)
('fkr', 2948, 106.25, 35.59, 124.64)
('usg', 2042, 72.55, 16.83, 73.11)
('tnM', 2314, 107.11, 71.34, 197.79)
('AAi', 1578, 9.57, 10.78, 65.7)
('eZV', 1864, 75.75, 8.3, 61.98)
('Dss', 1650, 28.54, 58.45, 71.83)
('eWU', 1550, 75.8, 9.67, 122.17)
('qwn', 2316, 94.18, 64.52, 127.67)
('ljO', 1590, 82.46, 52.62, 153.36)
('uJk', 750, 89.91, 52.63, 167.55)
('xVX', 2960, 5.48, 28.42, 69.0)
('crL', 2832, 71.9, 44.2, 165.54)
('wlB', 2968, 38.71, 2.38, 50.42)
('CuF', 2612, 0.39, 25.7, 119.5)
('aAN', 2160, 83.92, 49.7, 87.8)
('geb', 1564, 79.49, 23.3, 90.19)
('mZi', 2098, 56.64, 44.27, 106.78)
('qTK', 1686, 57.3, 49.25, 195.7)
('kTt', 2952, 2.34, 66.13, 136.26)
('hvx', 2648, 103.61, 20.43, 122.87)
('vYB', 1616, 23.8, 68.52, 129.53)
('Ehp', 2840, 27.18, 29.95, 153.93)
('lvb', 2760, 18.8, 52.68, 170.57)
('DbD', 2972, 69.43, 23.77, 130.85)
('nGw', 2490, 43.99, 72.27, 206.6)
('kQf', 2612, 24.94, 7.0, 106.4)
('Aid', 2764, 104.66, 24.33, 60.27)
('jJa', 2602, 91.13, 7.88, 74.69)
('tTv', 2540, 35.94, 14.87, 124.96)
('nGK', 2518, 3.4, 40.8, 91.52)
('zBj', 2412, 2.79, 37.38, 121.55)
('jzN', 1640, 82.36, 10.76, 81.96)
('wmt', 3056, 56.65, 54.39, 111.48)
('fBM', 1690, 12.41, 70.73, 215.87)
('lXU', 2694, 19.74, 66.3, 127.8)
('BmX', 2544, 76.35, 35.8, 76.51)
('xfq', 1594, 69.17, 15.75, 151.28)
('fEU', 2018, 28.87, 36.56, 41.68)
('xUE', 2818, 45.2, 7.74, 156.19)
('slM', 2834, 18.39, 58.3, 139.25)
('fhy', 2650, 37.14, 10.94, 132.83)
('zbq', 2790, 69.82, 9.85, 86.84)
('fdU', 2278, 20.69, 64.1, 162.26)
('zFm', 2834, 53.69, 7.28, 126.71)
('cNO', 2058, 85.75, 22.54, 94.22)
('zwd', 1880, 78.79, 53.76, 174.99)
('wdS', 2170, 31.38, 2.73, 113.6)
('BnK', 2622, 30.55, 71.13, 99.39)
('cVp', 2840, 11.8, 5.83, 109.91)
('Wi', 2046, 53.18, 2.5, 17.43)
('wGr', 2064, 5.25, 48.52, 134.47)
('lPG', 1834, 52.28, 18.23, 145.62)
('lNd', 1568, 77.75, 5.26, 20.66)
('CRV', 1968, 82.49, 43.79, 109.89)
('zzV', 2280, 68.5, 69.49, 152.83)
('jbK', 2206, 82.61, 13.47, 154.49)
('BKs', 1910, 60.98, 56.37, 126.59)
('rFK', 2570, 69.28, 50.26, 93.1)
('fee', 2298, 61.9, 52.29, 63.69)
('zwq', 1906, 95.89, 4.4, 141.11)
('wJn', 2368, 73.26, 25.19, 144.75)
('cnA', 2394, 59.79, 34.13, 95.1)
('seY', 2130, 29.96, 0.9, 41.33)
('DvA', 1978, 62.64, 74.14, 189.36)
('ael', 2884, 25.59, 64.42, 186.26)
('jDH', 2044, 81.44, 0.19, 91.2)
('DXu', 1810, 5.27, 30.68, 139.47)
('shz', 2392, 78.49, 72.8, 164.26)
('lqz', 2288, 61.63, 26.12, 141.78)
('CmX', 1816, 1.41, 48.69, 124.17)
('hPx', 1660, 12.46, 55.63, 196.94)
('nKX', 2960, 53.23, 32.13, 135.23)
('bIu', 2226, 24.96, 60.73, 111.73)
('BgI', 1890, 5.19, 19.75, 157.38)
('cWa', 2914, 24.5, 62.55, 126.15)
('yYr', 2480, 103.92, 21.45, 160.74)
('oNC', 2502, 56.29, 10.64, 88.81)
('yyt', 2848, 69.91, 43.78, 151.13)
('kRX', 2804, 93.82, 39.88, 86.89)
('DEN', 2940, 63.9, 74.68, 133.88)
('wGS', 2118, 67.71, 30.29, 87.53)
('oJR', 2116, 103.29, 70.5, 203.16)
('tTw', 2542, 19.6, 43.18, 109.7)
('dra', 2030, 30.91, 37.93, 76.76)
('ySQ', 1906, 78.64, 5.48, 80.48)
('gfl', 1688, 89.62, 59.89, 176.79)
('aff', 2976, 42.25, 73.34, 102.9)
('pTG', 2406, 46.66, 70.7, 149.54)
('vfp', 3048, 22.46, 3.0, 150.77)
('eEt', 2692, 23.72, 32.2, 55.64)
('bPX', 3012, 11.9, 65.8, 79.17)
('tua', 2966, 36.87, 66.54, 186.25)
('tkq', 1958, 108.44, 2.17, 17.74)
('wOK', 2934, 11.95, 49.5, 144.17)
('jNu', 3058, 65.22, 23.31, 50.6)
('Sa', 1614, 3.29, 62.86, 77.41)
('odN', 1848, 72.37, 5.55, 28.95)
('khK', 2102, 19.45, 20.21, 163.63)
('DsX', 1712, 2.39, 13.13, 20.29)
('kpS', 2950, 13.14, 19.36, 142.5)
('kQP', 2684, 51.43, 30.19, 118.72)
('iBG', 2562, 65.45, 38.79, 83.4)
('iGh', 3032, 36.4, 28.83, 119.24)
('mvy', 2078, 60.35, 46.4, 54.9)
('AIX', 2492, 83.54, 55.92, 153.29)
('fbV', 2072, 2.64, 53.81, 166.26)
('cjF', 1988, 52.97, 28.82, 131.11)
('plE', 1934, 68.88, 49.62, 189.82)
('tqw', 2594, 106.75, 36.8, 173.47)
('ncu', 2434, 58.22, 24.69, 62.78)
('pXB', 2812, 63.27, 45.58, 80.51)
('sDV', 1656, 52.0, 51.88, 151.35)
('iDa', 2706, 66.87, 66.52, 121.49)
('ClC', 1670, 8.26, 57.74, 146.5)
('hRH', 1888, 52.48, 57.42, 187.6)
('oaX', 1556, 47.46, 47.97, 68.82)
('mXI', 1942, 88.21, 2.41, 24.84)
('vdb', 2812, 86.45, 18.64, 24.77)
('Ber', 1648, 48.93, 29.7, 35.53)
('xid', 1880, 41.68, 55.7, 61.12)
('BkD', 2296, 5.97, 58.29, 66.75)
('uvz', 2392, 83.98, 36.4, 142.2)
('tpV', 2540, 6.23, 34.79, 136.77)
('scg', 1834, 108.82, 69.51, 117.44)
('yXB', 2396, 75.42, 21.83, 121.61)
('gID', 1672, 24.72, 25.13, 138.33)
('oPq', 2686, 68.28, 39.32, 145.42)
('jMa', 2914, 30.35, 24.81, 99.49)
('dRK', 1738, 16.12, 45.56, 149.84)
('sao', 1642, 40.89, 1.38, 60.89)
('mUW', 1658, 35.21, 57.53, 90.35)
('jMz', 2964, 81.7, 73.8, 139.65)
('Bdu', 1550, 101.86, 49.63, 138.3)
('xFf', 1208, 13.57, 22.69, 122.15)
('irU', 1550, 19.8, 8.33, 81.12)
('Csf', 2352, 74.52, 56.12, 92.18)
('ylU', 1550, 14.44, 30.3, 93.24)
('vfh', 3032, 107.31, 46.96, 64.42)
('pww', 3062, 96.49, 46.81, 119.17)
('hRo', 1850, 44.12, 48.74, 67.23)
('waY', 1870, 44.52, 44.91, 149.4)
('gSQ', 2738, 4.87, 26.58, 53.15)
('xWy', 3014, 0.8, 8.5, 91.49)
('tim', 1742, 34.85, 54.8, 83.48)
('tpi', 2462, 84.4, 24.36, 104.68)
('dUa', 1978, 60.29, 10.6, 32.8)
('dXP', 2372, 114.1, 11.44, 124.7)
('iaz', 2808, 76.52, 45.81, 78.72)
('nCh', 2044, 19.72, 25.79, 69.77)
('fjj', 2828, 14.14, 35.3, 92.3)
('AaW', 2022, 55.99, 44.8, 79.6)
('ryg', 1782, 92.75, 39.96, 45.8)
('zGn', 2940, 92.3, 54.95, 187.91)
('mBm', 2678, 105.11, 17.13, 78.57)
('beV', 2228, 3.69, 65.59, 97.97)
('EgR', 2792, 28.9, 29.39, 38.38)
('gSO', 2734, 70.34, 57.5, 188.4)
('dvX', 2544, 38.66, 57.38, 97.11)
('iyL', 2260, 31.76, 52.8, 154.3)
('plf', 1884, 60.93, 40.76, 119.19)
('dnU', 1706, 70.8, 49.38, 188.99)
('wEi', 1838, 60.0, 36.9, 149.4)
('dnV', 1708, 20.78, 63.61, 86.76)
('iWD', 1672, 9.83, 52.38, 137.84)
('lmL', 1896, 57.97, 27.92, 103.15)
('vFu', 2694, 29.65, 10.95, 60.78)
('yuJ', 2464, 48.63, 53.82, 61.91)
('gjD', 2140, 100.38, 43.2, 77.46)
('uze', 2766, 84.2, 39.14, 97.2)
('bdQ', 2114, 110.47, 50.66, 111.93)
('exP', 2008, 45.31, 62.54, 103.97)
('sid', 2452, 55.7, 69.56, 80.58)
('shQ', 2426, 110.75, 64.92, 187.72)
('qzq', 2634, 68.49, 74.87, 107.89)
('iEw', 2854, 24.43, 59.53, 138.31)
('pLE', 1570, 41.5, 9.23, 120.36)
('yPq', 1542, 11.99, 10.11, 92.59)
('oFZ', 1716, 38.98, 29.46, 89.61)
('qXO', 2110, 79.92, 46.8, 114.49)
('muY', 2026, 80.76, 44.42, 49.63)
('zYt', 1756, 106.7, 31.86, 110.8)
('upZ', 1820, 74.4, 31.61, 81.9)
('nas', 2222, 110.45, 9.75, 95.17)
('qTx', 1660, 30.89, 16.3, 89.36)
('izi', 2306, 25.7, 16.1, 109.3)
('bNV', 2800, 19.85, 58.24, 199.95)
('hqJ', 2152, 109.2, 44.31, 111.35)
('oNX', 2544, 69.94, 34.45, 53.8)
('xhq', 1802, 62.19, 14.38, 144.28)
('nEl', 2260, 84.91, 0.56, 110.38)
('sNg', 2614, 10.6, 16.7, 123.17)
('yyN', 2888, 111.66, 47.95, 88.2)
('jNF', 12, 59.11, 34.31, 165.4)
('BlI', 2410, 83.9, 10.45, 115.47)
('fbC', 2034, 75.1, 45.59, 75.97)
('urV', 2020, 64.78, 62.78, 89.57)
('jfq', 2582, 36.22, 0.43, 61.5)
('kcu', 1550, 39.25, 46.99, 132.6)
('DZw', 2022, 80.1, 74.97, 196.6)
('acF', 2716, 22.94, 47.12, 105.75)
('eYu', 1706, 52.73, 15.49, 32.56)
('baK', 1790, 38.95, 33.13, 159.97)
('iya', 2186, 109.61, 11.83, 130.47)
('nbn', 2316, 11.1, 36.8, 89.6)
('rxR', 1752, 1.2, 27.77, 169.95)
('reB', 2812, 43.7, 34.53, 101.53)
('oIW', 2022, 105.51, 31.54, 107.82)
('axS', 1858, 41.55, 65.3, 69.72)
('lmd', 1828, 108.98, 42.68, 125.15)
('uZd', 2400, 40.73, 12.46, 45.7)
('ctB', 3020, 96.85, 10.87, 18.4)
('ebL', 2780, 17.82, 20.28, 41.72)
('cKZ', 1768, 11.47, 23.89, 79.1)
('eel', 3040, 29.38, 65.31, 129.62)
('rev', 2800, 39.38, 52.8, 195.42)
('zFw', 2854, 60.59, 30.4, 147.5)
('myq', 2374, 51.14, 27.26, 129.3)
('gjU', 2174, 70.3, 33.18, 92.2)
('cib', 1824, 67.19, 33.52, 98.5)
('BkX', 2336, 43.62, 33.73, 41.21)
('mrn', 1640, 26.2, 2.59, 124.38)
('raM', 2418, 46.57, 37.83, 144.3)
('hYJ', 2620, 12.47, 44.75, 127.81)
('zGD', 2972, 0.8, 30.64, 84.17)
('oIY', 2026, 103.95, 58.99, 170.2)
('uwa', 2446, 5.75, 44.73, 54.64)
('auR', 1544, 93.16, 10.98, 110.3)
('BkS', 2326, 63.89, 35.43, 119.4)
('hYj', 2568, 98.82, 46.6, 105.38)
('gJH', 1784, 39.34, 11.78, 37.84)
('hxU', 2902, 58.97, 55.61, 109.15)
('sie', 2454, 99.94, 46.93, 195.44)
('vZV', 1760, 71.86, 19.91, 35.65)
('sLE', 2454, 112.15, 32.86, 52.95)
('nMv', 44, 93.72, 21.8, 155.24)
('sMS', 2586, 80.47, 61.89, 109.31)
('hSP', 2008, 23.63, 9.6, 16.58)
('CxR', 2948, 113.41, 47.87, 117.14)
('mVY', 1766, 112.48, 0.76, 11.25)
('coy', 2494, 80.74, 2.1, 128.64)
('awj', 1684, 17.56, 40.3, 172.36)
('cOY', 2182, 21.86, 30.82, 153.83)
('vzw', 2074, 70.25, 22.6, 84.15)
('ciy', 1870, 110.98, 50.71, 143.65)
('dUY', 2078, 9.22, 58.1, 77.1)
('hxt', 2848, 26.77, 31.68, 109.56)
('ocq', 1698, 109.35, 10.95, 23.65)
('xRq', 2478, 110.4, 42.4, 89.7)
('ivA', 1926, 84.41, 0.49, 93.23)
('xhA', 1822, 16.6, 71.6, 134.35)
('ffw', 2438, 68.67, 28.56, 88.46)
('ilz', 884, 60.53, 48.53, 64.63)
('yoV', 1864, 9.95, 66.39, 141.39)
('cQZ', 2392, 38.11, 19.17, 20.2)
('pre', 2506, 114.27, 11.3, 145.77)
('bQe', 3026, 79.64, 45.15, 66.87)
('fEg', 1938, 12.82, 49.96, 185.6)
('fAK', 1582, 56.66, 21.54, 96.67)
('fOx', 3012, 77.27, 36.95, 126.33)
('izA', 2342, 96.97, 8.93, 99.3)
('nKP', 2944, 41.86, 64.95, 127.6)
('azi', 1994, 61.43, 60.15, 115.95)
('yVG', 2198, 69.2, 16.91, 53.68)
('aaI', 2514, 97.12, 33.52, 61.32)
('AjF', 2924, 56.27, 48.74, 64.0)
('lRV', 2072, 82.49, 7.49, 144.69)
('tkt', 1964, 18.2, 42.9, 86.68)
('fbL', 2052, 34.75, 74.97, 198.95)
('iEW', 2906, 17.7, 7.64, 127.2)
('isd', 1568, 108.89, 72.43, 194.98)
('msj', 1736, 102.3, 58.0, 64.83)
('Cms', 1754, 100.51, 8.77, 26.62)
('wDZ', 1820, 26.74, 60.79, 149.36)
('iwF', 2040, 8.28, 64.7, 165.16)
('vZd', 1672, 67.96, 60.5, 170.33)
('BRm', 2626, 73.4, 0.9, 37.45)
('wbw', 1918, 112.94, 38.0, 162.84)
('eaN', 2680, 9.2, 0.56, 120.56)
('mEb', 2968, 96.48, 39.28, 159.43)
('rHP', 2788, 31.83, 58.67, 173.56)
('xsG', 2978, 38.95, 22.83, 65.77)
('CrA', 2290, 82.38, 38.38, 170.2)
('xix', 1920, 52.75, 10.18, 142.42)
('kNv', 2332, 36.4, 19.11, 60.59)
('bai', 1734, 67.55, 1.33, 25.2)
('tuS', 3054, 0.59, 54.43, 147.15)
('BdJ', 1580, 1.38, 45.77, 105.87)
('kFV', 1552, 106.62, 8.83, 63.16)
('fOL', 3040, 99.21, 44.92, 46.13)
('nKC', 2918, 84.5, 14.17, 112.1)
('eZf', 1780, 5.45, 21.56, 59.9)
('oJm', 2054, 113.58, 70.27, 173.67)
('wJB', 2396, 58.8, 69.57, 119.45)
('nLd', 2972, 42.96, 73.99, 141.78)
('keN', 1796, 89.79, 16.33, 59.97)
('ecB', 2864, 53.54, 67.32, 99.35)
('myb', 2344, 100.13, 22.25, 71.68)
('uqK', 1894, 13.23, 74.78, 149.7)
('aBQ', 2270, 28.47, 57.33, 147.16)
('AAy', 1610, 105.59, 58.81, 204.19)
('AKW', 2698, 0.72, 61.69, 209.32)
('BQC', 2554, 23.76, 4.62, 118.88)
('xqJ', 2776, 63.27, 64.75, 186.89)
('lWj', 2516, 8.38, 30.5, 175.82)
('xLg', 1834, 113.64, 43.38, 120.85)
('AbY', 2130, 107.6, 27.28, 84.97)
('ojV', 2488, 5.35, 7.71, 70.99)
('lXd', 2608, 54.35, 33.17, 137.9)
('fax', 1920, 76.88, 17.73, 132.54)
('kHZ', 1768, 43.4, 55.8, 126.55)
('ywK', 2674, 62.44, 28.4, 125.49)
('tmg', 2146, 104.61, 16.77, 43.6)
('uqR', 1908, 44.3, 22.97, 128.83)
('oEt', 1548, 112.93, 9.15, 110.67)
('pZO', 3046, 111.32, 60.64, 63.15)
('uor', 1648, 22.26, 27.5, 51.6)
('bHW', 2178, 25.3, 22.97, 81.25)
('tNX', 1972, 38.69, 24.39, 129.71)
('oSa', 2966, 108.96, 15.93, 115.9)
('pOl', 1844, 62.25, 73.28, 106.1)
('qqv', 1708, 61.2, 69.53, 72.6)
('fDN', 1900, 30.26, 69.36, 74.19)
('Ebf', 2196, 65.2, 22.7, 157.57)
('wBD', 1568, 79.66, 4.59, 127.14)
('yUm', 2054, 8.88, 55.12, 113.62)
('kgG', 1990, 108.96, 19.25, 161.83)
('rAO', 2058, 22.29, 58.56, 108.93)
('slZ', 2860, 38.1, 64.8, 120.35)
('oEX', 1608, 88.5, 56.32, 204.8)
('BLT', 2068, 77.87, 32.53, 49.9)
('ivb', 1876, 110.86, 44.79, 142.95)
('zGB', 2968, 81.91, 30.56, 107.98)
('fGH', 2200, 71.2, 59.73, 158.9)
('vzY', 2130, 38.39, 3.43, 144.17)
('yRQ', 1802, 48.9, 61.7, 138.3)
('CYL', 2676, 83.55, 37.4, 43.52)
('bjg', 2666, 87.89, 73.12, 196.9)
('nym', 1638, 11.11, 56.3, 147.24)
('slq', 2790, 3.4, 11.72, 122.6)
('lRU', 2070, 5.7, 3.49, 66.81)
('llR', 1804, 105.34, 72.5, 90.72)
('mVe', 1674, 66.49, 30.71, 85.7)
('kLu', 2122, 42.82, 74.45, 151.18)
('ywV', 2696, 0.44, 58.69, 183.78)
('rDn', 2316, 70.22, 15.72, 138.27)
('qXm', 2054, 50.84, 55.42, 171.56)
('xrL', 2884, 76.5, 31.78, 152.33)
('jBg', 1782, 9.93, 12.91, 124.34)
('sPj', 2828, 34.71, 30.89, 57.88)
('pXL', 2832, 72.48, 58.62, 168.83)
('sno', 2994, 86.71, 39.21, 105.62)
('Ehl', 2832, 84.39, 36.57, 118.25)
('vxG', 1886, 59.82, 43.78, 186.28)
('gSh', 2668, 3.91, 45.16, 193.68)
('mYV', 2072, 113.21, 39.63, 125.6)
('lSQ', 2166, 57.4, 42.93, 124.57)
('CUU', 2278, 101.29, 68.29, 83.3)
('ynm', 1690, 29.86, 60.47, 60.93)
('iFH', 2980, 34.66, 13.12, 128.7)
('cXh', 3032, 47.66, 42.41, 150.29)
('fGg', 2146, 24.31, 42.68, 191.67)
('fLp', 2684, 93.37, 28.67, 111.69)
('tVI', 2774, 84.42, 40.36, 52.2)
('ncT', 2484, 61.78, 3.46, 54.12)
('sbu', 1758, 33.62, 49.73, 131.67)
('fdB', 2240, 108.21, 54.83, 124.92)
('eXF', 1624, 81.36, 40.98, 168.61)
('zbn', 2784, 34.31, 64.19, 136.63)
('rzP', 1956, 71.46, 39.65, 66.51)
('luD', 2712, 30.35, 7.37, 126.58)
('mac', 2918, 79.23, 23.26, 31.9)
('sdL', 2000, 13.34, 53.5, 102.18)
('bdm', 2054, 87.23, 23.4, 166.46)
('AUJ', 644, 44.61, 38.73, 170.63)
('trQ', 2738, 64.15, 17.13, 97.27)
('uUn', 1900, 31.65, 0.43, 95.9)
('lwg', 2874, 18.29, 15.22, 38.2)
('lOr', 1700, 20.85, 23.74, 161.74)
('rgP', 3048, 14.42, 44.85, 51.1)
('kKv', 2020, 24.64, 69.6, 81.67)
('yoc', 1774, 46.7, 68.52, 167.47)
('bfD', 2296, 25.0, 10.36, 49.39)
('rfd', 2868, 100.12, 29.4, 142.86)
('ysl', 2208, 7.63, 3.63, 87.3)
('hnl', 1792, 59.27, 74.39, 139.25)
('dsv', 2176, 41.29, 19.35, 149.6)
('lmR', 1908, 57.16, 21.92, 108.28)
('pRx', 2180, 61.38, 35.52, 86.9)
('llA', 1770, 112.36, 67.51, 209.32)
('zxQ', 2062, 21.27, 27.7, 56.35)
('xUc', 2762, 96.35, 5.87, 131.65)
('xPr', 2272, 35.8, 29.32, 32.6)
('rzn', 1900, 10.8, 62.94, 92.58)
('hmm', 1690, 52.1, 25.7, 163.8)
('sIJ', 2152, 96.9, 45.97, 71.36)
('pLI', 1578, 3.75, 11.74, 43.96)
('qAg', 2718, 63.1, 15.7, 134.45)
('AsK', 802, 4.89, 27.57, 30.71)
('ioF', 1208, 6.28, 6.63, 129.79)
('jKQ', 2790, 46.64, 16.19, 52.41)
('bmq', 2998, 18.56, 54.3, 75.52)
('jfN', 2628, 9.4, 72.5, 192.74)
('tqn', 2576, 65.53, 14.1, 23.48)
('zEn', 2732, 16.97, 42.82, 119.89)
('bcJ', 1996, 8.59, 0.25, 133.59)
('aHi', 2826, 72.97, 74.67, 196.92)
('uxs', 2586, 99.47, 19.18, 154.32)
('Ejc', 3022, 24.93, 27.88, 130.41)
('yYS', 2534, 6.45, 0.56, 128.28)
('uwZ', 2548, 101.28, 20.81, 56.54)
('fEK', 1998, 102.63, 25.73, 31.21)
('BgC', 1878, 31.49, 68.74, 184.62)
('dut', 2380, 77.16, 60.66, 81.43)
('tuF', 3028, 90.67, 36.81, 55.1)
('nio', 3046, 77.82, 49.7, 135.92)
('aFi', 2618, 69.39, 28.64, 156.87)
('vfe', 3026, 0.28, 57.72, 187.83)
('sdR', 2012, 18.9, 74.56, 77.89)
('Xu', 2174, 30.86, 49.12, 117.9)
('nLv', 3008, 71.3, 53.97, 91.67)
('dnv', 1656, 15.14, 40.46, 116.28)
('yro', 2110, 64.96, 22.57, 158.39)
('xKi', 1734, 16.69, 38.15, 77.71)
('tRQ', 2374, 21.15, 69.86, 156.49)
('sQK', 2986, 83.37, 61.3, 74.6)
('bIU', 2278, 15.9, 57.55, 64.73)
('nBY', 2026, 14.44, 57.14, 136.8)
('hyX', 3012, 55.27, 14.2, 162.24)
('DYn', 1900, 13.9, 40.25, 59.63)
('dvo', 2474, 53.32, 7.31, 71.99)
('nbt', 2328, 13.56, 28.98, 167.99)
('fkt', 2952, 60.73, 8.22, 61.38)
('sFc', 1774, 85.3, 23.55, 85.8)
('dVt', 2120, 68.51, 10.5, 61.55)
('wfL', 2364, 65.91, 24.56, 31.16)
('aGu', 2746, 49.27, 19.3, 99.41)
('Apa', 418, 44.59, 11.21, 50.42)
('Ejf', 3028, 36.27, 9.15, 104.33)
('pvT', 3004, 48.93, 30.55, 45.81)
('jLu', 2850, 58.77, 63.5, 169.69)
('eHX', 3064, 111.75, 19.92, 134.32)
('eBB', 2396, 101.0, 73.3, 171.43)
('vCB', 2396, 110.35, 57.83, 152.52)
('dtK', 2310, 48.82, 6.55, 130.55)
('Yt', 2276, 34.4, 29.92, 115.68)
('Bmk', 2466, 7.7, 16.1, 112.69)
('hpQ', 2062, 45.32, 15.4, 154.15)
('grV', 3008, 50.4, 61.22, 206.71)
('sPT', 2900, 78.7, 53.72, 130.42)
('AcS', 2222, 61.42, 53.11, 68.0)
('ckC', 2086, 4.27, 47.64, 100.28)
('yXs', 2378, 111.28, 47.92, 167.42)
('iyf', 2196, 107.47, 26.31, 82.42)
('fMd', 2764, 38.79, 33.12, 82.61)
('aaL', 2520, 2.66, 45.4, 153.69)
('avt', 1600, 109.8, 20.81, 141.39)
('lTB', 2240, 56.46, 18.21, 103.68)
('sjE', 2610, 75.22, 24.54, 147.9)
('jFj', 2204, 39.38, 51.54, 122.45)
('rCA', 2238, 35.33, 2.81, 144.36)
('jAS', 1754, 93.2, 27.69, 40.47)
('whd', 2504, 98.71, 11.39, 30.14)
('bQl', 3040, 10.63, 6.89, 150.14)
('qvQ', 2270, 103.6, 4.22, 49.1)
('dST', 1860, 68.43, 29.32, 141.69)
('dWR', 2272, 37.84, 20.48, 61.77)
('kiq', 2166, 15.27, 48.44, 91.94)
('Dvq', 1958, 109.78, 11.29, 103.5)
('xWW', 3062, 84.64, 17.47, 36.89)
('BJH', 1836, 44.65, 67.11, 76.39)
('gJh', 1732, 26.9, 74.45, 209.78)
('rEX', 2492, 42.2, 65.3, 166.33)
('faH', 1940, 63.22, 68.3, 208.45)
('skD', 2712, 45.88, 42.46, 115.31)
('uTB', 1824, 55.12, 36.44, 142.37)
('xoD', 2556, 42.56, 38.58, 144.55)
('kqh', 2980, 52.98, 49.93, 177.45)
('ayD', 1932, 111.6, 40.8, 157.88)
('xPW', 2334, 87.62, 20.9, 27.55)
('Cmj', 1736, 108.74, 7.84, 84.4)
('wgv', 2436, 88.48, 69.55, 191.94)
('pme', 1986, 39.6, 45.9, 135.95)
('uvu', 2382, 26.13, 57.9, 70.97)
('nEa', 2238, 6.36, 48.24, 69.1)
('onN', 2888, 38.1, 29.2, 90.8)
('sHZ', 2080, 94.41, 20.16, 21.52)
('yQw', 1658, 93.4, 51.32, 168.21)
('yTG', 1990, 39.96, 26.92, 130.46)
('zFU', 2902, 105.77, 9.6, 115.22)
('xsA', 2966, 57.13, 8.92, 31.35)
('pnl', 2104, 33.2, 6.91, 44.89)
('wjl', 2728, 27.88, 35.28, 156.95)
('pVn', 2576, 7.0, 2.2, 127.33)
('jIV', 2592, 37.66, 50.6, 58.79)
('oKV', 2228, 67.51, 28.78, 43.12)
('dte', 2246, 76.13, 55.55, 61.77)
('vDw', 2490, 65.26, 25.69, 89.42)
('zZC', 1878, 41.2, 5.45, 79.81)
('fAq', 1542, 93.27, 62.65, 69.61)
('wHn', 2160, 80.46, 59.2, 95.92)
('BiZ', 2132, 104.8, 47.29, 92.37)
('zAQ', 2374, 1.22, 48.73, 129.4)
('kHb', 1668, 20.36, 1.85, 17.63)
('wKo', 2474, 99.88, 34.43, 105.19)
('pYS', 2950, 69.8, 45.42, 179.47)
('qsH', 1940, 89.34, 31.82, 78.66)
('icR', 3052, 31.98, 17.0, 18.5)
('kdO', 1694, 56.8, 55.78, 70.94)
('mrU', 1706, 51.43, 45.98, 194.98)
('loN', 2108, 109.19, 59.2, 146.26)
('kMz', 2236, 91.59, 1.32, 44.62)
('DwV', 2124, 63.2, 62.9, 173.95)
('zEj', 2724, 68.25, 30.5, 176.98)
('ezU', 2226, 64.88, 66.58, 68.3)
('xiB', 1928, 32.51, 26.91, 96.44)
('lYH', 2772, 110.96, 30.21, 158.41)
('ptV', 2800, 64.71, 35.3, 38.95)
('xNk', 2050, 89.57, 8.66, 12.37)
('hWt', 2380, 4.0, 45.0, 190.47)
('xIJ', 1580, 8.32, 28.86, 173.75)
('gVJ', 3036, 12.8, 32.72, 92.76)
('yYy', 2494, 105.19, 19.92, 30.99)
('sit', 2484, 90.67, 9.56, 150.25)
('iwx', 2024, 97.25, 8.34, 109.96)
('cjC', 1982, 13.35, 9.33, 66.7)
('rzF', 1936, 97.56, 43.65, 142.69)
('lVO', 2474, 0.51, 4.49, 4.74)
('Egr', 2740, 86.36, 65.67, 112.41)
('AQH', 224, 39.68, 0.47, 107.52)
('uoX', 1712, 111.84, 14.13, 96.65)
('sDK', 1634, 63.29, 64.94, 199.92)
('myX', 2440, 73.21, 24.89, 140.15)
('ADZ', 1976, 41.46, 19.32, 149.72)
('fJL', 2520, 105.23, 29.1, 155.36)
('eaH', 2668, 52.4, 37.87, 44.95)
('ABH', 1732, 68.49, 62.39, 96.62)
('tRn', 2316, 24.1, 66.51, 201.73)
('gUM', 2938, 4.76, 19.59, 90.42)
('aFv', 2644, 9.83, 44.89, 126.94)
('uen', 600, 69.87, 44.1, 77.26)
('lXi', 2618, 76.12, 19.14, 47.7)
('vGZ', 2860, 50.56, 30.95, 68.93)
('fdI', 2254, 19.52, 28.3, 138.25)
('ZU', 2434, 77.7, 8.67, 66.57)
('slv', 2800, 109.28, 36.53, 72.73)
('jzz', 1612, 30.78, 26.67, 162.93)
('iAX', 2492, 55.1, 26.8, 41.8)
('xLS', 1910, 38.25, 21.26, 121.54)
('uSD', 1724, 14.11, 14.82, 45.85)
('tWb', 2812, 56.57, 10.78, 26.4)
('csP', 2944, 14.96, 17.33, 145.71)
('cof', 2456, 17.68, 49.43, 126.25)
('wFx', 1972, 20.34, 34.2, 60.7)
('qrs', 1806, 32.63, 72.82, 136.7)
('CUe', 2194, 88.28, 46.5, 59.13)
('bPp', 2944, 86.26, 43.42, 157.1)
('tlz', 2080, 66.13, 42.91, 125.88)
('BfZ', 1820, 61.79, 55.43, 176.74)
('CXC', 2554, 36.4, 74.47, 144.28)
('cTR', 2688, 25.32, 47.27, 61.69)
('rbX', 2544, 33.46, 40.76, 137.6)
('zcu', 2902, 76.13, 3.29, 28.11)
('xEI', 1162, 29.87, 28.41, 158.11)
('kRc', 2710, 50.5, 48.41, 158.15)
('qCZ', 3016, 75.71, 21.88, 101.81)
('kIe', 1778, 79.61, 0.4, 25.7)
('kej', 1736, 48.76, 13.83, 134.55)
('zcK', 2934, 52.77, 67.71, 173.69)
('ztW', 1658, 99.0, 3.48, 25.98)
('nyV', 1708, 72.45, 72.33, 219.51)
('BVd', 3024, 42.8, 40.48, 170.59)
('AjT', 2952, 21.97, 60.77, 140.22)
('jvi', 1162, 15.36, 71.19, 200.18)
('pjA', 1718, 19.44, 43.2, 112.14)
('oaN', 1536, 94.33, 22.27, 30.31)
('eNN', 600, 56.22, 2.86, 108.7)
('oFt', 1652, 25.38, 5.41, 100.7)
('BNi', 2202, 102.17, 7.52, 38.53)
('BjB', 2188, 113.3, 38.39, 74.37)
('qhu', 770, 38.76, 48.12, 94.78)
('Ejn', 3044, 74.94, 54.82, 149.6)
('pYC', 2918, 105.13, 31.71, 150.47)
('jfY', 2650, 48.59, 21.48, 33.4)
('prh', 2512, 29.33, 24.56, 140.51)
('feO', 2370, 63.73, 1.11, 80.57)
('dvZ', 2548, 19.41, 5.4, 74.12)
('fBx', 1660, 47.34, 24.95, 83.37)
('sce', 1830, 70.34, 14.66, 132.15)
('ryo', 1798, 59.0, 53.9, 172.73)
('onA', 2862, 26.76, 73.81, 129.59)
('rDQ', 2374, 80.15, 0.48, 82.17)
('bDx', 1712, 8.21, 6.94, 125.43)
('tPx', 2128, 68.41, 46.36, 125.24)
('Bkq', 2270, 113.84, 2.15, 27.51)
('jbd', 2140, 21.66, 74.96, 153.75)
('skn', 2680, 93.96, 2.23, 18.22)
('vDy', 2494, 84.65, 70.75, 81.11)
('eyg', 2042, 18.13, 62.64, 145.73)
('Aah', 1940, 93.88, 68.9, 82.92)
('kTA', 2966, 44.8, 52.44, 90.73)
('jfL', 2624, 102.79, 31.49, 87.11)
('vcO', 2786, 107.85, 2.5, 125.88)
('zva', 1770, 18.8, 68.89, 143.24)
('plV', 1968, 11.99, 14.69, 81.64)
('qAr', 2740, 77.19, 41.6, 138.58)
('geX', 1660, 91.87, 70.34, 197.26)
('jLK', 2882, 73.4, 23.64, 145.92)
('sPQ', 2894, 107.72, 58.73, 129.36)
('sPE', 2870, 67.4, 10.63, 12.59)
('nep', 2632, 93.88, 1.91, 140.49)
('hXE', 2506, 75.71, 16.28, 126.9)
('ngh', 2824, 55.99, 51.93, 179.42)
('hTy', 2078, 88.4, 14.63, 15.3)
('cnn', 2368, 100.93, 34.9, 172.11)
('DuN', 1900, 84.16, 42.37, 182.36)
('dzy', 2910, 9.93, 48.65, 113.72)
('vYW', 1658, 27.14, 74.77, 181.8)
('COK', 1634, 100.18, 73.7, 144.41)
('pmP', 2060, 44.45, 26.47, 161.57)
('cwh', 224, 74.74, 20.12, 95.8)
('jHO', 2474, 33.52, 49.94, 134.47)
('Ti', 1734, 30.47, 64.14, 70.6)
('vnZ', 884, 83.7, 43.66, 162.5)
('ClB', 1668, 72.6, 4.47, 70.74)
('hSz', 1976, 45.37, 58.92, 194.9)
('opV', 44, 51.28, 6.54, 117.96)
('ACv', 1812, 56.9, 41.55, 111.81)
('iBp', 2528, 1.32, 20.6, 77.66)
('sgj', 2256, 69.29, 69.8, 114.4)
('oGo', 1746, 91.62, 46.6, 193.67)
('yZB', 2604, 12.96, 12.32, 127.19)
('fkn', 2940, 77.22, 51.49, 183.43)
('kLy', 2130, 43.39, 4.58, 140.8)
('vft', 3056, 104.75, 63.5, 153.55)
('uWa', 2082, 107.38, 15.97, 61.2)
('mDo', 2890, 23.15, 3.9, 58.39)
('uod', 1620, 6.27, 72.35, 216.79)
('zEw', 2750, 21.69, 57.84, 183.8)
('tPJ', 2152, 29.65, 40.19, 124.96)
('yrN', 2160, 53.64, 25.9, 173.6)
('khp', 2060, 31.25, 36.45, 150.65)
('qSt', 1548, 102.96, 62.31, 191.23)
('Acz', 2184, 19.96, 11.62, 147.43)
('qXz', 2080, 84.22, 73.1, 133.62)
('dTC', 1930, 76.6, 53.3, 192.5)
('zAb', 2292, 64.5, 15.6, 60.58)
('Eis', 2950, 63.98, 15.8, 26.8)
('sde', 1934, 30.64, 24.5, 169.47)
('DBJ', 2620, 61.83, 24.46, 135.87)
('rCb', 2188, 43.1, 14.58, 45.73)
('bkt', 2796, 30.16, 23.37, 25.27)
('wJr', 2376, 70.49, 41.61, 190.49)
('qvs', 2222, 34.9, 24.7, 160.52)
('iDn', 2732, 91.19, 51.66, 87.73)
('yWT', 2328, 26.23, 10.35, 124.66)
('vdq', 2842, 102.59, 3.56, 23.5)
('vEv', 2592, 3.29, 45.61, 67.7)
('BkR', 2324, 64.85, 65.97, 73.82)
('Dsm', 1638, 104.31, 53.37, 63.12)
('kGf', 1572, 17.1, 67.64, 172.75)
('sJi', 2202, 3.47, 49.44, 188.61)
('yps', 1910, 61.57, 16.57, 29.91)
('yQj', 1632, 45.79, 4.17, 88.93)
('zaH', 2720, 89.15, 6.24, 54.7)
('Bky', 2286, 46.2, 46.92, 179.21)
('mAJ', 2620, 89.71, 16.61, 35.83)
('sEy', 1714, 79.67, 25.16, 84.24)
('XO', 2214, 21.97, 38.64, 181.13)
('bHz', 2132, 76.6, 16.69, 126.7)
('eEN', 2732, 61.54, 8.83, 25.43)
('eue', 1622, 4.47, 51.78, 132.98)
('BTA', 2862, 98.36, 21.76, 35.59)
('pQs', 2066, 103.1, 35.32, 50.51)
('eXf', 1572, 43.85, 44.43, 163.38)
('ogq', 2114, 46.41, 4.85, 23.5)
('kHi', 1682, 60.2, 3.67, 50.26)
('wNS', 2846, 7.82, 60.7, 144.51)
('kUp', 3048, 54.32, 58.35, 173.63)
('BME', 2142, 29.23, 62.25, 190.57)
('Xp', 2164, 78.26, 16.29, 139.7)
('cfD', 1568, 30.14, 11.0, 95.58)
('Bkr', 2272, 86.89, 42.9, 108.53)
('yvJ', 2568, 64.64, 66.11, 108.24)
('rAf', 1988, 39.86, 67.22, 162.31)
('lmo', 1850, 26.61, 44.14, 90.15)
('pQO', 2110, 72.38, 51.28, 188.13)
('qzU', 2694, 94.98, 3.29, 47.92)
('doq', 1750, 90.49, 12.73, 155.87)
('DyX', 2336, 70.0, 69.75, 175.64)
('dyU', 2850, 102.11, 60.42, 194.51)
('zEq', 2738, 105.51, 7.85, 105.15)
('eCk', 2466, 66.41, 40.68, 123.53)
('lvf', 2768, 90.28, 33.99, 102.7)
('yXW', 2438, 56.88, 74.66, 84.33)
('yAF', 12, 34.1, 1.0, 13.51)
('yrp', 2112, 29.2, 3.61, 26.68)
('oiF', 2352, 88.98, 63.94, 98.9)
('EfH', 2668, 61.89, 48.61, 152.87)
('wDN', 1796, 10.43, 25.51, 146.86)
('ghw', 1918, 82.9, 40.25, 93.1)
('BeE', 1674, 43.67, 20.65, 102.9)
('oST', 3056, 68.66, 6.33, 59.2)
('xKQ', 1802, 29.53, 34.46, 80.38)
('uBW', 3062, 30.11, 30.22, 50.58)
('odE', 1830, 12.55, 30.99, 82.49)
('ljL', 1584, 100.62, 40.52, 85.5)
('CEN', 600, 35.12, 27.53, 157.32)
('xpC', 2658, 39.54, 46.34, 112.94)
('eYz', 1716, 35.24, 65.6, 136.95)
('nBx', 1972, 75.58, 22.76, 168.66)
('pXC', 2814, 39.26, 23.37, 88.41)
('aZG', 1678, 87.57, 34.35, 97.66)
('xnu', 2434, 0.22, 62.15, 174.18)
('waV', 1864, 61.36, 29.73, 106.27)
('kHG', 1730, 64.39, 2.26, 99.45)
('iaW', 2854, 96.2, 38.46, 48.63)
('nBK', 1998, 19.97, 8.39, 90.5)
('tMR', 1856, 0.79, 62.41, 141.28)
('lWD', 2556, 27.86, 48.51, 93.11)
('xli', 2202, 49.28, 73.79, 109.39)
('oRJ', 2932, 21.16, 48.6, 116.26)
('ABf', 1676, 52.45, 25.93, 69.15)
('hOD', 1568, 78.72, 60.92, 135.92)
('BSr', 2740, 62.7, 17.12, 99.36)
('hFJ', 644, 93.46, 9.45, 53.6)
('Dvo', 1954, 47.5, 4.49, 9.47)
('jAv', 1708, 38.94, 10.69, 34.41)
('tMH', 1836, 112.15, 15.47, 65.99)
('xvH', 224, 96.23, 30.8, 43.22)
('mBc', 2658, 80.15, 73.11, 91.41)
('slL', 2832, 93.68, 24.89, 112.24)
('oPw', 2698, 15.11, 72.17, 74.41)
('vdW', 2906, 69.52, 34.92, 109.12)
('nAI', 1890, 39.6, 29.1, 85.12)
('yPS', 1598, 101.17, 66.5, 88.94)
('yTs', 1962, 60.56, 44.44, 119.64)
('ton', 2368, 32.78, 49.42, 80.69)
('fhW', 2698, 76.2, 26.55, 68.85)
('fIx', 2388, 94.17, 13.73, 52.78)
('DrQ', 1594, 52.1, 17.79, 58.57)
('xNr', 2064, 70.4, 67.42, 69.38)
('chu', 1758, 28.76, 65.33, 82.89)
('cSc', 2502, 12.83, 24.57, 71.26)
('rAB', 2032, 111.18, 17.53, 51.44)
('jIM', 2574, 10.65, 38.39, 143.7)
('fAu', 1550, 5.29, 6.69, 32.74)
('pQU', 2122, 113.48, 8.24, 63.92)
('aEC', 2554, 56.11, 66.91, 73.7)
('gLk', 1946, 107.24, 70.48, 135.72)
('oLv', 2280, 69.85, 26.21, 32.0)
('oHC', 1878, 110.78, 64.1, 143.13)
('CvN', 2732, 83.37, 49.28, 164.59)
('uyg', 2666, 59.9, 41.78, 51.5)
('ixs', 2118, 78.17, 67.74, 187.2)
('jzy', 1610, 36.97, 11.27, 101.28)
('oNP', 2528, 47.29, 12.54, 142.21)
('AVK', 750, 40.78, 51.41, 151.85)
('vzl', 2052, 103.81, 49.5, 142.1)
('kKC', 2034, 21.17, 6.47, 34.57)
('EgT', 2796, 17.99, 20.56, 30.39)
('xMD', 1984, 25.77, 56.45, 180.7)
('qTU', 1706, 51.42, 39.69, 187.87)
('bDd', 1672, 48.36, 48.54, 95.21)
('iVC', 1566, 44.29, 17.35, 110.25)
('flF', 12, 93.67, 36.41, 118.6)
('qtm', 2002, 111.46, 54.6, 184.11)
('AFW', 2178, 76.64, 22.36, 127.49)
('vBX', 2336, 87.46, 11.1, 104.34)
('Cmn', 1744, 36.58, 25.52, 63.72)
('yYV', 2540, 98.84, 50.77, 158.57)
('utZ', 2236, 78.98, 37.7, 170.49)
('gsq', 3050, 16.64, 7.46, 28.75)
('qXf', 2040, 47.34, 46.32, 73.48)
('sdp', 1956, 92.74, 11.45, 108.64)
('rfZ', 2964, 81.33, 54.9, 200.71)
('oRb', 2864, 29.37, 9.31, 41.18)
('exI', 1994, 106.1, 29.16, 101.9)
('kGh', 1576, 89.1, 46.99, 60.87)
('mvI', 2098, 15.57, 38.93, 47.6)
('bIJ', 2256, 14.68, 10.11, 131.52)
('BRd', 2608, 45.96, 13.48, 87.75)
('lvN', 2836, 54.0, 48.63, 162.5)
('tiU', 1810, 110.59, 58.12, 172.34)
('jBk', 1790, 38.9, 13.26, 26.5)
('lVl', 2416, 67.68, 16.61, 112.22)
('biq', 2582, 52.7, 23.2, 152.63)
('yYA', 2498, 49.6, 71.94, 124.5)
('YZ', 2340, 46.23, 23.96, 157.47)
('eHQ', 3050, 63.88, 40.96, 93.22)
('nGq', 2478, 64.48, 45.56, 153.98)
('hSV', 2020, 26.22, 73.49, 137.0)
('psI', 2670, 107.92, 71.54, 165.12)
('rFZ', 2600, 13.8, 34.4, 76.27)
('rEu', 2434, 30.53, 65.8, 120.4)
('rAV', 2072, 106.62, 3.39, 89.5)
('cpx', 2596, 27.39, 29.8, 142.69)
('pQi', 2046, 67.46, 48.73, 145.47)
('sak', 1634, 5.58, 31.91, 164.2)
('pRI', 2202, 103.46, 56.86, 201.71)
('evr', 1752, 2.28, 28.35, 52.92)
('CUn', 2212, 43.6, 14.2, 41.74)
('hqy', 2130, 82.19, 39.35, 186.75)
('Ebc', 2190, 68.23, 3.91, 29.56)
('jJz', 2652, 78.43, 65.55, 99.77)
('wDn', 1744, 14.87, 39.74, 97.89)
('hrn', 2212, 99.61, 22.61, 118.63)
('dpe', 1830, 110.91, 52.2, 117.84)
('upH', 1784, 56.6, 46.47, 159.13)
('aCE', 2350, 9.88, 39.44, 69.2)
('ggH', 1836, 34.87, 38.1, 158.9)
('xQU', 2434, 32.68, 7.79, 31.99)
('jBl', 1792, 66.49, 28.78, 140.61)
('tTV', 2592, 107.89, 3.84, 104.17)
('jGn', 2316, 24.96, 28.57, 128.52)
('lOA', 1718, 23.15, 69.53, 78.86)
('rwS', 1650, 9.95, 30.89, 36.3)
('iCL', 2676, 8.98, 48.48, 138.39)
('fDt', 1860, 96.76, 7.36, 23.76)
('zxK', 2050, 85.68, 30.29, 162.45)
('hrQ', 2270, 2.61, 26.99, 125.4)
('rbU', 2538, 1.84, 55.18, 118.76)
('gNJ', 2204, 76.31, 10.97, 23.88)
('BhS', 2014, 80.81, 54.62, 159.59)
('jHi', 2410, 11.97, 43.8, 74.7)
('zuH', 1732, 33.69, 22.21, 33.57)
('thZ', 1716, 56.23, 58.21, 64.76)
('pks', 1806, 8.63, 69.97, 177.91)
('ltE', 2610, 62.78, 37.32, 66.58)
('ysI', 2254, 74.68, 7.1, 29.2)
('yst', 2224, 17.86, 48.82, 129.99)
('eZA', 1822, 102.77, 14.81, 22.13)
('yoW', 1866, 52.47, 55.4, 160.73)
('ztJ', 1632, 69.4, 43.3, 152.35)
('ndo', 2526, 97.83, 57.13, 181.53)
('eYG', 1730, 49.27, 64.7, 101.89)
('vCG', 2406, 20.48, 23.87, 135.69)
('wMC', 2710, 27.92, 22.1, 46.48)
('rIU', 2902, 21.39, 59.95, 98.26)
('uZN', 2472, 76.22, 11.53, 20.68)
('Zx', 2388, 28.96, 2.77, 12.31)
('whF', 2560, 103.48, 18.78, 33.1)
('cpS', 2638, 34.6, 62.92, 179.2)
('aEJ', 2568, 82.66, 13.68, 161.43)
('drt', 2068, 13.22, 28.14, 160.79)
('ooa', 2914, 22.86, 64.0, 190.6)
('fbK', 2050, 63.11, 66.9, 198.89)
('yYt', 2484, 48.27, 65.47, 178.94)
('lpo', 2162, 47.22, 6.54, 66.24)
('eAX', 2336, 70.9, 35.58, 158.42)
('hQt', 1756, 100.3, 62.62, 135.77)
('lOj', 1684, 68.5, 19.78, 58.71)
('kUs', 3054, 67.66, 47.2, 74.18)
('huf', 2508, 76.4, 7.67, 72.2)
('vDW', 2542, 100.0, 9.77, 112.23)
('rzO', 1954, 31.75, 19.3, 145.35)
('awA', 1718, 81.6, 5.92, 38.71)
('tVa', 2706, 89.6, 19.98, 154.4)
('ged', 1568, 99.82, 30.24, 164.3)
('gJi', 1734, 94.18, 22.49, 127.94)
('lQw', 1918, 0.7, 14.58, 139.96)
('uWR', 2168, 60.54, 29.49, 116.8)
('yQR', 1700, 17.46, 48.58, 179.43)
('dUN', 2056, 62.15, 70.3, 74.86)
('fNy', 2910, 5.25, 7.26, 28.41)
('xpW', 2698, 9.94, 5.4, 10.38)
('dTf', 1884, 87.2, 14.59, 41.39)
('lQB', 1928, 5.5, 27.97, 72.37)
('DAo', 2474, 45.33, 28.29, 153.49)
('BJN', 1848, 69.47, 23.7, 54.46)
('bdq', 2062, 11.85, 3.92, 47.81)
('sIs', 2118, 57.51, 46.71, 175.18)
('jNt', 3056, 21.77, 47.67, 64.86)
('izq', 2322, 13.6, 5.67, 152.6)
('xRs', 2482, 10.65, 21.85, 85.73)
('lvc', 2762, 39.87, 29.31, 164.2)
('vyW', 2022, 75.35, 15.33, 164.3)
('jVZ', 884, 98.5, 26.26, 113.85)
('lNW', 1658, 71.73, 1.3, 145.85)
('dnk', 1634, 7.73, 18.8, 71.67)
('CsT', 2432, 59.49, 70.47, 196.16)
('tuh', 2980, 58.38, 25.95, 49.16)
('dXh', 2304, 76.82, 62.54, 86.66)
('sne', 2974, 23.23, 20.83, 129.17)
('DFt', 3004, 14.37, 47.8, 72.34)
('gSd', 2660, 33.98, 17.6, 154.4)
('kRn', 2732, 33.3, 1.78, 109.5)
('ABk', 1686, 64.86, 18.46, 72.6)
('fEW', 2022, 45.49, 24.66, 157.52)
('avS', 1650, 13.17, 16.96, 54.8)
('sNf', 2612, 16.19, 58.99, 194.2)
('ibC', 2918, 2.29, 45.34, 80.41)
('BpN', 2836, 60.3, 55.99, 77.84)
('fwI', 1162, 89.6, 60.52, 82.2)
('trz', 2704, 107.38, 64.23, 102.58)
('jCB', 1928, 41.89, 46.64, 125.82)
('tSh', 2408, 105.53, 49.48, 184.58)
('bFB', 1928, 61.14, 25.26, 68.58)
('iai', 2774, 42.41, 54.28, 120.97)
('tte', 2870, 40.33, 74.16, 150.2)
('ymO', 1642, 66.3, 37.65, 41.58)
('rcR', 2636, 111.38, 43.25, 160.32)
('iwR', 2064, 84.31, 4.13, 128.11)
('dYZ', 2496, 2.2, 62.22, 134.4)
('BLB', 2032, 37.26, 27.35, 137.82)
('wIa', 2238, 15.88, 20.51, 72.31)
('tiz', 1768, 43.32, 68.48, 157.98)
('tWD', 2868, 56.54, 58.43, 88.25)
('Bov', 2696, 111.82, 23.95, 71.3)
('gll', 2312, 20.69, 5.59, 142.44)
('BSk', 2726, 93.26, 55.94, 56.91)
('kPC', 2554, 61.3, 55.75, 63.61)
('iYa', 1822, 72.17, 33.5, 42.69)
('cQL', 2364, 90.12, 9.48, 111.85)
('afJ', 3036, 15.38, 24.36, 59.54)
('glD', 2348, 107.42, 0.0, 71.94)
('TF', 1780, 16.91, 0.0, 81.2)
('kHq', 1698, 4.87, 0.0, 128.26)
('vbl', 2624, 88.82, 0.0, 119.22)
('xmD', 2348, 66.58, 0.0, 33.36)
('grg', 2926, 22.45, 0.0, 24.22)
