eas
Aff
aCI
vaX
mup
ckU
dQe
duG
YV
plk
yzD
pjS
CSA
dUl
Dcb
kNF
ffE
ysZ
xnu
lZE
xcK
saq
jii
gQG
rgS
mVF
zwO
CqB
vfe
tji
raE
gTa
eYQ
Adt
xrd
dSU
bkv
tMS
hmc
sEu
eAt
DWR
vBZ
thS
lpE
dYA
sFr
Ajb
kJe
cmJ
vuT
cTp
ztp
bmg
unH
jLg
dTY
dqq
mqu
lon
AgY
fdw
kUl
cKN
gMi
bhr
icU
iBc
xVw
uyM
zaF
lxf
tjV
mVs
izD
edL
Cxy
yub
Dwv
vaY
neq
cWk
uvb
uZv
qZW
BOt
bIo
rBX
CuF
xhY
dYl
xWK
hWH
ojq
gKN
pRD
aZr
vvp
jhU
kfq
xjB
lky
rtr
gVT
ACU
yxa
AKW
zGm
vwo
BPm
ppp
uvs
gnP
zah
bNm
sKv
aAn
cJY
pSa
bml
yxY
nhq
lQw
fMF
lsQ
YF
qzh
pQc
wNw
quZ
bFA
CwA
Dto
tUG
fAX
rJQ
yYX
xqf
tuS
wCa
zza
pky
uVr
Cws
DVC
onP
sMA
avb
hQN
sQb
iWI
AKa
jfs
pNJ
gLu
jHv
gNS
pRm
rAn
hXg
EfC
DxD
maD
DYe
wcD
tTr
seW
nbz
iXG
tbg
tLL
pUB
oGb
ojl
tWt
Dro
fHa
acD
lpg
Akh
hlb
uqc
zCz
dUO
sQR
seH
Tv
vzS
rxR
gHV
Dzk
Cpt
uot
COd
wlh
DaN
CNO
DCa
coX
siW
fOw
AFO
phZ
cpw
vah
vbz
DWQ
sLl
naY
Wh
pVl
DtQ
DZs
bbf
hyB
hZt
BLU
nLx
qyu
EdR
sny
eaK
poC
CuS
xWy
iTk
eYi
azH
hYO
mWj
wkH
vzU
xNR
dwe
eAA
fac
hOP
iVZ
tMR
mXJ
rwF
fEe
psY
pOE
sCZ
mtw
zdI
mtG
hvK
bzc
bHN
avT
sDR
cJV
geu
oPH
mQj
shS
qqU
oSh
gpg
ohX
bGj
aAK
jEz
wLL
dvW
vFU
lxK
kph
tUM
tTO
slB
bCY
bfS
qqy
qpX
ghn
CtS
fCh
vfl
uio
mXB
tpa
AFA
fiV
xLe
cmH
omJ
kUu
lWO
duF
qqS
ryQ
sKd
zZu
fcT
gLb
rcO
gqu
hmd
abo
psu
sOa
usj
lVU
oQx
rZr
nFB
lZo
vIz
vzX
axf
wde
Cyt
qro
eEq
SM
rEL
baJ
yqC
mzl
vAu
muT
lmY
AIn
Dzo
DDE
ebp
eqR
tnJ
bkF
BpP
htB
sFT
xTo
neL
bGW
nEt
AaQ
pli
cOb
rcC
iaT
hRQ
qvV
AEK
pno
uUd
nFI
zGQ
gRS
nDt
ztt
lsO
uoN
vHd
eHI
ezw
opi
ciY
sPl
jzj
zGD
Sj
BjV
gHy
uVB
wMy
tqd
huu
wgO
zAQ
dzH
qPC
BiU
msG
hoa
obo
dwJ
jFO
eye
Ebw
gOz
bht
xnQ
nCv
oJg
hUh
rJP
bhH
pkg
olh
mWd
sEH
hTC
aHz
pUw
xlQ
bIs
sFg
bku
BeG
BMv
sRe
jcE
cMZ
kpN
eBw
zDZ
bct
hmM
dzb
hPl
zcq
eui
zuU
aBt
nFw
baY
yQv
qpo
Ajd
fWY
qAO
doe
CWj
yrI
CkL
jcn
xIR
jNo
hyN
rvZ
yTI
wHG
Aie
klS
ytj
ySp
jEg
bIp
jiS
quP
kNr
zSJ
Bre
gHD
nhr
dQy
hsy
mzY
ttR
dUi
iuB
myO
jFa
gnY
plz
ofj
mWw
luC
afM
pvi
bKN
awz
jdj
hVq
gNU
cUt
oct
BkK
CmX
awK
waw
yWM
thV
Dsg
yYm
nfP
DrB
uvt
skl
lqq
ghc
cqU
htm
DzB
ewY
jLt
iWN
flm
vyU
CrN
dRu
qvI
snQ
obX
wew
ckF
CRS
shZ
ttL
seD
oGf
oHi
fCW
qts
fCm
ghC
wbg
pta
bkT
rei
lQX
wPq
eza
AkU
nzC
BfL
mCQ
knJ
dQs
iVw
eYN
wmx
zCQ
gmN
ZS
zAJ
qSE
ppQ
ANV
CwN
pQa
kjq
clW
tiW
cmK
vFg
glM
pXI
Brg
crq
gUt
hpl
CXF
Dbw
kqb
gVr
otk
fNR
kLo
qeO
AkA
lOt
jCt
xJa
Edj
cJk
hTD
AFT
iZB
yoh
dqy
dbk
BfU
iCo
DAg
iEh
aJj
BdJ
oAW
gJz
zaO
oIf
gNt
iBp
tik
lTp
CvS
tUP
vys
ebc
wNV
ALa
AAF
CRF
hmN
fbV
mUT
wcs
uvZ
zdw
yrK
cmE
noH
Cfo
ywX
sET
kJz
gfj
yTj
cVm
tlJ
ezT
bOd
mCN
bGy
nJU
Ebu
mCE
eFv
oeN
Sm
nIG
sGZ
bDe
bHg
DYl
ynC
gop
xhg
vZg
sLL
dyu
uzZ
xgf
aaL
mvL
zYv
loi
bPr
pXP
lQS
Xc
lXM
yVt
sJi
bKD
sjK
iaI
azR
Dsv
pjp
Bql
vGf
fEb
sPd
bed
ysz
AcU
AET
cRu
bap
cgc
zGH
omO
tjS
BUw
bLf
iZC
zDO
tTu
uRI
Akt
zhS
gSh
itn
oos
fxR
wdJ
uuw
yzk
qWC
ojR
lvH
hrQ
aZQ
Etg
ncZ
khg
fCs
ayY
rvX
ncQ
plu
rZY
lvm
qVd
yss
ecq
lXK
jDG
cOi
DtN
DFw
bmd
aUJ
hWt
ciR
vCV
cng
dZP
bca
fIg
wKv
dpg
pmR
hPX
quV
zHj
xfL
Drv
BmA
xmj
zwC
ist
Edr
pZP
jKh
zct
lUx
ncF
rbU
nEJ
oeA
CkS
BIS
kGu
fys
iWG
zxH
bFf
tYu
ewd
ogl
fEC
uyR
dQl
sbt
bhx
ywn
sbL
Eaw
blL
wOu
gMv
dRb
ngM
DZB
qVq
dTX
mxg
xmO
gSE
qUW
xTb
grs
xqm
dYZ
mqq
eFN
huY
dpt
aAj
izJ
slq
wLN
wiH
tjg
nGv
xMT
wIH
xie
gSt
baN
ynN
eAf
izC
gIr
xhB
lsB
kNC
ALG
bLM
tKp
zYj
xqN
aIX
cNF
ysd
rJE
kOe
kqP
qxo
aBn
mVi
vZG
yTm
lOC
iCM
qyZ
ohE
cWz
lRe
AJO
fKO
jck
wcE
Aae
uRD
lnh
oFg
oFi
kJu
tlt
DVe
hRt
ylR
vvk
mUi
wBW
AKh
cMC
urs
zBj
maO
jgz
kPj
kTt
icB
odF
hQF
BNV
BOU
pw
fHn
mzz
kdU
CRR
rEz
aEH
ocV
lUN
Cao
dXF
heu
DCk
cth
kRP
uTW
Xv
tml
qpB
pWk
xnW
nbL
sLC
neA
Dxv
jhQ
wKB
isf
tkL
quf
AeQ
CqS
dRr
dQV
DVZ
rbh
iXZ
oGs
xrB
veR
abY
Cog
fKy
bcg
cLU
ZI
mwq
AEk
CtL
puE
exe
bJM
pUs
lsV
hVM
jKX
tLN
ihO
jzo
slw
ses
xjG
bFU
ttB
qHs
nJB
AhM
ANt
gLZ
gIt
Bif
CsF
lvO
BhJ
yUu
lvi
uvD
wbn
ryF
bMg
oGv
kxO
ibB
gKS
wPD
tmh
eHf
gPP
sOu
oSJ
oJu
rbN
smw
jcK
BgI
ixg
eaS
tUS
ADO
ezW
sfg
nDV
hor
kHq
oRE
gNB
DyS
CWE
vaS
DvC
aZC
dZs
zxL
hqc
vBW
qzQ
lPI
EeP
vyX
vGO
mxy
vZb
eFo
nfG
hwc
hxQ
bNk
vyr
ocp
CoM
DVY
mUQ
hqn
eFW
ABN
lRC
ABu
sDp
wes
evW
oMB
BwO
nfa
sYo
bBU
AeA
Cpk
uqx
kpe
bfE
BKT
AaU
gMZ
EeR
xRf
CRE
rIv
zAB
gTe
prM
fgd
Dsc
qxi
ypy
CXa
yyQ
dWZ
cTx
rxP
rze
zcL
uxZ
zbC
gli
sIZ
mTZ
gQx
CZq
CuC
gzo
dtJ
fBq
yXq
qUL
xKH
pnZ
qpd
eZW
CoI
pLM
BOj
DYE
uqD
tPb
qwB
vFR
gJL
zcd
zdA
bfX
uzs
Clu
sak
AiL
vyV
dZu
hWP
mry
CUb
ctn
trc
Dva
xkw
ogy
rGK
oMI
BKg
aEr
hRq
hvH
kpm
cWN
exT
Est
fNO
tLW
qVR
yPT
jFL
cgy
azY
kJD
hwt
uod
kPS
pjD
qyi
kGY
isi
oaR
yWh
xVF
poI
kPl
cUY
gmi
wDU
kcM
rTt
ztR
tOd
cXs
jew
Bih
jAA
BnA
xjY
wTS
exm
rxb
RL
lmi
CPJ
wxJ
wCS
BMu
tli
gOh
zCI
raF
iCy
mCe
xhj
jLB
fOt
cOS
qux
Eho
gmW
chg
gkA
xQW
tpr
fgW
Dwq
nER
xWw
lZe
Efu
hYs
lpc
wma
Csq
nHR
AbP
ono
BMS
ckT
pSP
wJf
uVF
yws
Bhu
vVK
naz
ava
kOR
toA
BjW
sEG
rHQ
Cqp
ity
CUq
zBo
nhX
ict
fHZ
sJb
hpw
oEn
uOr
AMt
hUT
glF
rIx
cgT
Bft
DFl
wgd
BLJ
BmB
ghX
yXL
fKL
hwH
llV
nCr
bQc
wNW
baH
zAe
Clp
gif
ewt
lsi
cjg
jKS
zXu
bcC
BdT
DXu
eDs
ndS
hVU
hmF
ocZ
gVH
bGC
gsb
jyN
Vz
tXE
SO
pUF
wen
nBN
utW
BUW
fLY
CrT
adE
jDo
obr
ppH
kkJ
wEy
siB
wDj
sdi
AML
sMa
rCX
xRM
ghJ
oMs
eFp
jbW
nFc
EiG
tQH
qrn
mvu
gTh
kRl
kIV
yYS
ggz
bcY
wJP
cKm
lRy
vDn
iVA
pYq
fkE
zHf
cKi
okV
ech
uwu
rCn
aIs
chJ
aAO
CrJ
cgm
lHG
mBy
plR
sMm
gey
hqC
eZE
mCZ
wKh
qWR
utI
ysn
jeO
dUt
awf
fcA
NJ
dQH
pPO
mAg
xQP
bcE
xJg
hlw
lXu
icJ
dWq
ups
cMl
ocb
rQH
DWn
Bik
rcG
wIq
fCD
ibl
tVR
unS
mVI
CUZ
zBb
oJe
Duh
rBm
hQr
mwZ
Dzh
gQd
DaA
CSO
cLI
sku
mbi
kJE
coa
BJQ
zvU
Bhr
kje
xTd
csm
kos
sdC
qiT
bHR
upe
aYW
uqe
tlA
vFA
weI
xmL
nyT
gRf
nfw
oKY
lwA
dQA
bMN
ndi
eue
naZ
Duo
gVY
zwa
jMp
rat
cii
hRz
kNY
BmM
wfS
qTs
fAV
iWE
hPE
wDk
eyN
isL
mrv
gmG
qtk
neg
rax
cPC
cka
pVn
aNk
CpH
qwa
gVh
Dyb
cme
sin
mtC
BJU
eQu
pVT
wLA
DzT
pTz
vAA
cTn
gVQ
ayS
uUG
Dgk
crD
xJs
qsk
kmp
quR
Vv
yrg
fai
wjE
jMW
oeh
lRA
fIy
wiW
lmx
oJs
DUW
mCI
crE
xIJ
qYa
sJl
jLU
jbZ
BlD
lTH
yyq
ytz
DrH
dmA
lWj
yrl
ncR
BPo
wbz
cJE
ojn
vAX
uSK
Wg
Brv
iVQ
oVN
oku
xRw
dRq
ttA
tpv
hTh
aEf
bPe
oHD
aZx
xmX
kLQ
DxV
gkw
tnK
BPC
zzp
ckp
oMa
xrj
aEI
mta
fMV
CpL
AeT
fas
pXx
qAi
isW
uVf
tjL
lrY
mCA
wNr
Cwa
kdr
aBo
aZJ
vBV
COx
fFN
itQ
BJC
vpo
yyT
gRs
bde
oLY
ryP
iBE
dwz
iaG
yyf
BPX
mba
hqf
wjR
Cxq
nkj
Ade
qWV
gQO
pZo
CUN
sKM
tQF
nhm
cQh
ghz
hnw
aGl
pkv
skT
blu
DCq
kdZ
EcF
wGr
vwg
tpV
ofN
isD
rdh
oQN
yvK
uSg
azz
xUr
civ
jbA
ffO
awp
DCr
pqb
Bpu
dwO
oRM
bPf
Dvm
Abe
kle
iEa
BIm
rwh
hzj
sKN
rAF
BTK
dvc
pUc
Dxo
xMQ
gJY
oLU
AiT
tMy
vxp
lVf
Dwy
cfu
pth
cWE
kLl
ncj
gql
qxI
CyN
lni
wjQ
bEw
EbF
zES
sgr
AEB
xSm
gIK
hnD
xrZ
rKo
wEM
tsi
xMo
yQi
boJ
uoU
uvm
Adb
mCH
wiT
ySl
ojC
mBA
sOm
scs
CWp
yTF
iyT
qwX
xou
bcJ
uXa
giw
cld
oKE
lTC
yXY
uYP
tjz
skK
nHg
AdF
kMp
hUq
AFo
TF
vbl
glD
xmD
