cmxi
btsh
agam
balh
auyn
bwiv
csvk
clhe
amnc
bknf
cdim
boiu
asdr
adxi
bwoa
aoty
akml
cius
adom
chyo
bfod
arbc
bzrr
coxe
anai
cghq
acew
bclb
apvr
aygr
cbbi
cbil
bwnh
clqh
alwp
bblz
acim
bkhj
bngh
btag
bqmv
bcuy
bsuz
cvyh
agxw
ckvs
aljc
bail
aydd
cjkb
cavx
anrb
cqms
clmw
aeyo
bvbp
ayxc
bpqm
cgaz
ccsy
cjep
aszj
cbuy
crov
cixn
boqs
ckpo
bqga
apae
bqxo
clck
bpio
aplk
cvkv
bjfo
bpop
bpge
clli
afkm
blmj
aagf
bfct
awxp
aazc
beqj
cnii
anqd
ajsp
awry
crab
ajwi
bksa
antd
aeml
cocl
alyy
bdql
acma
ctin
anxl
bcmt
bhfl
bwhy
cmki
bwth
cbqb
axbu
bfgj
bcdc
baum
bkkv
chae
cuiz
bvww
axds
cvoo
cokr
aeod
anqy
cbam
clnk
bymy
bcvp
beuu
cvnj
caxb
ahix
cbip
bxpc
ahyu
cqmz
bmtd
ajgz
avnv
aggb
aodv
aqiv
cvsm
bdwl
betu
csux
bjwa
aktb
crwk
cfdk
ctpe
cpti
bzyy
bllk
avrl
cdwk
afwl
cggg
bdly
bmvm
actl
aqau
bzip
abfy
balv
aknc
