retired_history
assistant_standardizations
rational_wayside
outdoor_idea
sharp_knee
tough_documentations
negative_gyroscope
dead_trunk
annual_distance
registered_respect
bumpy_dips
central_grade
tasteless_steamer
right_compliance
unusual_batches
lesser_engineer
opposite_head
lonely_diagonals
wicked_gaskets
inherent_decisions
late_slaps
exotic_track
exceptional_usages
bright_pages
mid_decoder
quick_arrays
incredible_remainders
overwhelming_student
silent_runoffs
experimental_davits
wonderful_athwartship
orthodox_rockets
domestic_son
intellectual_door
sticky_texts
patient_clothes
causal_respirations
comparable_schoolhouses
rich_nickels
bright_towers
latin_paragraphs
many_master
soviet_commanders
average_hickory
rigid_vines
rapid_chambers
free_operator
philosophical_accountabilities
mammoth_signalers
rear_weight
roman_latitudes
small_electronics
primitive_advertisements
awful_positions
smoggy_days
lengthy_hilltop
eventual_abrasion
many_deaths
perfect_worth
stingy_hilltop
nineteenth_century_anthem
tough_principle
loud_brushes
responsible_augmentation
adorable_flash
principal_hardware
smart_ideal
powerful_documentations
wet_crafts
shivering_suppressions
disturbed_humans
rational_lane
clear_learning
marine_intensity
flat_capacitances
wicked_deposit
additional_cage
nursing_energy
wide_eyed_minority
wrong_lights
neighbouring_transportation
superior_attacker
horizontal_jackboxes
residential_runways
bumpy_being
energetic_public
joint_paws
academic_codes
favourable_second
novel_side
ultimate_balances
various_load
living_exceptions
shocked_format
confident_analyzers
hot_throttle
existing_prisoner
surprised_commission
horrible_slash
mysterious_possession
young_mineral
romantic_leaves
cruel_foreheads
broad_hopes
palestinian_propulsion
dangerous_help
glad_refrigerators
friendly_exercises
electoral_prevention
required_admirals
helpful_tip
pale_alphabets
united_lightning
tender_prisoners
loose_pins
static_choice
keen_modes
manual_funding
unwilling_hug
spotless_carrier
many_bow
fierce_torque
lovely_math
upset_splice
impossible_releases
uncomfortable_students
fat_intents
successful_compositions
large_lubrication
mad_airspeeds
sparkling_lender
quickest_lieutenant
colourful_escape
unhappy_wastes
adjacent_entrances
blank_nickels
mad_stars
bumpy_staff
slow_jack
overseas_hands
probable_sterilizer
proud_mints
happy_stake
polish_dials
tasteless_sling
sole_boil
jolly_property
encouraging_horizons
uneven_stitch
gentle_chit
silent_sip
managerial_mass
monthly_sash
skinny_finishes
personal_hygiene
active_propose
funny_years
careful_vehicles
regulatory_welds
competent_raincoats
good_paragraphs
eastern_world
bloody_wax
flying_decrease
tiny_polisher
happy_generations
calm_holds
independent_extension
initial_grooves
unusual_autos
thorough_trailer
wonderful_air
proper_chemicals
meaningful_chains
varying_mast
nice_additives
only_lees
helpful_cleat
comfortable_regulator
great_tie
coming_blade
wooden_averages
harsh_stones
valuable_fractions
back_smoke
puzzled_office
qualified_cheaters
faithful_gage
cheerful_bends
due_schedule
prior_lashes
strange_wells
precise_lee
religious_blazes
black_finish
living_clay
wrong_deputies
long_magazine
terrible_terminologies
mild_surges
awkward_category
realistic_spoons
dull_appeals
rubber_hub
real_drug
high_pitched_tricks
related_generations
wicked_decision
soft_improvement
hushed_exchange
supposed_hints
hollow_products
lonely_relocation
tender_abbreviations
bright_electron
gleaming_nines
critical_radiator
hollow_spirals
confident_coordinator
olympic_moves
reduced_seamanship
rude_detonation
following_core
innocent_rescuers
heavy_taper
cool_relationship
hot_maximums
faint_programmers
warm_desert
realistic_painting
rich_processes
blind_magnitude
linguistic_teaching
japanese_feathers
conventional_puff
comparable_rumbles
elated_spoon
excited_cardboard
nervous_surpluses
japanese_pennant
sparkling_cable
roman_legging
friendly_leave
huge_disease
linguistic_victims
sympathetic_staples
easy_witnesses
charming_multimeter
fancy_knee
nasty_waterline
thick_flashes
miniature_breakdown
weekly_subsystem
shiny_stone
sad_expert
witty_update
hot_copies
uninterested_interests
italian_midnight
favourite_oranges
just_pilots
full_thirty
blank_character
cool_limps
fellow_crops
outside_dangers
interim_days
crazy_controls
striped_span
frequent_flags
shivering_realignments
boiling_activity
occasional_moves
continuing_rings
comparable_counselors
islamic_sevens
video_taped_ceilings
filthy_aggravation
sticky_adherences
relieved_pops
unusual_cruisers
near_processors
proposed_highlines
thoughtful_commendations
local_spot
fundamental_heading
standard_mercury
cold_bottoms
rolling_surprise
narrow_initiator
many_feather
slow_automobile
mushy_chains
adequate_discoveries
uncomfortable_mists
greek_bushels
steady_pea
grand_auditors
blue_july
funny_call
little_zone
intact_driver
formal_acquisitions
juicy_links
scrawny_hotels
electoral_files
full_time_admiralty
late_buckets
handsome_bells
married_servo
severe_chairwoman
unfortunate_taxi
quick_grasp
appropriate_bays
select_petitions
previous_training
gradual_bails
alright_amplifier
harsh_bather
evident_engineering
easy_salts
missing_thyristors
embarrassed_hunk
clinical_inclinations
chief_rating
tough_honks
delightful_fishes
wealthy_thermocouples
turkish_upside
welcome_basket
medieval_squeaks
drab_bones
neighbouring_insertion
left_liver
dry_july
frail_guard
solid_erasers
retail_senses
full_countries
beautiful_storms
various_displays
multiple_significance
zealous_helicopters
dry_ice
annual_evaluation
shy_ices
temporary_nod
middle_class_parenthesis
rainy_shields
electric_entry
low_dial
diplomatic_advance
ethical_arraignment
puzzled_failure
proposed_slashes
joyous_cruises
frozen_receipt
compulsory_cliffs
tender_lender
dying_expansions
boring_enlistments
sole_leaper
orange_sums
wooden_loops
tight_neutron
estimated_attesting
long_collars
binding_interior
anxious_days
drab_photos
famous_categories
palestinian_misalinement
poor_marbles
chilly_rowers
quickest_chimney
orthodox_walks
resident_kick
inherent_fruit
harsh_abbreviations
damp_attachment
distinct_ammunition
crucial_rear
disgusted_fathoms
rough_mists
mushy_trunk
quick_cost
deep_insanities
glad_odds
strong_press
big_helmsman
genuine_liquor
drunk_transformer
agricultural_turpitude
advisory_companies
tricky_finger
double_insulation
funny_uniforms
radical_sounds
pretty_progress
vast_arrow
splendid_bang
inevitable_sales
coastal_accountability
rude_capstan
happy_jump
silent_solenoids
sensitive_researchers
strategic_mattress
required_deployments
sweet_candles
fascinating_acceleration
loud_rings
super_slashes
abstract_material
hungry_showers
principal_output
partial_detentions
splendid_laps
scared_cement
rear_mineral
glorious_searchlights
inherent_guideline
managing_streak
extended_option
unusual_hips
varied_exercise
keen_jurisdiction
wooden_blows
content_chamber
painful_insertions
accused_craft
male_stub
stiff_fillers
dirty_medicine
cooperative_slash
outer_nozzle
alleged_valve
convenient_center
splendid_hinges
federal_weldings
compatible_makeup
plain_auto
scornful_judge
quaint_macros
stuck_stapler
dying_docks
victorian_pier
future_choke
hollow_vessel
required_prerequisite
ministerial_upside
alive_aluminums
mysterious_rule
fat_legs
friendly_speeches
live_society
legitimate_turns
different_implements
late_shelter
forward_works
helpless_rock
selected_cliff
frantic_keyboard
thundering_marches
english_bristle
patient_success
canadian_winters
monetary_burns
rigid_molecule
super_representative
eligible_deed
chilly_recruits
intermediate_giants
abstract_kits
latin_aptitudes
violent_legend
fluttering_deputies
vivacious_things
better_ropes
mad_puncture
unfortunate_preventions
maximum_toothpicks
blue_change
red_quotas
awkward_veterans
gastric_liquors
economic_sip
comfortable_notation
adverse_spray
parental_adjustments
polish_hoods
tough_twigs
multiple_angle
unknown_classification
living_plastic
compulsory_pull
vivid_fasteners
wee_catcher
thundering_elapses
lively_lifts
clinical_fear
occasional_expenses
liquid_toss
tough_recordkeeping
fucking_pencil
noisy_fasteners
gorgeous_burglaries
subtle_hours
silent_continuity
violent_rays
judicial_highways
hard_claw
awake_header
naval_decoders
fast_glass
grotesque_illustrations
horrible_ground
nice_efficiency
bored_entry
nervous_pole
vocational_market
jealous_submissions
unfortunate_berries
subtle_cannon
evil_nights
oral_warships
concrete_equivalent
thick_relations
variable_conduct
basic_harmonies
graceful_firearm
middle_procurement
slow_aircraft
dangerous_builders
envious_duplicates
voiceless_ribbon
bitter_misconduct
supporting_commander
stable_airships
ripe_cause
huge_thursdays
urgent_compensations
immense_commitment
internal_odor
nutritious_exhibit
motionless_loads
high_debt
mental_shower
considerable_returns
printed_deduction
sexual_maps
icy_telecommunications
awkward_sheets
continued_hold
fat_detonation
radical_tendencies
shiny_depletions
actual_inclination
divine_equation
grubby_prime
various_staffs
drab_instrumentation
aware_fellows
comparative_transmissions
wasteful_initials
alternative_seam
exclusive_okays
different_fare
respective_tables
supporting_bar
colossal_apples
formal_reservist
reduced_itineraries
plain_mustard
damp_percentage
immediate_tires
explicit_braid
worrying_atom
anxious_cliffs
male_morning
quiet_starts
sound_offers
strong_limit
inquisitive_payment
constant_weights
tall_meters
internal_marches
colorful_margins
subtle_outline
southern_wound
muddy_shots
slimy_duration
remaining_sill
wasteful_distance
icy_economies
massive_insertion
bitter_tapers
brilliant_employees
ugly_requisition
comfortable_cabs
iraqi_control
flat_kisses
muddy_trade
specific_breakdowns
known_number
religious_fashion
individual_evenings
beautiful_cleansers
video_taped_shell
proud_dolly
lucky_equivalents
nursing_coordinators
whispering_quality
ordinary_places
romantic_circles
tall_panel
fit_plan
chinese_peck
printed_loan
mental_connection
theoretical_slate
labour_leggings
absent_recesses
well_airships
quiet_originators
persistent_geography
comprehensive_biases
planned_acquisition
outside_quality
big_slinging
causal_greases
significant_games
great_symptom
fancy_procedure
passing_terminology
orthodox_cuffs
obnoxious_auditors
alright_paws
calm_swimmer
straight_policies
acceptable_drags
parliamentary_drums
average_polarity
slow_jugs
remaining_oils
nearby_coordinates
precise_mast
financial_recognitions
developing_farads
ashamed_size
friendly_makeup
economic_centimeter
important_tens
many_cruise
criminal_cartridge
isolated_agreements
underlying_plan
deafening_fare
terrible_coxswain
encouraging_screws
maximum_specialties
negative_steeples
spotty_monoliths
japanese_rinses
lexical_bushel
registered_adherence
renewed_shipments
automatic_strut
embarrassed_logic
blank_figure
critical_ear
usual_locomotives
helpful_oxide
distinct_dust
scary_hitch
overall_lungs
remarkable_amperages
distinct_disasters
short_term_endeavor
german_chairperson
renewed_hands
scientific_vents
amused_certificate
annual_holes
toxic_subprograms
shiny_gangway
white_segments
mighty_sail
ethnic_biases
professional_journey
dependent_conventions
joyous_drip
bored_comparisons
hungry_pit
tame_baseline
mutual_bulk
agricultural_door
shy_curvature
nineteenth_century_gardens
intellectual_coders
elderly_stair
compulsory_lumps
attractive_refurbishment
doubtful_feeders
square_spray
presidential_gap
magnificent_resource
guilty_misses
unknown_biases
glorious_presidents
blue_satellites
conservative_junctions
missing_agents
academic_listings
sophisticated_pears
disciplinary_broadcast
shrill_striker
stupid_trackers
evil_acronyms
tender_maps
violent_swivels
insufficient_plead
various_helmets
little_pan
disturbing_powder
electronic_buoy
brainy_buoy
tame_armies
fierce_glossaries
low_agent
frail_yards
so_called_opportunity
obnoxious_discounts
olympic_crusts
italian_ax
satisfactory_milks
interested_screws
fiscal_check
driving_gas
amused_moisture
tender_withdrawal
electronic_lasers
adjacent_retirement
allied_depth
military_seamanship
victorian_tanks
russian_thermals
creepy_tubes
elegant_decay
witty_show
forthcoming_longitude
wide_eyed_eligibility
kind_setting
corporate_checkout
firm_department
molecular_inventories
comparative_catalog
increased_apparatus
entire_ticket
casual_carts
traditional_photos
canadian_bushings
devoted_revision
satisfied_warehouses
delightful_reactors
smooth_flow
insufficient_september
clean_calendars
glad_book
asian_issues
radical_flashlights
reluctant_giant
adjacent_oscillator
particular_automation
royal_pen
unwilling_housefall
crude_bins
famous_bins
cute_buzzer
manual_top
voiceless_beings
cloudy_blades
rich_stock
good_clump
equal_instruction
boiling_shipping
tasteless_tour
homeless_swimmer
arrogant_listings
considerable_effect
strict_dollar
encouraging_son
fortunate_warranty
initial_twig
disappointed_axes
historic_ceremonies
ultimate_sunset
international_hatch
strange_defection
iraqi_countermeasures
cautious_petition
uptight_fences
normal_rollouts
experimental_bands
korean_toothpicks
special_meetings
valid_diameter
encouraging_points
splendid_wounds
impressed_cycle
appalling_river
slippery_lifeboats
inner_mistakes
probable_machines
right_root
overseas_driller
modest_fuses
numerous_tendencies
appropriate_firearms
lonely_statement
Sound_record
political_escorts
competitive_giants
wise_puncture
invisible_chattels
slippery_printout
dry_swab
minimal_fakes
exceptional_tips
commercial_windlasses
ministerial_trap
korean_solution
unpleasant_priorities
economic_line
colonial_hoops
fascinating_cube
spectacular_insanities
defensive_struts
joyous_deployments
successive_supply
violent_drawings
itchy_capstan
giant_barometers
mute_nods
arbitrary_guideline
western_parachutes
toxic_plays
exceptional_sleeves
eastern_freight
general_admirals
damp_can
open_ovens
strategic_floors
crazy_classifications
fun_stresses
wooden_relay
defensive_breakdowns
generous_spades
faithful_educator
economic_bite
grumpy_parachute
related_recruiters
helpful_religions
political_amperage
uncertain_annexs
efficient_horns
quickest_pier
strategic_wing
aware_pupil
fine_hugs
hurt_adjectives
crooked_transformer
okay_quartermasters
special_hazards
united_ribbons
tall_heat
nursing_railways
hungry_attesting
ruling_leakage
precious_desertions
black_lee
silent_allocations
cute_brooks
ok_longitudes
sticky_students
colossal_indicator
gleaming_contacts
conceptual_trades
continuous_fireplugs
dry_couples
variable_soils
american_contamination
beautiful_specifications
genuine_velocity
annoyed_distresses
tall_trigger
productive_goal
mobile_life
noisy_pine
sole_arches
interior_front
stable_peaks
independent_diaphragms
unlikely_wholesale
dead_face
communist_ammunition
injured_hardcopy
light_opportunities
lively_rescuer
pleased_classroom
steady_operator
rich_columns
casual_aim
varying_circuitry
ashamed_candle
junior_shipmates
psychological_ribbon
steep_flake
regulatory_education
medieval_tin
opposite_crawl
compact_heels
high_architecture
funny_result
protestant_deductions
olympic_troubleshooters
worried_crack
tropical_loop
orange_coordinators
mean_opinions
democratic_region
tight_sap
noble_aggravation
efficient_abuse
sensitive_human
cruel_extension
simple_rescues
monthly_groan
aesthetic_boatswain
mobile_overvoltages
keen_lights
motionless_basements
faithful_chit
commercial_cry
small_tumbles
powerful_workings
mathematical_cement
purple_object
controversial_valve
encouraging_sharpener
thorough_committees
dusty_utilities
real_end
southern_drunks
asleep_glides
able_individuals
naked_signal
hungry_aims
entire_lubricant
panicky_possession
dead_circle
large_shock
endless_strobe
pretty_welders
occupational_stitches
detailed_babies
royal_doorknobs
white_chest
cold_checkpoint
dizzy_tugs
tory_dears
odd_troubleshooter
eager_misfit
unfair_appearance
individual_friends
occupational_cause
quick_qualifiers
sleepy_decontamination
rare_capstans
wonderful_plate
tall_quiet
husky_average
legislative_copies
careful_play
implicit_ore
significant_hoop
middle_class_highways
high_acre
bloody_platter
satisfied_stuffing
divine_multisystems
extensive_junction
hon_entrapment
hilarious_shotline
immediate_meet
promising_kiloliters
current_stamp
identical_hills
living_rule
neat_installation
long_overlays
honest_validation
middle_class_conversion
wasteful_plots
unexpected_splitter
nervous_delight
magnetic_diagonals
everyday_rod
ordinary_dabs
mild_major
overwhelming_bather
conservative_subprogram
crude_women
innocent_dials
mere_pavement
hollow_nonavailability
fresh_bigamies
proper_pits
gigantic_nods
fuzzy_mouth
rolling_shoulder
many_glazes
light_transfers
numerous_benches
married_tapers
tired_discontinuance
modest_detail
ill_lot
hostile_accountabilities
environmental_funds
statutory_stream
steep_splice
shared_streaks
respectable_defeat
registered_skirt
linear_tourniquet
curly_flap
excited_commission
sensitive_restaurants
outdoor_capabilities
fantastic_rap
male_struts
global_area
immediate_width
presidential_burglaries
complicated_ration
soviet_dispatcher
cautious_love
spare_compressor
chemical_allotment
linguistic_afternoon
nasty_appraisal
continental_ribbon
monthly_aluminum
working_hygiene
stiff_bunches
compulsory_realignments
continuing_shocks
respectable_stare
new_calibers
obedient_boil
genetic_windlasses
tired_watches
wet_compensations
voiceless_nurses
brave_stowage
helpful_frames
secret_woods
fine_public
wide_leak
many_payroll
hissing_loudspeaker
colorful_advances
stable_cost
wide_exits
naughty_strands
liable_durability
average_majorities
handicapped_district
lovely_excesses
living_suppression
overwhelming_workman
content_blades
worried_adjectives
stuck_spray
slight_affiants
successful_piers
tame_intent
loud_segment
lazy_fours
geographical_ending
alright_shed
selective_persons
traditional_trails
splendid_variations
neighbouring_violations
cautious_bunch
disturbed_hour
level_surveys
cruel_status
productive_crowd
kind_differences
integrated_trials
sexual_abrasions
ill_pea
relaxed_eliminator
satisfied_legs
final_launch
latin_circles
okay_winch
great_kit
just_amperages
swiss_income
tender_abusers
orthodox_surfaces
sound_gram
mathematical_submissions
capable_chock
clear_violet
regional_specialties
likely_calculators
old_fashioned_scheduler
presidential_highlines
tasteless_tap
overall_tire
managing_adhesive
sweet_bridges
healthy_health
bumpy_cleanliness
quick_examination
ordinary_summary
blind_tests
marvellous_dividers
compact_savings
determined_restrictions
jolly_sponge
dangerous_overtime
faint_capitals
foreign_september
significant_volt
likely_shift
successful_comparison
red_demonstration
silly_seamen
jittery_stapler
roasted_sod
melodic_machinery
nearby_chain
recent_garages
enchanting_terminator
empty_kites
well_known_mix
neighbouring_numbers
wandering_piece
thoughtless_coordinate
molecular_shares
insufficient_listing
marine_latch
mature_rinse
uniform_swells
foolish_diagrams
distinct_fuel
slight_component
terrible_radian
successful_discharges
active_stability
brief_ticks
immense_fixture
sacred_analog
medical_originals
old_ohm
concerned_portion
extraordinary_administrations
annoyed_ices
right_emergencies
shiny_pistol
long_buoy
melted_verses
quaint_ores
stupid_warship
ripe_station
eldest_assembly
precious_bank
vital_railroads
poor_wishes
sparkling_hearts
careful_bristle
excessive_harmony
evil_straighteners
satisfied_sockets
sorry_operands
helpless_calendar
dutch_axes
registered_fetches
unusual_justice
light_batch
promising_battleships
quiet_prison
preferred_canals
running_radars
tasteless_volume
environmental_overalls
permanent_tabs
linear_diaries
puny_catches
new_magnets
allied_brackets
wet_documents
increasing_hoses
outdoor_addressee
chemical_integers
long_blades
sour_daughters
visiting_midnight
fortunate_shame
soviet_batch
evolutionary_receiver
net_chase
long_term_officer
dark_semicolon
blue_liquor
strategic_egg
flexible_stuffing
unable_impulses
anxious_tire
absolute_bearing
strange_objects
stable_cent
lucky_illustration
accessible_spikes
united_mitt
curious_assignment
wicked_soup
confused_drunks
innovative_inventions
hon_charts
technical_raincoats
controlled_puddles
late_tank
joint_arrow
similar_deployments
supposed_courts
terrible_peak
fond_lapse
tremendous_pulses
shiny_plastic
palestinian_labels
constitutional_hooks
mathematical_blows
actual_respects
incredible_stacks
broken_echelons
shocked_coordination
exclusive_protection
super_limbs
obliged_donor
linear_lane
upper_wake
resident_compounds
poised_attesting
reluctant_sponges
courageous_thimbles
absolute_feeders
lively_zips
deaf_eighties
full_time_weights
forward_differences
chosen_propulsions
white_wrecks
compulsory_breach
unexpected_solenoids
occupational_torque
organisational_orifices
fast_cave
wasteful_picture
tired_tank
rolling_shelves
crude_clerks
significant_boils
angry_spoon
thundering_checkers
worthwhile_whips
fierce_chocks
heavy_volts
rare_interruptions
subsequent_fishes
wet_cells
increased_feed
busy_options
fatal_belt
rotten_debit
dynamic_tensions
private_siren
lengthy_submarining
necessary_press
future_jumpers
physical_ribbon
dear_attesting
dusty_contempt
calm_stage
interior_itinerary
busy_hoop
chinese_friction
wet_peacetime
joyous_groups
curly_barriers
ugly_peg
surrounding_facility
exuberant_hum
well_known_purposes
exact_panels
standard_skin
cheerful_prints
feminist_accordance
wonderful_plans
intensive_cone
provincial_endings
dear_needle
absent_paygrade
married_transactions
easy_pound
ordinary_polices
little_location
practical_sewers
unsightly_ones
forward_jail
juicy_pilots
isolated_cloths
wicked_folder
valuable_conversions
continuous_balance
colossal_patter
condemned_brush
active_encounter
collective_formats
managing_float
ltd_file
classical_confidences
abundant_union
nasty_alibis
crazy_purchaser
european_gasoline
short_petroleum
permanent_coal
thorough_submarining
fast_flights
visiting_spares
big_drip
original_mind
strange_compressions
long_term_nail
doubtful_forecasts
commercial_alphabet
ripe_misalignments
ill_swamps
stable_lapses
conservative_bulb
powerful_capacitors
uniform_lake
depressed_stators
loud_dip
wise_nation
latin_alignments
intelligent_signals
supreme_condensers
fresh_reenlistments
equivalent_purpose
inevitable_weapon
conceptual_rifles
welcome_voids
bewildered_disabilities
tiny_sterilizer
past_sinks
depressed_stump
worthwhile_reader
junior_hiss
revolutionary_hems
new_coordination
average_inferences
marvellous_cottons
magnetic_drainers
sensitive_driller
realistic_stub
intellectual_lamp
confused_humor
combined_hubs
detailed_straightener
functional_amplitudes
Sound_locomotives
capable_screw
clean_flare
fun_band
prominent_article
related_reveille
melodic_arches
royal_slide
entire_memorandums
capable_radians
light_cards
okay_itineraries
cautious_squeaks
loud_citizen
whole_shave
minimal_modules
wet_averages
strong_fathom
bad_specifications
solid_fold
rigid_clap
normal_nickel
unable_tracker
partial_video
hard_alcoholism
weekly_prompts
outdoor_detachments
awful_readings
disturbing_prefix
thick_workload
military_hashmark
linear_dress
operational_henrys
progressive_masts
strong_heel
unique_elections
supporting_board
glorious_drydock
casual_steamer
high_felt
roasted_cheat
yellow_volt
blank_pencil
plain_interface
sporting_halts
unconscious_swing
loose_facepieces
social_actions
slim_gunfire
absent_abuses
poor_teaching
damp_apparatuses
repulsive_preference
wicked_sonar
influential_hisses
wonderful_road
profitable_cycles
foolish_tastes
solar_lever
wet_guy
impossible_gap
educational_touch
welcome_recovery
historic_retrieval
living_springs
yellow_colons
innocent_carburetor
peaceful_comma
early_facility
scottish_chairmen
underground_sticks
modern_grants
furious_validation
regional_touch
global_swabs
convincing_tomorrow
residential_chest
damp_link
convinced_blades
thorough_entrances
roasted_splashes
other_limits
early_minutes
standard_grip
kind_trains
welcome_interface
vivid_lenses
living_flags
convenient_cathodes
rotten_prisons
fit_forecast
artificial_shafts
innovative_towers
continental_trim
impossible_rollout
armed_messengers
sour_computation
big_sabotage
rigid_release
clear_fleets
intact_scales
separate_watts
british_forehead
preliminary_contact
perfect_tan
beautiful_topping
increased_mat
sudden_screws
original_creek
blind_stool
damp_tracker
coherent_seventies
magnificent_motels
powerful_bytes
intact_vibration
blushing_contacts
awful_privates
cuddly_plots
existing_tape
enthusiastic_bristle
mass_human
comparative_pushups
inc_computation
elegant_technology
main_wheels
giant_concurrence
icy_puff
uncertain_vice
eastern_candidates
enchanting_cathodes
alternative_government
complex_reinforcement
tropical_junk
dark_hose
unemployed_admiralties
novel_schedules
irish_duress
equal_condensers
loose_dedication
sparkling_fees
primary_damages
specified_processors
broken_pail
slippery_clearance
costly_stones
defiant_cap
anxious_relocation
distinct_shovel
rising_night
commercial_twirl
preferred_rides
crooked_visibilities
loyal_auditors
creative_shipmate
curly_visits
worried_coordinator
scottish_bowls
foolish_regrets
organic_coating
powerful_stresses
stiff_shaft
embarrassed_submarining
urgent_impulse
artistic_savings
closed_share
voiceless_capacitance
democratic_capstan
adverse_accomplishment
diverse_medicine
eldest_percents
outer_glove
sacred_automobile
living_space
elegant_habit
invisible_fleet
lexical_rescues
mean_component
fluffy_pair
musical_failures
worthy_percent
comparative_sixties
proper_trust
medical_cause
israeli_thunder
canadian_rights
scattered_regulator
operational_cements
secure_intake
disciplinary_importance
delicious_procurements
intermediate_felt
ok_zips
different_deal
costly_crop
genuine_bottom
expensive_requirements
spare_twin
fat_statements
elated_dolly
firm_offender
wooden_president
flying_livers
unchanged_plane
diplomatic_spins
printed_carriers
unusual_man
characteristic_warning
shrill_engineer
grubby_cakes
digital_gangways
ugly_turns
sharp_briefing
marvellous_branches
insufficient_data
careful_discussions
helpful_dangers
nervous_batch
splendid_stairs
mature_diamond
vocational_photodiodes
open_hair
spotless_removals
public_groups
controlled_dependence
atomic_body
remaining_trees
smooth_property
brown_fiction
emotional_dash
comfortable_arts
puzzled_drag
unusual_loss
desperate_beat
mad_breeze
weary_stem
noisy_bets
public_auto
green_shows
evident_fold
long_meridian
combative_fear
magnetic_wound
acceptable_legends
grotesque_heat
complicated_july
steep_crowds
expected_fan
uniform_consequence
charming_condensation
inner_drives
chronic_ways
historical_east
russian_organ
classic_glands
lively_machinery
accused_occasions
innovative_settlement
poor_cliff
preliminary_processes
silent_openings
jolly_indications
cultural_auditors
embarrassed_currents
angry_galleys
sad_much
quick_allocations
correct_swims
faint_resolution
live_bushes
estimated_hospitals
surviving_object
gross_affiants
compact_donor
fast_module
boiling_affairs
successive_value
lonely_recommendations
alternative_analyst
gorgeous_fallout
swift_amplitude
dear_fallout
distinctive_stuffing
immense_filter
joyous_aim
relieved_challenge
dreadful_burglaries
long_unit
official_lamps
afraid_models
lonely_varieties
cuddly_timers
jewish_types
dual_civilians
tough_sweeps
middle_class_accusation
shocked_flange
leading_matter
vague_missions
local_peace
late_admiralty
middle_class_condensation
modest_half
purring_guidance
good_stowage
slippery_jail
desperate_tendency
nineteenth_century_hilltop
grateful_pupils
surviving_completions
preliminary_removals
plastic_gland
dead_berry
outdoor_can
agreed_recess
odd_tree
soft_discontinuance
ultimate_multiplex
technical_subject
thorough_beacon
lesser_researchers
native_notice
ltd_lenders
genuine_runout
loud_powders
big_checkouts
ltd_nomenclature
contemporary_hulls
diverse_problems
early_doorsteps
assistant_compresses
devoted_facts
straight_sense
ideal_landings
unwilling_occasions
confidential_mothers
gothic_manuals
supporting_speeder
creepy_packs
handicapped_time
glad_dynamometers
unwilling_pans
green_interests
terrible_ensign
distinguished_meters
reasonable_rams
passing_realinements
misleading_wiggle
daily_pit
back_adjectives
pretty_forces
damaged_rescuer
philosophical_weight
creative_spike
husky_blankets
intact_buckles
real_area
precious_sex
tense_soles
colonial_misalinement
conceptual_tenth
comfortable_thousand
definite_company
encouraging_breeze
beautiful_pipe
young_shower
constant_aid
continental_marble
ethical_performance
unsightly_figures
real_loan
poor_meetings
fair_democracies
feminist_ink
lively_plays
electric_swivels
worthwhile_oscillations
rear_dollars
hollow_dimension
upset_mill
coming_goal
scrawny_drums
normal_tenth
plastic_ear
dry_honor
rare_vices
ultimate_continuity
fierce_beacons
rough_settlements
static_aluminums
ultimate_primitives
combative_engine
compact_sides
surviving_toolboxes
ugly_guard
public_salutes
numerous_marble
intelligent_priority
chubby_claws
available_puddles
ill_purges
tory_ribbon
minimal_hammers
foreign_occasions
delicate_pipes
key_injector
open_precaution
generous_bundles
glamorous_publication
modern_bracket
chronic_cannons
straight_parties
anonymous_matches
victorious_army
simple_arch
white_diesels
ordinary_brothers
liquid_sizing
initial_riddles
narrow_charge
dynamic_representative
shiny_terminator
bored_mats
fashionable_torpedo
crooked_paces
kind_defects
essential_examples
holy_ceiling
encouraging_harness
tricky_eights
courageous_splicer
impossible_fracture
large_scale_maps
accepted_gunpowder
armed_winches
perfect_bubbles
filthy_giant
ill_cleanser
quick_prices
ltd_nozzle
surprised_conflict
dying_bail
dead_canyons
sufficient_desire
warm_outlet
scary_damages
planned_wonder
smiling_traffic
inclined_navigations
endless_utilizations
static_transiting
classical_apprenticeships
rational_touch
ill_laces
different_transits
steep_counselor
delighted_promotions
professional_circumstances
sleepy_fog
ugly_funds
small_law
doubtful_possession
low_start
unusual_knees
mental_breaches
mighty_bay
long_capital
thorough_apron
grotesque_dioxides
pure_residents
labour_apprenticeships
delicious_lips
puny_alcoholism
steep_list
prickly_loudspeaker
stupid_handful
puzzled_marble
experimental_dealer
verbal_milliliters
moaning_participations
multiple_adhesives
expensive_mounts
embarrassed_nurses
stuck_leapers
marvellous_credit
historical_dioxide
brave_ice
shiny_grasps
alive_chases
zany_call
fascinating_accord
increasing_compresses
gentle_dollars
fluffy_acceptor
productive_attitudes
lively_semicolons
clear_calendars
bored_exit
helpful_pass
coloured_patrol
sick_parcel
quickest_delimiter
mobile_surprise
deaf_maps
qualified_societies
victorian_inclinations
prior_interaction
boring_pieces
wee_servant
flat_discoveries
mere_traces
clean_missiles
whispering_seasoning
brilliant_measurements
frail_stitch
joint_breath
practical_choke
misty_overcoats
intact_motion
big_certificates
minimal_ordnance
early_inventions
added_minority
outside_ambiguity
crazy_staff
polite_lines
husky_coin
reluctant_connection
fair_cycles
romantic_polls
doubtful_pilots
conscious_formation
grieving_shoes
new_reproductions
smart_brightness
static_ditto
soft_reports
useless_prop
loyal_closure
impossible_cap
busy_locations
civic_destruction
wonderful_batteries
icy_resident
miserable_participation
diverse_suction
exclusive_blot
corporate_weeds
functional_seasons
old_fashioned_shore
reasonable_nineties
fuzzy_overcoats
immense_velocity
printed_designations
acute_deficiencies
misleading_anchor
regulatory_stone
united_cottons
loose_curl
early_chits
musical_litres
remote_locations
ridiculous_cities
ugly_ornaments
bold_gleam
handsome_cans
breakable_swabs
little_tests
premier_cathodes
central_knob
medieval_kisses
brief_bilge
supposed_branch
artistic_latitude
pleasant_nulls
multiple_audits
interior_biases
only_schedules
sudden_wonders
uncomfortable_loaves
imaginative_inaction
territorial_fire
advisory_blows
concerned_sugar
just_routine
vocational_average
closed_deposits
intimate_reactions
premier_escape
enthusiastic_feeders
wonderful_blueprint
contemporary_boosts
long_commissions
wide_meter
whole_haste
alright_cements
rude_abbreviation
systematic_misfit
isolated_vessel
arbitrary_captures
wide_crew
economic_hoods
thorough_joints
available_implantation
faint_kick
famous_fireplugs
binding_trails
final_platforms
renewed_pints
similar_silver
brave_demonstrations
low_harmony
purring_beginners
useful_inspection
innocent_clothing
upset_dispatchers
many_detents
persistent_haul
nineteenth_century_commander
excited_submission
helpful_receptacle
australian_sunrise
ratty_price
continuous_negligence
ordinary_monitor
assistant_smoke
helpless_salts
red_schooling
judicial_swimmers
wrong_inceptions
eager_alcohol
collective_circulation
excess_citizen
marvellous_aliases
abundant_sill
vital_helicopters
crowded_levers
tall_umbrellas
profitable_play
successful_pears
considerable_misalinements
comfortable_reenlistments
flat_minuses
afraid_prefix
driving_preference
geographical_admiral
black_salutes
liable_bridges
economic_accusation
promising_swaps
remarkable_scale
great_majority
quickest_concern
nice_arms
provincial_compartments
provincial_registers
magenta_sample
dry_presence
glad_daughter
miniature_cause
huge_spring
yellow_displacements
decisive_wire
mean_decimals
bare_city
willing_boresights
scornful_electrodes
giant_tourniquets
upset_servants
zany_payroll
busy_folds
cognitive_listing
liberal_commanders
previous_railway
impossible_intercoms
encouraging_flange
supreme_requirement
imaginative_toothpick
injured_sirens
exact_engineer
eligible_software
ratty_dealers
marxist_fractures
burning_circuits
gorgeous_events
organic_demonstrations
uncertain_rations
hollow_adjustments
profound_portion
continuous_writing
abstract_requisitions
individual_invoice
slippery_brakes
random_pistols
verbal_heaps
tall_total
proposed_age
worried_farm
daily_wheels
aesthetic_valley
frightened_crop
unfortunate_disposal
upper_initiators
dying_warships
willing_eddy
pale_titles
mathematical_thyristors
quaint_ride
delightful_prompts
payable_shoulder
notable_burglaries
sticky_schoolhouse
sad_missions
registered_hazard
rough_quart
correct_sole
reliable_trips
innocent_tablespoon
disgusted_distresses
efficient_morale
formal_shadows
institutional_candle
thoughtless_fan
creepy_schoolhouses
Sound_alignment
equivalent_interfaces
injured_managements
concerned_subject
swiss_club
shy_scenes
inquisitive_silence
wild_saddle
right_stationery
critical_intakes
resulting_relays
extended_duties
chosen_recruits
yummy_aircraft
eastern_multitask
alone_chits
political_guards
lazy_breast
impressed_oven
wandering_tick
peculiar_cough
marked_surges
big_messages
collective_stem
gigantic_handles
protective_checkouts
open_rainbows
healthy_fold
great_nights
innocent_missile
tragic_inductance
greek_base
fat_saturdays
nuclear_music
hostile_executive
prominent_breeze
full_discontinuations
minimal_cruiser
conceptual_performance
entire_income
complete_assembly
glad_streams
controversial_linkage
nutty_cause
expected_policies
big_wafers
open_acceleration
legislative_discrepancy
global_counts
blushing_disasters
sad_tactic
necessary_clips
wrong_minimum
everyday_servants
convincing_header
real_profits
evolutionary_tosses
scattered_lakes
impressive_distresses
sparkling_lungs
driving_aggravation
arbitrary_propose
teenage_feather
everyday_freights
elated_rigging
formal_drills
tiny_plexiglass
supporting_barges
added_collections
gross_advances
shiny_configuration
raw_ditch
broken_comparison
overall_bunks
light_minimums
compatible_subprogram
furious_disabilities
old_cell
european_finishes
legislative_pulls
prior_passes
ashamed_codes
wrong_benches
naughty_messenger
smart_bar
big_quartermasters
assistant_relations
unconscious_flames
testy_duplicates
motionless_hammer
classic_kill
low_quarterdecks
hon_rowboats
troubled_countermeasure
mysterious_store
outdoor_strokes
angry_ceremonies
sweet_background
cooing_schedulers
ok_uniform
poised_blackboards
rising_floats
round_exposures
magnificent_attachments
rapid_striker
elegant_sort
willing_docks
senior_sundays
unique_blackboards
special_numbers
mighty_replenishments
intelligent_examples
super_halt
hurt_dials
faithful_cheeks
rising_tie
universal_servants
modern_top
biological_burn
occasional_discount
specific_saps
short_bullet
native_spill
funny_bags
rotten_disadvantages
busy_arraignments
straight_curves
rough_clay
pink_transportation
homely_medals
criminal_fashions
irrelevant_pea
combative_groves
faithful_menu
distinguished_morals
cultural_year
sure_moistures
horrible_area
expected_volts
uninterested_receipts
harsh_location
short_mule
fundamental_orifice
faithful_checkers
intimate_overcoat
known_exchanges
disgusted_grades
mechanical_person
experienced_electron
cold_memorandum
silent_administrator
perfect_whistle
payable_cars
long_printouts
proud_chests
holy_conductors
gradual_chairpersons
good_feathers
experienced_walls
sad_strengths
dull_units
normal_flight
dominant_leader
monthly_deputies
very_blurs
fast_echoes
unknown_gangways
splendid_fishes
beautiful_attack
screeching_bite
dirty_threes
big_qualifications
plain_wash
polish_negligence
resonant_alcoholic
previous_honks
angry_bronze
spotless_commissions
gentle_guard
right_august
good_stream
happy_lightning
electrical_sunday
victorious_skins
large_alloy
prickly_runouts
ratty_picture
chinese_thermometer
fresh_waxes
improved_efficiency
direct_forces
green_catches
used_weeds
empty_courtesies
other_canisters
shiny_flap
excellent_kill
marine_mechanic
motionless_morning
constant_sunrise
sure_messenger
metropolitan_armfuls
intelligent_reproduction
strange_warranties
educational_skills
agreeable_personalities
furious_canals
unacceptable_drydock
broad_college
glorious_garage
deep_technology
agreed_leaders
lonely_resource
stormy_road
diplomatic_transmittal
gentle_surveyors
inadequate_user
scattered_marble
zany_delimiters
modern_relief
alternative_drinks
friendly_briefings
right_boards
frail_cuts
uneven_theories
large_scale_illustrations
certain_scissors
accessible_comments
successive_focuses
flexible_abrasion
digital_jeopardies
handsome_pear
sad_concentrations
comparative_lessons
deaf_cracks
welcome_brakes
better_writings
hissing_nation
colorful_destroyer
smooth_ensigns
disabled_azimuths
elated_apprehension
german_repairs
cool_roads
steep_combs
central_neutrons
controversial_secretaries
flaky_compressions
industrial_fellows
sparkling_shame
inland_boxcar
fatal_crewmembers
little_slate
accurate_hope
premier_workbook
simple_diamonds
financial_value
new_backup
invisible_nerve
strong_humps
secondary_circumstances
autonomous_evidence
faithful_brooks
increasing_candidates
empty_stoppering
sheer_rugs
private_sets
valuable_submarined
agreeable_approval
charming_act
noble_committees
general_elapses
zealous_alarm
ltd_weaves
angry_cases
so_called_energy
elaborate_folder
favourite_formats
absolute_enemy
palestinian_discontinuations
blue_composition
selected_commas
shrill_vouchers
disturbing_uniform
silent_figures
satisfied_heaps
rapid_thimble
grand_brackets
wealthy_cupful
pregnant_convenience
salty_day
canadian_punishments
polish_reservist
round_poles
teenage_footing
tasteless_gasket
fierce_malfunction
chief_effect
socialist_winters
systematic_brother
bewildered_laws
wise_village
full_time_forests
shallow_floors
mobile_flicker
happy_stool
tremendous_closure
curved_journeys
mechanical_mailbox
legislative_dive
so_called_principals
stiff_wardrooms
coloured_watches
scornful_mountain
mixed_privates
missing_flower
technological_sweeper
symbolic_drunkeness
mean_jeopardy
deliberate_tar
misty_ideals
disturbing_sevens
welcome_runs
medical_oak
generous_entrapment
integrated_certificates
secret_tugs
remote_shelters
used_turn
interior_technician
prime_wool
tasty_injector
vital_workload
conventional_breaches
central_workmen
eastern_fault
long_tables
fancy_chattel
straightforward_hate
amused_scratchpads
retail_necks
cold_bulkheads
strange_oscillations
closed_freezes
able_pond
stingy_pilots
raspy_crop
ultimate_rag
tense_bands
conservation_cellars
grand_spike
tired_basement
deafening_canisters
encouraging_couplings
elegant_transmission
lazy_accordance
nice_visions
contemporary_nights
adjacent_drivers
mild_confidence
witty_observations
managing_creek
early_tuesday
allied_forecasts
armed_fifteen
lost_core
hon_crank
flat_windlasses
salty_observations
legitimate_jams
coloured_cork
shrill_submarined
wise_parcels
partial_overcurrent
improved_body
ugly_bins
symbolic_class
victorian_vapors
plain_probabilities
upper_pops
redundant_overcurrents
remote_cockpits
conservative_hit
close_bullets
metropolitan_pairs
confident_waste
oral_tag
rainy_tendency
powerful_whispers
circular_worksheet
harsh_desertion
voiceless_strips
powerful_tubs
green_orders
uneven_nights
explicit_splashes
previous_wires
lovely_apostrophes
western_leap
linguistic_sentry
loyal_milligram
stuck_rolls
scary_drill
shy_discard
central_glossary
forward_snap
coastal_employee
efficient_spacer
colonial_types
islamic_rowboat
adequate_discontinuations
applicable_ceremonies
inquisitive_ammunition
evolutionary_chamber
red_tasks
responsible_verification
necessary_image
qualified_spar
big_primitives
desirable_rake
gorgeous_plants
sticky_interfaces
spare_balloon
cuddly_minimums
severe_hundreds
wise_windlasses
identical_pistols
determined_church
sleepy_resources
shy_antenna
homeless_alloys
wonderful_alley
usual_tooth
protestant_arches
alive_emitter
welcome_flashlights
respectable_mediums
global_offense
palestinian_sheds
grumpy_comment
bizarre_purchase
selective_conjunction
faithful_depositions
patient_hangars
helpful_jug
tall_pistol
supporting_awards
modern_escape
artificial_addition
intensive_damping
eager_sticks
appropriate_howl
whole_files
abstract_figures
light_bin
rich_cents
redundant_manpower
convenient_mind
dead_screams
usual_major
disciplinary_wardroom
regulatory_soldiers
vague_amplifiers
rainy_shapes
gorgeous_valleys
helpful_mates
ambitious_sugar
german_diesels
long_twin
creepy_policies
artificial_back
flaky_escort
large_disciplines
agricultural_collectors
fundamental_loaf
healthy_reach
sporting_copper
rapid_views
independent_rumbles
leading_swaps
bright_subtotal
reluctant_hisses
continued_facepiece
imperial_tilling
regular_belief
technological_gram
patient_crime
international_constitution
advisory_telecommunications
shrill_decorations
low_program
spotless_lent
prickly_sleeves
quiet_totals
comparable_capacitor
okay_troubleshooter
vague_treatment
rough_lenders
delicious_dittos
lexical_appraisal
used_meter
available_mosses
nervous_publication
historic_peas
afraid_proportion
successive_books
coastal_sunday
premier_libraries
appalling_hand
envious_workman
clear_rivers
liquid_lees
working_mine
specified_decorations
purple_nation
deaf_operator
crucial_sponge
stiff_ejection
civilian_quiet
uneven_potatos
tiny_oils
blonde_haul
geographical_butt
straight_star
vertical_chattel
miserable_tones
global_reactance
unexpected_investigations
conventional_thing
past_aims
everyday_decision
noble_highline
dry_reservist
previous_blazes
wealthy_educators
happy_levers
wooden_application
worried_deaths
advanced_linkage
tender_semaphores
modest_strut
prickly_cylinder
nasty_nozzles
selfish_deposits
asian_refuse
fresh_plane
worried_loudspeaker
unlikely_impact
agreeable_body
central_troubles
charming_chaplains
grim_platform
consistent_linen
parallel_drainers
varied_recipient
charming_acronym
vague_revolution
conscious_courts
maximum_taper
guilty_coxswains
tasteless_curls
probable_claws
shared_post
fundamental_nines
cheap_positions
outrageous_initials
kind_projectile
natural_juries
silent_coordinators
different_thins
crazy_decrement
visual_lane
fantastic_publications
continued_wines
fascinating_proofs
clinical_moon
global_oaks
silent_embosses
assistant_leggings
ridiculous_shows
chief_student
evident_presents
eventual_clouds
strange_event
labour_voids
graceful_burns
clever_appellate
complete_remains
equal_piers
identical_drunk
current_reconfiguration
chubby_statement
double_nods
fatal_board
injured_breeze
logical_illustrations
crude_carpets
iraqi_particles
melted_weed
immediate_rain
skinny_look
reduced_moisture
excessive_clerks
strange_trailer
quaint_beaches
parliamentary_wafer
english_weapon
only_bulk
little_certificate
liberal_ounces
accepted_gates
ltd_vectors
high_remains
surviving_eggs
mature_presumptions
vivacious_mule
intensive_report
average_generators
energetic_terminations
comfortable_knocks
fair_readers
better_goggles
scary_polisher
widespread_sonar
obnoxious_chairpersons
brown_loans
standard_loads
amused_holds
allied_overload
fierce_propeller
respective_sister
annual_steeple
poor_device
random_propellers
rational_contents
alleged_difficulty
complicated_projectiles
impossible_coders
delighted_drifts
logical_initials
straightforward_standards
depressed_truth
noisy_mechanisms
thoughtless_destroyer
handsome_outing
future_freight
excess_freezes
occupational_apple
female_ovens
deaf_bond
super_ports
crazy_lard
religious_alphabet
swift_projectiles
expensive_parity
defeated_props
bold_reenlistments
marginal_warehouses
black_chest
live_construction
alleged_merchant
territorial_equator
urgent_kiss
bitter_revision
obnoxious_greases
outstanding_taxi
natural_turnarounds
distinctive_acres
exceptional_strip
estimated_headers
immense_sequences
lucky_specifications
adequate_okays
hidden_lapses
conventional_investigations
thin_clangs
australian_heaps
isolated_assistance
weak_conventions
blank_dye
diverse_programmers
realistic_math
motionless_offer
corresponding_direction
appropriate_merchandise
valuable_laps
blind_cries
straight_thousand
high_fountains
awkward_cycles
disastrous_energies
arbitrary_burglaries
ministerial_compression
new_reactions
unusual_choices
above_repair
particular_tooth
vocational_paragraph
curious_schedules
fond_verse
random_line
automatic_fish
linguistic_butters
nutty_dolly
suspicious_hose
short_version
well_failures
fine_tax
blue_quart
conceptual_things
cooperative_garden
homeless_checkout
warm_lessons
robust_substance
bizarre_dynamics
welsh_basin
arab_analysts
empty_view
comparative_navigations
satisfactory_stoppering
great_stripes
elaborate_opposites
managerial_sharpeners
solid_stock
good_majors
french_condensation
exciting_swallows
soft_daughters
jolly_sales
structural_world
perfect_dress
uninterested_substance
early_disasters
domestic_chemistry
constitutional_reams
profound_station
remarkable_sling
cautious_silver
mighty_battle
objective_superstructures
puzzled_circulations
social_occurrence
effective_case
decisive_slits
dead_voucher
excellent_stretches
pink_seasoning
prepared_thermals
straight_nylon
flexible_sequence
adorable_acquisition
inc_berry
blank_hub
minor_governments
desperate_launch
ambitious_laugh
wet_checkpoints
smiling_bodies
illegal_documentation
disturbed_variety
principal_motel
top_investigator
firm_howl
medical_starts
tasty_warfare
industrial_tire
registered_fabrication
fit_ream
redundant_azimuths
digital_forearm
uninterested_possibility
formal_fish
intellectual_week
quaint_churn
specified_retention
top_facepiece
ordinary_cubes
impossible_surplus
okay_wage
original_coil
russian_basins
magenta_nations
married_bubbles
excited_mounts
short_dyes
neutral_strobe
unemployed_bond
ugly_officers
super_implementations
hot_market
real_demonstrations
solar_punishment
beautiful_career
rare_detonation
premier_offset
amateur_cart
specified_file
bitter_arms
female_submarines
sympathetic_dears
structural_pin
rapid_shortage
dry_selectors
bitter_allocation
light_detonations
busy_harmony
pleasant_supply
intense_hisses
harsh_bricks
payable_hold
hurt_manufacturer
intelligent_defenses
practical_help
intimate_leather
amazing_neglect
rear_oranges
developing_sleeves
existing_throttle
reluctant_classrooms
chilly_effects
interior_rack
above_shears
moderate_knobs
worldwide_curvatures
