ACr
ASv
AYu
A6j
Adj
AhA
BTO
B8C
CDR
CHB
CJp
CMD
CNN
CQ0
CQ6
CSI
CZ_
C2F
C42
C5a
CaT
Cgk
CkB
Cz3
DFI
DO8
DQR
D0x
D2D
D2k
D5s
D6k
Doh
Dws
DxV
Dxn
EAP
EBO
ENg
EVc
EVk
E7B
EnV
FNw
FPR
FTm
F_q
FbW
FrD
GDY
GEm
GFX
GOM
GU3
HDP
HRS
HiO
IDS
IKe
IKt
INW
IUg
I50
Ibh
Ick
Ixv
Izi
JGC
JKu
JPT
J0V
J86
JlS
Jzi
KAL
KCY
KKv
KN0
KQL
KUX
KVT
KXS
K4K
KdC
Kqk
LDF
LFn
LHC
LT4
Lou
LqN
MIa
MWP
MXl
Mdf
Mks
MmN
Mmg
Mnp
MoN
Mwl
MxE
NLw
NPU
NW4
NWp
EbJ
NPs
Jf4
MI_
BCj
HWM
AY6
JtP
J5I
E8E
DDT
DIq
I6F
MZP
Ld2
Ljr
J2y
CFx
BHj
MOo
Ms1
EAp
Hfy
J6w
CMy
MUe
Liy
DXl
ARQ
IcI
Cab
Nni
DKj
DLM
Jar
EnH
Hc9
JdP
FM9
M_s
AKQ
N2R
Mlc
ADK
Jmz
CVk
Dmd
Eg6
LMu
Gec
CGa
HQk
I0M
Hrx
KJw
GJH
MAP
Lg2
Kzg
Eu7
EtK
IZH
Fqb
C1v
HXF
Eqs
FDO
J40
Le1
Kvr
Gx5
G_g
Clz
NYX
F5j
IyQ
Ftr
K0s
App
Lfx
IuP
KkA
AVM
BOv
B0y
NTi
JSf
FQp
IU9
Lv6
JRO
B_O
Iyh
GqG
HN0
DRi
DXs
AXa
Cas
Dn1
Gaj
B7g
Hzs
K8L
Bpz
CfU
Grl
H3P
Jvp
JJw
BQX
Eqn
Js7
K_z
LHE
A1u
JEW
Mip
I2m
GVd
KF3
CNC
FhJ
Ef3
A7t
Fqp
MH0
MsP
KrT
NMX
LQg
ND_
N4H
Aag
L16
CDJ
LRa
EFK
EiX
MME
Lom
IQj
KhL
H8W
IM0
Ft5
DUp
MxU
Hvg
Gfx
Gpt
IVH
H_J
EY6
GQd
KLS
IQR
BNJ
F1X
LQt
AJN
Cnk
Jz_
MDf
BaG
DMZ
CBy
Abs
MG7
L38
LkB
JGq
Kza
Aco
HZa
Eyc
Et5
HUh
Gx_
Ke1
Epx
Jpl
HVv
Dq4
JZs
NpN
AE5
H12
HwH
Ei1
MqT
Jj6
Gs_
Aa2
CE7
GoU
LMq
F3S
F7u
CFJ
Icq
G7a
BC_
JxH
Nob
ISn
CBJ
B9o
BP_
AX4
Hug
GVW
ASd
Jv8
FyN
Er1
ECu
IUe
B2j
Fdt
JMz
Buk
D4T
DrW
Azu
LTp
MzS
FKz
I2u
BHt
Llg
GsT
Br1
AHD
LXa
DYE
IYD
KE5
LA7
HK4
Cja
Fnr
A3E
Cjn
LVJ
NkQ
JTm
F5u
IJY
I7C
N14
JTn
Gbd
HGB
FPQ
HXj
CX8
KKx
Fw8
IcA
Iwa
Mgk
JcG
HXV
Duf
KzQ
NJW
LKC
Chk
DnY
MOQ
DXk
EcT
F8O
MWt
MgS
Mxw
B4M
JCb
KK4
K0d
Ljp
Dx_
LFu
C1y
E9y
HDD
Hp_
Aue
JXU
MsI
I9v
C6z
LPi
EfN
Fdu
DG5
CHH
Kp5
BJZ
ADl
Dtz
NRs
AZ6
LIM
NHg
IBY
Cm5
FJl
AGR
H6W
MPo
HaS
K3B
F4m
ExL
LbG
L4b
AMP
EzQ
Dlm
Aun
HC_
J9J
JUE
CnV
Bmf
Lwo
N_d
GMl
NJB
BSL
LAo
HS0
F0Y
Djb
Akq
BoA
EFa
IV1
Jua
NDl
K9g
Fa9
Azz
KQh
FDH
KZp
GxE
EId
HSv
FDR
GRG
Czd
KHF
Lhj
J1z
MKf
IVg
LZG
G1e
EUI
Iq9
CEs
BcF
I56
KXZ
JN5
NWd
H2D
DEh
ACz
FQr
KHc
GBY
ITv
NqU
MT4
Dp5
Ilv
FIe
AXC
GhD
Nek
Ak6
N78
Auu
C28
NoG
NiU
DWs
Ib9
NoR
Knt
FGg
JRf
GcX
FTR
MQl
FXY
B0X
FpK
GTD
FYc
EOr
AUB
MnY
Fkz
E9q
Iru
LPU
JJp
JUz
JLH
DSS
M5C
AGd
NSx
Jhk
FZ3
Bn5
LIH
ChT
IhC
MHR
FSy
CWt
GJx
ICw
KnJ
B1d
J12
HZM
HzR
JoZ
C9_
Jgj
LV5
Jbp
Dkr
M1e
DhJ
L25
NDg
J6A
FQg
HLb
GO2
KQw
LUo
IdB
Cos
DaX
N3K
EOQ
DpD
NYj
A_d
KQO
MSS
I_1
FDa
FuE
E4x
L9Q
FhQ
EWT
LmD
EBz
DwP
NDJ
B6k
MaL
Afd
M15
Dkv
ESM
LJ5
Blb
N81
CgS
FhT
H5i
DAj
C6N
HYM
Bj_
Bck
H4_
Ahc
NfG
N6_
Abf
BKU
MHz
J1k
Abx
J2v
Jn1
AZW
F9s
L2p
Lnt
CeU
GuR
JeD
Gty
IW_
Kjk
EQM
G5S
B8B
GTU
NH9
Fdg
MK2
HbL
NSY
J7d
I4w
IC4
HHW
FRO
D8b
HMF
G5J
H4g
DFr
EUj
BNs
EkE
Lyn
L_D
IIU
LdT
JbL
JqP
EZ7
CWa
H9u
KG7
DEg
D9c
Jxp
FkO
FKB
EFs
I4n
KU4
McE
B9C
DfS
L6G
D69
NUp
NSq
Guj
FEB
MA6
LQ1
DMP
Lrv
GcR
BJh
F6V
BD9
B0t
MeQ
KC1
Ez0
JaV
L85
EXO
DAy
NUo
GAo
Jiy
Fs2
NC8
NZZ
KWt
ANH
Dr7
BmG
FUD
AtH
DUY
Azx
Dh3
Fta
D5c
Ksm
Arx
NN6
MAw
D6H
NRz
FaN
CJ_
AqC
Kyr
EFy
Bj0
N_q
Hc0
B9r
H2x
FGe
I62
FU9
BuX
BVe
JIT
KXg
IPg
Hxt
IW8
MJ8
C8w
M_g
Ke4
NSk
Njq
Fsr
GW1
LHN
DUO
Exe
DgD
ECb
NKH
FWD
CYo
L1Q
Edl
BZg
HnK
IQO
CKc
N62
Fmm
ID6
Msd
Lws
EYd
CvP
LEz
Bwd
NPE
KzB
Hn2
JBe
B7F
I2o
IoS
Iln
DZB
Hlz
AvS
JK8
DRP
DZz
FlP
Gt_
GwQ
M9l
DgZ
H6d
