i
9
L
CY
fT
rU
zU
AH
R4
oB
fL
gH
gF
GV
M_
DI
o6
mu
bc
wz
qV
I9
yD
sY
z3
ap
vA
EX
j1
lq
sJ
jC
h2
gU
q1
b3
aY
rJ
ls
nI
sC
jE
gY
s1
fF
fQ
hH
oL
AS
IS
X6
tM
EY
DO
gZ
bz
yW
x7
PV
eG
AB
oq
eV
z4
fU
MO
zS
bE
k8
jL
x5
k1
hV
n1
tP
zB
M6
t8
QX
y8
qDP
a1
c3
zV
KP
qz
AU
km
dS9
k3
hW
AW
b4
wy
ek6
dms
aO1
diW
cNX
aE6
K9
H5_
aNS
GI6
jDQ
biR
iS2
ptR
KO2
qru
k59
zKX
370
hj7
rEF
gW6
vQU
S4_
jtR
mJ2
MNP
epJ
C3_
kFN
guS
ruW
gQ0
GX3
nwQ
K25
rvB
iJS
qtL
fR_
dr5
LS2
PT2
iDL
fCO
QW3
yGU
JQ0
bL5
iwK
nqH
iI3
eL5
rMY
AB7
wDS
BX4
vV1
rzQ
uI5
iB6
eI1
mpq
hW2
zEU
bmx
oSV
qI2
hrQ
lJU
cwP
AOP
vM_
iz8
brG
dCK
oHV
czE
uW2
bBS
ar8
P69
dGK
hIM
gix
jnB
avV
beg
eqB
yW9
nt0
dDI
uC_
xOY
sR8
goy
ftO
PV0
uvY
Z14
cxV
psR
lpy
kly
ps8
tLZ
fM7
fEP
PQW
aZ2
fpy
mo_
mD9
dnX
tB8
hH9
DLS
fjH
bCH
bCM
fqG
bmW
ipX
KM5
M68
cy8
JQ9
sLV
gj5
svH
GN9
crA
guQ
EX6
Z8_
DK8
nrG
GR1
qsE
awS
EI1
kpO
CU8
cCU
rsz
CN9
oP8
mC9
qEY
FI7
dOT
evK
ARV
jDL
aKU
fNZ
q17
byI
im2
kTV
FZ1
eAD
IW9
aF3
agS
iU2
ELZ
uvB
kvT
LV_
hkA
oyK
HK7
CL4
fy_
DW6
lOY
hGQ
oU9
xS_
nJT
GKZ
v48
clY
T68
hs4
zK7
irw
rCU
lS_
gQ7
psD
xC1
cA8
cd8
uJY
qF6
HL_
BKT
xzX
wIN
MQ4
nrE
fz7
hls
byK
iAD
arA
ePX
zKM
bX1
lA2
jU6
jVX
jL6
KN9
wBE
btZ
hnJ
af8
lG5
CIL
hR6
gyW
mpS
cqB
GPX
nAO
AGT
aQS
iyU
COR
gmz
suP
fiZ
hu1
dk7
uFW
JKW
pHV
T49
gI_
uC2
sCY
nz_
tv3
wUZ
wAV
xVX
anv
gtT
FLY
gi7
230
jny
bE0
vV3
clt
nJ4
bBP
iEK
bJ0
xC4
fF1
rsP
ciV
nF3
bpV
EK1
mNX
eL2
EMT
g7_
xIN
isZ
p12
BZ4
ov0
jBT
GT_
mT4
uFI
gW8
vO9
fuR
nPW
lN1
ijk
kOZ
CLP
ln5
nyJ
aqx
ae4
bB1
pyB
di1
ehG
dO6
ABJ
gES
lPR
bE2
EOX
lyK
lw5
fpK
hCT
hN7
gmv
dpz
aP7
CT_
DK6
jrM
hkN
GI_
rFY
azR
anr
kNP
rGL
HJR
at6
eIQ
bd5
zC6
HQ5
BS4
BFK
bjB
luT
mxU
yW7
NY6
xM1
ao8
vFL
ABF
en_
deQ
pCS
zF1
SY1
ruR
JLZ
jzG
eBR
jkD
JPV
T14
mP8
irM
kl5
ACL
sI_
cjG
cg4
bBU
260
ahR
eX8
lw_
yB7
uSV
blI
ew3
N14
KO7
fE9
kEF
XZ1
tT6
gz5
efW
V18
bvE
fnO
ivz
esu
bor
yK4
gN6
amG
FKR
yBG
GP_
gkM
hPY
KY3
B28
mX2
tH3
zE0
B5_
uEX
fw5
sY3
avw
loy
jkz
pt4
clL
xW4
ej8
bZ7
pJW
dDL
nN4
DO6
cm3
lxy
bgJ
aM4
hNT
fnT
ptL
BQ1
nx1
no_
vCG
t58
j58
BG_
suY
syR
mM9
tOY
jH1
DH4
rW1
BGZ
gD7
qSZ
frB
BPQ
qwC
D70
afP
eGQ
KQ5
r17
cmX
tZ3
em6
T27
op1
tJ0
kz1
epL
hW3
cJ6
aiC
jKO
ch8
bC9
iy0
bN2
uz4
MR3
GV_
flt
drY
vJ1
hkD
wK6
LOY
asA
an0
rI5
dKQ
noT
osy
xO2
rvR
mRY
jmy
nU1
RS7
fky
cM1
eIS
dij
vF1
kW1
eP0
HV8
egr
ir0
hw8
bCN
nvC
dy0
kvG
xyG
adn
rFO
flD
iCD
hw1
GU1
lxX
k40
A36
imC
eUX
F58
tGV
vJU
BDU
nJR
K7_
bjy
eK1
aiU
hp5
FJK
jE4
huF
tCX
gF9
qwx
aEL
ho2
jW8
iNY
fQ5
cX4
EJ9
iD9
sCL
oNY
BDL
BR7
oqR
sW2
efE
AI0
lzZ
sxB
ehO
NRY
bV6
H16
lB2
CN1
mnu
qFK
cjP
mE_
wxT
BHX
nAW
iRX
kw0
dmB
pO6
swA
JQ8
ahW
E14
aI_
akX
zS_
vIN
vDP
ltY
wD6
jlP
ru1
P35
eiL
wF4
sJ7
gO2
fR6
mJU
QV2
hIO
DTX
kL2
OPZ
wFJ
gKT
rNQ
gzB
OV0
djl
gR5
vCQ
EVY
AV9
hr9
ovy
KQS
wKQ
GJK
bq1
eJ4
iCI
imV
MQZ
wL4
hO3
mxW
uY7
bi4
hiX
LR2
ik5
cqM
g30
eqF
aps
BK3
wQU
eiG
jX9
EN2
nwK
uzG
wDX
ctR
hFW
be1
yV6
BD3
zZ4
vxP
lDH
hsL
qG8
a50
hTY
KT9
yIT
at5
hz0
beP
dS7
o3_
jk0
k4_
stx
LW9
hK8
fjS
my4
BKQ
jJT
kKZ
J48
bgS
EY_
uCV
yZ2
uQS
ksz
eN0
B7_
ho9
myA
nY8
iAG
bkr
aCJ
mrF
lIN
rH_
mw4
bq9
fjA
knK
sBO
dI4
dPR
kXZ
aS7
kCO
ftR
npt
ix7
GR0
ikO
clC
htZ
mv7
pJP
pxE
mxM
chk
lN5
tAX
bwy
HUV
tuK
eS3
vI3
mJ8
iA3
cV6
mEY
isy
tN8
juC
jDO
ns3
btE
ako
CP6
cHJ
oy1
rGR
vFS
c80
gAG
hE9
vMY
hq0
zRZ
GO1
JV5
xRX
bGL
zCN
bp2
lRV
U29
sT8
hy1
gO4
dx8
SVX
hn6
psU
AEK
cHV
gtS
HNP
kx5
twz
hmn
fIY
wAY
yJR
ef_
pR0
ELT
yE3
ov2
CF4
dwT
Y25
qr4
lCQ
DI0
xzD
eHR
iz_
mrV
Z46
BG0
huL
qKY
rvE
yI2
vxM
hx3
HM8
qFN
eK6
GN0
oyM
gC1
ewL
cs4
LOR
gMN
fwG
YZ9
ISW
AR7
uLQ
jG9
ceB
vz8
ghV
AO_
pw1
hF0
kp8
jsW
ci6
CJZ
bDL
EF1
aK3
zOZ
coP
zNP
jLW
hoC
hlB
RZ8
loC
l59
AOT
lA3
sL2
GJZ
rDI
hv3
jsO
y30
abf
O12
cMS
ER9
jwy
CGK
gwO
CKQ
bKM
esJ
mKY
bNR
iyF
d57
pO0
rDO
yN9
kCL
gpE
gq1
buC
jH3
xY4
xDK
atN
quv
o23
ry5
qt6
GL6
evD
LV8
C5_
nPZ
uCT
kn9
dR_
o24
DM0
OU8
tV0
luI
yO0
mps
yHR
yzB
ijp
wLT
ms0
vDL
itO
ru9
GO8
oqF
qIQ
bm4
CKP
rw9
CTZ
pT4
eI0
iXY
kqB
ikq
GJP
iCL
hNV
uvK
rA0
K3_
nzF
qR6
iB2
qNW
JT4
jAK
rvV
hjF
qxE
B79
sKQ
cFX
cM9
hzH
uCI
bru
acW
IR6
ku_
mtV
asW
dgM
uH3
cgm
mR_
juY
ceY
rF0
no8
uBL
eu_
GHX
xO1
iCM
oEI
GQU
BTX
qxG
jms
sJQ
tJO
dV4
pV0
sN1
jX3
W89
nL0
btL
jyQ
fEZ
ay2
fhK
IR1
acB
bgA
aOR
bzO
bzM
DN6
oO_
czA
ST3
ceN
bz6
bKO
LP2
LZ5
mw1
env
bu8
dfH
i68
zIX
eV5
hjs
FR4
oW2
jG1
mDS
iT1
fFX
kpt
aB4
dtS
A14
qFT
lY8
otC
knX
gzP
dmx
AKX
fuI
cgq
dP0
nV5
mR7
dL_
dxO
sPS
xK7
hJ6
crX
gzU
bly
rBL
JO5
nz7
DFX
AF9
vCH
gr1
eFY
yAM
yHX
IN5
alT
uBI
xKU
dDQ
MOY
glT
uW0
TZ5
lM7
dpQ
bpR
amC
pAI
lUX
itJ
sO4
kwO
inz
IV6
hB1
HT_
bTV
KRS
oDW
imq
zRU
cpN
imK
grP
myX
uyX
euH
wxJ
aj2
irs
cO9
vJT
hw0
gnx
R6_
aqz
nT7
fjl
g60
fi1
dr8
iU_
yE4
aC7
elx
nX8
CF2
LZ3
fg8
cAU
abd
tvR
bu_
mGM
yPU
enE
rE9
RSX
LMP
suT
rtK
puI
fvC
vHT
wH5
ew6
jC7
fs4
xAM
iHN
C59
DKL
otZ
qtN
hlp
iy6
jzW
IX_
sGL
hK6
abo
qOQ
aNW
kKN
GO5
TX1
diB
lU7
iv7
zOT
sxH
sw6
m17
GMO
qy6
kI4
kq4
yOY
CT8
b7_
vwS
g47
lou
mTZ
dhP
CL5
eD3
v1_
BEU
mx_
yEW
Z28
enM
aB3
bST
CJM
GIT
jow
aeE
RXY
lpS
cuX
aes
hEH
oN2
HIY
rJV
q48
mM1
lqB
oT2
fPY
tzV
pP2
gIR
uBM
jmp
yV8
zV9
aGQ
cLO
bL3
KX1
hZ9
bcJ
ouB
rzI
aF7
ABM
nGH
aOQ
eA5
klz
gxA
xI4
DY0
kZ7
fx4
ay5
vBV
jzC
ij2
kE4
wR7
AJ8
iKR
ps0
sC4
adu
dPW
kzA
JNR
yMS
U12
JOZ
pO3
or5
qGP
dtX
kqX
pW9
yS5
boI
AMY
COV
hiZ
AX4
koV
lA7
iu0
jzY
pY9
ajV
zX4
cOW
yEO
oY6
lr1
CU_
ipt
lp1
iwy
EX3
ayL
bDZ
vMS
lEF
FR7
rtZ
c47
vV7
bF1
RY_
uK7
bDE
huA
JNO
asu
dGM
ijH
a29
hsv
ntv
lrX
mXZ
dH2
qKN
MUV
bjV
yQ2
wL1
mY9
DX5
CIP
ovE
mzW
sRZ
hV0
rOT
rT5
aXY
evF
uRX
DOW
CG1
jEY
eLQ
bwA
nvO
hDL
pV5
cC_
cGM
zBK
hio
NY2
gq8
kwI
aqR
GW6
afo
xDE
iF5
DOP
sMT
NT7
bLW
ehW
eoK
hQ5
cfM
qyQ
m18
ah7
tyZ
ep0
rFQ
V29
yTX
d4_
FGY
pst
780
tG9
tY5
bm5
UZ4
hJ1
DF2
dwz
xQ5
for
xLX
kO5
BDQ
NR1
fGK
yFY
mw9
klr
CX0
hrx
uW8
jU_
JR8
QT9
cnB
fsu
ms2
mB9
kV2
ruX
tUX
qBG
iGP
EM7
vG_
pvC
hPS
AY9
rE5
hxA
swT
iNV
lJV
o30
az4
u0_
hn8
s1_
iCN
cIO
sZ5
bz2
ANU
fzA
BN5
uU1
qrR
Y47
DO3
ES9
eZ5
aKL
BI0
KR5
gyU
sIV
jqU
IRV
glX
eB2
dwP
wKM
bMO
dH1
rtP
XZ_
fuE
KZ0
nsK
fqB
eJ0
f18
lrN
tP9
jEQ
BZ8
nG2
joL
n45
P20
yD7
AZ8
jZ_
fwR
izF
cop
mz2
cP7
jwM
bkv
qKL
bxD
249
fW5
sQ4
DUV
gkZ
gm4
yXY
zW1
jC8
j4_
glW
yDH
dek
hn1
cqK
fBC
VY0
lvJ
cq0
nIW
rv5
hz7
d67
jn3
HRY
kIN
g90
hC3
gB5
kY4
DL9
hAT
wx4
ayE
bhL
opu
m37
xEO
P49
dC1
IJR
dir
fvZ
ouD
swS
uDI
mN2
ftu
mqL
imW
qCI
pyU
i35
ozH
bzQ
cV_
su0
M45
H58
jJQ
lDI
iIL
kU9
tuA
duZ
DPU
GV4
eOQ
bJ7
O30
uxG
qzQ
HWY
svB
eL8
y70
qQ7
tY0
azV
bHU
EMZ
z48
pq2
hnA
pu2
sIO
hp7
rCL
tNR
xWX
gBC
fW0
sR3
fgR
fiR
hmQ
rsV
lF8
FHV
gzC
yOT
dS1
erT
jnu
cGT
bT7
bBJ
W28
eUZ
eKO
lZ3
oHS
yK8
wy4
qF7
qA6
J2_
HI8
koy
tyE
hQ4
lpO
wJW
mx6
bY0
yP6
ixU
bq_
uF3
MS3
cM3
567
cHM
fi7
irS
zPY
wzK
xAC
hQS
irU
hGL
vA8
hwE
lEN
fiS
fvA
ejB
cW4
aqJ
sPZ
ej3
kQ0
mnI
mS8
r27
mX0
buR
pA1
agK
rwY
nsN
q30
rEP
QYZ
eOV
ltZ
lmw
bIR
kLU
vwR
syI
oKR
kIX
GKO
AC1
jo5
gJM
alu
zKT
xP7
nG7
myU
IKY
rNW
ewz
dV_
fgl
bgX
mU4
fwN
yGP
x3_
pwY
gzW
mwx
tZ1
xW8
vBU
rEQ
FN7
rI6
FR9
kAT
ajz
dW5
R79
ixy
jo_
DZ4
qV7
aU5
wB0
qT6
n38
hGR
yER
eiD
rBF
rE6
pQ3
cjY
vD3
hkq
dmT
IR8
HW3
fmp
sWX
iG1
alz
jU7
hrF
cdZ
cmG
jv3
ekO
AD4
wT_
gCZ
qMW
B49
hxL
aBO
jW1
mAF
X80
qN4
378
qAJ
eyB
lEL
rtM
dkY
cuJ
kPV
R8_
BCN
rtD
krQ
ky1
I28
DG1
cv4
iIN
wzI
I79
hL4
mR4
nX5
bF9
lTU
imI
fiK
ADL
OZ3
tDX
bU7
oxV
oN5
lqO
jS0
AF6
AFW
gJ_
deO
sMZ
orZ
aMS
jFI
ILP
hM0
L4_
DL5
ceZ
EZ9
cfk
mqK
puK
xOP
cvB
hlG
lqu
iC0
FGK
jpr
dGL
nEK
sRU
JKY
nzK
pE8
p25
xFT
uGV
lr6
nzX
BQ_
oM3
x8_
a49
g5_
D28
ev5
kXY
ko6
bU3
uDO
kM0
S19
nsW
aoG
aD8
ipE
cY9
JOX
fmJ
atQ
dU2
aru
stA
rz8
LT4
csD
fB3
GOR
qw7
brI
iEV
HSU
qG6
dK1
lwC
CY5
beQ
asz
uMO
xT0
iGH
AHY
itR
cHW
h8_
jpu
lsy
PZ9
jV7
hyU
nH_
sC9
fYZ
bL4
GTV
aiT
mrM
INO
quB
ksA
a20
MO3
qR7
460
HM_
fwA
tIX
hI_
bKN
sT1
qMS
CIR
jU9
B70
jzV
kxG
osX
mE8
kN2
oX9
OW1
bdy
txO
fQV
jl9
RVW
ftA
dtG
pHY
BY6
cz3
vE_
esy
aW6
Z5_
bgY
fhm
aW8
aq5
jHT
bjs
clw
CRS
G5_
GSX
LMV
bpZ
gDN
mnM
iOU
dg4
uOS
jOT
CY9
dBF
qt2
kpF
PQX
rY2
g40
pFR
F89
dm6
osP
ATZ
bfh
dj6
uvR
tIM
b34
pxK
sv2
fU9
lqD
nC1
dj3
k69
pN_
ktZ
fyA
AEY
bnO
hS9
lmr
mw7
kNZ
kpv
yL_
rw8
APR
uHJ
gMO
RX_
PSU
irt
mq9
hvC
hR4
dh3
psv
ceO
AU9
al7
uA8
KMQ
hj_
QTV
uF1
qyO
uxA
mqR
bhV
fxB
JL6
nvS
eM8
CDY
nA1
hiH
BGS
dqJ
hqM
Y24
pKN
qGQ
BMY
OP0
dqw
oZ1
jV2
uA3
oQY
Z50
r68
HP0
JT5
IZ9
gmG
hip
dk4
lrJ
BP9
ex3
ops
tOR
pvD
c60
cfK
vQ8
pJT
mG1
aFP
lvN
eZ2
b67
mFJ
xYZ
fjq
gK7
fx8
mx0
dC0
oO6
EHI
aF0
fOT
rx5
fJR
suz
uLT
iwG
jK6
dhi
Z10
HQU
dBU
xyX
rvA
A60
cJU
HTU
lsz
rCZ
IK9
eHK
tyD
hLY
vG4
sJ6
NT4
xDF
N37
Q13
oY8
tS6
mIJ
cdo
bvX
A1_
jwI
b1_
v14
wCU
aoA
hk8
CK2
BD1
eFZ
egL
ER2
sK0
fgK
txG
WX5
EPU
HO_
jpU
AG3
eyT
br2
dyz
rN_
vAC
rHV
st_
QT1
qE0
ajW
cfU
dB4
gzN
iRW
kmG
V90
zEK
gFJ
av3
EN5
vQ1
xP5
GZ1
qJ2
wV_
uST
blv
jsI
hqJ
mH9
hwV
qrs
qL5
knr
bW0
dhG
M40
dkM
NY3
wx8
dxX
dAW
kVW
jRX
jK8
czH
dP5
xJK
CS9
ftM
lR3
yA2
dpK
qH6
yHU
vJ5
akC
iuM
FW0
xUZ
ezC
pSV
KM_
gk0
J16
iB7
hEX
iOT
dNY
cx1
tCW
tDV
rHM
jAT
zX9
yEI
dfK
PSY
bO2
ct4
kpH
lP0
oH3
doK
ah4
rF7
swH
b40
kAM
dr3
rR8
gJK
dzJ
DL_
efT
AOX
aCD
nQ_
wAM
BIS
FJ8
sGK
iDP
sG7
oF3
GI4
tvx
GPR
w12
hH5
iuO
NSW
nzA
pL1
dmp
DFM
nI4
aM_
rBQ
frR
lAZ
eqx
LT7
ekq
mv8
hkC
eV2
sH0
jz9
fZ9
CGV
hX7
rSX
EJ7
wCM
lps
hFK
nz3
fkD
rEL
rzU
rHX
z80
luJ
gN5
myO
kvH
cHN
gh5
fIR
iDJ
OS1
hpZ
EXY
cA0
dX7
bCJ
wU3
yX0
bOS
ptH
APS
uvL
eY4
c36
kqN
ijT
fkm
vLV
qvZ
fvG
bEY
fER
efY
hq_
mBC
BRU
byz
zB1
sDJ
bd8
pDF
oAP
hqI
yJ9
mHS
vCU
yJX
frM
iE6
W12
iD7
gjw
kzO
avB
tU0
z70
ltF
nF_
NYZ
PQZ
iKX
wPS
kLP
kGV
CMS
nT_
svx
be2
UZ7
cdf
gNQ
awJ
mDF
fV5
dUW
wDE
d49
doy
u67
vKM
kHM
aM5
gkL
mDV
m47
BJ_
gPQ
dwJ
vD_
frC
EHR
BNW
dry
H2_
M35
sCW
eN1
i80
dqt
GJ3
FQ9
hB8
pPR
lyG
eQ6
wNV
IN_
KPZ
biF
e23
hHW
qEP
eq4
rwB
S7_
CDO
ctH
hjZ
OS2
kl_
etW
uZ3
fmQ
os2
zUY
cnE
wU8
GPZ
qW7
cgS
bT1
jwQ
sv8
hR_
efh
zKL
GK4
auA
aS0
oU8
pvB
wB1
EFJ
afp
q13
ers
dkK
cfs
hLQ
ipY
tx4
rV5
cfh
zG3
kCV
jsv
cEW
GTZ
BCI
wyA
qW2
nE0
pEG
bpx
IK5
grA
UY_
FUW
biU
jnF
xCU
hjR
uwK
iS7
im0
lHJ
aor
pvJ
CEJ
zF8
kzH
pH0
X19
bq3
IJ8
sBK
ckw
EV9
hvQ
pt9
gEP
hnG
itH
lsV
rI0
nIM
npY
iB_
iku
fD8
nD2
eO5
R23
wJP
lsw
HR8
SU_
fY8
u7_
rzE
sv7
U16
jkE
zNZ
tU6
DG8
xIZ
kMP
itM
fB1
bwJ
kHR
BK9
gHU
inX
kow
xM6
wyM
vL8
juE
fWX
UW4
qB2
gu5
nqQ
arx
tPZ
gF0
z35
pzF
nF5
ayA
CNO
bvD
tH1
X16
rL1
nT5
fs5
ABW
xFK
rVX
hQR
hlH
deA
cIY
uDS
ry4
iyM
koM
qs_
eR2
diJ
LW6
JUV
vTU
g9_
zQ3
EP1
kp2
sBL
dfv
aX9
qsP
ALQ
RW_
tC1
rv3
oFO
hVX
fX5
grD
oZ2
pvO
mx3
zG1
IOW
eC5
WZ_
h47
PZ0
lGH
ayY
wBZ
JV3
FH5
ny8
CW8
hz9
B45
pT8
IW6
IM4
oP4
hsP
noM
pSZ
tKO
XY4
iow
uEG
lTY
jGH
mE4
qvM
tLN
QUY
pVW
iyB
giL
low
A69
x56
dlp
uL2
eAS
kU3
eH4
fKR
kGS
be5
uLZ
zEQ
qzU
bJ5
ehR
kL6
gwD
qx2
bdN
lFH
x90
aPQ
duv
eO0
ew5
bQ5
ad0
AF1
iqT
iL8
dG5
xM7
xM_
bD5
fqQ
fU1
imZ
hFG
txF
crU
QS_
bij
npu
mx7
bM3
SX8
kvF
eKQ
sxW
y80
nq6
N68
UW2
dR8
bwS
qCT
qNQ
eOX
nP_
tG5
bC3
FLV
mH1
HW4
fr4
dl7
eI7
wIL
boq
ij5
ijU
lK4
dv4
osZ
HN2
DVZ
wyH
uJ5
f7_
ip2
tIW
bE6
dux
dHT
mW0
czV
hv5
suR
gjT
xHS
S90
dvJ
np4
mCT
oEX
ruA
pY5
fuY
iy2
iMS
oOT
iyL
de9
dAH
OUX
xAV
zZ2
xEY
v25
U47
gIW
dCS
auK
yCY
pK3
xD1
gB_
lV7
owE
bUZ
hj4
iAS
uRZ
u17
ryH
cQ9
asG
dDG
sBP
mKR
qD9
ES_
sD8
hkm
RX3
u24
CDS
CDQ
nsT
rJX
HO0
gy6
cdx
EMY
btJ
BN9
bO_
qT3
AVZ
wy8
TVX
GMP
dGI
fx3
qPW
oFN
knE
syS
wxW
kOR
DV7
LQV
nW9
OZ9
NPW
EJZ
zJ9
oLQ
xR1
cPY
cET
btX
gkD
iTW
KS5
oQ5
rAT
hGV
KOU
L50
yFZ
hsx
jEI
tuw
kB3
yC8
dmS
jq3
lEW
mRV
gu8
oM1
oGM
AJ9
jyR
cA_
oyG
iPQ
jS9
aIL
fI0
hU0
iQS
UZ6
ei0
axP
xRV
dhA
qI_
bdo
ioN
npy
APV
sUV
pN1
j69
evx
dqX
mMU
s8_
bgV
jln
jV_
cHX
anI
ehI
atE
ny4
bi_
JV4
xD9
pH9
tLY
afS
fkn
oSZ
kOX
P10
bY8
d59
cwX
FJ5
cCL
x48
qCL
HT0
aIP
u16
qRT
AT6
ntR
mwK
HP9
bzR
vBT
hr2
xA0
lO7
bOR
emp
KMO
tIT
HMQ
ow5
eG6
fJ5
IY5
mrC
KP6
es5
oBY
mBD
HI3
fj2
aeo
gqF
jD8
mAE
mL9
hmC
iE3
iC1
BM4
sS3
CJL
IU9
EX5
BJY
tFY
eH2
ae7
mxO
jC5
klw
acd
pwG
lK1
IK6
rt9
aj3
q56
ai5
tE1
cgA
eoD
LN2
DJQ
CIX
oTZ
AL8
KW6
CI7
emu
bPW
jlY
bk0
oW4
egR
zLV
del
cPW
vEK
jlr
rAQ
aMT
nzC
xH5
D10
fuS
b17
jrR
f80
ntA
inG
uN6
fgN
gEL
OQT
pqE
vA6
iEQ
gio
fEK
hyE
c10
rvF
12_
sU5
mrX
lCM
zA9
GI9
pyF
oEO
ovO
hsK
fsH
dnT
lqv
oFW
jkr
ip8
fX0
sH8
bO0
RT0
uI7
agP
gXY
pAT
fgG
n69
aC9
aN7
auU
cpE
fO6
GMN
t24
oT6
tU7
KPW
ipP
j18
ivw
BQV
lKT
zV0
FNO
epr
fiJ
F29
aJO
mAH
sKS
QZ_
mnp
cmE
ptB
a17
fDY
AMT
xIM
deK
mAO
iDY
uA5
uy7
chs
lEQ
np2
kQT
zDG
lux
ksT
ELY
ioS
BH_
ef8
luH
zBC
gY2
hrV
pKO
suU
LNY
sNZ
oIP
lC9
lzP
ntY
hpw
NZ_
coG
uwZ
knq
mGN
IOY
eP6
RS9
hoL
yK_
uw2
pWY
eBD
hiz
qAE
V67
zIK
NQY
EPQ
uDG
LU3
ktw
mty
bls
inB
ilF
ko8
nD_
lL2
bcE
pPV
eEM
jt4
yKX
uz8
aTW
sR7
JZ7
zXY
szF
yN2
wBK
jpJ
yQ9
vDK
bfy
fO0
qz_
LP7
BKV
hzC
CD7
bJ6
jZ1
qJZ
abI
hk4
axD
opF
esU
COP
eg6
xIL
qvE
PV3
IW5
cCM
orW
CLW
jw0
v12
V56
apL
pY0
vX9
LR6
cg_
eW4
kC8
mAN
x15
AL1
ptO
hK1
beG
cu6
DFJ
bny
aeK
qwJ
lmo
gV1
mtX
zM1
vEU
lUY
JMP
jux
qU2
cx_
huy
hr8
s9_
HS7
in7
rN8
rO6
cKS
wF9
mN4
oH5
rU2
ixN
xIQ
cKR
JNQ
jL2
jz2
IX3
CS4
orP
gG2
lwB
efS
lX3
sC1
lrt
uD_
gM1
bU5
oDJ
wB8
fj1
kz7
rOW
kuK
cTU
jBI
uMU
jxJ
b18
DI6
myW
uN8
rM0
fJX
DN4
aAT
z89
eyY
AL6
K69
d14
vAU
ETV
rsv
bdv
aAG
emA
etx
uJL
ER8
lY_
D19
iqv
Y15
i56
hrA
bgW
bnQ
rz9
vW8
gl9
vwU
gx1
ckK
drQ
HSV
bsX
xyD
uxK
fkW
gR4
vP4
ah8
GX7
kCN
pT9
nT6
bfA
135
vQS
pxC
mIP
jMW
sQ1
isP
DNT
HZ3
nAV
cj_
aqY
ABN
hnN
jCM
qTZ
grW
hrR
luY
sP4
crv
sHR
hiS
B10
fxD
fWY
vA4
egW
deu
hOX
LS7
wG_
ksC
U6_
LNQ
nE3
B68
lm9
iyI
wBV
tA3
aU6
msY
dzR
yFG
z23
cuF
qLQ
ijR
iFJ
wP3
iX2
yG7
TUY
ez3
iJX
jH9
biH
muF
hwW
zWZ
kW8
APY
qu1
fP8
jqL
dgC
nN7
r40
alJ
moH
gy5
lDL
dPS
fAY
exD
kyU
ty4
vxH
ao1
rDQ
stT
ps3
gJL
lL5
xy7
F90
eHN
pX2
qFZ
yR5
V38
EI2
dyW
DEO
uyB
SY2
mDH
zBU
svT
CX9
gPV
bE7
qxO
FPU
W18
qST
eV8
owU
tI5
jyO
hRU
lqE
cGH
dEP
dkl
gTV
kv_
lJ4
hu4
EGW
BC1
oW5
k25
qRY
oEL
jD1
bio
cgO
iR5
kuz
MSW
oI5
W5_
yzG
GR7
mHR
P30
oqN
MZ9
clK
bI1
bZ5
sGH
dwZ
bp5
ei8
kBW
quW
nvB
juy
tJ5
rGT
iI8
vEF
e9_
EMQ
nqD
pKQ
qQ9
c19
MUY
go4
y49
gH4
gpV
cu9
xT1
ajH
JO4
oA6
y67
uR6
jA0
CGO
in_
goK
x58
ix8
tyA
gVX
zD2
DEX
ak4
lFM
kST
dF4
eEF
BM6
uT3
az3
KX8
oKM
bH2
bAS
ovQ
czN
elP
jl6
erw
w16
JQS
kDQ
hOU
tIP
blt
IMU
jVZ
wY7
itA
tyN
wO0
kZ6
wH9
h7_
dq0
gP7
egp
r6_
gsW
ANW
KY2
aiz
tE7
dAK
zY_
iDN
hsN
mwI
bBD
kq0
dN6
eix
dBV
oFX
QY8
lQ4
g78
fvS
yDM
CV2
cr8
vOX
BM1
alH
vK6
doW
APX
jZ9
JL9
cu1
efO
uJU
lGO
bjG
vz6
aV6
gCD
br7
gJ0
S5_
ny_
zY7
AE_
lwE
AW2
mGP
EV4
jAU
I34
kCY
fQX
HJV
glF
AMW
eoQ
q68
F9_
MYZ
xF9
gCN
ktC
jwL
coz
467
dl2
hs2
isF
uGY
nxR
nzQ
jJ4
hqO
noH
nFT
mSU
nAB
dqA
FNT
ALT
c37
qL0
emG
zJ2
tE2
nCP
giu
KZ3
kuV
VX6
mIQ
lU9
eis
uE5
goY
U56
V78
I3_
afB
bM2
tI6
bst
vMW
CMV
JOR
uW5
myR
jFR
BCW
EQZ
V27
hP9
iR4
GU8
jvx
bkS
wO5
czL
jI6
cl7
OR1
euN
jCZ
vJ4
wQ1
eL0
nAK
gBO
itG
xLT
GUW
mAL
ERW
RX6
tK0
pqV
anz
OP4
dS3
rIJ
lA_
aFH
vCO
ix4
aJN
oM8
df8
gI1
wE0
eV_
HS4
eAW
pFS
bU2
yI5
lLU
aey
cuT
yM1
AHZ
exZ
nMZ
JM7
MT2
efi
akH
nq7
otN
iF4
o57
uO7
bv0
R67
lmN
qFJ
vHV
in0
tKL
dEI
yP3
kWZ
kDO
kS1
MW8
cv2
yM3
pzE
gvZ
uS7
gCJ
ruE
hxS
DEZ
CTU
B34
glm
kqO
yX7
ipM
hnH
DT6
dh2
tF_
wEH
zC_
IT9
uEU
PY0
mn0
zE9
LU7
CKM
mnD
arN
gor
xN4
sS6
stI
hZ4
ABP
AZ6
GN4
TZ7
ajp
nCE
xOR
dy3
cv6
n59
emN
xM3
fko
fT_
gGI
sw3
bDY
hBZ
oz0
jxA
jmB
jly
cZ2
doA
uVY
efX
aq1
ci_
mn6
EX1
CD3
L8_
hBF
kBY
yE9
FKO
dxG
KNR
cpZ
fpx
ls4
ci8
ou7
p68
TU3
pR_
lEK
AX1
iLZ
FL9
awX
CE8
H40
eB9
fvL
vzT
oCJ
R20
sGX
py_
R57
aCK
W2_
gyE
pNR
gkm
hpy
mCI
LNR
p60
vwI
enO
M7_
iBU
ck0
oDY
BX3
itz
DIM
kX9
qJ6
rKY
i23
iw_
zDS
cqD
nS9
zG6
kX4
ai2
wyW
lDU
msF
dh9
iT2
DGR
KR7
lS3
f37
tVX
X60
qCK
LM3
bG_
sLY
s90
R80
IP_
gw9
jmG
sE4
oIR
sV4
EGZ
N40
K34
cZ_
auC
jrS
rS6
kH9
ex7
fhn
oqs
x9_
gs9
UY3
vZ5
lwW
nIY
bLU
DU9
qry
dE5
zOR
bxY
dgY
vL7
LOW
x20
QW5
k23
AE3
jt8
lV0
iCZ
rv7
osM
pAN
yNS
AK3
msz
qv0
lst
yP4
sFY
dBY
u58
R19
ilU
aky
kn7
uTZ
iw9
rDY
lvO
uA0
BH4
xHX
k14
vz4
HKM
ghn
acq
r67
tvB
qU4
lqT
hmW
u27
aUV
E80
AQ9
AR3
FU8
mAG
LV6
wFH
bxI
biC
oGZ
klO
lpX
hz4
gBS
jJP
mzS
iKY
ehk
mW5
dLP
D39
pry
hSX
JW2
hwH
fJU
LOQ
oAV
jUY
huN
cuE
inu
qQ2
eMN
EJO
iZ1
tW4
amM
sS9
jH4
qz7
