DKHX
DHWG
BNCQ
BHJN
AOIO
ACQK
CFSL
DARK
CYSN
BFCQ
DIKR
ASWL
DGOK
BEWF
AGCS
CCRI
BMYR
BNXF
BQER
CKBI
AEPP
CIEQ
AGDP
BTOP
AQEY
CIRQ
BEUV
BBRH
BXVT
AFYK
CBSN
AXXW
ASQM
BMMM
DJXU
CCEH
CBGS
ALYX
AXFZ
CPKH
AHLX
AOYZ
BMVW
DFTD
CINR
CHVY
BYWB
ATJZ
CGIV
BIGW
BUDT
AWVL
BWUF
CCOO
BPIM
BQYS
BDDN
CXRK
BGYF
ABBR
CJPF
CWZV
AMWN
AKUO
ALKW
CUGF
COCA
CNXU
COCL
DGVK
BEBW
DDUC
BOHN
BSCQ
BLRV
BEDP
CNMT
AXJF
BPXI
CZBW
BSQX
CVJA
CUHB
BNZP
DGAH
ABPX
BICQ
ATSO
AZVR
DJEN
CGAA
ANUD
BPEA
BGBN
CPPF
BRCT
CTXS
CVYT
CWQE
BUPX
BWPH
AKVY
BHEQ
BHPD
CLTQ
CCHY
ALXW
BZSM
CSDD
AYRL
AZTC
DFEW
BPYW
DCFB
BMYT
DKKO
CXOA
ALNQ
AMKG
CPTC
BBOK
DEDY
BUME
AWUE
DAMN
CMFW
AKJK
CFGA
CFOM
AMRW
AANL
AGCA
ANUQ
BXJK
BTKB
AESH
BVSD
ADBO
CDKD
CSIU
BOQP
CMOY
AKMI
ANAX
AMUH
CYNL
BPTQ
ALAB
APXS
CLIU
BWZD
AHPM
DGZG
BITG
BNQX
BZCG
CVKC
ANRS
CDLV
CGXE
BRCI
ANGY
CIEY
AZPQ
BXLQ
ABSD
ANBD
CPEO
DEYS
CBKD
CXGO
BQYL
AOWP
CADC
AJWR
APUM
BKEF
CJJY
BNEO
CIVE
CSOI
CWIQ
CTHE
DIZY
CQLZ
DDHT
AYRO
CEPK
BPQD
CBHX
BWLP
CJMJ
AGJW
AYCV
COLU
BUTU
BCCZ
CAUG
AFNF
CSUN
AQZT
AVDX
AROP
CNTF
BPLX
AUGU
AOYY
ACEM
AEWW
DBDX
AOVF
CHDA
CGFM
DBAH
COVY
CSMF
CVVX
ARAL
DGXE
CMXV
BAMR
AFIB
CXCE
DGMY
BGEU
BITN
CKAX
BPGS
AQXV
CXLP
BDKG
APHF
DFHA
DFEL
CSWR
BLWA
AXEE
AYMQ
CHZG
DBSF
ADOS
CWLJ
AEKG
ACFQ
DBCV
CRVX
CIME
AFLL
BGBO
CHFA
CPEE
CNIB
AQSS
CSTG
CPQU
CWSQ
CXWF
CZFK
DHGS
AMEY
ABUX
COOC
CPSN
CSLG
BECD
ABEJ
BPRI
ANNG
BCRT
BRRU
AQVA
APMF
BXDL
DCAR
AXZX
AENO
DCRC
AGUQ
DDBL
AMWG
AWJI
BOLH
AXWK
AVIK
CAOG
AYRT
BHTX
DAOF
CMZW
BXSX
AYRN
BPPY
BUDL
BYAK
ABTT
CYTV
AKQN
AGKM
APIH
CNJD
BJQG
CMND
ASDK
BQCD
AVUM
AZEW
ASPW
CMWX
CAKR
AKDZ
CDYB
BSEL
CPEW
CIWB
AZDP
BXCG
AEPS
CWQU
ACSR
AVBD
BQJR
CCMC
DHOD
CRUS
BIGN
BVWT
BVZK
ASIF
ATRR
DFKE
AFTZ
BYYY
BNAH
APQT
CIEL
BPKC
BEAT
ANNO
DBMM
DGOL
AHHM
BDWA
DACP
CPPP
AMVX
BOJH
AKDS
BEOZ
CIWP
AEUI
BFJW
BFIR
AING
DAZS
BSHZ
AEAD
BJDV
DFWE
CZDO
AJYP
AEOR
AKNV
AIME
BTVE
CSCO
CBYF
AJSN
CNTS
BUVC
BAPL
AUHP
BIQZ
CKXY
BOMK
BZIX
DIYV
AGSN
BXTP
AIEO
BOIG
AXXB
ARCT
ADXT
BDBG
CMEX
AWNE
CNEG
BZVU
AOKV
CSEK
CBKT
AKNH
BSPF
CHEE
AIDB
CJQT
AMUA
AKOR
DADT
BJXC
BUWW
AUSM
BRMW
BCOP
BHTC
DHAP
CGFE
BYHI
ACQA
CEVP
CLIR
CLJB
ATBH
BWFM
AGQF
BJGW
BHBB
ALTH
BKGB
DDXS
CMJN
BLBP
DDNY
CRYI
BBXD
DDKL
BBJT
AHQE
BSAN
CYOD
AGVP
CLAL
CLKN
BBVO
CFYD
CASI
ASID
CSJY
BGPP
AIBZ
CEJK
CLAK
CRJA
BCZB
BYBE
AHEY
BYNE
DGWR
AKMK
AEPT
ABXH
AMTW
AOOR
CKYV
AJMK
CFBG
ASWQ
ARMU
CTNO
BQGD
BXUZ
BYVU
CYRQ
BGNO
AMLN
AVVQ
CVKY
BAFV
CKIV
AGHM
BDDY
CJFJ
CUDB
AYTX
DJQT
AIWQ
BQDE
AXJW
CLQM
BPMP
CMCQ
CEDN
CQSF
BYAZ
BFVH
CJRT
AKKT
ATPQ
BHKC
CHLS
ABQW
DCYU
APDW
CBSM
ADJI
AYIN
BVYA
BEDY
BIFT
DJCT
DCVV
CSFX
CCUW
CSMA
CNKU
DARU
BLHX
APMH
BFMD
BSTZ
AAGX
ANLP
AIYA
CABK
CWRD
ABID
BYOK
BVUT
BDDZ
CKJC
APRY
BCTN
BIWV
BWID
CDYQ
CLEC
CEMH
AHXY
CDQA
BCEW
BFLQ
BYBA
ASYA
CGCU
BGLX
CPCD
BOTA
AXNC
AQJP
DJCO
ABDI
CQFK
ABFC
CJFV
CZDG
ARFY
BEOX
BMXO
DKEU
BRED
CQZH
AYWW
AASB
CRVB
CQFB
DAAO
CKPL
CRJV
ANMV
CLKX
CNAJ
AFZU
CSCK
BMNL
APEX
APYQ
AFJV
BYGM
AHDM
CVNF
BLGK
AHOY
DHJC
CMPU
CLFJ
CQRH
BBAX
BTHT
APPF
BTYH
DCAO
CDXC
BSKS
AEBL
DCSQ
CSVR
BWSX
CHRA
CSFQ
AUCG
CMUE
BLWJ
BKHW
CIDD
DBSX
AKSL
CZVD
AOMX
CXTX
CTSY
AEZT
CQIS
AJCI
BRNC
ALFK
AMMB
ALBU
ABVB
ASKA
CLUN
BBXE
AOIC
ASYP
DHDS
BIWQ
BOAE
CQKT
CWUG
AXUQ
COLR
DDUJ
AINH
CWHE
AQHT
CUXW
DJZR
CEKM
BLNZ
CDRJ
AHQZ
DGTM
CTFO
CJYV
CAFY
AUBW
CWUS
ABXP
DDCJ
CXCD
BKKO
CMJC
ADYA
CCIF
CGWT
ABVU
BOVX
BEWC
CNDJ
AGSV
BPUI
DKCL
DKTE
COWG
BAYI
CALA
BVGB
AGDN
BNHK
AZCP
DGQZ
CDTN
BPFE
ALFL
BJZI
CMAL
CWTM
ADIZ
DKKJ
CHFC
CZJC
ADQK
BKVD
CEBE
BFSN
BKJI
AFNM
CXHB
CXKY
BGES
CCQG
DHOY
BAXI
ACUJ
CIRP
ARJM
AGRH
CQKP
BKBC
ASBQ
AUKL
DGVW
CDTR
CLNN
BXBU
DIYC
BHWF
BBVR
ABDS
APGD
ADRM
CHYD
CHIY
CGEA
AVIB
CUIU
CDBL
AEWY
AOOS
BAAI
CXVW
CBCT
CEZN
DAFI
BFBC
CDIW
CUOK
BLPF
ANCJ
DCQX
BBDZ
AEFH
BZNZ
CAFR
AFDZ
CKVP
CSGZ
AADJ
CSXL
BECJ
DCYQ
AQTW
DHOJ
ARLN
BWSK
