E
9
D
hw
fT
M3
OT
j5
aF
Y6
fw
V0
o_
CM
HY
hm
CS
S4
jk
SY
dJ
J6
rX
h2
zL
iv
uV
rJ
ls
nI
gY
fF
i5
J3
50
oL
hD
vO
eJ
jD
x7
z4
wV
eE
fU
l2
jr
z2
hi
k8
k12
zB
M6
eM
fA0
muv
eux
iR
owJ
rW4
bNU
aO1
w2
mxD
cKN
fjm
cv9
prV
vH0
bW5
pS7
KO2
S4_
gxI
FR_
oIQ
tZ6
UZ5
bAQ
ruW
nov
dey
AJN
dH0
eu3
nwM
fCO
nLO
lO4
dFH
DX8
dw5
iwz
dS0
iB4
c34
bC1
MU7
mpq
CHM
zEU
oSV
hC8
GK3
tzE
U14
brG
CSW
bjn
opD
nS1
fkN
lrx
beg
yHO
uC_
cko
lnJ
np0
ktE
abw
MNY
aqU
fgT
EOQ
dfP
tLZ
fEP
AG2
DLN
eAB
bmK
fqG
noZ
uT2
oIO
bB4
PY8
GQS
r1_
pHW
bfp
xBS
ekT
eLW
F49
nrG
vER
BMT
VYZ
jEN
qsE
RS1
ju9
zN_
aRU
FI7
aV2
gsI
bi3
kA7
fNZ
byI
IW9
GS7
stU
aF3
aY5
fGY
uvB
y17
afw
nvM
HK7
xL4
xS_
gEU
fu0
er3
GKZ
BH8
qT7
qs8
tOT
y25
euI
hs4
uA_
ber
QZ7
BDF
gQ7
gBP
Q67
wMZ
cd8
aC3
hRW
gFR
owY
BKT
MQ4
bA5
coN
DN_
hls
mL8
inC
zKM
yE8
WY_
nq8
hR1
xU0
qYZ
knF
jY3
qAT
T30
LQ9
yJW
hR6
n6_
boz
HO2
arv
svQ
pAU
cnZ
NW_
lLT
jk8
amY
exA
czQ
IKX
etM
fiZ
HV9
hu1
fhH
T49
cvJ
V79
stC
lTZ
knH
cp2
chB
GK6
qG1
qET
tFP
oJV
vV3
t57
bBP
xET
yTW
HIN
ntI
g7_
xIN
isZ
oDQ
btT
pvE
BHO
hAZ
IJ5
RSZ
sDX
nyJ
aqx
szJ
PXY
crS
jwB
yO7
DEV
ABJ
INR
fw3
gQ4
lyK
N27
nJ1
W29
jrM
CK8
nwH
fH1
CNV
xz9
anr
xyR
ES3
ar9
MRZ
xN8
ry6
bd5
hnL
tW5
oLT
zIU
nBU
iwR
iJK
mP2
zCD
eFT
gjq
vFL
z47
tFQ
ty6
JLZ
lpL
jkD
atD
gvH
xy5
ERT
rD2
kl5
hN4
KL2
cyZ
kU4
ftK
arG
agy
kCU
hIY
nwC
bKR
N14
lLN
XZ1
czC
DM8
bvE
ivz
eo8
qO3
w56
ILU
myM
fyz
gDF
c30
JW7
n60
tC5
QRX
ctX
jK7
fw5
oqB
tB9
iwD
mzQ
clL
cBC
yD9
bqF
lP3
uwT
ce5
vBY
bgJ
fg2
sBI
ptL
sv0
iUW
mNZ
pKZ
cfC
yzC
24_
suY
dkq
gyM
JP3
tOY
bHQ
NUV
qVZ
nB8
hUX
bLZ
ct2
mMQ
wy5
kqz
ipG
hMS
vVZ
t14
gv0
JS2
vNQ
apM
kyO
aMO
cFS
xE2
bN2
ITZ
lS4
kJ6
orK
p79
jVY
wHR
iIJ
cNW
wzB
cIQ
GQ0
ep6
q70
cTX
EFO
m0_
ht_
eH8
DV6
rx4
mRY
bpI
kW1
bgK
swB
ir0
ep3
AK9
hw8
QRS
jGI
kvG
bFY
xyG
zPZ
DHN
twK
axJ
ep7
vCP
afK
vA5
tT1
vDY
pzN
lQ0
fBG
abq
wFW
lyS
rJK
akP
bfl
stz
huF
acE
ady
iNY
msW
cX4
evQ
cqW
rvw
mE5
gEK
o58
kD7
ft_
VW6
mE9
rM1
uO3
iRX
LN_
uKN
JY6
uCR
swA
JQ8
FT4
aI_
EP9
lzF
aAS
dk8
hpL
io1
fQ0
ayS
iBN
xFL
enr
bhp
jCU
joW
kpR
fs6
EH4
qS_
hIO
boU
Y69
egV
fln
D60
e56
wU2
gzB
d0_
AV9
qMU
tS1
wKQ
nKT
OQ0
buH
iCI
de8
dAJ
bpz
v37
DSV
duV
F2_
apY
nwN
ik5
kG2
126
GO_
g30
eqF
AFK
irB
pvY
EN2
pY6
OW6
kG5
ctR
hFW
nP5
bI6
be1
bY7
vCV
dlF
zZ4
vxP
diS
hsL
oB5
apF
KT9
yIT
jNU
dS7
cfA
bkV
glL
p59
hky
CL1
tw3
efw
oDI
lQ_
fq8
P38
HQ7
jnN
CKN
K37
qV2
uvE
iuJ
nL_
aCS
otL
bgj
hU6
rwP
asT
oE8
ks6
fjA
FMR
cyC
zB_
HK4
oOZ
kXZ
DE0
hmH
gDI
npt
FRX
xHR
jD5
nH6
ATY
fmB
qzH
EL8
eyU
btx
lDF
m56
pAF
pT5
FST
zX2
fKN
FZ2
mEY
bMN
K19
hD9
bdz
hsU
uLU
cU6
zZ3
S20
AFN
CP6
kO_
cHJ
bqy
gmF
AKY
otI
fz3
AES
r29
JRW
arM
yAU
gKO
AXZ
D6_
zHJ
nK1
eAI
dB3
iIX
U29
hy1
fvY
uEF
OP1
iN9
fV6
btw
hsC
bvZ
FRV
wY0
iv0
t13
DI0
htz
IZ_
CL6
bjt
nDF
tGK
bzN
lsM
yI2
ltA
svz
noY
eK6
K18
oyM
inK
YZ9
AR7
qG0
uLQ
AJ3
jG9
ceB
vz8
AO_
kq3
pw1
jsW
ci6
bDL
EF1
pqZ
zOZ
zNP
jLW
hoC
hlB
wzX
RZ8
loC
AOT
lA3
sL2
GJZ
rDI
hv3
jsO
lu1
dqF
krD
O12
ER9
HQ9
esJ
bFL
mEL
mKY
bNR
CDM
iyF
pO0
rDO
yN9
gpE
MS1
gq1
buC
jH3
atN
quv
qDF
ry5
qt6
GL6
LV8
C5_
nPZ
kn9
lpt
o24
DM0
OU8
tV0
luI
sv4
diO
LX2
yO0
mps
yHR
yzB
ijp
wLT
e30
vDL
itO
ru9
bKW
qIQ
bm4
rw9
eI0
kqB
ajY
ikq
GJP
uvK
K3_
iB2
qNW
JT4
jAK
rvV
qxE
B79
cFX
qA4
cM9
hzH
aE4
uCI
acW
IR6
ku_
mtV
mzC
asW
uH3
juY
ceY
rF0
no8
uBL
GHX
xO1
iCM
oEI
GQU
BTX
lAB
qxG
jms
sJQ
tJO
dV4
pV0
sN1
W89
nL0
btL
jyQ
fEZ
ay2
fhK
IR1
acB
bgA
aOR
bzO
bzM
DN6
tuV
ST3
ceN
cZ9
bKO
LP2
LZ5
env
bu8
dfH
i68
zIX
QUV
eV5
hjs
FR4
oW2
jG1
mDS
rC9
iT1
fFX
kpt
aB4
dtS
A14
lY8
otC
gzP
dmx
AKX
fuI
cgq
dP0
nV5
dL_
dxO
xK7
hJ6
crX
gzU
bly
rBL
JO5
mFZ
DFX
AF9
DSY
gr1
eFY
yAM
IN5
alT
xKU
dDQ
MOY
glT
uW0
TZ5
dpQ
bpR
xV1
amC
pAI
sO4
zL8
kwO
EHZ
inz
IV6
hB1
HT_
bTV
KRS
oB_
imq
zRU
cpN
imK
grP
uyX
uzU
euH
wxJ
aj2
irs
cO9
vJT
hw0
gnx
R6_
aqz
nT7
fjl
g60
fi1
dr8
iU_
aC7
elx
dmR
qSX
CF2
LZ3
fg8
cAU
abd
tvR
bu_
mGM
yPU
enE
rE9
RSX
suT
rtK
puI
fvC
wH5
ew6
jC7
fs4
xAM
iHN
DKL
otZ
qtN
hlp
iy6
IX_
sGL
hK6
abo
zA2
qCM
qOQ
aNW
kKN
GO5
TX1
diB
lU7
iv7
zOT
sxH
sw6
m17
GMO
qy6
kI4
yOY
CT8
zQW
b7_
vwS
iJ6
g47
lou
mTZ
CL5
eD3
v1_
BEU
mx_
yEW
Z28
aB3
CJM
GIT
jow
aeE
RXY
lpS
cuX
aes
hEH
oN2
HIY
rJV
q48
mM1
lqB
oT2
rt1
fPY
tzV
pP2
gIR
jmp
yV8
aGQ
cLO
czG
bL3
KX1
hZ9
bcJ
ouB
rzI
aF7
nGH
aOQ
eA5
klz
gxA
xI4
DY0
kZ7
fx4
ay5
vBV
jzC
ij2
kE4
wR7
AJ8
fD4
iKR
ps0
sC4
adu
dPW
kzA
JNR
yMS
U12
JOZ
pO3
or5
qGP
dtX
kqX
boI
AMY
COV
hiZ
fh2
AX4
koV
lA7
iu0
jzY
pY9
ajV
zX4
cOW
yEO
oY6
lr1
CU_
ipt
lp1
iwy
EX3
ayL
bDZ
vMS
lEF
FR7
rtZ
vV7
bF1
RY_
uK7
bDE
JNO
asu
dGM
ijH
a29
hsv
ntv
hLM
lrX
mXZ
dH2
qKN
MUV
bjV
yQ2
wL1
mY9
DX5
CIP
ovE
mzW
sRZ
hV0
rOT
aXY
evF
uRX
DOW
CG1
jEY
eLQ
bwA
nvO
hDL
yAR
pV5
cC_
cGM
zBK
NY2
gq8
kwI
GW6
gJR
afo
sw8
xDE
iF5
DOP
sMT
NT7
bLW
ehW
eoK
hQ5
cfM
qyQ
m18
ah7
tyZ
ep0
rFQ
V29
yTX
az5
d4_
FGY
pst
780
tG9
bm5
UZ4
hJ1
DF2
xQ5
for
xLX
BDQ
NR1
fGK
yFY
klr
CX0
hrx
uW8
jU_
JR8
cnB
fsu
ms2
mB9
kV2
ruX
ckI
qBG
iGP
EM7
vG_
pvC
hPS
AY9
rE5
hxA
swT
iNV
lJV
o30
az4
u0_
hn8
s1_
iCN
cIO
sZ5
ANU
eG3
fzA
BN5
uU1
Y47
DO3
ES9
eZ5
aKL
BI0
sIV
jqU
IRV
glX
eB2
dwP
wKM
bMO
dH1
xyO
rtP
XZ_
fuE
KZ0
nsK
fqB
f18
lrN
tP9
jEQ
nG2
joL
n45
nzG
yD7
AZ8
jZ_
fwR
gxW
izF
mz2
cP7
jwM
bkv
qKL
bxD
249
fW5
sQ4
DUV
gkZ
gm4
yXY
zW1
jC8
j4_
glW
yDH
dek
hn1
cqK
lvJ
nIW
rv5
hz7
zY8
d67
jn3
HRY
g90
hC3
gB5
kY4
DL9
hAT
wx4
bhL
opu
m37
xEO
dC1
IJR
dir
fvZ
ouD
swS
uDI
mN2
ftu
mqL
imW
qCI
pyU
i35
ozH
bzQ
cV_
su0
mqY
M45
jJQ
lDI
iIL
kU9
tuA
duZ
DPU
GV4
eOQ
bJ7
O30
uxG
qzQ
HWY
svB
eL8
y70
qQ7
bcH
tY0
azV
a26
bHU
ehH
z48
pq2
hnA
pu2
sIO
hp7
rCL
xWX
gBC
fW0
fgR
fiR
hmQ
rsV
SW8
lF8
FHV
gzC
yOT
dS1
erT
jnu
cGT
bT7
bBJ
W28
eUZ
eKO
lZ3
yK8
wy4
qF7
qA6
J2_
HI8
koy
tyE
hQ4
lpO
wJW
mx6
bY0
yP6
ixU
xQ1
bq_
uF3
MS3
cM3
567
cHM
fG9
fi7
irS
zPY
GRZ
wzK
xAC
hQS
irU
hGL
vA8
hwE
lEN
fiS
fvA
ejB
cW4
aqJ
ej3
kQ0
mnI
mS8
r27
mX0
buR
pA1
agK
rwY
q30
rEP
QYZ
eOV
RW5
ltZ
lmw
bIR
kLU
vwR
syI
oKR
kIX
GKO
AC1
gJM
alu
zKT
xP7
nG7
IKY
rNW
ewz
dV_
fgl
bgX
mU4
fwN
yGP
JW8
x3_
pwY
gzW
kD1
mwx
tZ1
xW8
vBU
rEQ
FN7
rI6
FR9
kAT
ajz
dW5
R79
jo_
DZ4
lT0
qV7
aU5
wB0
qT6
n38
hGR
Q7_
yER
rBF
rE6
pQ3
cjY
vD3
hkq
dmT
IR8
HW3
fmp
sWX
iG1
alz
jU7
hrF
cdZ
cmG
jv3
ekO
AD4
wT_
gCZ
qMW
B49
hxL
aBO
jW1
X80
qN4
378
qAJ
eyB
lEL
rtM
dkY
hpP
cuJ
kPV
R8_
BCN
rtD
krQ
ky1
I28
DG1
cv4
iIN
wzI
I79
hL4
mR4
nX5
bF9
lTU
fiK
ADL
OZ3
xSW
tDX
bU7
oxV
mtu
oN5
lqO
jS0
AF6
AFW
gJ_
deO
sMZ
orZ
aMS
jFI
ILP
hM0
L4_
DL5
ceZ
AER
EZ9
cfk
mqK
puK
xOP
kFI
ovJ
hlG
lqu
iC0
jpr
dGL
nEK
FK2
JKY
nzK
pE8
p25
xFT
uGV
lr6
nzX
BQ_
oM3
x8_
g5_
D28
ev5
kXY
ko6
bU3
uDO
kM0
S19
nsW
aD8
ipE
cY9
JOX
atQ
dU2
wJ7
aru
stA
rz8
LT4
csD
fB3
GOR
qw7
brI
iEV
HSU
qG6
dK1
lwC
CY5
beQ
asz
uMO
xT0
iGH
AHY
itR
cHW
h8_
jpu
lsy
PZ9
jV7
hyU
nH_
sC9
fYZ
bL4
JO0
GTV
aiT
mrM
INO
quB
ksA
fpM
a20
qR7
460
HM_
fwA
tIX
hI_
bKN
qMS
CIR
jU9
B70
jzV
osX
mE8
kN2
oX9
OW1
bdy
HJK
txO
fQV
jl9
RVW
ftA
dtG
pHY
BY6
cz3
vE_
Y23
esy
aW6
Z5_
bgY
fhm
aW8
K56
aq5
jHT
bjs
clw
CRS
G5_
GSX
LMV
gDN
mnM
iOU
dg4
uOS
jOT
CY9
dBF
qt2
kpF
PQX
rY2
g40
lAI
pFR
F89
dm6
ATZ
bfh
dj6
uvR
tIM
b34
sv2
fU9
lqD
nC1
dj3
k69
pN_
fyA
AEY
bnO
hS9
lmr
mw7
kpv
rw8
APR
uHJ
gMO
PSU
irt
mq9
hvC
hR4
dh3
psv
ceO
AU9
al7
uA8
KMQ
hj_
QTV
uF1
qyO
uxA
mqR
bhV
fxB
JL6
nvS
eM8
CDY
nA1
hiH
BGS
dqJ
hqM
Y24
pKN
qGQ
BMY
OP0
dqw
oZ1
jV2
uA3
oQY
Z50
r68
HP0
JT5
IZ9
gmG
hip
dk4
lrJ
BP9
ex3
ops
tOR
pvD
c60
cfK
vQ8
pJT
mG1
aFP
lvN
eZ2
b67
mFJ
xYZ
fjq
gK7
mx0
dC0
oO6
EHI
aF0
fOT
fJR
suz
uLT
iwG
jK6
dhi
Z10
HQU
dBU
xyX
rvA
A60
cJU
HTU
lsz
rCZ
IK9
eHK
tyD
hLY
vG4
sJ6
NT4
xDF
N37
Q13
oY8
tS6
mIJ
cdo
bvX
gnE
A1_
jwI
v14
wCU
aoA
hk8
CK2
BD1
eFZ
egL
ER2
sK0
fgK
txG
WX5
EPU
HO_
jpU
AG3
eyT
br2
dyz
rN_
vAC
rHV
st_
QT1
qE0
ajW
cfU
dB4
VW3
gzN
iRW
kmG
V90
zEK
gFJ
av3
EN5
dpw
vQ1
xP5
GZ1
qJ2
wV_
uST
zFM
blv
jsI
hqJ
mH9
hwV
qrs
qL5
knr
bW0
dhG
M40
dkM
NY3
wx8
dxX
dAW
kVW
jRX
jK8
czH
dP5
xJK
ftM
swE
lR3
yA2
dpK
qH6
yHU
vJ5
kzD
akC
ezC
pSV
gk0
J16
iB7
hEX
dy5
iOT
dNY
cx1
tCW
tDV
rHM
jAT
oAK
zX9
yEI
fn5
dfK
PSY
bO2
ct4
cl0
kpH
oH3
doK
ah4
rF7
swH
b40
kAM
dr3
rR8
gJK
JW4
yW4
dzJ
DL_
efT
AOX
aCD
nQ_
wAM
BIS
FJ8
sGK
sG7
oF3
cd9
GI4
tvx
GPR
w12
BJK
hH5
hjn
iuO
NSW
nzA
pL1
ER1
vD9
dmp
sJR
DFM
nI4
aM_
rBQ
frR
lAZ
eqx
LT7
ekq
mv8
hkC
eV2
sH0
jz9
fZ9
CGV
hX7
rSX
EJ7
wCM
lps
hFK
nz3
fkD
rEL
rzU
rHX
z80
luJ
gN5
myO
cHN
gh5
iDJ
iqR
OS1
hpZ
EXY
cA0
dX7
bCJ
wU3
yX0
bOS
ptH
APS
uvL
eY4
c36
kqN
ijT
fkm
vLV
qvZ
fvG
bEY
fER
efY
hq_
mBC
BRU
byz
sDJ
bd8
HL9
pDF
oAP
hqI
yJ9
mHS
vCU
yJX
frM
iE6
ewF
W12
iD7
gjw
kzO
avB
tU0
z70
ltF
nF_
NYZ
PQZ
iKX
wPS
osT
kLP
kGV
CMS
nT_
svx
be2
UZ7
C18
cdf
gNQ
awJ
mDF
fV5
dUW
wDE
d49
doy
u67
vKM
kHM
aM5
gkL
mDV
m47
BJ_
gPQ
dwJ
vD_
frC
EHR
BNW
dry
H2_
M35
sCW
eN1
i80
dqt
GJ3
FQ9
hB8
pPR
lyG
eQ6
wNV
IN_
KPZ
biF
e23
hHW
qEP
eq4
rwB
S7_
CDO
ctH
hjZ
OS2
kl_
etW
uZ3
fmQ
os2
zUY
cnE
wU8
GPZ
qW7
cgS
bT1
jwQ
sv8
lB3
hR_
efh
zKL
aS0
pvB
wB1
EFJ
afp
q13
ers
dkK
cfs
hLQ
ipY
tx4
rV5
cfh
kF_
zG3
kCV
jsv
cEW
GTZ
BCI
wyA
qW2
E59
nE0
pEG
bpx
IK5
grA
UY_
FUW
biU
jnF
hjR
uwK
iS7
im0
lHJ
aor
pvJ
CEJ
zF8
F57
kzH
pH0
X19
bq3
IJ8
sBK
ckw
EV9
hvQ
pt9
gEP
hnG
itH
lsV
rI0
nIM
npY
iB_
iku
fD8
nD2
eO5
R23
wJP
lsw
HR8
SU_
fY8
u7_
rzE
sv7
U16
jkE
zNZ
tU6
QUW
DG8
xIZ
kMP
itM
fB1
kHR
BK9
gHU
inX
kow
xM6
wyM
vL8
juE
fWX
UW4
v9_
qB2
gu5
nqQ
lAO
arx
tPZ
gF0
z35
pzF
nF5
ayA
CNO
bvD
tH1
X16
rL1
nT5
fs5
ABW
xFK
rVX
hQR
hlH
deA
cIY
uDS
ry4
iyM
koM
qs_
eR2
diJ
JUV
vTU
g9_
ftF
zQ3
EP1
kp2
sBL
dfv
qsP
ALQ
RW_
rv3
oFO
hVX
fX5
grD
oZ2
pvO
mx3
zG1
IOW
eC5
WZ_
h47
PZ0
lGH
ayY
wBZ
FH5
ny8
CW8
hz9
B45
pT8
IW6
IM4
oP4
hsP
noM
pSZ
tKO
XY4
iow
uEG
lTY
jGH
mE4
qvM
tLN
QUY
pVW
giL
A69
x56
dlp
pxR
uL2
eAS
kU3
eH4
fKR
kGS
be5
uLZ
zEQ
qzU
bJ5
ehR
kL6
gwD
bdN
lFH
x90
aPQ
duv
ew5
bQ5
ad0
AF1
iqT
iL8
dG5
xM7
xM_
bD5
fqQ
fU1
imZ
hFG
txF
nR7
QS_
bij
npu
mx7
bM3
SX8
kvF
eKQ
sxW
nq6
N68
UW2
dR8
bwS
qCT
JU0
qNQ
eOX
nP_
tG5
bC3
FLV
mH1
HW4
fr4
dl7
eI7
wIL
boq
ij5
ijU
dv4
osZ
HN2
DVZ
wyH
uJ5
f7_
ip2
tIW
bE6
dux
dHT
czV
hv5
suR
gjT
xHS
dvJ
mCT
oEX
ruA
pY5
fuY
iy2
iMS
oOT
iyL
de9
dAH
OUX
xAV
zZ2
xEY
fnE
v25
U47
dCS
auK
yCY
pK3
xD1
gB_
lV7
owE
bUZ
hj4
iAS
uRZ
u17
ryH
cQ9
asG
dDG
sBP
mKR
ES_
sD8
hkm
RX3
u24
CDS
iEI
CDQ
nsT
rJX
HO0
gy6
cdx
EMY
btJ
BN9
bO_
qT3
AVZ
wy8
TVX
GMP
dGI
fx3
qPW
oFN
knE
syS
wxW
kOR
DV7
LQV
nW9
OZ9
NPW
PSV
EJZ
zJ9
oLQ
xR1
cPY
cET
btX
gkD
iTW
KS5
oQ5
rAT
szV
hGV
KOU
L50
yFZ
hsx
jEI
tuw
kB3
yC8
dmS
jq3
lEW
mRV
gu8
oM1
oGM
AJ9
jyR
cA_
oyG
iPQ
jS9
aIL
fI0
hU0
iQS
UZ6
ei0
xRV
dhA
qI_
ioN
APV
bu9
sUV
pN1
j69
evx
dqX
mMU
s8_
bgV
jln
jV_
cHX
anI
ehI
atE
ny4
bi_
JV4
xD9
tLY
afS
fkn
oSZ
kOX
P10
bY8
d59
cwX
FJ5
cCL
x48
qCL
HT0
aIP
u16
qRT
AT6
ntR
mwK
HP9
bzR
vBT
hr2
xA0
lO7
bOR
emp
KMO
tIT
HMQ
ow5
eG6
fJ5
IY5
mrC
KP6
es5
oBY
mBD
HI3
fj2
aeo
gqF
jD8
mAE
mL9
hmC
iE3
iC1
BM4
sS3
CJL
IU9
EX5
fO8
BJY
tFY
eH2
ae7
mxO
jC5
klw
acd
pwG
lK1
dzT
IK6
rt9
aj3
q56
ai5
tE1
cgA
eoD
LN2
DJQ
CIX
oTZ
AL8
KW6
CI7
emu
bPW
jlY
bk0
oW4
egR
zLV
del
cPW
vEK
rAQ
aMT
nzC
xH5
D10
fuS
zN7
b17
jrR
f80
iS3
ntA
inG
jnz
uN6
fgN
gEL
OQT
pqE
DOS
vA6
gio
tBJ
fEK
hyE
rvF
12_
sU5
mrX
lCM
zA9
GI9
pyF
oEO
ovO
hsK
fsH
dnT
lqv
oFW
ip8
fX0
sH8
bO0
RT0
uI7
agP
gXY
pAT
fgG
n69
aC9
aN7
auU
cpE
fO6
GMN
det
t24
oT6
tU7
KPW
ipP
j18
ivw
BQV
lKT
zV0
FNO
epr
fiJ
F29
aJO
mAH
wGY
QZ_
mnp
cmE
ptB
a17
fDY
AMT
xIM
deK
mAO
pNZ
iDY
uy7
chs
lEQ
np2
kQT
zDG
lux
ksT
IJ0
ELY
ioS
BH_
ef8
luH
zBC
gY2
nr9
hrV
pKO
suU
LNY
sNZ
oIP
lC9
lzP
ntY
hpw
NZ_
coG
uwZ
knq
mGN
IOY
eP6
RS9
hoL
yK_
uw2
pWY
eBD
hiz
qAE
V67
eCJ
zIK
NQY
EPQ
uDG
ktw
mty
bls
inB
ilF
ko8
nD_
lL2
bcE
pPV
eEM
jt4
yKX
uz8
aTW
sR7
JZ7
zXY
yN2
jpJ
yQ9
vDK
bfy
fO0
LP7
BKV
hzC
dT1
CD7
bJ6
jZ1
qJZ
abI
hk4
esU
eg6
xIL
qvE
IW5
orW
CLW
jw0
v12
V56
apL
pY0
vX9
LR6
cg_
eW4
kC8
x15
AL1
ptO
hK1
beG
cu6
DFJ
bny
aeK
lnr
qwJ
lmo
gV1
mtX
zM1
vEU
lwO
lUY
JMP
jux
qU2
huy
hr8
s9_
HS7
in7
rN8
rO6
cKS
wF9
mN4
rU2
ixN
xIQ
cKR
pEZ
JNQ
jL2
jz2
IX3
CS4
orP
gG2
mR9
lwB
lUV
efS
lX3
sC1
lrt
uD_
gM1
bU5
oDJ
wB8
fj1
kz7
rOW
kuK
cTU
jBI
uMU
jxJ
b18
DI6
myW
ovF
uN8
rM0
fJX
DN4
aAT
z89
eyY
K69
d14
vAU
ETV
rsv
bdv
aAG
emA
etx
ER8
lY_
D19
iqv
i56
hrA
bgW
bnQ
rz9
uwS
vW8
gl9
vwU
ckK
drQ
bsX
uxK
fkW
gR4
vP4
ah8
GX7
kCN
pT9
nT6
bfA
vQS
pxC
mIP
jMW
sQ1
isP
DNT
HZ3
nAV
cj_
ABN
qTZ
grW
hrR
luY
sP4
sHR
TY1
hiS
B10
LS1
fxD
fWY
vA4
egW
deu
hOX
LS7
wG_
ksC
U6_
nE3
B68
lm9
iyI
wBV
tA3
aU6
msY
dzR
yFG
z23
cuF
qLQ
ijR
fJ3
GNY
iFJ
wP3
iX2
yG7
TUY
ez3
iJX
jH9
biH
muF
hwW
zWZ
kW8
APY
qu1
fP8
dgC
nN7
r40
alJ
moH
gy5
lDL
dPS
fAY
exD
kyU
ty4
vxH
lX_
fq2
ao1
rDQ
stT
ps3
gJL
lL5
xy7
F90
eHN
pX2
qFZ
yR5
V38
EI2
DEO
D89
uyB
SY2
mDH
zBU
svT
CX9
gPV
bE7
qxO
W18
qST
eV8
owU
tI5
jyO
hRU
lqE
cGH
dEP
dkl
gTV
pBD
kv_
lJ4
hu4
EGW
BC1
oW5
k25
qRY
oEL
jD1
bio
cgO
iR5
kuz
MSW
oI5
W5_
yzG
GR7
iRS
mHR
P30
oqN
MZ9
clK
bI1
bZ5
sGH
bp5
ei8
kBW
quW
juy
tJ5
rGT
iI8
vEF
e9_
EMQ
nqD
pKQ
qQ9
c19
isC
MUY
go4
y49
gH4
gpV
cu9
xT1
ajH
JO4
rTW
oA6
kBT
y67
jA0
CGO
in_
x58
ix8
tyA
gVX
zD2
DEX
ak4
lFM
kST
dF4
eEF
BM6
uT3
KX8
oKM
bH2
bAS
ovQ
czN
elP
erw
w16
JQS
kDQ
hOU
tIP
blt
IMU
jVZ
wY7
itA
tyN
wO0
kZ6
wH9
h7_
dq0
egp
r6_
ANW
KY2
aiz
tE7
dAK
zY_
iDN
K14
hsN
mwI
bBD
kq0
dN6
eix
dBV
oFX
QY8
lQ4
g78
fvS
yDM
CV2
lH4
cr8
vOX
BM1
alH
vK6
doW
wCR
APX
jZ9
vUW
JL9
cu1
efO
uJU
lGO
bjG
vz6
aV6
gCD
br7
gJ0
S5_
ny_
zY7
AE_
lwE
AW2
mGP
EV4
jAU
I34
kCY
fQX
HJV
glF
eoQ
q68
F9_
MYZ
xF9
gCN
ktC
jwL
coz
467
dl2
hs2
mxF
isF
oxG
uGY
nxR
nzQ
jJ4
hqO
noH
nFT
mSU
nAB
dqA
FNT
ALT
loO
c37
qL0
emG
zJ2
tE2
nCP
giu
KZ3
kuV
VX6
awP
mIQ
lU9
eis
uE5
goY
boZ
U56
V78
I3_
afB
tI6
bst
vMW
CMV
JOR
uW5
myR
jFR
BCW
EQZ
V27
hP9
iR4
GU8
jvx
bkS
wO5
czL
jI6
xFV
cl7
OR1
euN
jCZ
vJ4
wQ1
eL0
nAK
gBO
itG
xLT
GUW
mAL
ERW
RX6
tK0
pqV
anz
OP4
dS3
rIJ
lA_
aFH
vCO
aJN
oM8
df8
gI1
wE0
eV_
HS4
eAW
pFS
bU2
yI5
lLU
aey
cuT
yM1
AHZ
exZ
nMZ
JM7
MT2
ioz
efi
akH
nq7
otN
iF4
coH
o57
uO7
bv0
R67
lmN
qFJ
vHV
in0
tKL
dEI
yP3
kWZ
kDO
kS1
MW8
cv2
yM3
pzE
gvZ
uS7
gCJ
ruE
hxS
CTU
glm
kqO
yX7
ipM
hnH
eE8
DT6
dh2
tF_
wEH
zC_
IT9
uEU
PY0
mn0
zE9
LU7
CKM
mn3
mnD
gor
xN4
sS6
stI
hZ4
ABP
AZ6
GN4
TZ7
ajp
nCE
xOR
cv6
n59
emN
xM3
fko
fT_
gGI
sw3
bDY
hBZ
oz0
jxA
jmB
jly
cZ2
doA
uVY
efX
aq1
ci_
mn6
bqU
EX1
CD3
L8_
hBF
kBY
yE9
FKO
dxG
KNR
cpZ
fpx
ls4
ci8
ou7
p68
TU3
pR_
lEK
AX1
iLZ
FL9
awX
CE8
H40
eB9
fvL
vzT
fAT
oCJ
R20
sGX
py_
R57
aCK
W2_
gyE
pNR
gkm
hpy
mCI
p60
vwI
enO
M7_
iBU
ck0
oDY
BX3
itz
DIM
kX9
qJ6
i23
iw_
zDS
cqD
nS9
zG6
kX4
ai2
wyW
lDU
msF
dh9
iT2
lS3
f37
X60
qCK
LM3
bG_
sLY
s90
R80
hiT
IP_
gw9
sE4
oIR
sV4
EGZ
N40
K34
cZ_
auC
jrS
rS6
kH9
ex7
fhn
oqs
x9_
gs9
UY3
vZ5
lwW
nIY
bLU
qry
dE5
jS6
zOR
bxY
dgY
vL7
LOW
x20
QW5
k23
AE3
jt8
lV0
iCZ
rv7
osM
pAN
yNS
AK3
msz
qv0
lst
yP4
sFY
dBY
u58
ilU
kn7
uTZ
rDY
lvO
zU4
uA0
BH4
xHX
k14
vz4
HKM
pE0
ghn
acq
r67
tvB
qU4
lqT
hmW
u27
aUV
E80
AQ9
AR3
FU8
mAG
LV6
dgX
zEI
wFH
bxI
biC
oGZ
klO
lpX
hz4
gBS
jJP
mzS
iKY
flS
ehk
aFI
dLP
D39
pry
hSX
JW2
hwH
fJU
LOQ
oAV
jUY
huN
cuE
inu
qQ2
eMN
EJO
iZ1
tW4
amM
sS9
jH4
qz7
jI4
vAN
cgU
lHM
giC
fyH
gT_
oAJ
zPW
KZ7
mMY
e3_
cW6
G45
xyB
dnq
quP
kr5
pqw
anL
vLY
rYZ
NS7
hrL
ix6
gkS
jsY
tzA
qwX
ilR
fjU
w49
ru7
nY_
oLV
tU1
dlK
ahL
eUW
dX6
ozU
xz3
uTW
cjR
nEW
cAN
eqW
fR5
qS1
cei
sxX
pP5
cs_
dK3
gsT
fyC
kK_
jFP
qJQ
guF
zMP
lrM
FX1
tJ8
sIK
bCW
kpP
sMR
wGP
orF
vxQ
EUZ
ghk
hX2
eBU
JNS
vO_
fuJ
i2_
dxL
r20
GZ9
yN5
oKQ
GJ1
xEH
EHV
EY5
rT7
gy0
cqN
jC2
RUX
lp_
rX5
gF7
iH4
Z4_
s16
xI8
ly9
cmF
NP_
dm_
mr8
LU5
lpM
mvU
cfx
hvH
gmq
bsF
jq4
ltM
tBD
jq6
U25
br_
TV2
bqx
yzR
AOV
ef6
qsG
UY7
x27
c12
kn4
nEX
lIM
CZ0
dm2
IWY
hmE
FH3
uJ7
wIQ
pv7
LR0
euO
qM2
HU2
mVZ
Y70
eE9
dmU
vwZ
u34
IV4
HS3
xY7
zDL
noA
beu
xIV
MP_
TV1
uP5
dt6
LX6
IRX
uv0
fwD
coJ
U80
R15
oMN
cf5
vAJ
aiV
mCO
HP3
ciZ
duM
bv3
adS
xW5
nOQ
eX9
nV8
hoO
PX3
ivG
iFL
B0_
nBI
fu4
IR3
jtL
ntX
bO3
gtM
tuX
T89
buS
BQY
CKV
l13
lL8
zF_
cQ_
f89
aNX
R60
dsY
ev4
mv3
lHV
bR6
vFX
fj5
dD7
lGM
ewB
klN
uKY
moG
fiY
fzT
eoN
VZ8
fV0
HUW
ADH
iUX
vzZ
kvP
d16
vCJ
RV6
eJT
IO2
HI_
pvL
xMY
vV_
MNV
U78
tGY
fm3
wX2
jA_
mw3
IK_
lKZ
bvO
pxF
cp8
xG6
zT1
KSX
drK
py0
kHP
cmO
flv
iyS
uMW
FT0
vY0
cG2
BE1
JT6
kWY
vyL
mGL
ABI
vR0
gJT
zJT
kS9
yL4
nN8
hnM
irA
BNZ
aJX
ivK
o28
hzF
DHL
nDM
yz6
pQS
JM_
bsV
oR4
rZ5
pq4
gDO
do0
emt
pV3
fW1
lxE
M50
wPT
rLX
DJX
kK8
asD
BUV
HU9
RW6
uLN
pvV
vRX
QT8
nyT
bo4
ANS
fmZ
mIR
ado
tQ7
mTY
OTZ
tN4
cG_
pUY
FHK
bdV
uI3
CJ5
mLY
KS6
AX9
cgD
xGQ
oq3
np8
iC9
iRZ
asv
mnS
qEO
cvI
p67
lx0
h27
ahU
dtN
kP5
nJ9
iT3
aPV
kIM
hOV
