acjw
chqw
ayis
acnc
cmbz
bnnu
ccbk
cdnz
bfba
bgcm
cixo
bmcq
aumv
bixh
bhto
anqc
bpii
bcbg
bvma
cqsb
ansq
blic
axou
aiyl
ayig
btyj
cdsr
bswz
cdiu
ajbc
atao
cbyq
boal
cmmx
cofi
bmfn
bvmh
cbcl
bpiz
axqt
arjn
cnen
coas
bjcy
bfws
adsv
akeb
bkbe
ciyy
avug
arqi
bncv
abmo
axxn
cjsu
axju
cmnk
bbac
bixc
bbqi
buyn
cqta
csgs
bugi
adba
awgz
chpc
aanc
bnjy
alre
akiv
anbm
baru
assq
aljv
cnhr
bijg
cnbq
byaf
ctfy
ajxa
bnzz
behe
aofx
avjq
btlp
apmh
ahda
agom
cmyy
bpaa
ahbj
bvnz
cbtj
aybe
bidn
bzxr
bmtw
bghr
alqz
cakr
aueh
cczu
bace
cgpz
ahkx
bxdg
arlu
cnrc
aqez
bzua
aope
canc
bjhf
bvzu
alra
agou
cnlb
cqcz
ciho
cbki
aujt
cbwv
cmbr
agfo
ctus
