2260
15279
24562
29265
9698
5290
9265
26544
14235
26625
18046
3517
38865
23887
20797
14911
35739
21946
5883
10738
26630
19102
10436
14658
38970
14340
4998
30156
39526
39594
38463
13074
37204
7978
34402
4738
32880
8343
39542
27454
34031
11530
9906
14278
10826
16752
18342
11143
14863
28221
10630
25390
38255
37200
17090
12777
15914
27581
24026
16612
12665
27198
30033
22109
38263
14319
1253
29445
25930
27549
972
31858
38277
2690
4655
6827
943
11721
21267
6272
3235
23319
1184
34184
30766
35913
27557
32497
4758
34702
38189
26500
26193
23275
29621
13865
22855
35545
22774
37624
34385
38817
1428
27904
5839
5175
7022
38417
14997
12416
29239
24235
31409
10208
20865
35568
26857
10696
37658
13163
34973
21308
39912
30696
34889
27506
25795
29657
2684
13651
12641
2291
158
34430
1394
1933
27208
18321
32784
36357
659
1435
14040
9006
12853
24288
16105
39499
38987
35169
38587
17906
4086
6593
5083
34629
21846
20449
39261
38937
29192
21445
25712
36584
33999
14179
28124
13458
2401
7921
37860
1132
12923
35197
650
10674
20175
13589
38131
8458
27806
35128
37553
31353
23846
33570
15456
38616
7113
8235
10137
14008
20405
11088
34480
17751
19907
20555
6028
33928
4066
5841
8434
32319
9736
20679
25402
35542
17912
26730
3953
2201
14447
31107
29612
13570
23923
7512
38411
32393
36150
1026
2556
10421
25906
17370
24619
15453
20823
1157
35501
1137
7087
37642
26551
15321
26415
31708
15738
2854
27354
29349
112
23321
19766
6448
15213
32916
23229
32066
21367
39880
20192
821
2111
34534
20715
33553
38846
34476
38902
26912
20523
963
298
17259
26779
35740
29984
199
24077
3465
4045
1872
28876
31386
9591
21784
5046
2029
14393
20382
23419
32699
25797
25198
31111
228
19222
37249
20167
23385
25457
10326
32341
35704
20756
36435
10605
39159
37392
18698
32149
20072
19899
33610
15198
17219
1682
6659
22471
19556
12398
14406
5455
35924
15531
5826
12779
11987
20381
37960
30779
15171
36448
6928
31089
29204
24406
13286
4404
5687
19917
38000
32083
38156
10728
30952
3939
22427
22489
19770
35845
14342
19110
29894
6005
24083
13407
35551
16054
1286
29401
14135
13883
6880
33139
12322
30420
16697
25148
331
2503
32954
33758
4640
26260
7304
32201
10836
8432
6210
16267
37422
23103
113
30331
918
21813
10590
38087
38427
29935
29358
18507
28062
10068
32824
565
39356
27207
13699
35133
24585
4398
13225
7759
37516
33290
2871
39386
25911
35561
17797
11043
3153
2863
425
7647
8419
16892
20759
328
20377
21894
67
26045
14744
9812
10549
35142
8523
14463
16365
31247
15521
5169
20038
11270
28139
20957
3579
22579
20967
27272
16566
32306
14945
9728
26607
19804
3599
26696
20542
28741
12715
14544
29038
37978
16434
25175
33926
15158
9335
35890
14455
24350
7460
27866
7284
36949
17147
1133
21669
18142
30541
307
5653
35025
6331
5282
28625
12121
7160
10566
5650
23712
1716
3182
29321
1733
37057
20676
22362
25506
8794
19698
34135
36030
9058
6554
37894
26406
5073
2129
29325
5130
33671
14093
15679
5297
25115
16127
2549
8963
7709
26033
31887
21295
12386
12862
28878
35772
4096
24286
38595
17932
31945
28376
35892
9582
25199
11016
1492
35209
29355
7658
24568
1238
21691
34377
39821
4827
15643
10263
22726
14857
3560
4592
29305
24397
11025
24445
21682
693
19103
38034
23694
30091
25044
5904
15876
1572
12849
25888
2410
27412
6646
5890
9892
2276
14476
7385
3627
36208
29036
24607
37754
30288
24755
5494
27308
24368
21791
26324
6147
13177
38534
37609
14383
33736
27407
14876
33963
27484
35910
17946
5900
26089
18093
35531
7716
28341
25857
15234
37585
25057
39205
14157
15832
15825
956
14588
14672
31704
10683
17434
20859
36780
16443
21712
35666
39432
1095
33034
4157
16673
22007
29106
36241
28293
11281
20953
37772
35221
32839
4970
11875
5918
15615
32396
28883
441
39074
9808
14883
31140
29885
29928
5563
24349
1145
36972
31868
30456
33976
29887
33799
6674
24049
17658
27859
7171
1231
35286
6092
36257
16512
17565
12260
14881
8037
25677
433
39529
8823
29427
24706
5982
27389
7379
14482
30101
30271
13788
26240
31608
17231
39302
8110
19318
22120
23913
39142
36214
17561
1863
36043
36268
19949
26536
4969
35895
19608
31960
6966
29011
33187
11395
14897
31352
21314
33199
6197
26302
13220
34133
8826
15000
1179
26787
14030
24743
5504
17122
1517
39147
24648
39918
25852
6592
23696
1325
16388
5218
2339
3033
38157
32526
35762
29258
13067
37524
6679
9347
16097
9437
38086
11282
32337
13969
8464
17704
9421
24044
25440
27960
26924
36433
13912
32054
28691
11005
29052
24773
18123
38725
10518
26304
24065
30296
14060
16688
28260
1088
19444
19872
38147
17350
31931
3333
37040
33296
17732
27786
2119
18795
15942
8561
17918
31006
30723
983
39705
18443
24997
28841
14935
37744
14108
4525
6294
3300
26933
38004
1949
11572
1631
7767
35960
14300
5613
39619
27049
28209
30056
17889
13963
25640
28710
4051
39662
15956
12885
23954
37806
1152
13763
24236
423
8360
13372
4471
35400
20906
17450
35610
29851
11264
8791
11499
32001
33973
11396
36739
2740
39541
9387
10186
28403
2167
22308
8718
30263
19053
5480
25744
8214
5289
39607
23323
10667
6170
15852
38959
17007
24069
33158
22906
17033
23825
2839
32130
1002
26184
21709
9973
12045
30863
35279
28981
34500
11792
36600
39721
31761
39081
27965
13333
19368
19773
22814
1681
16356
23020
16199
6663
32534
29198
28220
30693
35230
18859
36579
20006
14689
37016
10799
21835
36628
10894
1278
12801
25184
18586
37169
14627
16035
1032
16720
28457
10030
21944
28241
27067
9618
18899
2123
23659
19543
1455
1223
27052
6302
29111
2851
14494
22299
19701
35949
11364
20016
26270
30250
31827
33251
15475
17874
11783
19489
13968
19623
37029
27172
28586
27827
10043
14734
16146
21398
11216
34051
16298
6673
33870
25208
6909
6281
1582
1745
36908
9450
7700
33348
14598
18604
21945
8695
19904
33019
2751
17462
31516
8846
1712
22035
6115
36946
17652
25133
8452
18771
36462
26627
32584
10309
25974
37864
881
31879
24735
35757
25936
11335
7278
22444
13661
31059
7298
9620
27148
25343
17250
2314
32633
23344
3574
14244
23793
27517
23438
30293
38500
1129
16293
22458
12472
19852
36811
3307
26014
31751
21046
12253
14042
37266
30752
2247
4253
30468
869
33047
13193
22893
34446
8892
2026
15165
16425
6582
39905
14071
31143
31475
26386
35541
8112
38067
2093
34706
5313
27885
21211
8741
33181
12215
26512
29862
6279
29725
9149
21598
3700
24705
15140
37155
25328
16547
32088
10856
28656
37212
26261
15451
24887
22534
26464
9927
8088
37162
6413
13246
36481
5161
6899
21075
26011
20460
19499
35726
21178
36343
15269
35827
33217
32686
16601
2207
31575
13828
16904
9402
4950
11208
32531
24414
19886
21996
7589
15365
31436
31220
24772
34172
34254
13753
25219
26092
2166
7321
31309
8421
27535
25908
12660
4891
36818
8569
4723
28537
13541
22350
14942
7825
1837
38049
4498
24503
13530
5704
37981
24571
28873
5485
11950
32325
21710
32640
6474
31743
1833
20142
33107
6940
2794
26116
10664
36677
5
28300
4329
23614
39857
9816
2103
15978
39484
33002
9309
10499
9315
10849
39458
18786
10852
13816
1178
8510
9171
10363
13890
4452
6776
27731
17591
4222
25477
2883
34663
13850
30384
19714
19809
243
1447
32451
36273
19743
22523
2045
16403
1914
31562
15735
29964
23339
14590
21431
29457
19783
13670
17331
5781
874
28894
3191
19172
14603
30276
13688
36583
31057
34990
13644
15963
28135
26992
1202
30666
689
24687
16037
14337
31431
11275
23511
20351
38719
4167
17376
34318
37891
33261
4160
30746
20108
36632
6566
26306
28366
11196
13844
26328
18085
25798
36130
30753
17937
28023
7389
22750
12871
32763
36127
34593
26866
11160
1952
9112
15530
18623
13183
8336
5733
29423
19528
31093
13483
12030
21206
6594
3719
1850
31510
32489
33407
23629
23480
13019
33723
30196
20773
10431
26745
24372
29891
11824
35455
9129
16491
8329
31336
22631
12261
12563
30227
36631
6087
20962
27663
27160
6628
13736
29542
2311
1900
6308
18985
8670
1890
37454
26926
6543
20875
20468
38449
14669
37349
31958
1628
17030
38183
21537
39661
26836
18873
28074
39874
26767
9422
6179
19596
12615
1830
3591
23375
23054
13465
14954
7071
24507
28892
12523
28282
33790
18051
39671
8135
37933
4945
36409
1621
22264
21412
448
4584
18112
37168
37161
38250
22624
23850
33902
504
2081
8544
11152
22836
24893
35774
18855
36995
182
16872
35922
26392
5505
6914
26573
11224
4192
19591
24940
37559
15777
20509
14852
8093
8925
31794
2370
19572
15964
27402
23352
27431
3189
12055
30572
2258
22583
36595
26749
1056
5333
33886
22641
11752
32859
9553
19906
633
6481
13626
17229
28890
23309
31052
31403
27869
15624
31478
20354
11728
12500
9649
38013
14788
31805
38165
33525
12307
26782
30825
9445
29838
32218
39135
30220
15187
27791
19536
3334
39136
3257
31728
34075
10532
34408
30870
14786
19150
37466
19565
22567
22335
25635
26686
35527
4521
34618
18826
37374
18532
12390
21584
14580
38322
30458
23044
10241
28821
17865
5119
35428
30251
30282
33805
11235
5403
36997
31997
2482
35050
18563
1479
13313
36647
26861
39473
16263
26483
30950
21758
26169
21450
22200
24205
98
29693
14581
5353
15816
2164
37555
23941
33721
16136
13884
14553
12192
17214
10960
12323
22310
23803
23064
34526
36799
6378
27302
11666
10245
13801
576
35575
29031
18807
7167
31096
28628
22864
11635
30804
12617
39170
19091
28544
22847
13332
13275
22300
23216
21891
28038
11201
32400
948
25606
34707
29714
10226
1590
6846
36740
22001
29638
23989
25704
1034
29953
32324
17479
20420
2176
1269
37101
15138
26975
38810
33067
34164
38231
1336
8018
16546
33851
162
37000
33285
17835
5143
33211
39805
10394
32919
38085
31675
17941
22564
11217
25707
3037
8951
10847
21149
24975
28389
7268
18411
37433
30190
15466
7148
32353
13885
20301
18243
19440
4122
5608
17909
10244
38188
8853
18
3747
9986
16665
8717
17951
29610
37424
20248
17678
30112
11509
4822
22447
14471
18706
30087
21339
31857
33423
17624
37166
31513
36652
17224
20932
15500
12378
10235
31258
24060
25775
23077
7058
23931
3900
21359
37150
10515
26469
38175
1486
3156
20241
26321
7121
25169
22030
32007
32750
22155
1968
12880
4702
29451
6610
7733
27619
15182
5399
4852
9667
24318
32664
24627
23253
25620
38230
8342
25663
32078
36952
29541
24292
694
33490
6020
14384
34065
252
23408
15388
23794
11588
4546
9955
14202
23764
19889
15911
33468
25470
23910
961
24683
32993
30063
9200
2893
1593
36326
5321
36261
31387
20213
10798
33170
24629
39105
23224
28032
5508
31787
11514
38796
39961
21473
22538
34933
39476
21044
17026
10161
29889
14286
26989
22261
38117
12978
17394
36092
18367
29006
15429
10296
4050
16714
35076
27451
1855
21165
1398
10074
27455
8798
13895
1859
31901
35434
7670
17959
941
13319
10790
14251
19611
5514
23371
25536
83
16784
15225
9336
11390
5200
14609
10908
28477
13328
10810
3770
30715
18340
21138
5370
876
27325
6792
28907
24131
15547
5043
22794
8980
22278
4221
5756
2452
2225
17693
1934
36188
30327
15276
27836
31075
17483
31527
420
5568
13215
17329
14088
36387
34239
1230
31606
2832
35857
38792
25799
16710
37037
13378
10151
35881
39224
11988
9567
26018
10724
10941
16017
16536
7749
36080
17646
1416
29681
30243
17911
24575
35036
10638
575
23911
18075
553
2980
34039
7069
28942
18301
28330
1069
29961
12972
21839
24404
32563
32510
31423
1530
1650
25514
25992
10530
13542
30079
18737
31222
18655
25388
4740
4860
3362
28452
16252
26104
28095
13593
24395
29344
15568
9788
1423
9993
21117
3506
14360
29755
6392
6235
18390
23437
10251
7856
4003
4788
12753
33481
39792
39444
1031
21586
34348
10090
32648
4619
38928
30341
5208
6571
6195
29418
15465
38835
27789
5460
33645
26814
36026
30589
18186
22178
18838
20035
6784
5705
25158
15206
17961
27367
6900
25940
31440
3211
22713
14020
16192
23051
39928
2660
13525
30339
22066
23439
24257
16930
10733
28438
31740
8035
16540
36348
13510
21631
1150
17278
23859
26152
17776
13835
6250
39360
15868
28965
16885
20080
25866
30039
24163
27162
7681
18329
16586
23777
37548
20152
11797
20690
9598
35602
7621
12920
31305
12097
6763
37515
25052
4885
12765
1711
2573
38578
7518
30373
9194
2701
30312
26740
17696
26854
9156
23873
14594
35540
13110
35191
32737
6151
14547
21154
12455
4414
37064
22652
32811
4815
36124
22675
2530
25319
39610
9738
12502
13568
17566
17757
19270
26972
7331
24031
4291
16353
6223
6765
12560
9805
20835
17853
23721
5773
24769
15638
20708
3554
39324
37955
15522
37567
25518
27376
30012
31360
9674
35006
37310
8579
19723
8961
29360
35298
27714
36718
8589
30378
19449
39615
978
38149
37181
33492
27867
26283
2574
27202
39670
39049
2510
12732
38069
29123
34548
2484
20077
26733
5667
35494
15022
15927
3555
23110
1646
9650
2493
30099
31401
31369
412
10003
1641
26820
3290
38700
13951
30203
16595
204
36756
12082
31215
20516
39189
14456
12899
17849
92
29356
21478
26009
32034
2406
36504
26388
4534
12011
12984
17337
28255
17858
11033
12374
14825
18848
14248
3229
20605
8508
11165
30194
33389
34786
36444
16971
20575
16694
2542
20074
21379
17984
12968
38211
89
13001
6090
7292
8473
17710
1042
2703
30713
12334
25068
15913
13432
39250
9676
32952
20322
25259
34196
20579
1224
14534
23233
34404
11274
29840
4200
39919
14289
8049
19771
3873
28404
26795
26928
24112
39294
15056
6010
5430
39164
22068
16950
151
5751
35711
19416
26896
12953
13494
29149
30520
26716
13449
5097
26107
8815
27165
39626
24154
25397
18567
24136
23580
31567
30127
37760
10469
32931
24376
7622
15444
14585
11628
14488
29659
6200
16264
13150
16121
10747
25904
24392
35271
14183
21502
33611
18772
33612
39138
10558
13893
20489
21435
20656
25032
8796
39884
21926
26320
36004
6757
13666
20464
15968
30830
31959
23366
26978
20709
4035
28199
14996
20502
9498
29583
39663
3941
16947
35272
21651
17354
9376
39945
34940
1924
9777
31171
12497
28377
517
6511
29968
22237
20346
36069
4787
33020
37835
37075
29581
21829
35287
30879
35207
30119
35341
26764
17487
37226
33231
28697
34129
16542
37355
38938
3002
16723
37048
11359
39844
30754
2208
22282
34070
12584
6438
9508
30690
13002
2154
26662
29381
21045
28115
29685
12397
21197
6871
39065
697
32311
23817
30211
35454
14923
8750
2316
26236
34386
34108
17216
14291
7051
19512
4506
8123
31357
8389
39156
34424
30550
19507
39055
39284
24107
39252
26960
33191
29379
12907
27925
23538
31746
31091
14354
34349
862
19676
13345
26101
20624
29179
18388
9211
38412
23317
29730
8816
13511
13040
15357
6455
37708
25592
9666
10511
26475
3353
22189
28690
34943
9469
32363
16655
23576
710
31128
38193
906
32254
23379
34443
39038
12573
38694
31803
23058
24984
18097
5074
26772
27515
6367
16042
18738
20672
21501
34881
26713
16700
23826
9486
16327
21547
5934
31824
9089
31973
38105
3479
30908
32651
23758
30810
24508
18488
7172
26450
10579
37398
37905
33950
25654
665
21820
8048
17800
24074
5701
18058
1125
8310
13549
26288
19016
13522
38093
13061
37110
32373
8357
16790
22539
6326
13153
37017
21216
2681
36544
4583
36683
22410
29472
16176
24103
5109
16945
38059
10001
4182
39233
21570
12226
746
9725
25295
37122
25210
21167
18901
4632
7639
9263
24054
29863
4892
14989
14292
31208
28299
36226
16750
23311
4780
27852
36969
16029
28705
19816
37869
12133
39154
11500
26584
18031
27332
30656
25783
31597
23927
10498
22540
17511
15478
36728
2594
8076
27744
16621
26778
14671
35111
28851
24264
4641
16182
25721
23488
18426
13704
20880
10706
27
19011
311
2165
14871
36788
10659
28137
2175
1549
5274
31851
22678
27318
22923
39666
33806
19432
11300
35066
36996
1295
30783
13581
6487
5581
34763
11982
1802
969
13721
39548
18434
31048
25363
6600
32251
27538
26720
5221
10274
35517
12940
13606
30095
2737
21097
38762
35604
3856
16482
17996
17922
10218
36324
39570
32840
24242
19223
30208
7493
3668
39810
955
11007
8825
33639
11494
20558
35648
28633
37961
6430
34648
26804
23123
24167
9389
37499
24785
6140
3710
19135
9219
24116
35749
8280
15644
35841
296
36735
2084
34050
3518
4135
29773
7927
24982
5571
37663
23703
8300
5308
2400
33968
13075
9239
39481
23024
4363
5983
11482
15240
29697
395
36507
5386
20482
22488
38988
28240
15317
13356
12361
27597
13081
1974
31773
4413
15609
561
15682
22636
8141
2860
28147
18378
539
3800
891
25588
15347
19894
2107
21621
30206
19251
18255
25494
26000
27820
13712
15835
20379
1849
31638
2189
35615
28902
10454
18556
19132
3177
6651
29691
28186
15820
27949
962
21815
4775
37081
15860
16092
19080
21574
4887
16375
29833
14992
23812
21108
29711
29733
28988
39300
36202
15573
32792
31998
22485
26988
6103
15095
21819
2674
6376
33155
8085
26756
34232
36264
38894
1533
39337
29109
13405
11273
17938
29696
34787
12292
29147
27105
21748
19780
9388
554
18877
28770
27151
9884
23765
30284
6384
6189
26148
20649
17066
10819
31577
35925
29678
39605
38897
32761
20943
34368
21701
15688
25252
14446
35557
36198
2319
35467
26105
16518
36441
8735
6264
34211
26921
16583
28832
32145
12827
29858
13174
15087
10343
21555
16348
6388
5970
21090
35143
27442
10267
21947
20950
26560
31330
19443
5451
24035
11859
30928
15947
19856
34366
20780
20350
5640
12707
31319
35003
12992
10163
10509
29234
32595
4494
23382
20008
15870
211
17794
22121
7887
4620
13943
9399
12809
33715
19007
30751
7195
21804
29459
23083
26413
38167
1307
29041
38568
17778
16362
14240
30823
24906
30017
8352
22395
38303
29105
32274
31915
24303
968
35059
5407
7579
15680
15543
18349
32013
12705
28585
39900
27804
8605
5659
1438
30207
8212
19869
6907
17994
10304
1940
33329
12452
12579
21150
8047
37228
21241
38862
1901
37902
34354
16475
15476
8289
30895
13022
34773
23215
18070
31000
21016
1913
38256
21706
7453
30184
26951
4231
26596
24821
39299
4093
16220
14405
26248
34719
23561
16695
3641
30396
33038
14971
7894
33901
8730
13158
12479
39668
18549
32271
39186
22899
37842
13306
14175
27038
32229
37606
8232
8046
16856
28870
23133
27712
6795
34645
32390
10634
23678
21700
12594
22260
16883
18297
5597
271
16873
13233
38931
18392
2253
9094
16510
29588
7932
22765
23646
15877
28935
28787
2215
30148
28618
11643
29086
32666
8043
27377
15952
11954
2831
5901
7246
34215
11561
12526
39982
35193
6607
31246
35432
1512
17419
23264
7626
23063
37947
18815
5002
17489
30353
38553
5742
17199
9271
9446
35364
35706
38366
9670
38235
12084
3317
8620
33268
7577
29859
29677
38141
14497
21252
21276
29672
19023
730
27051
24020
38407
35633
13836
17008
6572
20727
4092
13021
28799
11213
19167
38351
7024
14066
21096
5012
7041
17529
39014
37224
25602
7851
264
15260
32749
32050
31192
11342
13508
32928
16937
6389
35487
18146
36470
26408
8004
24254
29278
1771
2731
38754
15034
1377
23649
37668
15859
39483
9989
497
27897
34822
2028
30200
31315
9007
8242
16916
35114
34091
38153
13614
4691
13992
35683
32307
35900
8504
2182
39000
3408
29281
24281
18327
29712
22065
13016
26816
30789
9267
11001
13326
29802
33727
7724
36892
12513
31317
6372
19891
7356
5769
6962
33788
8313
20732
29293
16746
20882
35061
33704
5588
22135
33992
23112
33121
4056
11447
19873
11543
21988
30281
35625
16884
36160
1044
38915
1880
26689
11512
18014
38104
38677
4568
36120
28711
33994
36364
16470
34274
371
22607
37244
713
17914
34586
19642
15015
37614
26098
12874
7155
19351
20305
9188
21918
7657
35815
4281
21796
63
1326
34058
28541
4943
35354
19257
2784
26141
34278
16276
34780
23964
19111
39832
9522
17374
14433
3626
7623
25977
15647
13179
10717
2501
37987
5689
17989
31810
37052
8858
3018
39722
106
280
14428
3080
26313
16662
38593
29559
30474
8687
22915
13212
18420
29934
22312
4454
23767
37780
31367
9717
416
5862
8491
13325
22991
3063
19799
13264
28629
27301
24267
21429
30513
9479
24186
15987
2642
20735
4715
7234
14189
20826
30298
16643
19848
31665
6102
7515
13996
1979
14777
4367
23700
18358
27211
29058
38247
1039
28207
27399
16312
9628
11697
26423
2889
24913
39334
29589
6485
21277
13823
6903
11777
15612
28136
2586
6601
7128
35392
21397
24338
26923
21923
34698
23535
28810
15790
29257
20451
30022
3670
38151
34109
1756
22806
10909
36353
20948
37325
8087
22343
276
26615
35518
35453
19767
35573
39742
5529
39882
19094
10162
38801
27397
14362
27754
12246
14
22968
36571
10775
18909
35127
3801
37253
14795
10374
17038
39326
32358
3834
12301
7483
6247
33590
2635
1122
30131
34951
3015
31974
12954
24840
8852
10618
23706
28286
23772
4263
18735
5950
21531
4009
39304
32773
36060
31741
20437
34519
10888
18220
27523
6300
38791
26359
31935
32887
22094
2227
17894
6825
18030
18864
23441
2745
5229
36621
26592
4224
22578
24022
4
20239
35110
5070
22962
16744
8358
30145
24513
27116
6925
38312
25734
20618
3405
11077
34565
14178
11622
2898
17142
20675
18649
6001
13084
29246
10906
32892
36810
38208
6379
11678
25574
37241
15464
39941
30795
15114
7704
39472
27879
29009
17116
4588
33236
9097
10189
36338
38733
21529
19273
29594
38507
1658
31166
24251
34270
20378
10105
8146
11887
18518
7836
1378
20745
39179
24954
15854
22643
4274
11848
4134
39287
12315
23450
34713
24537
14944
28157
27944
4164
36398
16769
28014
4208
28348
12946
34382
15482
28396
34026
4621
19663
18402
11352
12926
8945
30938
36400
1616
8539
29575
26046
30655
25996
21340
17995
13351
12553
31446
27380
38905
31383
13130
22587
16377
17689
6803
1339
25055
36945
24484
18599
12382
8647
34673
28852
819
6805
37436
38128
27845
2217
21024
542
37417
7259
10272
2548
686
38807
5357
5908
18229
20666
15579
7174
28071
29927
27739
12825
11369
28550
14659
4547
38020
36408
16725
25075
18969
5204
38329
702
39865
36269
16167
4735
11820
12327
27610
31104
30446
1172
31025
36416
15669
32188
23852
9826
38354
30686
29734
22083
12998
17675
31731
30302
36857
16031
35933
27687
13249
4967
23252
2607
8131
23841
12317
22585
25451
36661
13182
14611
4470
16378
22217
23008
17092
17182
17440
25261
37637
8548
5071
1671
23609
10793
34074
29095
22028
16969
12688
3611
8104
13665
6982
19950
36358
23473
5666
18946
36380
38280
38510
2417
4440
10541
5882
26017
26430
21399
4242
38569
7416
22460
26612
38314
1146
15824
20333
24824
7649
28533
31720
21968
36117
25277
17833
31756
5118
18020
24814
20219
27241
5217
17041
4773
33559
12847
39066
32629
8558
26753
36336
37691
178
16399
2892
30110
14709
31370
33802
21849
11465
34233
5534
10355
13874
27487
5444
13477
34146
29745
11424
32798
22689
34219
37475
32380
27468
9088
23763
6025
31017
35770
26303
29989
14674
19832
29294
35580
28189
28637
2964
33149
16351
25025
8117
31469
35337
13402
36286
11236
8578
13624
32261
31023
25890
15163
9630
14820
37706
16656
18691
38746
26393
32175
6466
11242
27930
14804
32709
28170
35832
39209
23028
29043
18984
36636
23628
12726
20429
12050
28891
28323
201
33756
28682
16009
24509
12155
37010
36317
10057
27793
11691
3176
28987
7490
23715
29453
21082
33256
24780
5394
4073
37202
16084
37963
4400
21956
22494
6675
29779
292
2815
37002
1098
1296
11997
16891
30544
4872
29913
10679
6935
35224
30955
27671
38135
33115
3459
26846
35674
21487
5064
5294
8891
6127
14631
15067
20369
38365
7227
31219
15553
3205
35480
22040
5927
7358
7620
30058
885
130
21940
28673
8371
17534
21744
28948
29975
4759
38140
25624
11694
36517
25680
33517
18235
11178
8255
39586
11892
39683
32257
3314
17590
27391
19265
22850
24117
12451
2171
10036
6541
9193
16189
35363
3656
3158
31799
15177
19980
28571
16416
18742
38612
10358
26517
30824
39965
5575
26863
33966
1929
20799
21437
18605
5011
6577
39993
20517
12796
27915
4725
11053
4917
22252
33918
3742
33519
6361
5558
18912
24649
4883
6614
18370
8063
11837
3458
5156
35484
22287
17189
20131
30345
30442
37643
30526
35459
12250
28325
11451
36815
32132
9703
3172
29112
23337
29306
22723
35659
19327
5173
18857
24697
11681
16773
8664
19493
14013
10387
26571
12296
35914
9891
19320
18714
34670
5817
4234
10482
17178
16615
35800
24602
34005
465
19032
24003
37078
26015
12716
11289
14635
21553
34631
3356
27594
18325
33186
5715
9146
12223
38337
32360
748
15227
2463
28283
10381
4676
22355
18099
51
18890
17002
33988
38321
29295
12856
37309
19193
7102
31660
18615
11191
17916
16798
24758
29070
26654
35014
25181
9321
29182
21919
18576
11922
32791
14329
6215
23505
30645
2222
17342
34880
39717
5493
19603
25752
16556
657
26509
26485
34649
32753
37299
21113
11193
10368
26245
9976
27059
39486
879
13367
2886
3225
34272
8096
9079
15287
9466
25370
14868
32835
10104
10307
3796
32378
21776
34339
31589
39602
10165
15752
3123
10749
33545
16574
17055
33420
2951
4518
3249
20462
24842
39185
25687
3556
16302
25129
38037
14529
37430
2320
14056
20768
15903
7249
5199
20607
29285
3435
18313
10171
11057
28466
9435
32202
19414
29399
39316
16245
31698
30840
35804
30689
28659
31288
36251
5419
25239
10901
25960
36889
13298
33640
11906
7086
2091
37366
2063
20359
26668
11998
36347
8950
30706
18797
20204
30068
11771
19071
261
23810
5646
17096
15303
25430
26709
30818
5725
12656
12462
4819
1227
14201
7591
35998
5964
19469
34279
2780
18639
21711
6990
25758
531
12910
24651
443
30229
26179
28093
27060
12396
10544
27680
10460
3507
13531
11967
30652
12146
8447
12866
24411
2200
9962
320
37154
12913
30381
16717
38878
12300
217
1430
37356
38504
802
34722
32344
7867
30767
11647
34195
22013
118
6938
4684
37639
17223
16440
11662
28417
38197
33270
22042
15740
20398
27234
27496
26790
22845
23462
9390
32423
22796
31531
13300
25718
5695
20833
4036
7951
33120
867
12535
36841
14262
18377
18182
31445
18025
14937
4636
14899
19728
39411
20342
14816
7467
18164
6683
12402
1112
34181
9023
5724
11269
17135
22132
24661
15749
5457
93
23602
25768
37813
3720
37008
25130
38172
18445
14575
22582
13545
29120
19918
25332
23906
29194
19213
15971
9689
1246
12444
36288
39204
20361
6030
10546
30052
674
7145
5359
6008
23394
24924
4439
14738
11356
17011
39203
22826
21326
8832
16239
24385
14712
9153
2922
34697
39559
10079
28495
27225
26360
13711
8184
15273
33833
7754
37622
8306
1537
7410
2876
31578
10325
19740
24617
33353
34307
39348
26142
23113
32420
30462
21949
28863
18530
15220
18872
16322
26197
5981
4299
25991
26382
22047
15031
15570
1452
27783
16163
4461
22851
14308
1489
21625
39710
11013
10990
29911
27395
