DSe
JLp
Dsv
JzK
LPn
JXc
JXr
DqK
EAf
JXF
EuF
Gxu
KQN
FEf
Cta
Kfc
CPk
GAY
BRy
QI
Blh
DGB
HWs
JQz
Fjq
BRu
JCh
Avf
ChD
FLp
EHz
HUR
DsD
Beb
ADP
EgD
BSo
Ifa
Gu_
Htr
BWB
GMe
Cui
IaP
Kku
DSG
IWq
JXl
Gxs
gH
Cul
GKk
JTs
BVx
Gpo
Bqz
Jau
FPM
Boi
LFl
JdQ
DgP
HUH
CLn
DlM
HVo
GCU
EXP
G_v
Eg_
KRs
GPV
BRw
BrN
Anr
JTZ
CGF
WR
BVN
BvP
Ezx
IML
FQh
BqX
Eic
Kxg
KkH
Cy_
Dsd
Bit
TG
DIn
Jl
IRG
EDw
ByM
KbS
BFT
Am_
ATv
BGX
FvQ
JC_
hw
DkG
FWm
Eui
JKr
FGD
FVy
GTS
Fbm
FmS
GQF
K_q
BoB
Gyl
Jkp
EKz
FDf
DL
Kkt
Fmf
IJW
Iag
BDb
AYH
Dro
Kww
DXu
DQo
DdK
DWM
AtW
Erb
LTB
DdF
Kch
Hka
KwN
IDw
FH_
ITA
JBm
HEE
ItO
JTK
EAF
HGS
Cvb
Kcs
LOX
Gzm
IAk
DMt
EUX
KlL
GXa
Brb
GEO
JDd
GPH
HiP
GJt
GaT
GKK
Fyp
DFe
ER_
IIE
HTs
ESz
Ghm
JaL
Fap
DIa
AGw
AtQ
Cec
GDI
JGd
BMj
GLj
IeY
GUw
AFC
Epz
KGN
DQM
HFB
Bm
Bvu
KRM
FrR
IMU
EyW
CZw
Hrc
DHe
ARD
JQH
BKn
Kln
BYx
HRb
IK_
Fjp
CfU
C_v
Kxk
FJp
ADj
AFa
Gav
DyT
GfZ
CfO
hL
Kyh
DZD
JCR
DkO
Bwo
ICc
KWQ
HUP
KMK
BQV
BKb
ABr
DdL
GJs
BqJ
KTi
Qa
CtJ
Djw
Hrg
ECM
Inm
FLx
Iqj
EAr
BuU
DmU
BdA
HaS
GwP
BIp
FvO
DGp
Bmq
IoO
BY_
Djd
Gvp
NH
DNd
FHA
JSn
Krf
Klt
JES
KCx
GYo
GBj
EjU
GSs
D_p
FpB
vE
IsV
AOi
GBc
KPl
IQx
BnQ
Fsd
Avb
IyZ
DQm
Hnh
JMi
GQg
Dnr
HaH
GIZ
DKp
CoX
IVe
Dgy
EAI
Eii
Gtv
IbN
DVl
Fhu
JYM
JhK
Gck
IWj
Ccx
FoK
Bph
TT
EdI
EH_
DkE
Jbg
ImK
EHg
CEr
GMn
DJk
HAy
DrB
Glb
FBK
HJr
EAC
FBz
G_C
JEn
Azg
ImH
CHi
Hji
FYg
GmU
Ehb
FJw
KQh
HGf
CBv
Bje
Knh
FID
HHS
Dky
HX_
CGn
Jss
BHG
GAI
CAY
Si
ABS
gE
Egh
Alg
Ggi
zu
CYl
BVy
G_G
Dsr
DWe
GGr
BkM
GKa
CoA
DVK
KIr
AFG
OM
ICi
AOd
Dep
IEQ
GuH
IcR
GkA
Dnw
Aql
it
IcP
CSn
Lw
HeH
Hyo
Dpu
DJb
DDJ
EPW
LWN
FyY
JZd
HZn
JwJ
F_H
Hoo
Hws
GRY
EsB
CQF
LTo
Hqp
JwR
EQq
JKM
CNv
JQU
KYY
Dik
LOr
CMv
HBv
JeK
A_P
ArD
KUJ
Gta
Chk
JKp
BRc
IVh
LFZ
Hsl
BUt
FTX
D_c
GjL
GCD
Bkw
GoT
BhO
ByB
Ibz
ISB
FZy
FEv
ip
IBm
EDE
BfI
CrH
DjB
FQf
FtY
EXD
DaV
Jdu
EYb
KZT
Izt
FBO
JJN
eJ
LAF
wc
ARm
EFo
Gzc
FgS
Gdq
Fhg
vi
DnR
Css
IEv
Hlk
BJ_
Elg
JdJ
FTH
IUq
CzJ
DZh
ABd
FEZ
CFV
IMQ
Cwn
Gyx
Jqk
JW_
GiM
Fir
CVd
ApR
EEm
EYA
Se
JMY
Gpu
Dkj
Cwv
Hhb
GQh
Bds
Bla
Hpc
AiH
HPb
IHT
BLl
BWW
BTY
HpB
IC
I_k
ImV
KnJ
sD
BMl
Ky_
Cyb
JRH
FMF
Iti
Pc
Fyq
Kos
Dvl
Jkn
JKl
FPS
BTF
FUO
DWs
Bnx
Ftd
EZp
CqR
HVC
Ehc
FqT
JIA
ErQ
JaC
EHq
Kqi
HhI
BSk
JlB
EZz
CyZ
Kml
EZn
GeY
BhX
AwJ
Giu
Ub
EzW
KCF
JKD
CNR
Fmw
HDJ
BZw
CAJ
KwK
KtQ
Eyr
FNN
HuX
Jxy
FZD
Ism
AOs
AFv
EAa
JtF
AfY
FiH
DHp
ICh
JCp
FAx
Crv
Hem
GIy
FBt
CKr
JIP
Cwh
BOy
Hij
IaS
JFb
DWS
Cen
DXk
HHd
DEQ
Wc
DAG
KWO
CWh
Me
Ets
GpA
LGC
AXC
EzU
ET_
CPa
Cjt
DUG
CZo
EKW
HZG
AsU
If
CQA
AtB
CTc
CAd
KgJ
EwM
JeS
Kpy
GDT
BLy
HnM
KmR
GOZ
Agh
HEj
BND
JcK
IeT
CxD
CWG
HgR
IMx
hb
FBf
JRK
CVY
FfR
JoV
BMW
IAw
EFV
KzN
Gou
HSp
KBP
BZN
VD
BOD
JWK
Hmm
EeI
Hyj
IEK
CNx
LHJ
EcP
Fcq
HKl
BqI
HgX
CUz
FMR
HFC
Agr
Hb_
Fih
FPj
Duq
EmZ
Ib_
AeV
Jtw
GzB
Cnx
Exp
GNj
BTs
al
FdI
AVk
GrB
GIO
FdX
IbE
CHB
Ewf
BkL
CvI
LB
HDd
Kc
BrV
EdM
Jee
BxV
FFt
HxG
EMF
EqN
JaG
HQC
Gkt
Aqg
DJT
ERY
Kfn
BZb
BtW
AwL
Gwa
HDk
FNI
AJV
HAY
Hmz
FBk
BGS
JUi
DXM
IGw
Axy
KiY
CAz
FrZ
DNx
Ikg
Dzn
DhH
DVF
Cfs
DIF
Bus
EhW
Auv
CZk
HIB
FDY
GaH
Hks
EbG
FDs
EdK
Ekk
ABC
Dls
GEW
IWP
JkJ
Jbe
FQc
Dld
I_T
IcQ
KPs
ADp
AHH
HPC
Fwk
IvN
DBE
AwN
BbV
Btc
FkW
GZk
CtD
JSN
GBW
Ixy
Dkc
JXO
fp
JCA
JfT
IrI
EQL
IUe
BjZ
FCz
Jsq
HZS
B_u
GbD
YH
lO
JTy
DlE
Hbd
CMB
Gfh
IJr
CVe
HPK
DRS
pd
GWb
FnZ
AGO
Iu_
ArW
AEf
CKj
Flo
HLQ
xW
KZf
Ha_
BST
FYP
FJP
IuG
LKf
DLl
FCL
Gqv
Ihy
ETT
EGn
DIS
INW
AOv
JPs
EiN
GYn
BBC
Hmi
JdY
Jfi
BYW
HSm
HJk
IEz
LMX
KXP
BAG
DdR
DSz
Egl
GhK
ATg
D_O
Czy
Fzj
Frz
JGw
JAM
GUY
AXc
IoE
KeG
GOD
DTR
_k
DAN
EmL
IwH
GmI
IaH
JjZ
Cfz
JBQ
Jbc
HWT
A_j
KDz
BMJ
EgQ
_b
IyK
BXX
CXN
Hhm
ATl
JfM
JKE
Ett
Idc
EZa
KQ
IOW
DHr
CgV
IHO
GnT
HkL
CHv
DDg
HcX
wk
HVn
DQO
DSd
Kkf
GPg
AdO
IFB
FhE
yN
AXm
HmS
AqX
FTe
IDY
FYA
EHt
Guj
CHO
DBY
Ggs
HCU
FNs
ARJ
JkW
Iof
CVT
BtH
DAa
IOX
EpB
CgD
Ex_
IpY
CYn
FSg
IbU
BEJ
Bak
Ckd
BgR
Ctv
DcH
JOD
Gaj
JNd
Drl
FsF
FJr
ITr
Hgh
GSK
GFy
Hvy
wx
Fpg
GsY
GqB
BMN
FAR
DXZ
Dqd
JMU
EEH
FIA
DVD
Hee
CrL
FbD
IDn
IeZ
IYW
AiK
Evc
Hcp
ANL
BFa
AWX
CxA
CKi
HDO
CWW
Kox
JuX
DJK
IDh
HvZ
BmI
KhP
HrE
AAD
CLT
Fxa
tV
LKI
HtU
GhA
DLT
Cgr
BNu
BFU
Bfv
EKS
CbD
AZn
EBz
EbO
AIF
Jlx
Hce
BlL
Ios
CRV
KcU
Amk
Dxn
F_C
GMQ
EGD
BJv
BjH
CGg
Gwp
GxG
FiF
HqO
HrC
JZx
IWT
BcT
Cod
IlY
JA_
CTd
HbK
Iox
KtV
Iqa
JdZ
HxS
IfM
IWU
Jdj
CQQ
HoO
BGu
HCE
Cco
Jij
FGG
FMP
HkD
Fof
HXE
GPZ
Bqi
BNL
GkJ
Agk
HYd
IUL
AGb
CLL
CEO
CMG
ELY
EkM
FRC
FQD
AjC
JSM
IPy
FlD
FgZ
DYq
GWC
IPZ
ACr
Dog
HEU
IsG
JTH
GDc
JCK
CaJ
KqU
GxL
GTV
C_W
HpH
HhD
FFj
kA
H_m
CwL
AOF
DBR
Hlv
Emb
LHy
KrH
GYJ
EwH
FRA
Gki
Dbf
CiT
LGj
Bl
Kw
KpQ
LMk
Ayo
Fsn
IcY
BGQ
zM
Kzm
LG
BvZ
CFI
FWN
KFm
Esd
CGK
FfO
Fze
BBK
fj
Ghx
FTV
Ibc
JuD
CXd
KXh
EMm
IzG
KeW
Imj
EMy
_m
DFM
CZb
HMZ
GqL
Ktp
IXW
GzN
Bfm
BB_
AlH
Mp
LEQ
IRo
GEU
Hoe
AEH
LU
Ccg
Jaq
DPl
GZx
IIO
JIH
Hwj
LTH
ApN
Dnu
LNv
DVk
IKi
Cwf
BED
KwF
fI
Fxi
IBZ
D_L
Huj
CNK
JVX
JYO
AaG
CLm
HUI
IfE
Aqa
HkE
INy
Djs
EgG
Ddp
GAL
AmP
FAm
JLn
Fst
GPP
BmK
HeV
EqE
AwP
KfQ
GHl
KBQ
KgP
pe
ElH
Isw
Hwk
wu
Dvv
GPR
LBQ
Dct
IKv
IBi
Hwr
FVC
DfV
DuR
AXP
Hcu
EGW
KEI
IMl
EYF
Bww
KIZ
DEb
LWR
KBH
DdH
HWc
KwZ
Ach
BVF
CaX
FGf
BuT
GOI
iM
JpC
GpQ
GJM
HXi
DzM
cy
LJP
SO
CkI
CYI
HPM
DRI
DcS
GMg
Ejf
ECC
JVR
Bnz
LCp
GUu
DkT
Apr
Ila
Fgs
JSV
DCF
KoI
Djg
ErT
Idm
gL
FRc
GEd
GEh
IGk
Bxr
CAv
Cwe
Fvw
BKh
zZ
HBi
DLQ
EZQ
FUd
EgS
IrL
Fl_
LNN
AgC
Jph
BzF
HZI
AQW
DO_
B_k
FMQ
Fnq
JPR
BR
JJS
HKf
KNB
AWr
HiR
LHu
IWS
EH
BDG
Eqy
Ecr
Ikx
DPJ
VQ
KCw
DQp
AGU
GVW
Kdw
zW
LSM
KZM
JSG
GyL
EoL
GRB
EyU
DDw
HdU
LVP
FhP
DCH
AJb
ETA
KBz
BWA
Eas
JSb
AzS
CUx
ImI
BIr
IKK
DgK
LUU
IBa
Elv
FCH
Grc
AzK
DQi
BEW
GqI
ASs
Bwm
CGo
GxN
Enp
HpW
KZg
JNC
cV
HIO
Boq
BMp
GAt
HsY
Ct_
GTX
Fdo
CBt
Dwa
XD
Jda
XL
CAM
Kwj
Crp
FAA
IdR
Cyn
DoF
FxC
GpO
DUK
HyE
FCP
CYT
GUa
DMQ
DiA
IQX
Fnw
kh
CU
Ftw
GBb
DyU
Evk
Eib
Ebj
Knd
JGD
Htk
EhI
JiP
KZB
JDO
AH_
BIl
HOh
KUj
Fr
Gxa
BWO
LQj
HRF
cq
AVf
IWL
JnT
CIT
Juw
Dbg
Evg
CAu
Bql
CqS
IWN
Dti
EIh
Fzg
Ejx
JYJ
JUX
KsB
Ekh
IqJ
HMf
IkO
GII
DsT
Jjp
ByP
KNx
AWH
FDw
EiG
EQR
BFs
Dmw
LDw
Eei
LGn
Gjn
BQe
Iek
CnV
CpO
VK
LFo
BAe
DGf
HRI
oE
BvI
JiO
HLX
HMS
BKo
Aad
EvL
ELx
KFE
Btd
EXb
CLP
Hfx
JuW
Dav
AdL
DJC
BsL
FSL
FpA
Dxe
Eok
FkU
CNw
DcF
ItG
BQW
jg
CWp
CxX
EXz
INi
FpE
JDj
Icq
AbX
Cqh
Apn
HOx
LWY
FsY
GEC
ci
ASN
Cxy
Jfz
Bll
Ixs
HOP
QK
KPr
Gzy
BJV
GzC
Eco
Ck_
Tv
DDo
tZ
Atm
FzN
CLK
AzL
CxT
DOm
JUO
pR
Esp
Jys
HXA
DWL
HgF
DUS
KQa
LLZ
JEW
IVV
Mt
BoZ
GAZ
DYH
ACN
KJm
HwT
Ixn
Fca
SD
Baq
KQG
JQm
Itx
Gvg
Kqb
CSQ
BkH
DHS
JZG
Gjj
JnJ
DVj
Bxb
JNc
Emv
Jkj
FB_
Aqt
JHo
J_K
DVf
DDR
Inr
DAn
AId
EZs
LFy
Igz
Kdt
JvP
EXE
Efn
BTN
FFf
DtX
CzC
KKy
FyN
DR_
GKE
Fjl
AUz
JCO
BuB
Gxd
G_m
IDS
GuA
FaH
Gfj
EKZ
DGD
HWM
HTp
Ars
Er_
nf
IMb
LAG
IDb
FsR
DgV
DiH
ILi
HQn
IdG
Fkb
JwW
IyA
EAX
Duh
DBl
KiO
HEY
IzW
EFb
ImN
EYG
BdO
HIl
IMD
Bhs
JoK
CYa
GMI
Bbi
HyK
ERa
HUv
Ciw
HEa
DEF
D_j
CuK
DJw
HkN
LGU
KlE
FiU
MR
Ail
EMv
Ket
FWX
BPE
FkZ
AcV
Jkt
Fvg
Dey
CWH
IJy
FpM
Cmt
EYx
FCf
B_E
KNW
IYx
Azs
DrH
Flc
Cc
HxB
BRl
Chj
IoL
CDK
HQc
BTT
BfV
GQc
GZX
bi
Ecp
H_e
nz
Exs
BoQ
FT
BZl
Bem
EQG
LFJ
BTd
JNo
BLM
DCh
CLD
F_g
GSf
Bvf
GkL
wi
JxH
Cpp
B_d
Epe
Geo
EEv
FiR
ByA
AyS
FHM
DgA
BYm
BAR
JZS
EIZ
Aep
HZT
CEA
Uy
HGb
JUM
Juc
EMc
ug
FvE
BbG
GkK
KEF
GGB
CXj
Kkw
KSr
I_c
FWW
Jtf
CdX
JZc
DyF
FtU
IVl
Koc
HYo
GGC
Dwp
CsJ
HCY
JSX
GCF
GjE
Cra
GCh
Dgx
FYV
Cee
FVn
IUo
Jle
KbA
IqV
DpU
BmD
FKo
GhD
Dwg
EIY
CGc
KDQ
EBh
FUU
Np
FMD
Biq
Ap
JfW
FYq
Sq
EWc
GLV
GrU
AyT
DBA
FiN
KJo
Etj
FDJ
CmE
EKK
IeS
FVm
DCK
HdQ
HcA
GVJ
EMA
E_x
Gsx
FvN
Jwg
ASg
BDI
CfF
BDK
J_A
Ghu
EUJ
CgF
DWV
CFJ
JYb
FAC
EXq
ClY
JdA
KHI
Jfx
AHh
BRg
DPx
FwM
AWJ
ENV
CNm
FyS
FNp
Beg
Hn
KB_
ASM
Hav
HZB
GzT
JWc
EgA
BPw
Dva
JfU
Bhb
CqD
JfO
CMX
JRG
WC
JWE
DXr
AOJ
Mo
Irq
EYP
Ceo
Rb
FjN
ATm
KBj
fq
HxY
IZA
Bwq
KRU
Bdq
JzX
Ftc
Ejr
DFW
JVJ
DXo
BGg
Ebl
AGl
Kbd
BaV
FGH
BqW
QH
HLV
KlP
KRi
JzW
he
GBk
JVG
EZu
DPZ
BwB
CBk
JHC
qS
Hpw
Gdc
BUY
EuS
LNI
Det
BbR
ui
JIw
ILJ
HYT
FwU
DIv
COM
EEb
dm
DOP
IxM
HBp
Jre
Diz
HNP
LJl
B__
ILD
TD
JdH
Iqv
EZC
KKn
AXl
HHw
DdX
UE
Cgj
JFn
AvG
BsV
DeD
Ee_
JDW
Aym
FvT
qX
vU
AYM
Dmr
EwF
Gfy
Kby
BeC
IUD
HzQ
sb
BAT
rN
Ioy
Jyg
FDy
Gux
HiG
Boc
Fjn
IFL
Jq
Ktm
BRK
HMj
Hby
ACC
LEs
LGo
LIn
EdS
K_U
jD
BSu
ApZ
FRa
HFk
Bvn
Efk
hg
Ele
JMV
KxL
Gzz
HGv
JCY
BMa
Hs
IZF
S
Fjh
AKT
Dyy
JIV
KoE
DTE
ANw
BeB
EUa
EoQ
LHA
EwR
FZq
JLD
Awp
Ilx
DmQ
Ftk
FRl
HIr
KBg
Eag
HJM
Gjk
Ilw
DXV
Ggz
Dme
A_U
BpT
IaJ
CZX
GeX
LAo
IMF
Cry
CKy
JlW
Kpn
Exm
Gii
HFf
IGf
Kxx
DWr
GpS
sU
JMg
LDW
KCu
IzH
HTm
Jot
Hdr
JEX
GFT
FxY
BHU
mO
Ipo
J_E
HBl
KXA
AX
FsC
IqN
Jqu
KCI
IHq
KfW
JcJ
EmD
BXj
HFc
Hdz
JEo
J_w
pK
IbA
EyT
IWQ
Ibm
AFA
BmM
EiL
CtI
HhM
BvT
BPm
EFF
Fuc
IMp
FvR
HUk
H_J
FCO
DAM
Bmv
Gap
FPt
Eni
AMy
Dqs
GVg
LBO
D_d
JUA
Iee
IuK
KPE
AOp
HiE
LVJ
CMj
JOS
KEy
Bbl
Kqj
INz
LGe
LCi
EnJ
BQL
AFr
Kvd
FlJ
FOL
IoT
CtF
FlL
Ddr
GAK
GYz
DmT
IWd
Imz
Jog
LDr
GXo
BsB
FoH
mM
H_R
kH
Gf
Ewz
Ims
Fck
CbN
Grs
Icv
LEt
Bcm
APY
EHK
Ddk
AIo
Bxm
HEN
EHn
Cza
eR
IsX
Bng
DrI
Kpd
CBc
GOd
HDp
KpW
AJm
IxQ
me
EoS
HNq
Jse
BNS
Dwc
vp
HQh
AuW
CaZ
KoC
FrM
AKn
CTG
Ajo
CTA
KRd
Bjw
Fbk
LGL
IBp
HRB
EdD
HTZ
JRZ
Imu
EK_
LQt
Edn
IfO
Fhj
FdF
IbH
IYA
Cij
JfF
Gwm
Hp
Cbf
FfS
zk
Fjc
AGF
EZj
ILR
FpI
BuS
LS
CwC
BFP
GPD
IgH
Ow
DPe
HNn
BOk
Guy
CtT
HxC
BUi
Egx
Ggh
INp
EqB
Kil
GXL
Eiu
Ewa
JMa
GmG
ECU
DVS
ADt
DLw
GPQ
HtK
Geb
BzV
BZm
DCq
IkX
HzL
GQf
Dek
DOg
JaJ
mz
JQx
Gmt
Ivu
KDn
Fyr
KuE
ta
Afo
KL
JUW
Jo
HFh
CoE
CjT
CDL
JM
Hu_
_j
CNC
HNx
BNH
LQm
EYe
IHp
EIl
BTg
Epw
JuF
tq
FWq
KJl
HZf
Gyu
IUK
JvA
FxE
Bdh
LPd
LBu
GLX
CwP
Hoj
HjD
Kdk
EpP
xN
BcK
Vp
FrH
AmW
KsA
WX
HCd
InW
Cau
zE
DmP
BI_
HRC
GvU
Dfr
Aty
AYw
DCB
KYk
DHA
LSn
Ehp
Dei
IyH
FUa
Htq
Exu
GsX
EMV
wJ
CiS
KRg
GOc
wU
CZp
J_J
CwG
FdD
LTy
KJd
FnI
BUK
FIq
DnJ
JKJ
KqL
BFV
CmA
ECO
HoA
EnH
ITN
Kxf
Ihm
ClU
FbN
CJe
KCO
JFx
HcM
Buw
UA
JOU
IGX
FLZ
Dlx
Hpe
BxF
CUa
EEj
JxP
IoU
BeL
GVO
AXh
Bqn
KPV
Aec
Kay
Iqf
LPp
FVx
GQE
HwB
ETb
CXp
EmV
CJh
DX
DBC
Ipz
DIV
HIT
ACl
JAg
JDi
IPK
Hrf
KwA
EaS
DiO
ImP
DZA
DQa
DqH
LOu
AwH
DjO
Cgl
Fdh
HSN
IsO
LNj
DHf
CRb
BOo
BW_
Heg
GyU
IMS
DPb
JTt
Gxt
BcY
IAo
HjH
HEh
GiA
Djv
Gja
FdW
Kkx
ADO
H_K
AjX
LKk
CrJ
CGC
IAJ
JyC
Hxj
EdO
EVV
LJX
Hfs
ANu
IqR
Chz
FrQ
FdG
HtL
qo
DoD
FVt
FXK
Fsg
IVm
HKS
FKl
Hzq
DiP
AND
Fuq
Hqv
Hiu
GAq
Irk
BtI
GGy
DjU
EWO
HGo
JQO
FoS
FNv
DlY
IgC
Iue
Bai
BFi
FaC
Bna
FgQ
GVu
ISJ
Ayv
JfQ
KtZ
Csb
CkC
HsE
KjF
LIq
Kek
Dlu
Ioq
BtC
Gph
BhT
FN_
cm
Kxi
BkA
GrZ
ABT
JTj
LMj
JAo
CaB
Hhj
Baz
HLr
CDN
JJC
JvT
IYV
BLv
DyW
IVR
FIb
Cld
CPz
A_V
GOj
DJc
FQX
DcX
DCZ
Ddu
Bkk
FnA
Kiw
Gz_
Hni
FQd
gQ
Kfe
KBF
IhX
FnK
BnE
BzK
FiV
BaX
Cih
Bwu
Ely
KNe
HQr
dv
CbK
JtS
Bgz
CGJ
tS
Ien
Jcq
BMO
Q
BRQ
BOe
KEx
oe
FDh
EXh
BnY
GPh
JLO
GEy
EMb
DFb
Elb
IJI
CDE
BXZ
ISH
Atl
HfX
JCz
DVs
CIk
JQK
Fbs
Dez
KJj
JBh
AS_
Bkg
EAy
IFn
CEn
FQz
BTQ
ECV
Ilz
CdB
Giv
ERp
DGJ
Hdf
DbQ
ICE
Ebq
wO
CkT
AmL
ON
wl
EkY
DXa
HKX
BqT
KJX
BoP
Iuk
Ccs
EUB
Bvg
Kxr
Gcw
HQM
GBS
Sx
Ffb
JuI
CVS
ECd
BnF
IMY
ck
Hsc
GhJ
Inu
CiZ
IHm
Kot
EmG
Clz
Hcr
BaL
CV_
G_n
Gut
BPd
DbG
BdX
KGA
EAK
lV
JWk
EDg
Bbe
DjR
CBz
JYU
GOV
Czi
BLz
CSD
Ckr
GMo
IHv
EnP
CvL
HIn
FbB
Iud
Fzb
Afn
HyD
Far
DZv
DJV
APf
Ika
Arc
FaQ
BhV
Jsn
KYb
GyW
GpM
Eit
Hyv
Gfu
FVH
AXS
Iaz
HTe
JHD
DWp
EGo
G_K
LBi
HRf
AHJ
HhB
BTD
HuW
hK
Tz
_h
GKU
aw
Jey
IFo
IEh
Wy
HOv
LNK
C_p
Jtb
DJp
EFB
AVO
GGa
HlD
AVq
BLi
HGH
Iet
HTH
xY
ISY
IFT
JvS
Irc
Ca
KMq
JTz
HmY
AKO
CDg
DoB
Aon
JVW
KES
gZ
DBc
DRA
Bcx
AkP
GsJ
FKv
HIt
GXx
Bqe
FoB
KVX
GTw
Gzv
CgO
BXz
PA
KlF
GnX
IiO
Inw
HMq
ExA
HlL
LDS
IUR
Fwa
Bcz
Vw
Du_
DaD
Fzh
Hhs
IsQ
FMK
MN
ByF
Gmq
Jah
Azf
LEm
FF_
Bh
Jlw
FiT
FDb
IBe
FwK
JVk
BFD
GJi
Iug
BGG
BOM
CYW
Hzn
DRf
KOL
HVt
HAv
EZx
IjD
Gsv
Ewx
Kci
Ic
HuU
HsU
Bk_
ARE
EuY
Hlh
IoM
HpY
EhE
CW_
DRg
Kpx
GLW
HXg
Fpp
ILe
Dwh
dc
JuO
EEi
FVd
KFZ
KDd
KkE
KHp
Afl
IGm
iJ
ENS
C_F
DhU
Dyd
CgS
Gif
EYJ
CZs
AtU
BYF
JaX
ESb
IIw
DPV
Fwp
CHq
FwE
IPT
JZj
KDG
nI
DuZ
HEs
JxS
HKM
KVQ
EYd
HAt
EqU
Heq
BGw
IuB
Gau
Cfw
AxE
BgQ
DyE
LEC
GIg
DB_
Hml
GuX
CWC
Jjr
HRY
FC_
HyZ
FRR
AOg
FhK
JiS
Fwm
JsN
HWH
EoX
EOh
Des
BIB
GPE
FaA
DIT
Gco
HeZ
ZX
sw
EcY
ArB
Hiq
LWm
Ii_
AdG
Bym
BXl
Pe
Irz
CpZ
LBb
EvT
BYK
AZl
HXP
Imm
KYa
Bir
LM
DHU
Dvc
Atd
Bwz
DsM
CQV
EtU
Hnq
AhC
Fvc
DFB
Gdj
JMC
FDK
Kg_
Huq
HS_
DZZ
HSc
JMW
BUG
BiJ
HEe
Bn
Kso
Kfw
IOF
GGk
Fcl
BcD
Czb
CzU
HTw
Jvg
EEw
JJo
IvV
h
EOf
C_j
Bxa
gj
JwU
Fad
HmL
DRi
GOH
oz
JzM
I_K
GkO
Jrh
IKt
CHz
Eyg
CFi
Ku
HJl
EUi
IJb
BLm
FGF
AVH
AyC
KPy
Fje
Esz
JFj
Cjz
JZN
JZA
Duo
Fye
KNA
Dyx
CRx
KbF
GKm
AvT
FYF
Gty
BfH
GZY
DH_
GtX
BVe
DJq
BsX
EyE
DMN
ry
CxN
Cxi
Gwb
DXd
BSY
BGI
Fn_
Ioj
ItB
GZF
Ixj
AQL
Hzm
JnV
CYA
EYZ
BmW
HsX
HmR
IEI
KzT
CRj
FbO
KgY
HKr
An
JFd
IVj
AoL
ERP
Ilr
FzF
AVp
Dpv
CJk
Cpv
DWA
IPk
IUQ
HiA
CSd
GIR
Cwc
LNk
FNq
BDe
HB_
Igg
Iou
Ckw
Esr
Gcg
JMd
DEI
IlH
JzJ
Buk
BKM
Gsq
EGs
EKY
FFR
EWx
CXc
BKO
GIP
Fiy
DeJ
Fsp
Ioa
EVm
HZu
Env
Dxt
JJh
Jzc
HOg
FJD
HXD
AkS
FBu
BjS
HYL
HQP
DwX
CbT
EZ_
KyG
YG
CMt
F_T
_V
vr
ENJ
Aow
G_Z
ByG
FLP
HUc
gf
GAG
BT_
IlU
AFq
CAQ
ECT
Cne
CrD
GsT
CvF
BwI
GIV
GXW
HYG
JVM
FbI
Hhh
Fxm
AZo
CXL
EJO
Amr
Ly
EzD
Jto
FIv
Aox
ITY
JRy
ur
I_U
Haw
Etw
CKH
BFL
AZw
Bi_
KCW
Iir
Bvi
UO
Yn
EnR
HoX
KSO
CzK
LQE
ns
Hxx
EEl
JsO
CbO
HcV
Ilg
DDI
IlS
BCE
Fur
DNS
FSw
LCx
IYh
BXY
CXt
BxT
IrF
Gcn
Kia
GPt
KiG
CCF
Hvf
Afb
CAa
GLq
Bpy
J_u
IoZ
oP
C_n
Hnf
HSg
IAC
I_H
BEn
JIf
D_q
IgK
LBP
GXD
AQG
BcA
LFt
Epv
Eiz
FLJ
KAd
DJY
DtS
DvT
JIu
Jnb
LAL
Bof
Cu
pi
BDW
EQJ
IId
INQ
BRX
JYd
DJv
KFT
JZq
Kwy
HRu
Fjb
CIf
FmA
BRF
FgE
CWo
HJg
BH
GxM
ET
J_F
JSA
ApB
KHJ
Ksd
KmQ
DRp
KXK
HTL
FSK
Hum
GA
Ajw
ChX
JkT
GXA
Iat
DoC
FHR
EsA
BSV
KcX
IUO
EQf
CdY
J_x
Fkv
BDU
DZa
JNL
FbT
DOk
LUT
Ebu
Kim
KkV
GuL
Big
BXd
EDm
EtN
Fnp
GPm
EfC
KRy
EHC
HzH
Fmr
G_U
IXp
Dhn
JKS
FI
Hgr
IKp
GAT
C_X
ILG
Hve
TU
LEh
EvP
FeV
HWy
DrF
DEs
AHS
HOf
BTr
Gxq
Hbp
lE
Dtm
CeX
Eyt
FD_
IVO
Jai
GQI
DvU
INa
C_l
DLZ
JME
CDq
FZM
ElK
KD
AUM
FjV
Esf
Fcr
JiU
EqJ
HYg
LJj
JO_
GuU
ESA
GOC
LJD
JxO
LGE
LEr
CiF
CVy
KCL
Jqp
EKd
GLd
AlN
Bju
JaB
GNI
Je_
dU
LTE
HuJ
LCo
IFD
GTe
ERf
CXW
K_Z
KSv
JMy
Ilm
DGn
F_M
FXi
BU
LNQ
KwI
LV
DMH
IDL
KNo
HeK
KTU
Bho
FnF
DFw
JfA
LCn
KXz
Pq
Cel
BAX
IHW
BSi
G_B
IDc
HSP
LD
JEJ
ATn
Tu
AOe
I_f
AkR
LEB
FvF
E_
GZr
EFW
BoW
BpC
KFe
IQl
BOb
Czq
KBk
IiR
BJs
NP
GRb
EgT
oZ
FrP
CJU
CZy
IgI
gs
IvK
QU
rw
JUP
FDB
KxH
KYR
CEj
ABo
Cxw
BRB
KqJ
EWI
KPK
ABF
HPu
ClA
Cdn
Aai
Kfm
sQ
IAW
IPI
SN
AKE
IGx
LHO
AEb
BQA
IET
LJW
DXN
ABH
EMC
FCN
DWk
LTq
K_
JrE
CLO
DKk
MQ
IEw
HWB
Gmv
GIH
EdU
GgF
Jko
KpH
DaM
Hqj
EED
BkC
DAl
Byd
CBd
CUL
FSi
TJ
AMb
GoP
GpF
IpE
Jbf
BrP
A_B
nx
cz
Avl
DVi
KEr
Avp
AUU
FqV
BmV
uu
ABv
ANh
LZ
Jte
BXb
JUr
FjO
Wk
GuT
CsO
Ul
IuM
HIE
Hqc
CsE
DuF
GSc
Gv_
DHM
tg
JCb
KaK
FGQ
GdL
LSJ
HxX
EWF
GFg
FvY
KzY
DuO
FKq
KEM
DXe
Juy
IvI
Dgn
Bfq
G_f
EwB
Dpr
KDB
Cfm
EFz
EcR
La
Euk
BmZ
Ipa
Jcs
EWS
JmN
CDd
EJP
DHC
KcW
LGR
H_q
AjS
AxX
FOm
EiS
BIz
IyW
TM
KMX
AIy
