retired_history
live_drainer
outdoor_idea
favourite_efficiencies
combative_ax
comparative_spots
funny_bin
relieved_chairwomen
developing_checkpoints
medical_barometers
outdoor_regulations
shared_masks
vast_sights
stupid_master
evident_coders
hungry_bin
stale_tomorrows
purring_diary
written_chases
private_equator
generous_scale
printed_desires
relieved_readings
top_shop
lesser_engineer
opposite_head
remote_cases
comparable_groceries
relative_claps
intellectual_sonar
glorious_discrimination
identical_rumble
main_technique
boring_propose
uncomfortable_tackle
bright_pages
confidential_validations
working_icing
complex_saying
late_possession
quick_arrays
tan_ladder
electoral_laps
indirect_face
encouraging_conductors
rigid_butter
salty_bundle
confidential_driller
beautiful_student
comprehensive_bay
relaxed_exercises
so_called_guideline
red_inlet
likely_varieties
rising_greases
handsome_chairwoman
philosophical_accountabilities
sharp_subjects
quick_expenditures
large_paint
head_zone
small_electronics
unchanged_correction
impressive_blindfolds
subtle_splash
tough_principle
motionless_managements
cool_legislation
developed_bailing
powerful_documentations
shivering_suppressions
positive_loaf
dead_invoice
agreed_core
unacceptable_revisions
disturbed_humans
impressed_owners
zany_hoods
thin_box
civil_promotions
eventual_lump
active_hall
tender_hickory
rational_lane
front_shoulders
neighbouring_stumps
happy_complexes
occasional_instruction
red_seats
frail_recruiter
simple_flags
fair_islands
massive_drawings
acceptable_rig
international_rumbles
divine_match
cooperative_bridges
living_exceptions
misty_displays
elaborate_evenings
entitled_administration
straight_exhaust
sweet_mask
tory_mints
convinced_countries
funny_manual
friendly_cars
natural_wiggle
coming_observers
dry_position
increased_models
lucky_amounts
binding_round
hungry_targets
common_submarining
tender_piles
only_radians
applicable_grain
static_choice
rare_boards
stiff_character
olympic_mates
green_stripe
classical_hotel
late_configuration
solid_folder
junior_site
unwilling_hug
mysterious_aim
substantial_millimeter
fierce_torque
forthcoming_braids
upset_splice
plain_individuals
slow_realinements
tough_procurements
ridiculous_injection
clever_stress
wet_byte
large_lubrication
quickest_lieutenant
latin_stapler
icy_widths
delicate_glances
vertical_draft
tough_custodians
chubby_oil
slow_realinement
moaning_lesson
christian_sailors
patient_waters
dangerous_bumps
identical_whisper
overseas_hands
orange_fist
rival_exposures
proud_mints
ashamed_hazard
civic_hunts
tasteless_sling
grateful_lamps
chubby_jam
deliberate_present
minor_amount
neutral_advantages
wonderful_switch
innocent_cruise
detailed_pennants
provincial_sidewalks
confused_pronoun
huge_poisons
prepared_cockpit
gigantic_rubbish
sparkling_bud
remote_wire
curly_misconduct
mammoth_miner
doubtful_statement
grieving_scab
additional_davits
bloody_wax
hard_acronym
yummy_artilleries
assistant_beaches
labour_screws
graceful_credit
initial_grooves
full_time_fractures
eager_cheeses
tender_subprograms
assistant_tours
distinguished_rate
delightful_handwriting
chilly_beacon
raw_coals
steep_feeders
aggressive_extensions
sad_features
environmental_sport
rubber_block
racial_drydock
delicious_pint
compatible_click
nearby_tasks
unemployed_partitions
practical_halls
dead_webs
spiritual_compounds
strange_wells
front_restaurant
religious_blazes
urban_publication
shared_grades
fit_galley
shy_drop
legislative_oscillators
hilarious_jumpers
wicked_deductions
mad_dealers
zealous_basics
strong_casualties
kind_spear
neutral_lifts
immense_religions
soft_improvement
light_holds
supposed_hints
surprised_contrasts
inappropriate_destinations
clinical_honks
near_preparation
giant_survey
wandering_girl
angry_voids
dependent_terminators
secret_taxis
innocent_rescuers
significant_additions
parental_diameter
empty_designators
balanced_dollars
traditional_whip
dying_glance
driving_overflow
alternative_dock
plain_twins
known_knob
familiar_diary
poor_review
silent_butters
parallel_glances
unaware_terminations
little_similarities
strange_jeopardies
high_farm
remaining_contract
burning_facepieces
black_groan
shaggy_track
radical_destruction
early_boatswain
mixed_talk
vivacious_helm
shiny_delivery
part_time_riding
nasty_waterline
colourful_class
troubled_procurement
sunny_churns
tiny_turbulence
extreme_deviations
sad_expert
hot_copies
useless_lumber
creepy_terminologies
empty_longitude
full_thirty
deep_transmittals
australian_crews
cool_limps
aggressive_matches
nursing_fasteners
strange_leader
mammoth_aluminum
modest_equations
short_roller
immense_rudder
careful_column
colorful_breaks
organic_slide
welcome_farms
endless_discontinuances
dizzy_subordinates
mental_blow
dirty_priority
boring_defense
geographical_canyon
tan_oxides
near_processors
near_tent
thoughtful_commendations
ltd_stand
handicapped_spans
mysterious_patter
moral_withdrawals
wonderful_guests
related_allowance
many_feather
broken_residue
prickly_crews
linear_knots
clever_feelings
jealous_researchers
delightful_self
different_receivers
atomic_theories
hushed_mug
quick_tap
handsome_bells
liquid_surge
silent_drawer
developed_dent
organisational_religion
international_abbreviations
intact_cliff
effective_speaker
pleased_learning
brilliant_bumps
evident_engineering
harsh_lint
blue_access
useful_notices
illegal_transistors
flat_alcoholic
grey_annexs
american_geography
promising_reservist
interim_arrow
defeated_dimension
indirect_valleys
drab_bones
warm_cores
worried_writings
weak_dab
retail_senses
misty_opportunities
communist_fifteen
light_twine
awful_compilers
public_salvage
constitutional_character
shy_electrician
striped_magnesium
dirty_perforation
temporary_nod
redundant_lieutenants
middle_class_parenthesis
permanent_arrow
shivering_teaspoon
squealing_feature
persistent_books
melted_minute
diplomatic_advance
unnecessary_durability
lonely_hub
live_sort
alternative_thirteen
frozen_receipt
good_weapons
old_fashioned_clips
eventual_jets
legitimate_desertion
excellent_appropriation
compulsory_cliffs
uneven_pins
outstanding_checker
shaggy_rights
boring_enlistments
orange_sums
musical_factor
tight_neutron
broad_variables
spatial_tender
respective_braces
rival_licenses
spatial_columns
poor_marbles
prospective_entry
double_metals
acute_cap
japanese_capstans
cheap_semaphores
painful_shipments
well_known_swamps
horrible_artillery
stale_precedence
extraordinary_glues
grubby_character
definite_bits
eldest_servants
coherent_sanitation
convincing_collectors
bad_beads
ugly_railway
surviving_deduction
dark_shotlines
limited_battery
poor_doorknob
territorial_privileges
determined_thirteen
square_beings
specified_officer
serious_services
primary_timer
delightful_lever
flying_waves
unchanged_duress
circular_spoon
energetic_violation
inherent_guideline
plain_candle
important_henrys
fond_stomach
helpful_demonstration
presidential_deaths
legislative_acceptance
weary_crusts
mysterious_committee
unaware_story
mobile_wardrooms
general_hoof
toxic_flake
stale_shouts
fellow_coordination
tragic_tactics
lazy_fillers
successful_berth
tremendous_mitten
mass_soldier
burning_turbines
homeless_splicers
scottish_medals
flexible_rudders
medical_surge
crazy_beginner
grumpy_shores
ltd_train
coming_complaints
vivid_relocations
nearby_tunnel
relative_fleets
cheap_soup
male_histories
colorful_preposition
nervous_echo
rising_torpedo
molecular_nation
respectable_coder
ugliest_responses
enormous_payments
resident_face
probable_transfers
severe_centimeters
short_illustrations
prominent_dollars
forthcoming_hoses
professional_turpitude
thundering_marches
crazy_dyes
hon_shop
miniature_knees
crude_rescues
wonderful_holddown
continuing_diameters
chilly_recruits
abstract_kits
easy_indicators
local_vapors
excessive_additions
welsh_stars
severe_points
ordinary_compass
narrow_tent
technological_lane
plain_staple
fixed_procedure
defiant_governor
canadian_ability
brief_neutron
disgusted_reservist
nervous_heading
red_quotas
gigantic_spans
major_thermometer
typical_music
unusual_mattresses
eerie_discussion
adverse_spray
able_motion
grubby_timer
hushed_filters
valid_slot
surprised_wagon
juicy_hoist
blank_stencils
sufficient_pocket
full_time_friction
mushy_operands
encouraging_motions
agreeable_alleys
hidden_works
mature_departments
confidential_possibility
handsome_jugs
precious_size
subtle_hours
clean_circumstances
judicial_highways
subtle_step
nasty_submarining
precious_funding
upper_patrols
useless_jury
dull_bunch
experimental_stators
high_dirt
concrete_equivalent
magnificent_searchlight
acute_front
large_countermeasures
scary_crystal
planned_strengths
illegal_governor
friendly_centerlines
envious_duplicates
bright_jails
extreme_distributors
concerned_fines
adorable_fantail
causal_indexes
nineteenth_century_counters
symbolic_scabs
cold_delimiter
absolute_tackle
huge_thursdays
weary_null
generous_bulkheads
internal_odor
motionless_loads
extra_admiralty
annual_meal
fat_detonation
concerned_chapter
static_forms
english_cements
innocent_blood
glorious_leaves
ready_blazes
valuable_pencils
horizontal_development
violent_proposes
honest_circulations
southern_subfunction
frail_blinks
evil_provision
disastrous_arrests
corresponding_citizens
anxious_cliffs
sick_vent
scattered_jets
primary_notes
constant_weights
interested_punctures
ethical_fiction
subtle_outline
outrageous_series
advisory_algorithm
relative_initiators
abundant_generator
greek_defection
advanced_diver
liberal_semicolons
light_extension
distinctive_thin
sunny_balances
remote_unit
iraqi_improvement
petite_legends
brilliant_employees
monetary_manual
iraqi_control
lexical_acceleration
aggressive_meals
icy_allies
extra_memorandum
islamic_takeoffs
intense_pitches
tragic_lookouts
obedient_excuses
obedient_yells
electoral_shapes
printed_loan
polish_arc
lazy_cradles
bottom_paragraphs
general_formula
continuing_symptoms
melted_aprons
cloudy_ponds
mighty_lack
disabled_terminologies
real_hardship
guilty_vision
mere_station
mad_evaluation
separate_satellites
many_feeder
great_symptom
partial_permit
graceful_splashes
occupational_resistances
critical_summer
sacred_directories
southern_machines
clear_metrics
commercial_flowers
casual_tension
lonely_tunes
increasing_merchants
obliged_solvents
dangerous_cupfuls
coming_billets
exact_subsystem
pregnant_interview
possible_deserters
awful_scratches
fantastic_morning
controlled_whistles
certain_site
rapid_highway
full_time_bottle
full_time_intercom
rear_hangars
terrible_coxswain
excellent_dive
plain_stoppers
round_siren
frightened_resistance
decisive_chairwomen
late_custodian
large_memorandums
weary_sleeves
beautiful_microphone
shivering_plans
bitter_facility
dynamic_survival
scattered_selections
lexical_malfunction
human_temperature
roasted_frost
kind_pool
marked_web
desperate_button
individual_fluid
special_groceries
delightful_depot
convenient_mouths
outdoor_shows
faithful_canals
uniform_benefit
homeless_witnesses
intense_erasers
swift_trails
crooked_plastic
mutual_bulk
marginal_belt
elderly_stair
daily_stare
green_places
back_crashes
external_return
square_spray
presidential_gap
great_article
likely_rifling
real_casualty
brilliant_rake
plain_custom
characteristic_clumps
quiet_maps
direct_claps
parliamentary_leggings
given_hydrometers
uninterested_chief
basic_yield
near_saying
big_mine
small_manufacturer
kind_superstructure
striped_calorie
little_pan
grubby_dare
profound_forecasts
nervous_interruption
bright_rescuers
fierce_glossaries
dark_transiting
correct_deputies
beautiful_training
friendly_stretchers
independent_suppressions
near_straightener
minimal_feeds
outrageous_echoes
incredible_furnaces
functional_spade
dead_surrenders
prickly_core
legitimate_skirt
extreme_canister
yellow_bulkheads
japanese_alphabets
tired_prompts
crazy_accelerations
sympathetic_fights
lovely_majorities
remaining_magnitude
underground_blow
dark_recovery
marvellous_remainders
hissing_cab
fair_nonavailabilities
hilarious_parity
asleep_admiral
formal_symptom
adorable_briefing
terrible_hum
creative_evaporation
willing_clothes
small_button
near_human
glad_book
many_walk
wrong_programmer
hidden_millimeter
joint_saps
invisible_crosses
tender_buckles
mushy_gaps
selected_tail
ltd_checkout
frozen_nulls
gigantic_ratios
delicious_fasteners
controversial_discrepancy
cognitive_bats
coming_validation
content_anchors
fluttering_analogs
high_pitched_detonation
various_rattles
little_devices
specified_cashier
prospective_hazards
defensive_pyramid
chubby_article
southern_protest
accused_oils
strange_defection
jewish_remainders
amused_arrests
ancient_buffer
korean_toothpicks
payable_rhythm
favourite_meal
moderate_concerns
creepy_tabulations
secondary_show
functional_lids
male_vacuums
probable_machines
worthwhile_goals
appropriate_firearms
tory_documents
political_escorts
soft_scheduler
conscious_observations
blind_blower
scornful_highline
greasy_legging
corresponding_photograph
electric_direction
partial_catalog
so_called_stove
following_presumption
brown_canyons
insufficient_cannons
sure_screen
solid_manuals
silky_memorandum
wet_sip
successful_alkalinity
open_ovens
smart_operands
underground_grant
heavy_fee
flexible_frequency
original_tours
fun_goggles
chosen_proportion
ethnic_marble
political_amperage
open_seasons
distinct_resident
quickest_pier
strategic_wing
horrible_stapler
polish_professions
formal_octobers
tricky_classifications
lengthy_resources
aggressive_future
excited_pushdowns
alert_capability
uncomfortable_sweeper
proposed_major
delicious_gravel
spare_buzzer
fundamental_fireplugs
upper_ranks
realistic_intent
partial_reservist
unsightly_closure
principal_hums
shallow_countries
raspy_fur
european_residue
magnificent_locomotives
primary_cosal
long_jewels
magnetic_sheeting
soviet_shears
Sound_riding
lively_rescuer
misty_specialties
remaining_leg
shy_hierarchy
mushy_produce
fun_crewmembers
dreadful_freezes
filthy_publication
strange_pier
gleaming_slits
wooden_gun
inquisitive_semaphore
musical_boat
uptight_bundle
agreeable_reading
brave_copper
naughty_events
direct_misses
tricky_vacuum
big_issues
influential_malfunctions
willing_stub
tropical_loop
gothic_groves
rich_splicer
damp_electron
poised_infection
handsome_segments
mad_atmospheres
considerable_acquittal
jewish_thicknesses
similar_odds
financial_comfort
dear_meridians
negative_hall
expected_exceptions
vertical_mornings
surprised_briefings
simple_thousands
chief_loss
married_speeders
loose_invoices
grumpy_preference
foreign_fantail
naked_signal
damp_cube
sweet_rolls
french_approvals
frozen_park
detailed_babies
reasonable_limp
tasty_vendors
hushed_runouts
unlikely_tilling
scottish_envelope
gastric_warship
dizzy_tugs
screeching_tabs
frantic_shells
controlled_stages
lovely_countries
compact_affiant
electric_registers
unfair_appearance
severe_restrictions
brave_insulation
wonderful_plate
funny_plot
fat_bailing
careful_play
remaining_costs
administrative_listings
innovative_housefalls
japanese_store
shrill_battle
consistent_ohms
hurt_licks
free_tin
dark_changes
remaining_complaints
homeless_breaths
educational_ventilation
striking_cares
big_inquiries
maximum_brake
welcome_measurements
embarrassing_swell
tasteless_injector
different_dip
interim_waxes
experienced_firefighting
likely_impact
sleepy_camps
weak_issue
agreed_accounting
exuberant_talkers
overwhelming_bather
impossible_decorations
electrical_beach
wonderful_increment
cooperative_mud
grumpy_pressure
fit_days
local_act
chosen_stones
monthly_handfuls
furious_servants
running_aviation
payable_aluminum
blank_recipient
remarkable_displacement
crazy_kiss
sufficient_art
palestinian_hope
isolated_props
fiscal_gland
convincing_hygiene
front_hoods
dependent_strength
middle_lime
agricultural_influences
aggregate_seamen
marked_blaze
graceful_radian
male_struts
curious_tie
inappropriate_pines
ideal_sides
fundamental_porters
cruel_effort
huge_farads
witty_effects
communist_milliliters
universal_sip
scary_exercises
filthy_intercoms
ugly_attachments
spatial_plant
environmental_visibility
hard_services
stiff_bunches
liquid_expansion
administrative_chip
israeli_transmissions
required_shelves
average_blank
clinical_rivers
smooth_designators
uptight_ores
colossal_adverb
brave_stowage
worthwhile_variety
precious_september
helpful_frames
statutory_increments
courageous_drills
available_accumulations
far_lamps
many_payroll
full_time_hoop
semantic_north
weak_agreement
hostile_activity
expected_minority
little_groan
handicapped_district
worrying_hatch
embarrassing_software
spontaneous_bodies
thick_ramps
friendly_electrodes
senior_member
ill_tenth
progressive_collectors
tame_intent
rolling_midwatches
loud_segment
regular_eighties
weak_straightener
lazy_fours
terrible_echelons
certain_prefixes
rainy_rainbow
light_searches
polite_morning
bumpy_fatigue
ashamed_voice
integrated_trials
black_ball
defiant_version
gothic_pump
crazy_males
deep_downgrades
experienced_bunches
operational_doorstep
outstanding_tricks
long_term_chiefs
tart_impulses
tall_pastes
big_dollars
extended_million
thundering_catch
essential_substances
tender_abusers
orthodox_surfaces
magnetic_pedal
meaningful_equivalents
required_abuse
widespread_surrender
unhappy_beam
secondary_rations
naked_kicks
lovely_jacket
passive_entry
liberal_toolbox
anxious_budgets
territorial_theories
funny_candles
bloody_anticipation
limited_throttles
required_condensers
shared_tear
scattered_habits
gay_rules
colonial_delegate
visiting_runoff
icy_governments
disappointed_return
homely_electricity
yellow_batches
relevant_abrasion
known_citizens
very_businesses
electric_leather
foreign_september
slippery_circles
moral_ingredient
outdoor_stresses
added_blocks
significant_volt
dear_alkalinity
extreme_sales
relevant_pump
striped_team
roasted_staple
chinese_fits
favourite_sugar
scientific_revolutions
cloudy_quarters
mighty_cannons
controversial_resolution
brave_dealer
linear_accesses
familiar_adjective
neutral_batch
fucking_sinks
homely_coordinator
molecular_shares
dark_forehead
multiple_manners
pale_pools
round_protection
wicked_seesaws
everyday_counsel
distinct_fuel
many_carriers
protestant_home
mutual_deputies
international_talker
skilled_chills
effective_registers
medical_originals
appropriate_wish
old_ohm
agricultural_checkpoints
wet_memories
quaint_ores
open_thresholds
capitalist_firearms
steep_summaries
slippery_distortions
varied_column
unfair_sled
ratty_overcoat
yummy_marines
shivering_fittings
magnetic_moss
plastic_birth
bored_nameplates
well_known_blocks
obedient_coast
unusual_justice
socialist_recapitulations
delicious_award
blind_characteristics
fresh_taxes
long_abrasives
permanent_tabs
purple_intercoms
small_chapters
compact_certificate
robust_jurisdiction
initial_absence
new_magnets
biological_orifice
wooden_sting
relieved_maples
past_halts
unnecessary_floods
long_blades
sour_daughters
fortunate_shame
shy_attempts
kind_casts
loud_swamps
back_drainer
quiet_quotas
robust_addressee
collective_electrolyte
absolute_bearing
hostile_parachute
mushy_harm
big_rounds
eldest_indicator
psychiatric_pull
arrogant_services
gay_rejection
technical_raincoats
consistent_jellies
exotic_recruiter
rising_feelings
early_expenses
rich_thread
ugly_advancements
curved_environment
sunny_dresses
confused_grease
quiet_fashion
enormous_analysis
obliged_donor
obvious_fixture
endless_slide
round_threaders
beautiful_instructions
sharp_weldings
decisive_quantity
lively_zips
traditional_odors
good_rumbles
brainy_hitch
old_fashioned_conductor
organisational_orifices
latin_kills
forthcoming_allegation
busy_swamp
large_turpitude
primitive_wound
tired_tank
rolling_shelves
grateful_mind
ruling_beaches
subtle_metals
purring_shafts
proper_prevention
straight_slots
wet_chills
striking_sciences
extraordinary_pictures
outrageous_triangle
violent_churns
worthy_rope
temporary_presents
rude_areas
rotten_debit
electronic_precautions
shocked_hooks
theoretical_inductance
arab_worry
parallel_groom
calm_stage
only_condensers
overseas_stoves
impossible_admiralties
big_differences
magnetic_comb
young_lint
surprising_closures
anxious_lot
stable_grades
numerous_deployments
uneven_photo
subjective_base
mutual_show
selfish_fourths
glorious_timers
tan_calibrations
bad_folds
administrative_braces
tired_composites
fundamental_thimble
wonderful_plans
dear_needle
selective_dose
distant_qualifications
arab_sheets
helpful_widths
retail_quarts
artistic_necks
genetic_overcurrents
local_projectile
comfortable_egg
gigantic_minutes
helpful_ditto
uninterested_armor
right_majority
sure_schooling
back_feet
purring_mercury
free_clothing
wicked_folder
young_cathode
unlikely_depths
strategic_fees
narrow_diaphragms
valuable_number
striped_cakes
bad_scenes
rude_district
lazy_clubs
enthusiastic_wagon
still_barriers
abundant_union
urban_carburetor
large_keels
solid_suppression
european_gasoline
reliable_enclosure
short_petroleum
gastric_talkers
tory_tackle
hard_elements
slow_tag
small_lard
doubtful_forecasts
ripe_misalignments
able_particles
frail_annex
teenage_buildings
shared_recombination
ethical_linkages
empty_vessels
lively_anchors
shrill_procurement
progressive_salt
glad_moments
exuberant_drifts
bizarre_zones
active_tendencies
realistic_stub
intellectual_lamp
sympathetic_sponsor
mathematical_suspect
enchanting_protest
resonant_educator
dependent_buoy
detailed_straightener
functional_amplitudes
Sound_locomotives
raspy_features
independent_signalmen
combative_teaspoon
compulsory_faults
subsequent_couplings
special_visitor
deaf_milks
unknown_parts
tall_taxis
proposed_generals
estimated_children
nice_orange
open_passage
loud_citizen
varied_cover
dying_meets
sad_investigations
remote_restraints
rigid_clap
large_allocation
large_rags
everyday_process
scornful_scale
central_aliases
decisive_collisions
acute_directory
military_hashmark
qualified_electrode
sharp_cement
victorious_destroyers
zany_subtasks
changing_caves
objective_algorithm
comparable_launcher
scattered_removals
tough_remedy
architectural_reliabilities
flat_decoder
limited_pack
adverse_route
manual_period
sporting_halts
quaint_instrument
apparent_panel
industrial_spoon
fuzzy_businesses
emotional_office
current_provision
wicked_sonar
famous_molecules
influential_hisses
tiny_knocks
plastic_careers
tall_leathers
hidden_injectors
independent_chemicals
mere_apron
grey_pass
cute_television
fun_slits
lively_towns
mixed_letters
adorable_windlass
steep_terrains
promising_appeals
global_swabs
tender_acceptor
convinced_blades
advanced_splitter
western_firearm
complicated_refrigerator
retail_effectiveness
concerned_digestion
head_seasoning
fat_quartermaster
convenient_cathodes
regular_calculation
young_retailers
causal_letters
parallel_vents
artificial_shafts
functional_vines
mathematical_eliminators
gigantic_professions
scrawny_validations
unsightly_rescue
japanese_ramp
organic_lap
tasteless_lesson
worldwide_forts
separate_watts
conceptual_exchange
fat_flake
comparative_tubes
abundant_metals
combined_count
yellow_art
dying_bonds
managerial_lubrication
reluctant_roof
coherent_seventies
flaky_business
rich_receipts
cuddly_plots
steep_nickels
joint_boil
quick_firmware
profitable_sonars
conservation_rams
growing_termination
bewildered_situation
loud_ribbons
zany_lookout
steady_disability
far_act
bored_odor
living_toolbox
blushing_machinery
specified_processors
male_caliber
slow_fruits
systematic_lime
innocent_machinery
cold_arm
experimental_region
costly_stones
defiant_cap
male_catalog
big_equivalent
faithful_sun
subjective_parameter
crooked_visibilities
preferred_button
estimated_ring
clinical_art
ready_drunks
cultural_crust
adequate_flares
magnificent_blocks
canadian_public
principal_honor
unchanged_record
judicial_bush
protective_dictionaries
spontaneous_letterheads
lively_generals
misleading_symbol
hidden_tellers
reliable_suppressions
kind_firefighting
eldest_percents
evil_serial
asian_departure
zany_ventilators
enormous_models
burning_thimble
sacred_automobile
great_package
elegant_habit
shared_doorstep
musical_failures
swiss_call
advanced_villages
dramatic_accordance
excessive_weathers
neat_tilling
sheer_poll
excellent_nation
eager_drugs
israeli_thunder
lost_representatives
wandering_egg
primitive_binoculars
secure_intake
worldwide_step
hidden_cleanser
special_sleep
jolly_launch
irish_deposits
nutritious_survival
spare_twin
resident_duplicates
complete_tar
elated_dolly
careful_friend
square_checkout
diplomatic_transits
whole_wrap
given_airfields
characteristic_warning
prickly_laps
silly_americans
relevant_sale
helpless_receptacles
respective_balls
marvellous_branches
broad_grooms
lengthy_attachment
asleep_rank
chubby_spacer
atomic_body
managerial_blank
small_lookouts
forthcoming_circulations
emotional_dash
prickly_recoveries
indian_pulses
minimal_churns
innocent_circulations
kind_fuel
unwilling_trouble
multiple_scenes
supporting_junction
arrogant_capstans
logical_ampere
bewildered_receipts
spotless_plan
funny_editor
silly_basin
assistant_maintainability
conventional_powers
korean_bottom
awful_fort
annual_crowds
glorious_intervals
clear_integer
lively_machinery
brown_end
perfect_harpoon
international_wonders
other_growth
awkward_ways
occasional_taps
sad_ensign
yummy_way
legitimate_belts
estimated_acceptances
amazing_bailing
beneficial_joints
correct_swims
back_bubbles
similar_qualification
electric_teeth
ordinary_updates
emotional_argument
bitter_intelligence
giant_discrepancies
independent_wage
ordinary_power
human_cakes
slow_pea
only_farm
valid_struts
jealous_drugs
shallow_coordinations
straight_cycles
rainy_wax
dreadful_burglaries
glorious_legs
semantic_transistor
damp_fasteners
secure_steels
near_hint
sorry_boat
elderly_lender
beautiful_radians
popular_curvatures
awful_levels
numerous_inventions
mid_offenders
military_clamp
sharp_density
desperate_tendency
sweet_missions
random_stamps
selected_milliliter
marvellous_complaints
maximum_months
unique_rights
delightful_halts
naval_spiral
parallel_data
asian_submarining
short_flicker
careful_appellate
rolling_device
disabled_groans
educational_baseline
fat_moistures
big_citizens
native_notice
plain_time
pink_fort
weak_harmonies
involved_gases
high_reaches
specified_axes
prospective_show
occupational_language
high_guideline
corporate_honks
distinct_secretary
increasing_exterior
flexible_sewers
normal_blindfold
coming_necks
fresh_board
orange_interiors
keen_escorts
yellow_antennas
tense_soles
colonial_misalinement
young_shower
colorful_tour
square_departures
unfair_alleys
uniform_gaskets
proper_religion
verbal_aliases
potential_chest
eldest_perforation
responsible_delegates
average_drawer
fucking_secretaries
italian_reaction
eldest_monitors
unemployed_atmosphere
wonderful_furnaces
sole_graph
beautiful_freights
technical_truck
marine_radios
tiny_compressors
allied_lamp
consistent_hem
swift_crown
chinese_percentage
tasty_rooms
inadequate_secret
distinguished_concepts
pale_headings
silly_powders
solar_agents
working_class_hoof
significant_custom
decisive_candidate
steep_sir
minor_civilians
canadian_spacers
determined_course
bright_layers
statutory_hospitals
chronic_cannons
light_days
broken_curls
simple_arch
broad_potatos
complex_mugs
canadian_animals
damp_brooms
narrow_charge
correct_tables
chemical_woman
cuddly_liter
organisational_walk
extraordinary_shirt
essential_examples
alone_runaway
persistent_pond
peaceful_rake
accepted_gunpowder
light_transiting
filthy_giant
tricky_adherences
crooked_educators
burning_type
prime_government
deafening_directions
wealthy_system
warm_outlet
terrible_schedule
middle_class_legends
elated_iron
federal_nonavailabilities
steep_counselor
superior_lifeboat
professional_circumstances
sleepy_fog
dry_overflow
rolling_noses
plain_additions
attractive_trash
mighty_bay
technological_temperature
wet_fuel
inadequate_tablespoon
shocked_stones
pure_residents
favourable_depths
supporting_accusation
rare_azimuths
thundering_leaf
innovative_tactic
dangerous_pyramid
big_requirement
splendid_requisition
neighbouring_prop
fresh_packages
brave_ice
determined_taxes
hot_increments
tender_alternations
exact_countermeasures
linguistic_degrees
late_methods
effective_joints
inclined_propellers
wet_halls
strange_maximum
inappropriate_sea
labour_buoy
weak_barrel
primary_weld
established_excuses
environmental_chip
inappropriate_fighting
fuzzy_echo
clear_calendars
curly_plastic
naked_hat
protestant_alloys
artificial_whistles
strange_today
emotional_kick
long_port
rainy_cane
qualified_societies
average_leave
daily_alignments
wee_servant
permanent_winds
applicable_years
ready_radius
meaningful_flange
slippery_stoves
elated_transmittals
corporate_objectives
essential_liters
wrong_boots
remaining_pass
russian_statements
evident_lenses
advisory_keyboard
extended_groom
dreadful_eases
early_garages
defeated_failure
corporate_weeds
labour_miles
old_fashioned_shore
quick_shafts
extreme_pot
grieving_sack
delightful_bank
shaky_boatswains
initial_maximum
proud_emergency
perfect_minimums
typical_electrician
relevant_ambiguity
peculiar_veteran
shy_nines
breakable_swabs
western_stream
geographical_freezes
late_escapes
digital_boards
healthy_departments
modern_glossary
common_fastener
advanced_weathers
excited_eyes
square_navy
tired_retractor
sudden_wonders
natural_wind
creative_petitions
naval_warnings
mighty_corrections
binding_horsepower
foolish_minimum
prominent_alibi
nervous_ram
alright_cements
healthy_debts
civic_interchange
embarrassing_painters
roman_guidelines
defensive_medium
white_rockets
innocent_translators
upset_meal
ugly_cheater
related_powers
formidable_attempt
enthusiastic_logistics
terrible_barrier
remaining_diagrams
feminist_colors
low_harmony
skinny_batch
tight_methods
grubby_sort
frequent_portions
helpful_receptacle
huge_sabotage
dangerous_downgrades
judicial_swimmers
subjective_journey
weak_battery
kind_airport
shocked_discontinuations
sophisticated_weeds
entitled_sentence
vital_helicopters
wide_wraps
gastric_steams
equal_mineral
mid_delivery
naked_chock
noble_alternates
handsome_depletion
occasional_cargoes
sorry_skills
short_term_schools
aggressive_glides
extreme_shapes
obvious_gate
exuberant_hairpins
flat_hatchet
magic_captain
neat_transfers
liquid_meters
previous_correlations
purple_abuses
hurt_sequences
massive_profile
evident_sisters
known_anchor
scornful_firers
big_means
wet_labor
greek_insanities
lexical_materials
intellectual_supervision
hungry_thanks
awake_lookout
diverse_initial
mighty_church
busy_folds
sparkling_ceramics
precious_quartermasters
opposite_pilot
fresh_torpedo
soviet_discharge
occupational_lint
thick_specification
large_glove
promising_resources
concrete_scream
cute_hotel
marxist_fractures
inland_parentheses
uninterested_surpluses
novel_yolks
damp_coxswains
rival_rudders
gay_masters
wee_terms
brainy_cartridge
gleaming_flake
unfortunate_disposal
thorough_wine
principal_salvage
powerful_picks
visible_efficiency
colossal_rotors
large_scale_lumber
loose_area
stable_relocation
universal_comments
notable_burglaries
giant_hillsides
distinguished_helmsman
iraqi_fellows
wide_eyed_dispatcher
japanese_listing
shy_scenes
glorious_convulsion
personal_circuits
remote_detonation
thoughtful_difficulties
agreeable_period
casual_footings
chosen_recruits
alleged_patrols
modern_sneeze
fascinating_animals
intimate_catalog
worldwide_additions
wild_wreck
boring_touch
distinct_leaf
marked_surges
gastric_rig
simple_giant
funny_attempts
married_accidents
integrated_hardship
hidden_percentages
wet_mountain
remote_storage
diplomatic_clips
assistant_incentives
uneven_payment
long_parks
wonderful_thermals
noisy_carload
big_wafers
large_burglaries
disturbed_gulfs
global_counts
able_exhausts
nice_governor
electrical_request
effective_verse
interior_trips
commercial_poison
bloody_saving
double_smashes
bumpy_analyst
brief_force
ideological_ditch
broad_binder
tender_animal
okay_smashes
sure_attitudes
german_pictures
clever_staple
homely_number
common_powder
jealous_tenths
determined_pit
spontaneous_forms
invisible_preliminaries
metropolitan_comparison
alleged_slide
decisive_hunts
dark_locomotives
metropolitan_glands
outdoor_waxes
homely_crime
remaining_superlatives
democratic_debris
careful_americans
so_called_rumble
single_checkers
full_protection
characteristic_bottom
vital_shaft
silent_residues
cognitive_pick
old_executions
voiceless_composites
weak_boat
troubled_countermeasure
continuing_blurs
level_site
delicious_multimeter
public_disassemblies
good_stacks
legitimate_acquisitions
angry_ceremonies
bored_ditto
worldwide_restrictions
fit_trailers
round_chit
catholic_views
exceptional_pencil
nervous_telecommunications
applicable_commissions
musical_layer
recent_plastic
new_discharge
welsh_supply
video_taped_glands
fucking_turbulence
turkish_body
elaborate_convention
dusty_trail
faithful_menu
lovely_tuition
yummy_handfuls
surrounding_digits
simple_firings
hot_dip
exciting_packs
dusty_jumpers
obliged_coating
illegal_democracy
curious_collection
extraordinary_girls
magnetic_bone
uptight_firers
great_salt
reluctant_ages
giant_discontinuation
selective_actions
rear_answers
automatic_volume
brainy_yards
violent_bucket
wasteful_pushes
orange_firmware
sharp_loudspeakers
numerous_april
weak_parachute
accessible_seamen
frightened_rose
cloudy_barometers
complex_attack
armed_hush
burning_structures
socialist_war
full_laboratories
dirty_surprises
toxic_implantations
olympic_signal
bloody_tones
remaining_relocations
conventional_holddowns
oral_mile
retired_assemblies
structural_sill
light_hump
comparable_capacitances
tricky_cages
left_berries
endless_schooling
brilliant_wear
grim_slap
printed_howl
raspy_interviews
easy_harmony
bright_decorations
agreeable_vectors
fat_entrance
welcome_addressee
grubby_firmware
pretty_barometers
excessive_engine
educational_skills
adequate_september
creepy_sizes
tasteless_commanders
miniature_allegations
glorious_garage
easy_print
agreed_leaders
impressive_rhythm
inc_qualification
square_breaches
qualified_labor
liquid_transformer
sporting_events
jolly_caves
handsome_designators
confused_hatchet
unable_pole
uneven_theories
anxious_line
small_ribs
latin_echoes
mid_puddles
close_ore
allied_airport
doubtful_originators
hissing_nation
grieving_condition
victorian_freeze
german_repairs
deliberate_tunnels
gleaming_waist
hungry_operations
comfortable_yarns
major_growths
marvellous_irons
silent_teaspoon
smooth_depots
industrial_fellows
inland_boxcar
christian_group
reluctant_moments
similar_whip
distinctive_use
related_slits
established_treatments
calm_copper
rapid_seasoning
digital_pitch
valuable_submarined
charming_act
special_fogs
straightforward_dollar
general_elapses
wicked_diameter
small_halt
conventional_hammer
independent_kettle
slimy_aptitude
fluffy_areas
awful_games
written_resolution
handsome_butts
shrill_vouchers
unfortunate_alignment
excess_straps
disturbing_uniform
late_liquors
black_pounds
fiscal_ounces
fancy_liver
marxist_vessels
glorious_tablespoons
long_scratch
limited_stump
only_maintenance
civilian_interface
tory_particles
partial_letters
frail_articles
toxic_reservoir
impressed_gleams
early_briefing
colonial_expansion
implicit_acceptances
tan_game
socialist_winters
bewildered_laws
broad_fallout
ripe_sailors
simple_homes
powerful_exchanger
long_response
coloured_watches
tory_trays
wild_aggravation
electronic_slopes
soviet_housings
vertical_taxi
environmental_sequences
appropriate_exhausts
nasty_tensions
silky_decimals
blind_volumes
blonde_image
repulsive_damage
rare_keys
used_turn
elegant_artillery
essential_compensations
dying_submarine
exuberant_disadvantages
emotional_dip
united_seals
sure_tags
dependent_observations
unsightly_opportunities
static_weather
long_tables
holy_vol.
peculiar_pressures
jolly_brake
neutral_jury
able_pond
bumpy_play
powerful_knots
coming_submarining
anxious_eases
competent_splice
thoughtful_camera
social_jam
historical_pressure
little_dozens
square_fishes
grieving_bones
right_artilleries
steady_commitments
armed_fifteen
intimate_columns
optimistic_scissors
wise_parcels
dizzy_lives
faint_hitch
poor_sap
labour_doses
proud_confidence
tense_glands
brave_manuals
mysterious_official
excess_junctions
young_similarities
confused_overcoat
tight_lashes
happy_radian
arab_collisions
inc_hauls
urgent_stretch
appalling_fronts
loyal_milligram
bare_desk
important_lent
stuck_rolls
glorious_wartime
philosophical_yolks
multiple_record
subjective_forty
indian_settlement
incredible_poke
bright_background
monetary_exchanges
upset_regulations
silky_balloons
disabled_brush
juicy_expert
joint_body
digital_counselor
electronic_discussions
accurate_pencil
mature_tuition
quiet_kit
sorry_tags
stupid_winches
excited_stones
chief_davit
wonderful_alley
curly_dependence
protestant_arches
internal_yard
palestinian_sheds
wonderful_speeds
competitive_suits
rainy_collections
burning_auxiliaries
select_coal
horizontal_carburetor
marine_inquiry
secondary_forehead
shiny_people
light_bin
zany_dock
binding_tackle
grand_tubing
dirty_canal
rotten_occurrences
vulnerable_diaphragms
vast_ending
grieving_forms
obedient_category
slimy_cores
definite_ignition
working_whistles
magnificent_stitches
parallel_barometer
innovative_fashions
average_cellars
terrible_library
leading_swaps
natural_arrests
dark_body
innocent_prisoner
psychiatric_chits
zealous_bridges
maximum_destinations
safe_retrieval
superior_mineral
fond_staples
anonymous_deposit
printed_fruit
military_stub
distinct_coordinates
mathematical_preparations
mean_rotation
fresh_graphs
current_bulbs
tall_oscillations
liquid_lees
elegant_oxygen
specified_decorations
unfortunate_shops
mental_radiators
ugly_offsets
purple_pedals
silly_briefing
geographical_butt
divine_orifice
thorough_translators
regulatory_radius
long_plead
melodic_misleads
extreme_nails
flaky_human
thundering_greenwich
friendly_bean
male_manifest
german_glance
favourite_women
mighty_lamp
careful_wires
wooden_application
mysterious_cushion
concrete_buzz
tender_semaphores
capitalist_extension
thin_groves
significant_average
colossal_subtask
friendly_absences
asian_refuse
intimate_vision
legitimate_experiences
bloody_cramps
cloudy_widths
marxist_mother
everyday_pushups
legitimate_tries
economic_position
implicit_smokes
coming_circuits
cold_hose
continental_letters
open_arches
silent_embosses
coming_wrecks
confidential_acronyms
splendid_choices
identical_drunk
sparkling_silver
embarrassed_bend
friendly_inches
splendid_rainbows
cute_boost
academic_paints
major_town
premier_groan
yellow_ratios
iraqi_particles
new_cot
crazy_sail
dutch_recommendations
defensive_trousers
controlled_tumbles
beneficial_price
civil_allocation
gastric_peck
homely_beam
outrageous_block
territorial_event
increased_soldier
mature_presumptions
swift_quarterdecks
ready_guard
average_generators
military_calls
subjective_yaws
effective_nest
verbal_preference
brave_surprise
scary_polisher
related_architecture
definite_rollers
uninterested_committee
crazy_lakes
vocational_body
related_strips
passing_clouds
biological_muscles
brown_loans
allied_overload
islamic_tension
delighted_drifts
advanced_chock
welcome_plead
relieved_jack
sacred_worry
straightforward_standards
depressed_truth
numerous_copper
famous_roads
testy_oscillation
thoughtless_destroyer
ridiculous_competitions
nutritious_agreements
handsome_outing
tan_braid
fortunate_coxswain
female_ovens
korean_cleat
general_capacitances
tight_acquisition
live_construction
prospective_extras
exceptional_strip
incredible_fuses
dreadful_limit
ready_defense
real_image
round_wagons
surprising_overalls
overall_income
hidden_lapses
busy_commissions
innovative_gangs
black_workings
fuzzy_equation
exciting_dope
written_town
dreadful_habit
slight_occurrences
tart_mistrial
fantastic_meter
extended_preparation
autonomous_trains
straight_thousand
awkward_cycles
casual_pail
favourable_arch
disastrous_energies
golden_retention
troubled_rails
silky_explosives
frequent_region
full_time_privilege
suitable_groans
lively_conjectures
petite_feathers
damp_jaws
brave_washer
comfortable_platter
final_capture
muddy_endeavor
philosophical_equipment
comparative_deserters
favourable_response
changing_breaks
unhappy_harmony
civic_accusation
empirical_health
korean_path
panicky_election
fat_decrease
bizarre_dynamics
welsh_basin
bad_expansions
plastic_allowance
vulnerable_hems
lovely_lake
naked_party
supposed_times
fast_cycle
controversial_pistols
chief_welder
formidable_trails
increasing_warehouse
upset_mills
odd_cone
tender_projectiles
responsible_acts
colourful_watchstanding
islamic_north
tough_warfare
flexible_sequence
pale_nests
blushing_sting
inc_storage
criminal_balloons
tan_automobile
corresponding_art
welcome_victims
dizzy_dwell
small_brake
favourable_breeze
colourful_emitter
tame_pistons
remaining_resistor
distinctive_carbons
wet_employee
thirsty_commission
delicate_leather
abstract_umbrellas
ideological_alternate
bold_buttons
digital_forearm
fair_stools
valuable_crowns
silent_invoices
worthwhile_velocity
palestinian_painters
quick_references
rising_sleep
embarrassed_housefalls
hot_market
uninterested_cause
real_demonstrations
crucial_checker
top_sharpener
wild_attempts
premier_offset
solid_bays
brief_periods
distinct_variation
crazy_glossary
female_submarines
separate_overtime
fierce_drifts
still_shotline
illegal_variation
pleasant_supply
meaningful_stages
tired_paw
rigid_machinery
bright_revolution
sharp_proficiencies
clean_field
super_smile
hurt_generators
rising_misses
unemployed_flight
positive_influence
bored_blowers
giant_sections
shy_yard
representative_conjunctions
sufficient_duplicate
worldwide_curvatures
