eas
Aff
aCI
vaX
mup
ckU
duG
YV
plk
yzD
pjS
CSA
dUl
Dcb
kNF
ffE
ysZ
xnu
lZE
saq
jii
gQG
rgS
mVF
zwO
CqB
vfe
tji
raE
gTa
eYQ
Adt
xrd
dSU
bkv
tMS
hmc
sEu
eAt
xgw
DWR
vBZ
thS
lpE
dYA
sFr
Ajb
kJe
cmJ
vuT
cTp
ztp
bmg
unH
jLg
dTY
dqq
mqu
lon
AgY
fdw
kUl
cKN
eWA
gMi
bhr
icU
iBc
CSM
xVw
uyM
zaF
lxf
tjV
mVs
ywV
izD
edL
Cxy
yub
Dwv
vaY
neq
cWk
uvb
uZv
qZW
BOt
bIo
tHI
nG
rBX
CuF
xhY
dYl
xWK
hWH
ojq
gKN
pRD
aZr
vvp
jhU
BpK
xjB
lky
gVT
ACU
yxa
AKW
zGm
vwo
BPm
chT
ppp
uvs
gnP
zah
bNm
sKv
aAn
rff
yTl
cJY
pSa
bml
yxY
nhq
lQw
trV
fMF
lsQ
YF
qzh
wNw
quZ
bFA
CwA
Dto
tUG
fAX
rJQ
yYX
xqf
tuS
wCa
zza
pky
uVr
Cws
DVC
onP
sMA
avb
hQN
sQb
iWI
AKa
jfs
pNJ
gLu
jHv
gNS
pRm
rAn
hXg
EfC
DxD
maD
DYe
wcD
tTr
seW
nbz
iXG
tLL
pUB
oGb
ojl
Dro
fHa
acD
lpg
Akh
hlb
uqc
zCz
dUO
sQR
seH
Tv
vzS
rxR
Dzk
Cpt
uot
COd
wlh
DaN
CNO
DCa
coX
siW
fOw
AFO
phZ
cpw
vah
vbz
jLF
DWQ
sLl
naY
Wh
pVl
DtQ
DZs
bbf
hyB
hZt
BLU
nLx
qyu
EdR
sny
eaK
poC
CuS
xWy
eYi
azH
hYO
aFJ
mWj
wkH
vzU
xNR
dwe
eAA
fac
hOP
iVZ
tMR
mXJ
rwF
fEe
psY
pOE
sCZ
mtw
zdI
mtG
hvK
bHN
avT
sDR
cJV
oPH
shS
oSh
gpg
ohX
bGj
aAK
jEz
wLL
dyR
dvW
vFU
lxK
kPe
kph
tUM
tTO
slB
bCY
bfS
qpX
ghn
CtS
fCh
vfl
mXB
tpa
AFA
fiV
xLe
cmH
omJ
kUu
lWO
duF
qqS
zZu
fcT
gLb
rcO
gqu
hmd
abo
psu
sOa
lVU
rFe
oQx
rZr
nFB
lZo
vIz
vzX
axf
wde
Cyt
qro
eEq
SM
rEL
baJ
xpV
mzl
vAu
muT
lmY
AIn
Dzo
DDE
tnJ
bkF
BpP
htB
sFT
neL
bGW
AfE
nEt
AaQ
pli
cOb
rcC
hRQ
qvV
AEK
pno
uUd
nFI
zGQ
gRS
nDt
ztt
lsO
uoN
vHd
eHI
ezw
opi
ciY
sPl
jzj
zGD
Sj
BjV
gHy
uVB
wMy
tqd
huu
wgO
zAQ
dzH
BiU
msG
hoa
obo
dwJ
jFO
Ebw
gOz
bht
xnQ
nCv
oJg
hUh
rJP
bhH
pkg
olh
mWd
sEH
hTC
aHz
xlQ
bIs
sFg
bku
BeG
BMv
sRe
jcE
cMZ
kpN
eBw
zDZ
bct
hmM
dzb
hPl
zcq
eui
aBt
nFw
baY
yQv
qpo
Ajd
qAO
doe
CWj
yrI
CkL
jNo
hyN
rvZ
yTI
wHG
Aie
klS
ytj
ySp
jEg
bIp
jiS
kNr
Bre
gHD
nhr
dQy
hsy
mzY
ttR
dUi
iuB
kAt
myO
jFa
gnY
plz
ofj
mWw
luC
afM
pvi
bKN
awz
jdj
hVq
gNU
oct
BkK
CmX
awK
waw
yWM
thV
Dsg
yYm
nfP
fHQ
DrB
uvt
AHV
skl
lqq
ghc
cqU
htm
DzB
ewY
iWN
flm
vyU
CrN
dRu
qvI
snQ
tF
obX
wew
ckF
CRS
shZ
ttL
seD
oGf
oHi
fCW
qts
siE
fCm
ghC
wbg
fLj
pta
kai
rei
lQX
wPq
eza
AkU
nzC
BfL
cGy
mCQ
knJ
dQs
iVw
eYN
wmx
zCQ
gmN
ZS
zAJ
ppQ
ANV
CwN
pQa
kjq
clW
tiW
cmK
vFg
glM
pXI
Brg
crq
gUt
hpl
CXF
kqb
gVr
fNR
kLo
AkA
lOt
jCt
xJa
Edj
cJk
hTD
AFT
iZB
lMA
yoh
dqy
BfU
iCo
DAg
iEh
CfP
aJj
BdJ
gJz
zaO
oIf
gNt
eab
iBp
tik
lTp
CvS
tUP
vys
ebc
wNV
ALa
AAF
CRF
hmN
fbV
mUT
wcs
uvZ
zdw
yrK
cmE
ywX
lc
sET
kJz
gfj
yTj
cVm
tlJ
ezT
xVf
bOd
mCN
bGy
nJU
Ebu
mCE
eFv
oeN
Sm
nIG
sGZ
bDe
bHg
DYl
ynC
gop
xhg
vZg
sLL
dyu
uzZ
xgf
aaL
mvL
zYv
loi
bPr
pXP
lQS
Xc
lXM
yVt
sJi
bKD
sjK
iaI
azR
Dsv
pjp
Bql
vGf
fEb
sPd
bed
ysz
AcU
AET
cRu
bap
cgc
zGH
omO
tjS
bLf
iZC
tTu
ojk
uRI
jLr
Akt
gSh
itn
oos
wdJ
uuw
yzk
qWC
ojR
lvH
hrQ
aZQ
ncZ
khg
fCs
ayY
rvX
ncQ
plu
rZY
lvm
qVd
yss
ecq
lXK
jDG
cOi
DtN
DFw
bmd
hWt
ciR
vCV
cng
dZP
bca
fIg
apt
wKv
kpf
dpg
pmR
hPX
quV
zHj
xfL
Drv
BmA
xmj
zwC
ist
pZP
jKh
zct
pqP
lUx
ncF
Dra
rbU
nEJ
oeA
CkS
BIS
iWG
zxH
bFf
tYu
ewd
ogl
fEC
uyR
dQl
sbt
bhx
sbL
Eaw
blL
wOu
gMv
DZB
dTX
jBa
mxg
xmO
gSE
qUW
xTb
grs
xqm
dYZ
mqq
eFN
huY
dpt
aAj
izJ
slq
wiH
tjg
nGv
xMT
wIH
xie
gSt
baN
ynN
izC
gIr
xhB
lsB
kNC
ALG
bLM
tKp
zYj
csf
xqN
aIX
cNF
ysd
rJE
kOe
kqP
qxo
aBn
kRT
mVi
vZG
lOC
iCM
qyZ
ohE
cWz
lRe
zYA
AJO
fKO
jck
Aae
uRD
lnh
oFg
oFi
kJu
hiI
tlt
hRt
ylR
pXK
vvk
mUi
wBW
AKh
cMC
urs
zBj
maO
jgz
kPj
kTt
icB
odF
hQF
BNV
BOU
mzz
kdU
wJv
CRR
rEz
aEH
ocV
lUN
dXF
DCk
cth
gQk
kRP
uTW
Xv
qpB
pWk
nbL
sLC
neA
Dxv
jhQ
wKB
isf
tkL
quf
AeQ
CqS
dRr
dQV
DVZ
rbh
iXZ
oGs
xrB
veR
abY
Cog
fKy
bcg
cLU
ZI
mwq
AEk
CtL
puE
exe
kSF
bJM
lsV
hVM
jKX
tLN
jzo
slw
ses
xjG
bFU
ttB
nJB
AhM
ANt
gLZ
gIt
Bif
CsF
lvO
BhJ
yUu
lvi
uvD
wbn
ryF
bMg
oGv
ibB
gKS
wPD
tmh
eHf
gPP
sOu
oSJ
oJu
rbN
smw
jcK
BgI
ixg
ADO
ezW
sfg
nDV
hor
yPa
kHq
oRE
gNB
DyS
CWE
vaS
DvC
aZC
dZs
zxL
hqc
vBW
qzQ
lPI
EeP
vyX
vGO
mxy
eFo
nfG
hwc
hxQ
bNk
vyr
ocp
CoM
DVY
mUQ
hqn
eFW
ABN
ABu
sDp
wes
evW
oMB
nfa
glq
bBU
AeA
Cpk
uqx
kpe
bfE
BKT
AaU
gMZ
EeR
xRf
CRE
rIv
zAB
gTe
prM
fgd
Dsc
qxi
ypy
CXa
yyQ
dWZ
cTx
rxP
tsR
rze
zcL
uxZ
zbC
gli
sIZ
mTZ
gQx
CZq
Y
CuC
dtJ
fBq
yXq
qUL
xKH
pnZ
qpd
eZW
CoI
pLM
BOj
DYE
uqD
uTa
tPb
qwB
vFR
jjc
gJL
tNL
zcd
zdA
bfX
uzs
Clu
sak
AiL
vyV
dZu
hWP
mry
CUb
ctn
trc
Dva
xkw
xCT
ogy
rGK
oMI
eRt
BKg
aEr
hvH
cWN
exT
fNO
qVR
yPT
cgy
azY
kJD
uod
kPS
pjD
qyi
kGY
isi
oaR
yWh
xVF
poI
kPl
cUY
gmi
wDU
kcM
ztR
tOd
cXs
Bih
jAA
BnA
xjY
rEK
RL
lmi
CPJ
grv
wCS
BMu
tli
gOh
zCI
raF
iCy
mCe
xhj
jLB
fOt
cOS
qux
Eho
chg
gkA
xQW
tpr
fgW
Dwq
nER
xWw
lZe
Efu
hYs
lpc
wma
Csq
nHR
AbP
ono
BMS
ckT
pSP
wJf
uVF
yws
Bhu
naz
kOR
toA
BjW
sEG
rHQ
CUq
zBo
nhX
ict
fHZ
sJb
hpw
oEn
hUT
glF
rIx
cgT
Bft
DFl
wgd
BmB
ghX
yXL
fKL
hwH
llV
nCr
bQc
wNW
baH
zAe
Clp
BqV
gif
ewt
lsi
cjg
uc
jKS
zXu
bcC
BdT
DXu
eDs
ndS
hVU
hmF
ocZ
gVH
gsb
jyN
Vz
tXE
SO
pUF
wen
nBN
utW
BUW
fLY
CrT
adE
jDo
ppH
kkJ
wEy
siB
wDj
AML
sMa
rCX
ghJ
oMs
eFp
jbW
nFc
EiG
tQH
qrn
mvu
gTh
oda
kRl
kIV
yYS
ggz
bcY
wJP
cKm
lRy
vDn
pYq
fkE
zHf
cKi
okV
ech
uwu
rCn
aIs
chJ
aAO
CrJ
cgm
mBy
plR
gey
hqC
eZE
mCZ
wKh
qWR
utI
ysn
AIP
jeO
dUt
awf
fcA
dQH
pPO
mAg
xQP
bcE
xJg
hlw
lXu
icJ
qRG
dWq
ups
cMl
pYs
DWn
Bik
rcG
wIq
fCD
ibl
tVR
unS
mVI
CUZ
zBb
Duh
rBm
hQr
mwZ
Dzh
gQd
DaA
CSO
cLI
sku
mbi
kJE
coa
zvU
Bhr
kje
xTd
kos
sdC
gkm
bHR
upe
aYW
uqe
tlA
dTL
gTt
vFA
weI
xmL
nyT
gRf
nfw
oKY
lwA
dQA
bMN
ndi
eue
naZ
Duo
gVY
zwa
jMp
rat
cii
hRz
kNY
wfS
qTs
iWE
hPE
wDk
azh
eyN
isL
mrv
gmG
qtk
neg
rax
cPC
cka
pVn
CpH
qwa
gVh
Dyb
cme
sin
mtC
BJU
pVT
wLA
DzT
pTz
vAA
gVQ
ayS
uUG
crD
xJs
qsk
kmp
quR
Vv
yrg
fai
wjE
jMW
oeh
lRA
fIy
wiW
lmx
oJs
DUW
mCI
crE
xIJ
qYa
sJl
jLU
jbZ
BlD
lTH
yyq
ytz
DrH
lWj
yrl
ncR
BPo
wbz
cJE
ojn
vAX
uSK
Wg
Brv
iVQ
oku
dRq
ttA
tpv
hTh
aEf
bPe
oHD
aZx
xmX
kLQ
DxV
gkw
tnK
BPC
zzp
ckp
oMa
xrj
aEI
mta
fMV
CpL
AeT
fas
pXx
isW
uVf
tjL
lrY
DXa
mCA
wNr
Cwa
kdr
aBo
aZJ
vBV
COx
fFN
itQ
BJC
yyT
gRs
oLY
ryP
iBE
dwz
iaG
zVG
yyf
BPX
mba
hqf
wjR
Cxq
lZO
Ade
qWV
gQO
pZo
sKM
nhm
cQh
ghz
hnw
aGl
pkv
blu
VH
DCq
kdZ
EcF
wGr
vwg
tpV
ofN
isD
rdh
oQN
yvK
uSg
azz
xUr
civ
jbA
ffO
awp
DCr
pqb
Bpu
dwO
oRM
bPf
kle
iEa
BIm
rwh
hzj
sKN
rAF
BTK
wiF
dvc
pUc
Dxo
xMQ
gJY
oLU
tMy
vxp
lVf
Dwy
cfu
pth
cWE
kLl
ncj
gql
qxI
CyN
DCj
wjQ
bEw
zES
sgr
AEB
xSm
gIK
hnD
xrZ
rKo
wEM
tsi
xMo
yQi
uoU
DWw
uvm
Adb
mCH
wiT
ySl
lvR
ojC
mBA
sOm
scs
CWp
yTF
iyT
qwX
xou
bcJ
uXa
giw
cld
oKE
lTC
yXY
uYP
rge
gIx
gfr
CYJ
jaY
fBi
tjz
yzO
skK
zut
nbX
nHg
kcW
vCu
nFm
Cla
xVz
kPf
tpg
vzh
jES
tuv
aZM
eEW
dua
sRs
thC
qBA
BQM
AIV
nfW
CVb
tRV
wPB
uQS
pMQ
AfB
nEQ
tVY
bGD
rDt
uvK
tKd
xUv
myM
myz
AdF
vIc
wdq
gIG
gUM
CST
qwK
sjX
BpR
wNB
hnh
saa
BLI
Dzt
kMp
EbB
hUq
AFo
auQ
TF
vbl
glD
xmD
