AJR
ALe
APg
AUr
A9v
Aae
Abi
AcC
Agf
Aib
AkK
BDn
BFw
BGG
BML
BMc
BST
BZ1
B34
B56
B6_
Beq
Bfy
BiN
Bmd
BxQ
Bzj
CA3
CEj
CUs
CZK
C6D
ClC
Cz2
DA1
DSW
DTY
D9k
Dae
DbT
DfT
Dsc
DuM
DvP
DwO
EFZ
EPD
EPW
ERl
EcV
Eer
Ewk
Ezj
FDM
FTY
FV0
FWi
F1G
F7P
F_Q
Fh2
Fhn
Fo3
Fsk
FtH
Fyu
GB3
G48
G55
Gar
Ge2
GpX
Gu0
Gv5
Gyx
HCu
HOq
HSd
HWD
H2N
Hou
Hs4
Hu9
IE0
IHa
IIr
IOn
IPd
IWU
I0p
Ifl
Ik8
Ing
Irq
IvT
IvZ
JH4
JLr
JNL
JNa
JS_
J5k
J8H
Jcd
JnD
Jqp
KEE
KGH
KLL
K0w
Kcc
KdL
Kjg
Kk3
Kov
Kvo
KwO
LCm
L4_
L5K
L61
L8X
LcB
LfJ
Loz
Lwx
LxV
MK3
MUE
M0l
M7v
MhO
MkD
MoX
Mvs
NIi
NTN
NU0
N6K
Na_
Nez
NkO
Nnl
J1l
EGM
ExP
Khc
Fwi
LXz
Mpa
HmK
G58
GRf
Bqq
Eb0
C4b
DYC
Aew
Coa
AXj
Lj7
BSY
IAo
ER8
Cai
N1H
NiM
NhJ
F5f
FXi
BiY
IKq
C7v
A4A
FYd
Eg2
K6Y
Ea3
Fe8
Lu2
IOV
KMd
CHI
JYT
B7Z
BOG
Csw
HGg
CSK
JQV
FLG
JSY
FQv
Mj5
Dbj
Izd
C1F
HPW
Cys
EBR
JX3
CzV
Hj0
BTz
JL3
GKX
M25
A4U
Bge
Jyh
AT7
BzQ
Jsu
N9D
Jrp
GYV
KZ5
EJm
Hdr
IlJ
Mpq
Neu
FHF
KRE
FMz
ALH
DyV
K5m
Iwu
HTU
FH6
F7Y
DCB
HMC
CPD
DR6
K3x
CoV
AzR
J3j
Guz
A_K
I9y
GIs
KkV
JJh
APD
DKQ
DH_
HMN
HpY
FF2
DWq
DOG
FwL
BwQ
ATB
FGs
JsX
KHo
E2k
J1C
Esn
Mb9
NOH
Dfb
IT4
Amu
KRg
DLx
FyY
HNC
Fn0
H2L
Lmq
GXe
BqH
AWS
DN2
AQ2
Fqh
A7j
Dap
LrH
LTP
D12
IPj
FKT
L0W
Dn9
HKF
IWQ
H7y
Lrs
Lz3
Mzw
FNU
Ew5
JmH
Gdi
BWw
Fki
MAD
BDj
AF1
Gx0
KGy
CSc
K3i
NRj
GGt
Hc5
FLZ
MMA
FHt
Equ
EUD
Iu6
Hgz
D9q
AJ1
EV_
Kl4
Aqb
Fry
Hrs
Jo0
IHi
FoU
Lxz
E2z
L3e
Gpj
Era
MdV
L2F
A1A
H1c
D4c
BIA
LLC
Boa
K0t
N1s
K9d
J3v
KEV
Nik
LeP
JjE
K7B
EkU
Gyc
KVL
L2v
NWo
Mz9
E9Y
J2e
L_H
JX2
Gwc
Mrx
AAe
K_3
Gnz
LgX
BbC
CwZ
Itn
FVV
LzR
AHm
K0c
DTZ
HVh
A2H
Ldy
GP4
Ilp
Iuv
N4T
CzZ
Ijr
LqJ
A4p
Ls9
CrJ
B3t
IJG
JvV
E0O
GFj
AwQ
C9E
CkJ
GQ_
BPX
KJJ
H6l
IrK
GOm
L9B
NTV
JSV
Bgv
F0O
AE_
DyB
IdD
Gt1
LqP
C6m
AM5
EfP
MRh
GYQ
EIP
Mat
JWk
APa
LRU
NI6
JZN
J_e
EPp
NnM
DS0
HJC
FIF
No4
NXx
KnA
HUL
BON
Dp4
NZp
Lhi
C7a
BWH
Bi3
FOF
GHs
Ajq
LuW
F1d
GmN
F9w
Hag
LWF
G7j
LYE
EgS
AsF
LaX
Cju
Gm4
JWD
JL1
GUo
ImE
EB1
L_o
HmZ
DZX
IRE
Cu2
Ejx
Cro
KuA
M2M
J_j
Nem
EOE
AqL
MEk
Agy
MA_
Ion
NXs
AXz
EoB
AfK
Irb
E1o
CG3
H3l
MOM
EtX
GVS
D08
F_0
AAH
NF9
IJ1
CXS
BZY
GTo
BXB
C_4
MSz
BfS
LBP
DVI
MXE
Icp
Brv
Ey2
Bm2
Bwt
MzO
AQU
C6s
Lus
LSa
L7k
GK1
Bp1
H96
FOd
Luq
DMS
Bgr
Jiq
LJ0
A0E
Err
IJ9
JGR
B4H
B1X
JJt
LqZ
CGv
E0n
MG4
H94
NPY
FPY
Lwe
N4h
GzZ
HTR
Jma
IWP
E90
JkQ
GK5
JgL
Nnq
Bnw
Jv4
NdU
KTQ
GV5
I1S
CnT
Ebw
Kuo
Fo9
