('item_18832', 4104, 20.15, 62088.14, 89992.4)
('item_2488', 10023, 20940.28, 82034.08, 86517.11)
('item_14863', 17391, 18.19, 44962.02, 43348.15)
('item_4522', 15818, 95220.25, 39946.16, 55283.61)
('item_12576', 10078, 75586.57, 94871.86, 124691.67)
('item_9076', 9931, 22514.48, 57651.15, 80922.24)
('item_16076', 9553, 93.67, 68590.66, 84412.47)
('item_10570', 9482, 17935.63, 71640.9, 140572.99)
('item_850', 2968, 45837.03, 63787.81, 89840.54)
('item_11018', 711, 84336.14, 6163.82, 45101.71)
('item_15195', 1936, 17.42, 78350.2, 90505.83)
('item_8938', 11835, 14331.56, 61773.24, 81591.84)
('item_16576', 9007, 78.6, 42054.82, 7924.16)
('item_8653', 19262, 43144.19, 9162.64, 21301.04)
('item_9717', 3178, 61235.95, 731.5, 8987.26)
('item_2733', 4133, 139.13, 5496.39, 24497.37)
('item_19907', 11735, 61.56, 76769.8, 34955.83)
('item_16332', 10117, 18.09, 10892.62, 97314.83)
('item_6552', 12615, 76519.11, 32703.15, 75314.19)
('item_4463', 16526, 21091.96, 12469.53, 28871.24)
('item_7265', 4004, 58741.35, 0.0, 56744.11)
('item_4784', 917, 23146.05, 15505.05, 74918.58)
('item_4403', 18663, 66362.17, 28148.88, 29434.42)
('item_15020', 4760, 46.18, 64278.59, 98355.6)
('item_9750', 4886, 4506.99, 19668.66, 100952.64)
('item_12996', 10221, 0.0, 59060.73, 70000.11)
('item_9389', 12021, 46740.98, 4907.49, 12096.67)
('item_18199', 12159, 92.23, 71565.12, 84825.46)
('item_987', 1474, 7693.4, 104.47, 10289.64)
('item_15487', 2591, 90.63, 62766.88, 13818.16)
('item_11687', 3666, 51611.95, 30933.15, 47102.84)
('item_4592', 14377, 76917.57, 96459.13, 97150.03)
('item_16032', 6103, 55.68, 23614.65, 11971.13)
('item_14963', 3720, 98.83, 72576.67, 66563.13)
('item_6046', 2377, 91341.47, 88437.06, 95829.5)
('item_6226', 18906, 45662.37, 53113.45, 72704.98)
('item_1925', 19971, 64890.69, 50376.29, 55508.89)
('item_1144', 1035, 5648.86, 93706.21, 95417.33)
('item_15327', 5402, 33.19, 25884.73, 44002.56)
('item_15842', 3852, 67.4, 85183.69, 18393.49)
('item_6610', 11208, 29172.07, 26502.99, 90697.56)
('item_10504', 18241, 9130.79, 10567.17, 72798.07)
('item_14528', 5578, 79.74, 45538.24, 17436.22)
('item_1429', 12094, 84140.17, 0.0, 1279.46)
('item_17457', 476, 22.94, 20725.47, 34551.64)
('item_6359', 11594, 27312.92, 34843.26, 55076.16)
('item_10526', 12503, 1770.51, 24447.16, 35261.22)
('item_786', 9265, 17015.68, 40353.65, 43244.63)
('item_7865', 1472, 37766.24, 23176.55, 86913.3)
('item_866', 6911, 32385.71, 27142.7, 47723.02)
('item_3482', 1619, 85042.51, 66259.27, 68224.14)
('item_10133', 4959, 48379.59, 37771.87, 77107.21)
('item_16953', 7255, 25.82, 98631.51, 71234.63)
('item_17215', 11356, 18.14, 47967.24, 20455.69)
('item_3867', 6004, 5786.42, 1002.14, 6235.52)
('item_5708', 11361, 56073.54, 2253.27, 23512.27)
('item_19517', 14393, 11.36, 862.99, 96209.55)
('item_15612', 19305, 51.25, 28507.66, 68659.02)
('item_1071', 605, 9851.07, 477.04, 5422.23)
('item_1681', 16763, 14121.58, 38330.91, 42888.73)
('item_2744', 18650, 64100.56, 11730.01, 21071.18)
('item_1183', 19045, 10602.2, 66757.43, 68909.25)
('item_12417', 3749, 41040.65, 3621.27, 66483.84)
('item_18802', 5365, 91.56, 2995.92, 20971.47)
('item_17805', 3481, 90.44, 13526.93, 41669.85)
('item_13754', 10707, 12.11, 1650.37, 88828.58)
('item_2865', 11426, 32535.17, 16337.5, 20417.49)
('item_16611', 9908, 56.41, 77736.62, 19139.33)
('item_4100', 4858, 70001.95, 70071.88, 99229.01)
('item_19128', 14905, 23.3, 59091.03, 60822.89)
('item_759', 7117, 0.0, 5107.47, 5930.07)
('item_11434', 8714, 37280.69, 59024.98, 118581.81)
('item_3690', 9956, 31855.22, 26586.68, 43884.01)
('item_2050', 15163, 12046.64, 84302.91, 84834.03)
('item_4907', 1492, 55364.55, 7481.57, 31779.69)
('item_119', 13395, 15976.59, 45756.05, 55691.54)
('item_2340', 1995, 33977.51, 71857.13, 72673.6)
('item_17398', 4870, 93.39, 32776.04, 66456.58)
('item_10953', 182, 79171.48, 41646.77, 84840.2)
('item_12860', 13529, 73220.6, 48423.44, 86891.01)
('item_9391', 16017, 55625.12, 2845.9, 48265.58)
('item_13552', 19543, 75.3, 55835.33, 97201.35)
('item_11486', 7755, 86938.28, 34736.54, 95647.44)
('item_15858', 15994, 58.46, 68981.18, 9885.12)
('item_13577', 19277, 28.6, 47160.53, 89633.57)
('item_10851', 17082, 5250.1, 9815.71, 17121.88)
('item_8181', 18547, 71810.58, 34949.46, 86453.03)
('item_5180', 2274, 37517.17, 7229.22, 70631.99)
('item_11268', 16778, 10950.12, 46435.0, 88361.75)
('item_1206', 17639, 90741.45, 58594.72, 59812.49)
('item_11266', 17920, 27372.99, 13723.55, 82071.75)
('item_11215', 6839, 84870.85, 6983.0, 11716.23)
('item_11107', 14938, 48708.46, 25296.08, 61815.86)
('item_11431', 18908, 97365.71, 8724.23, 18716.35)
('item_13922', 10505, 15.79, 99039.86, 36117.93)
('item_18787', 3727, 66.97, 34694.5, 26820.51)
('item_7181', 15065, 42918.72, 1920.02, 79498.44)
('item_4281', 15086, 31684.85, 42770.75, 62199.03)
('item_15993', 6509, 20.03, 78578.94, 81876.89)
('item_1306', 13447, 3171.45, 24239.16, 52613.45)
('item_8223', 16340, 5365.59, 68826.99, 80261.45)
('item_3366', 14705, 27125.33, 87653.1, 88326.39)
('item_10794', 1888, 0.0, 20864.2, 21958.71)
('item_12995', 1123, 54497.93, 57347.61, 68287.0)
('item_11918', 8311, 22923.39, 69436.9, 77504.5)
('item_4723', 11700, 76832.89, 37434.59, 41554.18)
('item_17778', 15115, 86.43, 38456.68, 60338.45)
('item_18562', 817, 65.54, 25652.49, 89533.08)
('item_703', 14833, 15375.34, 53735.74, 56133.79)
('item_8056', 13101, 8638.97, 2900.85, 81971.21)
('item_13523', 5001, 34.79, 73470.0, 92420.57)
('item_16416', 18733, 74.78, 25456.19, 43344.3)
('item_13866', 6045, 42.47, 4801.25, 53456.35)
('item_9846', 3900, 24445.19, 67671.54, 82197.43)
('item_14866', 12417, 59.7, 79531.61, 5825.18)
('item_1347', 15248, 2012.68, 37365.36, 41299.3)
('item_10359', 4624, 72118.78, 9020.08, 40384.0)
('item_9215', 7599, 48218.64, 30865.82, 79473.76)
('item_18996', 7471, 59.14, 95899.56, 52414.39)
('item_6389', 10153, 10537.06, 27759.64, 29769.66)
('item_16061', 4518, 98.48, 32614.14, 34308.77)
('item_15243', 8675, 46.15, 35139.62, 38658.31)
('item_13956', 16794, 2.75, 41803.36, 71397.38)
('item_11071', 16177, 24481.65, 1159.43, 95756.11)
('item_15274', 16849, 82.21, 7281.39, 66757.43)
('item_6178', 19462, 82829.07, 59489.97, 70539.53)
('item_18803', 10957, 56.46, 91524.92, 32910.02)
('item_13106', 13558, 43428.76, 56397.21, 75376.11)
('item_15202', 7912, 4.67, 25258.3, 98299.31)
('item_2538', 8137, 86437.04, 57006.61, 98350.83)
('item_11115', 16338, 13046.43, 2009.03, 7146.75)
('item_10563', 17633, 92025.2, 6673.22, 31867.32)
('item_8280', 13663, 25998.7, 22889.79, 63043.17)
('item_2940', 13347, 31590.09, 80302.75, 85678.35)
('item_16572', 8642, 60.49, 5598.52, 56819.36)
('item_9081', 8354, 88939.22, 19702.94, 64096.87)
('item_11370', 11069, 9901.25, 13211.73, 61622.93)
('item_10908', 1626, 7225.84, 8250.5, 72635.68)
('item_14155', 6925, 45.81, 42425.5, 12071.18)
('item_3007', 15222, 49670.07, 7178.42, 18095.72)
('item_3880', 6614, 93170.11, 42391.69, 59725.89)
('item_7102', 12339, 48440.92, 88745.74, 142646.96)
('item_10764', 9659, 889.85, 28383.18, 61015.19)
('item_1451', 9684, 67319.1, 29568.73, 46982.31)
('item_18361', 5487, 94.57, 87279.85, 37351.21)
('item_4246', 19608, 98115.79, 51669.7, 89913.55)
('item_536', 8978, 93996.81, 31552.92, 51499.02)
('item_19943', 19137, 39.34, 84879.55, 60894.34)
('item_4483', 695, 81977.81, 52940.2, 68915.91)
('item_17646', 2792, 47.22, 44383.58, 37024.51)
('item_3944', 13498, 96463.41, 62723.67, 83710.81)
('item_7964', 12341, 30229.11, 77406.11, 142549.9)
('item_13341', 12636, 12.24, 54949.65, 83376.56)
('item_114', 11302, 72275.96, 45772.81, 71223.84)
('item_3195', 11061, 2222.25, 3330.54, 9104.89)
('item_18908', 3296, 15.86, 45671.15, 2776.78)
('item_9696', 3153, 24747.61, 24353.01, 58219.87)
('item_3019', 10608, 11158.88, 7567.21, 57775.3)
('item_6911', 17854, 192.25, 11525.9, 22750.25)
('item_18152', 4583, 45.02, 86047.63, 72204.79)
('item_10849', 13335, 42598.59, 48637.28, 99482.98)
('item_7537', 4606, 6763.46, 30778.51, 97299.51)
('item_15729', 6375, 22.55, 88672.8, 59936.07)
('item_10556', 4256, 17070.45, 2022.23, 86365.81)
('item_11945', 3847, 25761.26, 4813.41, 64598.78)
('item_8421', 1530, 84396.72, 3073.17, 72091.83)
('item_15762', 11973, 2.99, 77962.35, 21778.07)
('item_6971', 7167, 31217.16, 52664.74, 98866.36)
('item_9640', 7099, 7349.91, 68015.28, 110768.33)
('item_2160', 7192, 13346.14, 55725.0, 88768.09)
('item_15980', 7666, 19.52, 49456.3, 52950.26)
('item_10457', 1722, 34908.04, 14810.11, 18340.55)
('item_13831', 8268, 54.21, 42489.77, 59729.5)
('item_709', 5406, 7982.16, 5629.46, 30255.63)
('item_4088', 17886, 60909.91, 3481.85, 35996.44)
('item_4395', 14052, 2028.73, 19405.31, 52189.58)
('item_17414', 3567, 95.53, 52503.01, 34556.25)
('item_1326', 13050, 75368.09, 68685.02, 98482.8)
('item_6754', 11188, 9221.72, 75452.3, 76525.35)
('item_16127', 1621, 48.0, 68065.0, 85118.87)
('item_17720', 10012, 71.49, 94957.86, 49655.21)
('item_148', 18922, 41007.69, 31924.78, 49040.78)
('item_9149', 8487, 93637.6, 4110.51, 23024.2)
('item_11807', 6459, 52288.62, 4534.36, 48915.76)
('item_8470', 14191, 1003.41, 63819.81, 72938.23)
('item_7881', 1986, 23423.94, 25482.29, 28761.28)
('item_8396', 10905, 71456.07, 66807.18, 128203.83)
('item_13506', 3572, 14.1, 17335.93, 40638.88)
('item_7110', 7942, 33809.32, 17172.93, 46601.61)
('item_4839', 7748, 0.0, 32977.74, 33993.76)
('item_4052', 15893, 92282.41, 4938.5, 66719.1)
('item_15657', 852, 14.86, 48745.86, 30037.97)
('item_6422', 3964, 80520.45, 72306.93, 98516.99)
('item_7823', 1056, 91832.41, 38682.23, 82564.29)
('item_17504', 13359, 15.46, 50143.56, 89620.81)
('item_7800', 6544, 3329.39, 37591.1, 74431.1)
('item_11889', 5841, 6084.87, 61961.72, 68880.53)
('item_16586', 15920, 91.87, 31498.88, 30698.77)
('item_10576', 1770, 41234.52, 6479.96, 29743.54)
('item_10508', 13357, 19091.07, 76755.14, 113669.23)
('item_2213', 1122, 6305.14, 0.0, 4326.8)
('item_17290', 7531, 55.64, 87037.79, 40885.5)
('item_13314', 14909, 10133.15, 82495.42, 90802.63)
('item_7451', 6353, 11243.78, 0.0, 12115.02)
('item_285', 840, 51831.16, 19315.59, 81251.76)
('item_790', 12995, 99756.89, 16953.44, 72751.85)
('item_4706', 6964, 36262.08, 88349.91, 91001.21)
('item_14039', 13111, 32.19, 11419.67, 13307.17)
('item_10852', 15242, 2063.32, 70916.1, 78222.27)
('item_13007', 5418, 98483.62, 25688.18, 56095.86)
('item_8218', 10142, 11287.77, 41680.92, 50524.16)
('item_12670', 19315, 74504.86, 64358.46, 92262.35)
('item_18468', 19891, 23.43, 54328.43, 13951.75)
('item_8152', 18924, 76003.0, 64185.49, 89935.5)
('item_11', 17069, 9944.28, 21919.99, 24575.17)
('item_13185', 10585, 38891.77, 50306.88, 66643.92)
('item_2573', 2418, 14193.06, 46294.93, 70165.02)
('item_6513', 3101, 6467.64, 108.01, 8403.91)
('item_6452', 6525, 4257.32, 81087.19, 94676.17)
('item_16226', 10819, 34.38, 25590.89, 2427.72)
('item_6889', 13227, 4928.14, 81978.65, 86691.1)
('item_5678', 7703, 71799.66, 51036.88, 54342.31)
('item_8187', 4267, 53026.95, 24673.85, 47552.85)
('item_5099', 9912, 59263.71, 25800.86, 35901.73)
('item_6515', 18990, 703.49, 26118.04, 28372.1)
('item_14512', 15451, 79.11, 69777.35, 60865.66)
('item_10300', 1188, 297.97, 31253.47, 40945.15)
('item_6672', 6875, 60918.83, 88459.36, 120280.56)
('item_8978', 6068, 21939.58, 26686.86, 80817.98)
('item_8453', 5533, 58476.51, 433.77, 50371.93)
('item_240', 4335, 46009.19, 57953.1, 67602.28)
('item_17301', 7710, 42.23, 24567.73, 53935.31)
('item_8991', 15710, 95139.26, 45436.72, 57513.54)
('item_18063', 13931, 46.48, 17965.47, 7044.4)
('item_3812', 16655, 1219.9, 49710.16, 55071.0)
('item_13633', 2627, 66.2, 42534.99, 90832.43)
('item_5898', 13755, 49.69, 44413.3, 57182.97)
('item_16115', 18156, 57.92, 80865.35, 99424.87)
('item_8891', 15832, 85839.92, 61020.05, 82410.19)
('item_1437', 6481, 309.68, 32621.09, 47902.9)
('item_18283', 4669, 25.78, 61388.2, 58807.36)
('item_4643', 11025, 15558.86, 18465.91, 37280.68)
('item_13020', 19726, 3926.57, 99585.99, 136120.38)
('item_5163', 7198, 385.55, 32162.37, 49984.22)
('item_2279', 17836, 4824.27, 60752.09, 65348.63)
('item_18429', 18164, 86.96, 387.02, 48765.22)
('item_16996', 19977, 69.56, 94474.92, 21290.46)
('item_13364', 7032, 47.67, 78492.46, 28365.82)
('item_4651', 2306, 2686.61, 2578.36, 33946.83)
('item_15418', 7041, 42.42, 37558.76, 89193.53)
('item_2608', 19493, 81480.77, 56936.8, 64018.42)
('item_14599', 7211, 81.4, 56109.64, 63756.07)
('item_17663', 16859, 64.81, 47612.95, 62960.6)
('item_8684', 1878, 19393.49, 30455.15, 51291.98)
('item_16707', 14385, 11.19, 81745.5, 4548.89)
('item_495', 15006, 25594.97, 12668.46, 17566.25)
('item_16813', 8167, 26.42, 57446.04, 92924.64)
('item_8976', 896, 0.0, 19370.47, 67958.41)
('item_18931', 5757, 56.3, 7041.12, 15259.71)
('item_1806', 18436, 85409.75, 71827.12, 99000.35)
('item_4211', 15681, 27600.15, 36299.52, 52608.75)
('item_3214', 2602, 47469.05, 13898.61, 79425.44)
('item_2233', 1688, 47191.49, 60585.59, 75711.67)
('item_17897', 9055, 88.76, 12928.51, 86217.25)
('item_14100', 7928, 12.0, 18517.86, 40140.25)
('item_3524', 17814, 46001.72, 20395.75, 62966.86)
('item_8252', 9674, 7635.71, 66849.82, 116049.2)
('item_19877', 10119, 42.64, 79012.53, 95475.63)
('item_17445', 10375, 76.95, 63885.32, 50004.02)
('item_2122', 11049, 32047.45, 45018.74, 68431.1)
('item_14627', 18280, 56.44, 9997.27, 87340.58)
('item_8611', 17492, 74679.4, 25324.86, 43618.91)
('item_10734', 7295, 32385.05, 72958.88, 75082.33)
('item_16693', 9058, 35.12, 93885.16, 11200.09)
('item_2735', 2434, 5861.48, 40214.74, 40431.45)
('item_11575', 12121, 95803.8, 20211.26, 93701.42)
('item_15884', 4499, 95.38, 1731.5, 87437.39)
('item_13629', 9509, 17.02, 95744.04, 40453.92)
('item_4997', 9177, 36394.2, 11383.44, 38723.08)
('item_10523', 8079, 79521.17, 16107.68, 55941.55)
('item_19085', 18365, 35.85, 46961.81, 94794.21)
('item_2841', 15247, 16106.8, 5989.19, 13215.86)
('item_1400', 19296, 79357.81, 49108.32, 89771.77)
('item_19600', 69, 87.37, 34217.76, 20503.45)
('item_1246', 6384, 31742.8, 63777.02, 77453.9)
('item_3970', 2770, 84163.27, 51299.01, 77246.33)
('item_12249', 3646, 46076.08, 11564.52, 23668.25)
('item_8166', 3077, 22317.16, 4177.38, 63880.11)
('item_6637', 17688, 6025.02, 12521.86, 13645.16)
('item_7160', 14642, 8453.16, 88904.46, 113544.2)
('item_9009', 16920, 91.05, 61952.39, 97150.48)
('item_4030', 9725, 27797.3, 5417.4, 47379.72)
('item_5479', 19402, 12307.2, 5081.38, 7014.41)
('item_9292', 17430, 14381.23, 30619.6, 95848.52)
('item_6171', 16581, 32874.81, 29912.55, 53588.85)
('item_6236', 3006, 65807.43, 14378.58, 26080.31)
('item_1644', 7548, 56459.15, 23057.16, 98615.23)
('item_18401', 14822, 98.47, 38899.01, 84485.19)
('item_9983', 2613, 65208.89, 848.04, 16649.57)
('item_6520', 8110, 19918.49, 27692.59, 81652.51)
('item_19605', 19046, 12.45, 17618.03, 94904.12)
('item_9464', 18763, 2845.01, 98585.87, 108759.33)
('item_15519', 12937, 42.34, 33408.92, 36107.71)
('item_9571', 17156, 82243.86, 5574.83, 34062.3)
('item_7548', 6074, 54273.87, 624.08, 82232.65)
('item_18695', 4568, 63.17, 37734.56, 16222.65)
('item_19201', 2105, 15.06, 44771.06, 90571.57)
('item_8953', 5279, 24183.56, 37159.55, 94115.25)
('item_5384', 12976, 24974.97, 54908.97, 61538.91)
('item_18525', 4720, 94.94, 7237.76, 64917.95)
('item_3137', 10066, 5945.46, 56140.92, 59381.72)
('item_11787', 8101, 18527.46, 51442.44, 59951.8)
('item_9973', 480, 54314.18, 54034.45, 73434.7)
('item_13737', 11080, 66.43, 67456.03, 49643.46)
('item_19302', 17819, 20.12, 74197.73, 32227.58)
('item_6926', 2536, 76900.07, 77971.69, 100594.86)
('item_17605', 2740, 74.74, 79653.21, 71369.1)
('item_8073', 12005, 78735.34, 16623.93, 70243.52)
('item_12072', 8648, 9586.62, 48576.1, 143475.06)
('item_12261', 10363, 35029.07, 84720.78, 94452.22)
('item_10977', 13463, 45931.29, 39723.28, 47631.62)
('item_11491', 16667, 42765.79, 33611.53, 76206.69)
('item_11900', 12929, 2951.48, 77473.8, 87159.45)
('item_7455', 3109, 9666.87, 3854.23, 67153.12)
('item_19550', 9749, 3.87, 63535.56, 9026.89)
('item_9329', 18408, 96668.19, 3838.52, 4349.21)
('item_19765', 4307, 71.19, 92825.62, 5008.71)
('item_2943', 9323, 15593.48, 9063.72, 22504.96)
('item_10919', 14027, 69695.65, 61049.92, 69720.35)
('item_10342', 7442, 1660.64, 26539.79, 113017.96)
('item_6367', 12815, 71184.83, 14240.52, 17340.68)
('item_2722', 17731, 47881.78, 78008.69, 94326.15)
('item_8694', 16050, 38567.62, 73618.55, 92726.03)
('item_12676', 9142, 21045.89, 75122.91, 90940.64)
('item_15744', 3463, 1.62, 78915.71, 70832.72)
('item_10688', 14721, 77943.8, 87836.93, 107776.5)
('item_1157', 10725, 10585.55, 913.2, 78003.82)
('item_11943', 17519, 88847.34, 33731.27, 50732.43)
('item_19766', 2483, 8.79, 2707.75, 41099.27)
('item_19994', 14561, 55.37, 78251.7, 30987.14)
('item_17217', 4880, 20.37, 86383.82, 41632.58)
('item_3665', 17421, 0.0, 37248.19, 37966.82)
('item_4652', 1887, 93549.31, 68273.6, 99210.93)
('item_16683', 9148, 57.96, 89952.5, 79040.47)
('item_2267', 17344, 61511.81, 31771.78, 35418.13)
('item_2682', 93, 78011.73, 35787.26, 74016.13)
('item_15960', 2027, 16.16, 83481.39, 2478.11)
('item_11703', 4823, 70943.97, 18904.92, 87560.09)
('item_7844', 16164, 13483.76, 86778.02, 115116.85)
('item_10766', 8745, 25653.27, 33687.51, 77785.76)
('item_12368', 6649, 58531.61, 73108.65, 75475.73)
('item_10192', 5626, 4162.05, 84235.05, 85149.6)
('item_17205', 2940, 14.96, 23240.63, 72493.78)
('item_9663', 2600, 92506.13, 29282.84, 55724.37)
('item_4223', 8837, 28683.68, 14034.87, 16932.9)
('item_16071', 541, 70.67, 15902.62, 38402.59)
('item_11883', 18951, 28909.75, 65228.08, 84544.1)
('item_15785', 5111, 76.37, 35627.48, 6092.52)
('item_11947', 5856, 7270.42, 31819.38, 80715.61)
('item_14304', 11772, 25.36, 2605.05, 55248.19)
('item_12887', 350, 78079.66, 61893.08, 68802.32)
('item_7276', 14985, 35590.11, 23193.72, 58698.74)
('item_8041', 13267, 74767.93, 6180.8, 69981.63)
('item_871', 5795, 29741.14, 52327.5, 61432.81)
('item_5593', 12382, 8886.51, 54211.08, 79379.31)
('item_19814', 1628, 6.81, 9025.63, 10662.12)
('item_13212', 8195, 7903.83, 34225.94, 66427.1)
('item_6237', 11092, 51026.62, 9500.2, 19867.29)
('item_7694', 12791, 35431.52, 15266.78, 64284.07)
('item_4192', 15238, 79425.07, 80841.94, 94782.29)
('item_1312', 2302, 12193.34, 97225.8, 99609.06)
('item_2106', 14103, 74823.92, 58323.01, 93404.75)
('item_19865', 3698, 82.67, 52240.0, 92778.05)
('item_17631', 8603, 65.07, 73917.62, 11066.45)
('item_15558', 3045, 52.68, 32577.62, 814.36)
('item_4121', 66, 49964.86, 6475.01, 35053.02)
('item_15470', 16806, 80.34, 33842.34, 14523.93)
('item_9503', 13047, 45383.44, 1269.36, 89869.43)
('item_4625', 2884, 2561.73, 9784.61, 11516.41)
('item_6257', 16989, 18986.61, 45703.75, 46158.49)
('item_6655', 1907, 20136.51, 28172.1, 34678.89)
('item_3821', 18514, 30178.65, 1216.68, 77981.63)
('item_7099', 1300, 25371.39, 65138.23, 74234.6)
('item_626', 19286, 28197.96, 4197.58, 73073.66)
('item_10362', 13644, 5206.21, 80815.57, 105772.59)
('item_9680', 13251, 9055.96, 91762.39, 143828.48)
('item_12271', 10450, 41106.86, 52460.44, 71062.89)
('item_5829', 6562, 56921.99, 2034.41, 23065.16)
('item_3744', 4683, 87749.14, 62542.98, 78891.7)
('item_19632', 8231, 63.76, 9116.33, 71782.74)
('item_6770', 17329, 53713.17, 83543.72, 120962.54)
('item_11248', 6207, 11356.71, 36811.88, 54946.87)
('item_15257', 11215, 32.85, 35825.15, 12221.63)
('item_6851', 11721, 69921.84, 57757.28, 67252.01)
('item_7820', 18254, 20718.8, 52635.73, 92713.16)
('item_15573', 14978, 40.83, 28965.75, 12323.34)
('item_14347', 3571, 27.21, 13539.98, 71513.34)
('item_9488', 15349, 144.02, 93633.11, 100331.76)
('item_18470', 17403, 74.59, 33920.44, 92837.37)
('item_311', 2038, 18357.48, 2437.72, 4243.59)
('item_19767', 13706, 50.73, 12700.98, 42537.12)
('item_10386', 11581, 33567.93, 61728.2, 85982.94)
('item_3225', 18915, 33556.68, 10646.61, 31363.71)
('item_15578', 9848, 43.73, 93453.11, 42014.21)
('item_5293', 13524, 61643.92, 9641.12, 10806.25)
('item_12427', 19222, 81610.93, 6551.15, 16658.71)
('item_1995', 15759, 13451.5, 29761.89, 37161.13)
('item_18825', 16894, 64.86, 62766.18, 15526.24)
('item_17133', 15107, 64.78, 58401.86, 83390.69)
('item_8455', 4962, 31994.29, 23156.3, 63784.66)
('item_19573', 1098, 48.55, 18499.63, 77761.27)
('item_10125', 935, 69418.47, 17062.67, 42216.92)
('item_13779', 6313, 47.88, 51052.14, 77001.48)
('item_4351', 18453, 45882.04, 3921.23, 3998.15)
('item_11272', 12681, 10579.41, 15051.04, 51029.79)
('item_14764', 16146, 59.86, 44712.61, 68826.57)
('item_3437', 19122, 1750.27, 6697.88, 6995.81)
('item_1550', 3108, 22815.27, 59112.15, 84225.83)
('item_3749', 5071, 20061.01, 2434.94, 43620.8)
('item_14239', 19518, 66.1, 85459.79, 67592.68)
('item_3707', 1651, 32924.11, 10240.11, 12290.1)
('item_13425', 6548, 42.68, 90158.38, 14910.56)
('item_11619', 18713, 6564.1, 18449.49, 32652.06)
('item_17545', 16107, 58.89, 88177.19, 44627.56)
('item_2012', 8201, 40727.38, 86803.21, 87793.78)
('item_644', 4123, 82708.23, 89337.82, 93248.6)
('item_3148', 3928, 79645.43, 6314.99, 63050.5)
('item_10009', 207, 81746.81, 20703.49, 28961.13)
('item_9544', 6251, 25438.29, 21175.94, 23130.57)
('item_3078', 1089, 29996.39, 87943.26, 96262.23)
('item_9572', 9003, 70439.97, 8522.43, 37009.9)
('item_17842', 2889, 30.48, 3442.95, 90780.4)
('item_16878', 15917, 59.85, 5754.1, 74687.66)
('item_6577', 9334, 16178.82, 36135.93, 36720.86)
('item_16808', 19192, 94.93, 27830.84, 37206.78)
('item_7003', 9360, 47880.73, 16989.35, 37886.1)
('item_19485', 8194, 95.48, 34221.42, 70407.32)
('item_7315', 586, 25341.11, 14695.22, 93795.93)
('item_1924', 4287, 87132.97, 67145.29, 73901.21)
('item_18427', 8501, 11.44, 90703.45, 81208.58)
('item_8381', 6514, 87405.79, 33170.43, 77725.74)
('item_594', 12151, 9251.49, 43024.0, 81971.67)
('item_1835', 8118, 38878.3, 27198.18, 61707.54)
('item_19382', 7936, 14.29, 23037.29, 50952.84)
('item_2889', 19030, 5877.85, 43623.31, 44038.79)
('item_15878', 11146, 82.01, 49840.39, 51024.97)
('item_19335', 3558, 21.92, 74355.26, 58027.69)
('item_3920', 3673, 82139.55, 21932.88, 83735.78)
('item_17804', 1004, 17.07, 82589.4, 77963.03)
('item_14921', 983, 95.66, 84988.14, 6335.06)
('item_7345', 19451, 24581.56, 35386.75, 87240.53)
('item_1412', 19937, 80563.06, 83288.86, 99524.12)
('item_4369', 15534, 236.18, 91531.56, 92463.28)
('item_5426', 17208, 25263.15, 48442.29, 53904.86)
('item_4128', 1149, 73006.1, 67963.6, 92454.68)
('item_11717', 176, 31648.38, 20124.49, 72861.5)
('item_2387', 15533, 2017.17, 37807.18, 45192.52)
('item_15048', 10337, 74.59, 17186.87, 67946.21)
('item_11295', 12060, 28237.26, 63957.65, 90977.92)
('item_7651', 13584, 2313.97, 58537.14, 65673.81)
('item_13571', 16452, 97.58, 88592.31, 95796.91)
('item_1093', 4504, 20586.45, 10739.35, 19229.47)
('item_17794', 13554, 79.84, 20855.6, 83520.84)
('item_14309', 10283, 93.82, 63875.75, 71360.0)
('item_10241', 6881, 98257.31, 5813.0, 27925.7)
('item_18248', 13170, 33.72, 19626.59, 41470.08)
('item_13329', 14547, 53762.43, 77195.04, 88215.95)
('item_1718', 14215, 11059.83, 43592.84, 69539.82)
('item_15711', 14219, 70.74, 30087.2, 25469.76)
('item_8645', 399, 71752.0, 12558.36, 62585.26)
('item_2330', 10719, 45840.35, 48407.61, 68689.01)
('item_1266', 1658, 29371.6, 35170.46, 55349.66)
('item_16600', 10795, 47.82, 50266.53, 8847.44)
('item_3637', 2896, 82234.89, 72645.43, 72674.22)
('item_4545', 14929, 11732.16, 45670.57, 47694.56)
('item_16834', 17181, 99.97, 99768.01, 74037.78)
('item_1711', 13322, 18438.73, 23150.32, 27506.07)
('item_6090', 8859, 2591.33, 30664.3, 65578.26)
('item_11567', 4885, 95069.65, 0.0, 39323.46)
('item_16120', 14086, 73.77, 15574.29, 33760.87)
('item_19361', 10123, 46.3, 36930.17, 25960.51)
('item_2605', 6502, 2880.03, 17784.29, 25300.4)
('item_13730', 3459, 28.19, 73998.88, 17982.16)
('item_4705', 707, 9462.6, 20560.96, 21776.68)
('item_10840', 5786, 30921.47, 5512.88, 6047.67)
('item_7060', 16309, 49772.19, 94787.43, 154143.91)
('item_11488', 16494, 37355.78, 85908.8, 107848.34)
('item_16462', 7315, 29.03, 7759.44, 51648.26)
('item_13625', 19695, 13.17, 19934.96, 7377.56)
('item_15315', 17439, 75.19, 98049.33, 33275.93)
('item_3785', 11905, 9224.9, 29845.04, 34643.29)
('item_1561', 1102, 3034.17, 33170.4, 58968.94)
('item_14447', 12230, 57.42, 22365.86, 49670.19)
('item_19298', 2362, 45.51, 57913.2, 34971.64)
('item_17132', 1146, 97.42, 4674.43, 47299.76)
('item_4064', 17949, 34919.84, 40368.97, 88177.98)
('item_4726', 3084, 63775.52, 85263.0, 92909.2)
('item_3245', 15492, 40391.71, 27526.15, 28039.41)
('item_5568', 12946, 10538.05, 42847.73, 74810.09)
('item_11790', 1573, 17384.98, 37014.22, 58665.37)
('item_9486', 11823, 8398.96, 73158.68, 121701.82)
('item_14080', 16241, 30.88, 68896.52, 52494.16)
('item_17990', 49, 1.65, 30084.32, 57790.76)
('item_9502', 18415, 53070.73, 7411.55, 44667.83)
('item_880', 2693, 56803.56, 75499.9, 97581.7)
('item_19956', 10942, 89.59, 55675.81, 65743.34)
('item_9137', 8309, 3445.48, 652.41, 60333.85)
('item_2029', 17192, 12992.98, 61936.61, 64270.39)
('item_15664', 6677, 96.41, 90401.03, 7055.84)
('item_16059', 13569, 34.07, 83444.96, 60164.79)
('item_630', 1160, 16172.73, 59001.18, 89626.7)
('item_4993', 13730, 62948.14, 34765.78, 42043.85)
('item_13678', 9918, 40.1, 27984.42, 30861.32)
('item_2524', 17796, 42143.72, 9745.65, 12184.27)
('item_84', 9219, 26881.19, 72450.69, 95878.34)
('item_10177', 10344, 12322.06, 50742.96, 99177.51)
('item_9196', 4932, 4215.7, 86090.73, 117568.51)
('item_5007', 12331, 5412.42, 10357.63, 27183.29)
('item_2747', 7088, 70165.42, 48306.4, 48409.8)
('item_4772', 6261, 92284.69, 33130.11, 59424.63)
('item_2985', 5442, 15323.73, 51561.86, 51642.56)
('item_1635', 7720, 57983.85, 1409.0, 16174.44)
('item_9079', 3905, 59816.63, 57509.64, 63682.63)
('item_4943', 10646, 59978.28, 66099.54, 82832.15)
('item_6418', 323, 32241.52, 5274.45, 48815.72)
('item_14899', 5014, 35.11, 49167.09, 84898.21)
('item_16126', 2566, 67.21, 19569.02, 82350.87)
('item_5198', 5554, 41969.49, 71923.1, 83234.63)
('item_10705', 1617, 77099.6, 59292.37, 94406.48)
('item_4180', 15273, 98333.52, 52886.94, 83618.22)
('item_18776', 15658, 58.07, 10054.63, 13604.45)
('item_9566', 12150, 49842.56, 12597.56, 27935.96)
('item_12015', 14012, 1855.31, 40784.34, 93534.93)
('item_7164', 7959, 1168.42, 3134.4, 96606.98)
('item_18512', 14409, 62.78, 2838.9, 42734.01)
('item_5206', 3535, 42186.69, 88095.21, 99165.23)
('item_10120', 11315, 2534.07, 13997.74, 85951.31)
('item_17024', 10653, 62.32, 25496.75, 57176.77)
('item_8146', 7500, 20883.16, 39298.57, 63097.99)
('item_10463', 17401, 95105.9, 47886.13, 55569.06)
('item_9749', 15840, 20910.73, 2760.83, 84044.8)
('item_5579', 6095, 2919.29, 27358.62, 43390.8)
('item_8438', 16345, 8676.8, 92722.72, 184639.29)
('item_1063', 10757, 9529.75, 631.2, 4507.79)
('item_16671', 8427, 53.66, 12826.96, 5554.76)
('item_9233', 14069, 4918.98, 59101.88, 88169.78)
('item_18307', 17130, 23.03, 87512.78, 41854.38)
('item_11818', 9554, 55614.2, 63605.11, 111521.77)
('item_7357', 7799, 54996.72, 24977.96, 36419.57)
('item_3518', 19879, 91880.15, 39447.29, 69462.61)
('item_8671', 6123, 27150.99, 8960.3, 15805.75)
('item_6231', 17376, 36011.46, 55374.07, 60276.18)
('item_16971', 17149, 62.7, 26899.45, 49312.78)
('item_14896', 18900, 7.7, 45945.86, 79648.46)
('item_11312', 4983, 96229.76, 2004.54, 51684.18)
('item_61', 9363, 5425.22, 4731.48, 30843.66)
('item_16660', 3743, 64.37, 11084.01, 59380.88)
('item_15091', 3869, 92.51, 72514.27, 23120.05)
('item_5833', 1152, 7112.61, 1799.39, 9269.39)
('item_11526', 13056, 20863.8, 85569.74, 85773.48)
('item_6222', 10325, 37344.1, 50648.3, 88089.94)
('item_2978', 10383, 75632.27, 8077.83, 90176.51)
('item_19801', 4132, 35.69, 30388.08, 4744.37)
('item_15524', 8187, 77.12, 2244.95, 72252.91)
('item_4125', 5920, 5705.9, 38889.6, 41728.65)
('item_1637', 16308, 6270.85, 53030.14, 59606.2)
('item_6895', 9945, 42691.57, 17234.7, 23057.38)
('item_18705', 4754, 18.0, 72120.83, 93207.71)
('item_9894', 18452, 55422.11, 76964.86, 102331.94)
('item_3129', 3880, 5724.98, 4709.69, 12245.49)
('item_18861', 3364, 44.72, 84363.33, 20252.78)
('item_2194', 14958, 58725.86, 93434.78, 96267.35)
('item_9316', 12731, 404.2, 5105.17, 51510.4)
('item_4650', 17897, 31768.14, 4699.46, 76464.54)
('item_18728', 16466, 9.75, 46384.38, 48166.49)
('item_14597', 8577, 58.56, 81699.77, 92635.63)
('item_4676', 10949, 97272.37, 68097.87, 84726.58)
('item_18686', 7667, 64.89, 29869.44, 92521.91)
('item_12537', 10854, 60478.55, 6536.01, 78518.52)
('item_1065', 14488, 25065.14, 37293.24, 64048.48)
('item_17377', 4018, 85.68, 14970.95, 50886.27)
('item_10618', 12425, 23216.91, 97908.41, 129137.62)
('item_19168', 10763, 74.61, 31652.77, 43085.47)
('item_12768', 19149, 27367.5, 27344.53, 84734.78)
('item_10476', 16252, 13279.58, 71708.44, 86096.86)
('item_15393', 3614, 27.74, 89344.51, 75041.82)
('item_11427', 13708, 73151.67, 58042.86, 71334.14)
('item_10506', 5426, 40571.93, 22206.53, 92882.49)
('item_3620', 15314, 59008.95, 39941.88, 49995.16)
('item_14353', 19128, 26.07, 38709.13, 84234.91)
('item_3525', 8709, 29662.15, 18862.65, 32739.68)
('item_9074', 11807, 0.0, 59940.65, 98683.26)
('item_9097', 9958, 77639.96, 72326.94, 73171.96)
('item_6768', 3494, 23155.81, 64631.2, 111968.82)
('item_14733', 1656, 25.89, 98387.9, 79891.2)
('item_4700', 16613, 22056.89, 34351.95, 46106.28)
('item_19806', 16459, 90.18, 21666.44, 20576.12)
('item_16769', 880, 59.1, 93852.11, 86667.12)
('item_36', 4676, 12001.24, 3880.71, 84557.51)
('item_13653', 9677, 40.52, 82455.11, 7879.83)
('item_19228', 11924, 34.77, 28882.72, 69452.82)
('item_14648', 109, 24.27, 25424.09, 95324.13)
('item_11410', 12117, 8531.22, 21711.34, 61633.55)
('item_13920', 5293, 83.65, 29408.61, 98957.31)
('item_8140', 13835, 4199.76, 10999.39, 100305.67)
('item_16432', 6456, 25.9, 11794.85, 56203.49)
('item_6524', 12131, 17964.48, 82649.93, 87163.39)
('item_7224', 5844, 13708.25, 11568.11, 85189.47)
('item_11105', 1299, 4244.9, 76934.89, 85210.85)
('item_5124', 19979, 18738.92, 70002.67, 93607.11)
('item_8205', 19003, 76425.04, 46094.94, 86202.45)
('item_14738', 4792, 34.66, 43167.42, 638.57)
('item_11722', 14204, 3639.84, 62502.09, 73816.92)
('item_12574', 16001, 26266.79, 69153.06, 104971.87)
('item_7588', 846, 11247.34, 81648.06, 104709.64)
('item_12527', 8488, 10249.66, 1532.57, 5513.52)
('item_9622', 3402, 25510.5, 72879.34, 101827.2)
('item_12419', 1599, 54752.78, 37699.8, 68515.95)
('item_28', 16787, 19434.88, 72407.92, 77516.48)
('item_15619', 15979, 57.17, 12938.23, 67448.22)
('item_12890', 8582, 28224.52, 21599.25, 42244.95)
('item_16018', 6626, 28.97, 39596.23, 31508.23)
('item_15981', 9550, 75.1, 32626.12, 57484.69)
('item_14208', 558, 35.56, 65250.77, 85229.5)
('item_15413', 17186, 18.09, 99638.85, 93789.83)
('item_12292', 2264, 8865.13, 42636.41, 73030.95)
('item_1308', 6772, 18656.36, 69126.2, 96374.84)
('item_18016', 14292, 63.62, 32879.76, 95788.29)
('item_2767', 5063, 20984.64, 3986.67, 6363.28)
('item_3303', 6932, 28972.59, 23312.81, 28073.76)
('item_7912', 10687, 42597.34, 25051.05, 47446.36)
('item_17738', 218, 9.18, 39514.33, 65258.58)
('item_10974', 4383, 35344.48, 82430.17, 133180.16)
('item_17925', 3791, 80.25, 34151.64, 62789.32)
('item_10691', 18895, 79415.45, 4182.47, 62799.5)
('item_12137', 11887, 20083.86, 19972.61, 51493.19)
('item_9697', 889, 81919.05, 431.56, 89766.57)
('item_9690', 4125, 10428.25, 76275.19, 123510.95)
('item_10883', 5465, 14978.09, 11221.26, 95971.09)
('item_14965', 6209, 27.61, 59318.09, 59295.44)
('item_19804', 8930, 99.68, 97037.59, 2962.41)
('item_4867', 2964, 55081.16, 713.5, 54845.23)
('item_974', 14844, 59759.08, 80538.3, 98741.39)
('item_4012', 5884, 70303.92, 81227.14, 93920.37)
('item_8351', 17292, 57625.02, 29598.06, 70734.44)
('item_415', 13836, 4975.24, 45820.98, 46139.35)
('item_12535', 19386, 18653.03, 11397.66, 49359.11)
('item_8682', 10532, 22549.71, 81465.83, 169024.84)
('item_3234', 16429, 61571.67, 4113.73, 68139.88)
('item_17492', 10724, 87.76, 13142.05, 26399.32)
('item_14420', 14019, 96.0, 56109.49, 79667.98)
('item_2575', 14261, 81188.25, 35218.46, 38364.13)
('item_4213', 10562, 63255.13, 9336.18, 21000.3)
('item_9794', 4757, 35250.24, 43977.8, 100279.21)
('item_2648', 8633, 67662.86, 93030.15, 98196.13)
('item_6630', 12345, 75501.1, 98659.46, 99065.25)
('item_7847', 15330, 72035.47, 10239.38, 31478.44)
('item_9461', 18700, 80788.36, 23614.31, 28115.23)
('item_11706', 7122, 1924.64, 90354.22, 93344.5)
('item_191', 15138, 45778.96, 76370.56, 88219.4)
('item_207', 2455, 9371.24, 1203.2, 6884.65)
('item_6033', 10668, 2906.86, 54781.26, 54787.72)
('item_5355', 5862, 35916.7, 10346.24, 42971.18)
('item_2926', 6758, 94074.7, 26110.77, 84180.01)
('item_7499', 13253, 39745.45, 4899.74, 85576.76)
('item_8090', 10695, 29681.71, 64189.32, 65753.26)
('item_14084', 10654, 46.1, 46655.76, 42006.94)
('item_1299', 10800, 3456.12, 52906.4, 53416.45)
('item_19129', 11815, 34.97, 34832.31, 60743.81)
('item_8876', 5987, 19000.01, 29685.72, 37632.04)
('item_10673', 10277, 20687.39, 23081.8, 73153.41)
('item_9766', 11880, 29563.07, 11349.35, 76112.27)
('item_2839', 11366, 19090.5, 20075.92, 22389.67)
('item_19233', 580, 99.4, 47940.06, 99151.74)
('item_12012', 6138, 40401.21, 18221.66, 73460.95)
('item_14140', 16011, 28.52, 2367.03, 52961.49)
('item_19739', 13884, 28.68, 79967.48, 93395.67)
('item_10846', 10935, 37382.83, 67735.73, 100920.95)
('item_15372', 4303, 78.98, 42779.47, 39206.93)
('item_18895', 7387, 46.66, 38518.33, 66659.87)
('item_11139', 1508, 88356.69, 1488.6, 41519.06)
('item_17029', 8873, 25.68, 20602.06, 50612.92)
('item_16473', 19921, 30.95, 96870.44, 28825.17)
('item_17279', 10294, 28.03, 72680.4, 55049.85)
('item_17978', 718, 2.34, 36540.11, 56772.66)
('item_8602', 13110, 1443.12, 14048.47, 91817.08)
('item_9641', 10093, 41786.7, 1602.18, 16649.55)
('item_10442', 1410, 37906.84, 88945.52, 114071.02)
('item_14118', 3198, 38.24, 50755.21, 43503.3)
('item_7136', 16040, 42593.34, 59821.13, 65645.44)
('item_2513', 13551, 41471.81, 17596.49, 23211.97)
('item_18974', 2413, 81.29, 71537.65, 29515.53)
('item_3392', 4581, 78852.88, 22544.19, 66856.57)
('item_3066', 10345, 93733.07, 20299.68, 65612.82)
('item_9669', 9477, 22457.22, 26475.1, 53980.65)
('item_6241', 7904, 14701.31, 1968.39, 4027.06)
('item_10793', 1523, 13410.31, 11658.82, 12753.33)
('item_13014', 2171, 89881.96, 75423.13, 75982.79)
('item_16908', 842, 34.28, 7656.29, 96382.08)
('item_6772', 16864, 37024.22, 47638.92, 108455.52)
('item_872', 13386, 69314.27, 4261.24, 95367.35)
('item_7324', 10533, 36547.81, 52250.36, 59683.4)
('item_15912', 7980, 44.56, 21271.33, 93085.42)
('item_44', 4794, 19821.8, 59342.47, 64813.96)
('item_1280', 3994, 28263.05, 86456.94, 98072.47)
('item_18198', 9243, 87.51, 82879.99, 93548.52)
('item_7487', 16449, 61638.8, 4329.46, 9270.08)
('item_9579', 18787, 76775.4, 4850.2, 90722.84)
('item_8816', 3071, 16076.2, 22706.58, 54969.14)
('item_15171', 7987, 83.65, 44665.69, 98798.48)
('item_2072', 18210, 67293.86, 93654.58, 99669.04)
('item_6991', 8270, 11046.58, 29699.36, 89402.85)
('item_15824', 1154, 74.19, 23105.14, 22493.52)
('item_18997', 12031, 27.24, 24182.88, 57956.37)
('item_2687', 19097, 51996.44, 16265.37, 20677.98)
('item_10585', 15190, 57436.69, 26693.63, 53523.67)
('item_11070', 2710, 9721.08, 99128.78, 134891.74)
('item_12809', 13248, 48485.07, 32582.81, 57286.41)
('item_9522', 12692, 2541.4, 8135.54, 50280.68)
('item_9944', 17619, 51598.93, 37142.06, 58770.88)
('item_510', 16376, 72858.77, 13244.3, 63980.29)
('item_2229', 13607, 10180.93, 4105.58, 4501.3)
('item_105', 3837, 7528.71, 1389.07, 56489.14)
('item_232', 13615, 75912.8, 41628.74, 89133.54)
('item_4798', 7426, 8694.48, 91581.76, 95748.76)
('item_12687', 13852, 48639.14, 47849.82, 72614.29)
('item_16554', 2188, 61.48, 54820.04, 72042.77)
('item_19270', 10063, 85.73, 64959.02, 2693.37)
('item_19565', 18187, 94.24, 11765.4, 6112.96)
('item_10433', 18150, 6074.44, 10972.94, 93973.96)
('item_9266', 5474, 412.81, 35667.6, 61853.41)
('item_7551', 16933, 30657.91, 41453.98, 78187.81)
('item_9920', 15683, 377.6, 35884.99, 84782.75)
('item_8662', 3001, 20034.82, 12952.54, 64413.85)
('item_2741', 4078, 26355.27, 14122.14, 44288.01)
('item_1856', 17944, 90237.93, 68364.85, 81010.09)
('item_13304', 10605, 7082.8, 74658.37, 91513.65)
('item_634', 11132, 48157.02, 93499.39, 96459.15)
('item_8729', 14414, 18718.55, 463.06, 54817.35)
('item_9321', 9806, 31160.05, 10653.65, 45318.35)
('item_11679', 18523, 59324.62, 2168.37, 58234.44)
('item_16412', 15956, 50.58, 16314.81, 94361.43)
('item_7943', 7944, 10920.95, 10027.95, 82271.73)
('item_11013', 10676, 64637.33, 12473.97, 59943.02)
('item_19949', 9881, 27.58, 11538.3, 39727.3)
('item_256', 2576, 63626.0, 28796.57, 66813.69)
('item_13509', 11056, 57.56, 84216.0, 74469.68)
('item_2730', 2071, 29526.27, 37171.5, 50929.69)
('item_12691', 18866, 54597.27, 55759.34, 81654.18)
('item_19223', 19470, 95.66, 73719.09, 72792.43)
('item_15264', 15359, 84.25, 74456.01, 98646.5)
('item_5746', 13522, 9002.54, 18434.49, 82944.87)
('item_2571', 18594, 10252.03, 19451.52, 60699.75)
('item_318', 13939, 11268.53, 59149.02, 71172.54)
('item_9012', 15835, 45712.87, 34208.1, 88285.17)
('item_2376', 12699, 91182.29, 80770.94, 86194.95)
('item_10612', 15760, 20235.5, 75677.96, 99328.14)
('item_14971', 1863, 89.6, 97885.81, 9549.68)
('item_8011', 10607, 94921.82, 73350.7, 76268.46)
('item_13521', 10198, 10.85, 1030.51, 55498.06)
('item_9479', 15594, 43447.22, 30464.15, 61415.67)
('item_11581', 1988, 28659.96, 43730.17, 91595.6)
('item_19729', 17456, 80.46, 41349.48, 65969.72)
('item_12716', 1178, 30126.02, 99142.88, 121127.64)
('item_13292', 2228, 724.57, 95452.13, 118709.15)
('item_3567', 15475, 19395.44, 44071.51, 49389.51)
('item_3444', 1269, 13994.8, 83083.81, 90665.76)
('item_5582', 10726, 99094.98, 66106.63, 67299.26)
('item_6856', 5037, 21779.8, 8655.27, 16122.81)
('item_16873', 155, 73.4, 10428.16, 43166.5)
('item_15429', 2111, 43.87, 86982.14, 58933.66)
('item_18259', 16384, 96.14, 1001.85, 45885.66)
('item_12005', 15229, 75836.55, 64.7, 26558.3)
('item_13872', 2686, 68.25, 51194.5, 75811.5)
('item_722', 3737, 98707.2, 23839.33, 98142.13)
('item_3025', 547, 26727.01, 60537.1, 63830.9)
('item_10527', 17158, 94013.64, 28223.73, 89566.88)
('item_8841', 4889, 70408.54, 38217.76, 73284.92)
('item_17085', 8308, 36.1, 53842.98, 75962.19)
('item_484', 9418, 92647.14, 90301.13, 97639.9)
('item_16165', 15310, 86.79, 11858.79, 40835.51)
('item_174', 15264, 77488.99, 42392.95, 64808.36)
('item_14010', 16271, 11.58, 57886.84, 49912.34)
('item_8676', 15649, 84.2, 43904.76, 71086.81)
('item_16804', 932, 72.85, 6872.7, 43158.75)
('item_13845', 17191, 68.52, 34182.09, 63313.67)
('item_4067', 13504, 9917.66, 55943.13, 57361.03)
('item_9423', 9865, 62783.71, 7477.58, 70615.54)
('item_14137', 17429, 88.21, 16491.3, 17830.2)
('item_10260', 1218, 53979.68, 52244.08, 75216.04)
('item_2269', 18622, 76611.48, 1397.47, 6683.68)
('item_9129', 6484, 73659.1, 11285.8, 53199.12)
('item_6759', 9706, 12791.79, 5859.76, 48895.73)
('item_5380', 8498, 86770.9, 91238.42, 96917.63)
('item_5913', 1259, 77366.29, 10645.74, 13190.19)
('item_1880', 8306, 97726.1, 19969.96, 82387.52)
('item_2829', 16352, 2938.89, 7842.11, 17818.14)
('item_17363', 18268, 22.68, 39897.88, 78588.86)
('item_13512', 9396, 29.3, 41191.53, 43485.13)
('item_18214', 14654, 18.56, 86046.8, 83854.38)
('item_19417', 12538, 56.52, 16027.9, 95822.08)
('item_747', 3013, 8865.54, 49923.71, 50410.81)
('item_11973', 15663, 63989.81, 29725.87, 98708.21)
('item_4607', 12698, 22787.48, 14758.68, 14884.89)
('item_597', 1087, 1742.3, 13383.15, 38908.32)
('item_581', 7922, 630.49, 3147.79, 48952.79)
('item_1359', 1096, 30385.69, 2971.8, 3002.88)
('item_16276', 8076, 98.06, 91483.09, 90162.87)
('item_3654', 8650, 16218.35, 65726.76, 75061.0)
('item_2165', 15295, 5138.43, 1306.62, 35175.68)
('item_17568', 8800, 16.81, 56956.33, 60870.16)
('item_17813', 904, 12.47, 37167.06, 4998.37)
('item_18158', 1516, 38.33, 52148.45, 16368.08)
('item_2716', 15845, 32897.89, 33802.91, 43813.72)
('item_13740', 7342, 19.46, 97321.27, 59551.26)
('item_4441', 8552, 3489.01, 16668.13, 20063.44)
('item_12567', 15579, 77603.92, 425.33, 42690.05)
('item_7415', 1088, 89873.19, 33955.42, 41887.87)
('item_8889', 2212, 59373.28, 0.0, 53399.21)
('item_7963', 9183, 76921.69, 32449.88, 97593.66)
('item_932', 7807, 27731.98, 43216.72, 77812.36)
('item_18312', 8040, 38.27, 933.24, 66025.76)
('item_6611', 6582, 15723.72, 20786.57, 61653.25)
('item_14600', 3766, 24.69, 58308.38, 93519.69)
('item_8707', 9191, 52523.46, 15165.83, 76048.21)
('item_2205', 6879, 0.0, 8654.28, 33677.71)
('item_5735', 11104, 15497.71, 12334.6, 13201.86)
('item_8696', 18286, 24842.04, 8270.0, 104639.07)
('item_12071', 615, 18270.87, 4892.14, 99791.1)
('item_2069', 17431, 34645.87, 20141.03, 36724.6)
