('grZ', 3016, 73.14, 11.81, 63.68)
('dlv', 1448, 78.1, 17.1, 126.88)
('tKq', 1594, 108.5, 22.54, 111.32)
('taC', 942, 88.82, 9.58, 37.51)
('cdK', 1374, 42.2, 0.11, 83.45)
('ukr', 1232, 53.59, 1.96, 24.65)
('yco', 550, 92.8, 25.1, 69.1)
('ppN', 2368, 68.72, 14.92, 137.94)
('nAX', 1920, 44.65, 71.34, 213.57)
('opp', 3048, 50.28, 70.63, 149.3)
('nRc', 526, 13.49, 26.49, 117.3)
('gTx', 2804, 70.55, 54.65, 54.3)
('pqB', 2448, 13.32, 55.45, 76.95)
('rdX', 2752, 64.78, 12.31, 53.54)
('vxk', 1842, 70.55, 16.77, 88.76)
('iJg', 274, 109.52, 19.7, 129.85)
('iWy', 1662, 64.96, 48.0, 164.42)
('rEH', 2460, 101.73, 13.67, 28.96)
('exA', 1978, 106.29, 18.51, 154.9)
('kTq', 2946, 66.17, 24.82, 159.7)
('xQe', 2350, 89.2, 28.16, 68.39)
('AIY', 2494, 35.91, 8.34, 75.7)
('jlP', 188, 57.46, 38.98, 68.1)
('lLt', 1392, 37.9, 40.3, 114.89)
('bKL', 2468, 108.68, 64.5, 213.19)
('qCB', 2968, 86.25, 30.28, 164.62)
('lVy', 2442, 47.22, 74.76, 185.93)
('hTR', 2116, 60.59, 22.62, 52.74)
('xfG', 1626, 68.57, 25.59, 158.0)
('pmc', 1982, 72.44, 41.1, 65.41)
('auN', 1536, 94.94, 36.3, 178.0)
('ngP', 2892, 48.23, 19.48, 82.72)
('lSO', 2162, 22.34, 55.67, 109.25)
('dMc', 1150, 111.49, 49.93, 97.5)
('Ebx', 2232, 9.38, 3.86, 130.28)
('aJl', 3040, 8.92, 11.55, 87.85)
('jvJ', 1216, 103.9, 61.16, 102.97)
('siu', 2486, 46.3, 0.68, 93.12)
('zAZ', 2392, 107.5, 2.22, 151.6)
('nyL', 1688, 62.29, 72.55, 216.1)
('DEm', 2886, 88.54, 2.7, 77.75)
('uxZ', 2652, 1.49, 69.62, 106.39)
('vAF', 2196, 20.26, 13.71, 23.33)
('mzx', 2492, 16.0, 11.98, 20.0)
('AIZ', 2496, 81.99, 61.3, 117.12)
('Cpp', 2060, 40.43, 21.69, 65.7)
('uOF', 1312, 24.96, 7.88, 44.36)
('tvh', 16, 96.42, 72.1, 207.8)
('EfI', 2670, 24.26, 12.1, 31.47)
('ceb', 1408, 77.36, 47.87, 175.97)
('fen', 2316, 69.39, 35.6, 123.44)
('bNs', 2742, 13.42, 62.3, 196.48)
('dxN', 2732, 13.89, 17.2, 156.73)
('nKo', 2890, 38.5, 24.93, 97.63)
('ixk', 2102, 86.33, 17.8, 164.3)
('hXf', 2456, 95.82, 74.77, 204.39)
('rEi', 2410, 72.5, 64.61, 70.62)
('hor', 1908, 4.77, 60.81, 186.5)
('cut', 40, 21.49, 36.32, 79.43)
('wfT', 2380, 77.57, 36.77, 75.77)
('fLd', 2660, 37.26, 71.73, 155.56)
('bMk', 2622, 65.59, 8.96, 152.15)
('hPE', 1674, 6.2, 12.91, 124.33)
('bjT', 2744, 56.85, 32.26, 157.47)
('CoT', 2016, 14.84, 6.52, 35.73)
('rBT', 2172, 26.48, 7.11, 79.85)
('eAs', 2274, 78.59, 55.41, 55.11)
('BdM', 1586, 95.23, 4.51, 145.8)
('Dts', 1754, 77.2, 17.57, 95.37)
('uew', 618, 47.7, 28.24, 176.69)
('aBl', 2208, 33.93, 74.4, 216.22)
('CyD', 3024, 40.64, 12.4, 26.51)
('pyT', 248, 48.0, 24.42, 112.6)
('hqm', 2106, 99.31, 28.97, 124.0)
('frM', 650, 75.3, 52.91, 152.53)
('bea', 2134, 34.21, 67.42, 140.9)
('clj', 2152, 113.14, 2.33, 79.62)
('dZx', 2544, 8.9, 42.24, 66.71)
('jRH', 432, 105.87, 16.93, 52.2)
('gQJ', 2516, 54.24, 40.56, 139.7)
('hNT', 1496, 98.11, 35.28, 162.76)
('Ekr', 88, 80.23, 9.11, 45.45)
('upt', 1756, 15.58, 64.55, 81.66)
('kMh', 2200, 9.27, 21.54, 98.51)
('hrv', 2228, 101.13, 68.85, 100.55)
('pGo', 1018, 61.29, 48.8, 136.29)
('fcN', 2160, 55.3, 22.98, 65.85)
('tTq', 2530, 89.74, 20.57, 161.4)
('jgP', 2736, 38.12, 61.31, 68.55)
('mVh', 1680, 11.22, 72.61, 166.94)
('jAR', 1752, 74.7, 36.7, 134.7)
('DxU', 2226, 85.73, 52.35, 184.89)
('pOL', 1896, 40.8, 66.54, 161.5)
('bHx', 2128, 51.29, 62.96, 198.74)
('ewJ', 1892, 58.28, 60.9, 85.8)
('UH', 1888, 27.16, 74.7, 87.69)
('nER', 2324, 6.54, 17.97, 160.91)
('pUF', 2508, 3.24, 53.92, 119.99)
('xsL', 2988, 42.97, 10.18, 143.98)
('pMm', 1638, 104.3, 54.6, 174.8)
('eHC', 3022, 65.4, 73.66, 177.85)
('bw', 127, 87.0, 28.2, 250.39)
('ryp', 1800, 49.33, 47.54, 51.2)
('CkF', 1572, 54.47, 26.11, 117.45)
('zBd', 2400, 5.91, 7.57, 50.41)
('sny', 3014, 0.18, 25.39, 44.13)
('wcg', 1990, 59.4, 47.9, 168.51)
('nGs', 2482, 23.11, 10.23, 24.82)
('tDB', 888, 23.16, 19.81, 128.11)
('hwa', 2706, 112.3, 30.7, 85.17)
('BKO', 1954, 17.43, 7.76, 110.15)
('qBt', 2848, 57.24, 54.52, 68.5)
('iwp', 2008, 68.82, 55.36, 82.94)
('smE', 2922, 7.63, 10.88, 55.35)
('trs', 2690, 28.32, 54.76, 149.78)
('xrF', 2872, 70.6, 64.48, 102.79)
('fcE', 2142, 111.56, 47.63, 80.31)
('eBS', 2430, 71.13, 33.26, 77.4)
('ewZ', 1924, 44.75, 17.97, 53.52)
('yod', 1776, 49.0, 42.7, 132.73)
('mXq', 1906, 19.9, 64.82, 95.85)
('dxm', 2678, 28.69, 44.19, 44.42)
('oWp', 344, 77.9, 43.82, 162.84)
('uSZ', 1768, 34.7, 65.99, 170.48)
('bIs', 2222, 0.64, 50.61, 90.68)
('tiE', 1778, 56.93, 12.66, 52.92)
('glk', 2310, 112.0, 45.38, 76.8)
('xfc', 1566, 8.9, 8.58, 87.58)
('DYm', 1898, 111.4, 32.57, 77.8)
('jcH', 2304, 97.54, 33.85, 62.72)
('wfY', 2390, 86.55, 38.91, 143.73)
('jbq', 2166, 52.69, 46.34, 175.16)
('DzW', 2438, 7.59, 32.72, 76.3)
('mDL', 2936, 99.54, 50.1, 197.49)
('uAb', 2864, 90.38, 45.16, 132.75)
('qTw', 1658, 77.46, 47.26, 174.13)
('CTl', 2104, 74.34, 0.68, 7.13)
('tuR', 3052, 11.8, 65.78, 83.88)
('sIs', 2118, 57.51, 46.71, 175.18)
('dqF', 1988, 11.64, 34.31, 152.0)
('kRz', 2756, 69.12, 2.48, 98.22)
('lZx', 2856, 60.89, 17.21, 127.58)
('AHi', 2306, 31.49, 43.52, 95.16)
('BNY', 2286, 99.12, 67.82, 192.98)
('jdO', 2422, 30.14, 9.75, 132.29)
('bez', 2184, 59.5, 33.0, 163.2)
('xPm', 2262, 103.15, 15.2, 58.66)
('zZj', 1840, 76.92, 57.71, 205.78)
('wiH', 2668, 1.78, 17.81, 75.75)
('jJw', 2646, 72.37, 4.34, 60.11)
('Aip', 2788, 14.27, 19.27, 23.67)
('CVG', 2354, 69.22, 73.74, 156.48)
('rGV', 2696, 56.6, 14.1, 102.51)
('wCO', 1694, 87.28, 74.92, 98.71)
('tkO', 2006, 15.9, 43.66, 186.9)
('oMR', 2428, 24.87, 24.31, 42.15)
('vxO', 1902, 14.4, 1.51, 135.86)
('nFX', 2440, 48.45, 10.9, 39.8)
('fhq', 2634, 65.3, 47.52, 153.74)
('zCU', 2590, 50.48, 43.66, 119.45)
('pnH', 2148, 9.55, 30.79, 35.31)
('Bih', 2044, 3.72, 8.14, 92.26)
('uwe', 2454, 81.46, 4.22, 106.93)
('sEr', 1700, 32.7, 52.68, 190.87)
('bfU', 2330, 9.36, 8.29, 87.55)
('raU', 2434, 68.76, 27.38, 174.87)
('huC', 2554, 48.82, 62.52, 98.85)
('gjX', 2180, 83.6, 23.7, 147.58)
('kMT', 2276, 49.23, 23.66, 53.69)
('jIm', 2522, 60.5, 56.95, 88.75)
('qxa', 2394, 82.27, 25.51, 70.98)
('wJx', 2388, 13.74, 32.1, 66.83)
('Bgg', 1834, 59.14, 37.55, 128.16)
('vCE', 2402, 106.86, 17.76, 24.9)
('znt', 976, 7.28, 37.41, 118.3)
('Aka', 2966, 38.54, 26.4, 92.95)
('bLb', 2500, 20.9, 3.19, 36.36)
('wNb', 2760, 76.46, 26.96, 148.9)
('BjN', 2212, 68.21, 71.91, 133.71)
('ljx', 1556, 11.51, 31.92, 159.35)
('rHj', 2724, 54.75, 18.9, 98.43)
('bCR', 1648, 77.97, 37.2, 41.58)
('gHw', 1554, 100.33, 9.66, 75.42)
('Aku', 3006, 40.75, 50.82, 84.63)
('EfG', 2666, 97.56, 73.65, 96.7)
('oQB', 2812, 104.5, 3.95, 148.81)
('tXW', 3010, 59.35, 62.16, 188.84)
('cPj', 2204, 12.49, 43.9, 96.24)
('AMl', 2832, 100.4, 30.6, 78.78)
('puy', 2858, 2.36, 24.48, 69.88)
('EqT', 768, 51.62, 54.42, 138.34)
('BPq', 2426, 76.3, 45.29, 151.52)
('lle', 1726, 51.6, 35.44, 100.34)
('ADt', 1912, 32.55, 36.12, 133.15)
('izd', 2296, 98.36, 65.89, 142.91)
('skz', 2704, 61.73, 2.55, 73.78)
('mrN', 1692, 54.24, 55.4, 126.42)
('CTo', 2110, 112.35, 13.5, 99.24)
('tVO', 2786, 79.7, 57.3, 113.87)
('bDg', 1678, 69.96, 19.16, 35.9)
('aeZ', 2964, 54.58, 71.21, 138.88)
('xKn', 1744, 48.57, 26.74, 167.14)
('kdU', 1706, 4.36, 14.55, 143.98)
('BLG', 2042, 91.87, 25.91, 161.82)
('vyc', 1930, 85.48, 23.19, 29.65)
('koz', 2808, 18.75, 42.26, 191.56)
('vBf', 2248, 108.31, 18.45, 50.16)
('jEB', 2136, 48.18, 69.72, 213.28)
('Dco', 3046, 58.96, 18.11, 158.7)
('wNC', 2814, 100.65, 58.58, 140.81)
('fjY', 2910, 101.85, 10.98, 140.7)
('gNy', 2182, 80.95, 72.59, 150.9)
('zsU', 1550, 65.55, 70.42, 166.1)
('gMa', 2030, 45.54, 25.55, 123.48)
('CYl', 2624, 103.39, 39.35, 126.75)
('gQk', 2466, 4.86, 30.3, 172.19)
('qqz', 1716, 100.72, 38.26, 79.6)
('xhj', 1788, 1.76, 40.79, 79.8)
('BMC', 2138, 81.8, 12.5, 134.8)
('pYY', 2962, 53.62, 69.72, 69.5)
('gSn', 2680, 71.92, 56.58, 187.98)
('ttd', 2868, 75.97, 71.8, 202.93)
('iZi', 1942, 36.51, 38.1, 162.56)
('qpX', 1660, 1.7, 22.54, 170.49)
('lpK', 2206, 92.96, 41.16, 148.67)
('oLu', 2278, 14.32, 68.61, 128.41)
('yZU', 2642, 67.53, 37.3, 183.7)
('wlQ', 2998, 82.73, 12.52, 77.2)
('dyM', 2834, 20.33, 16.17, 87.4)
('goQ', 2686, 67.46, 57.5, 198.95)
('kGj', 1580, 35.7, 30.57, 177.8)
('hSa', 1926, 77.84, 13.18, 161.59)
('wjD', 2764, 70.45, 61.86, 91.2)
('xJA', 1666, 83.4, 11.59, 15.71)
('Dzj', 2360, 47.13, 21.91, 132.39)
('qsG', 1938, 31.72, 66.21, 105.16)
('AeN', 2420, 100.5, 0.66, 143.45)
('tou', 2382, 64.3, 22.82, 145.13)
('fIM', 2418, 40.69, 13.76, 27.58)
('qZn', 2264, 25.29, 11.32, 66.21)
('fCF', 1780, 109.1, 41.85, 145.1)
('pNa', 1718, 32.58, 68.9, 141.46)
('wDR', 1804, 55.11, 3.35, 141.95)
('sIU', 2174, 17.58, 69.45, 151.16)
('BeF', 1676, 112.96, 8.51, 55.6)
('tWk', 2830, 104.12, 18.26, 121.58)
('waZ', 1872, 67.72, 73.76, 156.57)
('oJd', 2036, 53.12, 51.63, 120.83)
('zCv', 2540, 93.94, 71.9, 105.3)
('pkh', 1784, 113.5, 64.68, 177.81)
('azF', 2040, 24.84, 6.29, 116.84)
('xIU', 1602, 85.95, 18.4, 82.69)
('aAb', 2084, 4.37, 20.94, 60.7)
('mtx', 1868, 13.19, 41.71, 42.79)
('acK', 2726, 51.8, 33.96, 112.94)
('nJW', 2854, 97.59, 6.18, 60.42)
('qZe', 2246, 16.63, 69.32, 172.16)
('lnj', 1944, 65.99, 21.2, 41.22)
('bGZ', 2080, 26.62, 20.74, 127.2)
('baX', 1816, 55.86, 33.46, 65.2)
('jcZ', 2340, 51.47, 25.13, 100.55)
('uuQ', 2322, 109.96, 58.29, 85.6)
('rHq', 2738, 2.5, 16.51, 39.13)
('Vk', 1946, 107.31, 63.66, 77.12)
('cKV', 1760, 73.86, 1.31, 10.49)
('BPO', 2474, 5.77, 41.66, 103.1)
('CRT', 1964, 10.77, 27.33, 27.54)
('yVM', 2210, 23.98, 49.19, 156.34)
('dvi', 2462, 23.74, 26.63, 105.54)
('snY', 3066, 60.57, 24.12, 96.3)
('mqZ', 1612, 43.66, 43.3, 127.39)
('BNV', 2280, 2.65, 68.8, 147.99)
('quV', 2176, 3.2, 52.3, 166.7)
('dZi', 2514, 47.54, 58.66, 111.82)
('tBZ', 728, 91.57, 48.12, 59.23)
('ZV', 2436, 29.36, 48.53, 123.77)
('XD', 2192, 104.56, 16.1, 145.84)
('llQ', 1802, 84.77, 7.88, 113.7)
('sbU', 1810, 3.66, 51.27, 61.79)
('xKg', 1730, 56.2, 47.64, 102.82)
('tWG', 2874, 33.55, 39.59, 64.51)
('psW', 2698, 83.3, 5.49, 147.77)
('exU', 2018, 62.34, 65.25, 70.22)
('rWW', 1294, 35.3, 15.61, 39.63)
('AIR', 2480, 108.7, 38.89, 65.73)
('lZL', 2884, 113.4, 63.28, 65.89)
('fgE', 2558, 28.56, 71.6, 169.71)
('glg', 2302, 54.99, 21.46, 72.9)
('xor', 2532, 31.2, 5.6, 50.83)
('lPC', 1826, 82.68, 4.97, 31.98)
('xKi', 1734, 16.69, 38.15, 77.71)
('BlC', 2398, 36.8, 66.86, 159.72)
('vcY', 2806, 23.17, 25.6, 154.82)
('lmu', 1862, 48.42, 35.37, 65.55)
('smA', 2914, 67.37, 33.4, 89.17)
('jhG', 2822, 26.54, 26.15, 83.6)
('hSv', 1968, 18.66, 58.37, 121.1)
('iBZ', 2600, 23.71, 2.91, 78.63)
('gqo', 2838, 10.6, 58.7, 176.29)
('aGu', 2746, 49.27, 19.3, 99.41)
('vfw', 3062, 73.4, 52.93, 145.44)
('acO', 2734, 95.98, 48.28, 102.51)
('wjF', 2768, 62.22, 62.57, 72.35)
('BOl', 2312, 80.82, 17.7, 63.98)
('ndp', 2528, 107.33, 0.41, 85.24)
('odW', 1866, 44.44, 39.41, 85.18)
('kiZ', 2236, 105.95, 21.81, 43.1)
('grF', 2976, 28.58, 26.37, 61.87)
('ngT', 2900, 95.74, 54.32, 99.59)
('waV', 1864, 61.36, 29.73, 106.27)
('AJz', 2548, 110.85, 73.93, 201.4)
('pVa', 2550, 23.49, 31.7, 32.21)
('zyR', 2168, 57.19, 37.54, 51.48)
('nfA', 2758, 16.42, 1.97, 84.88)
('xyo', 498, 89.44, 17.77, 137.28)
('eDM', 2626, 58.46, 21.33, 43.5)
('eGC', 2918, 90.94, 66.36, 112.93)
('mws', 2170, 94.89, 2.79, 15.18)
('Cqg', 2146, 70.7, 34.7, 150.8)
('oHt', 1860, 100.2, 49.6, 172.65)
('kMZ', 2288, 71.19, 1.1, 14.0)
('utO', 2214, 103.91, 36.76, 40.49)
('qvH', 2252, 27.24, 62.61, 158.7)
('wmg', 3030, 58.5, 37.66, 119.0)
('AHS', 2378, 20.24, 39.9, 166.85)
('pit', 1600, 95.48, 25.45, 30.52)
('aAI', 2150, 10.38, 51.8, 161.54)
('naD', 2244, 55.96, 32.34, 103.46)
('wmb', 3020, 63.46, 53.49, 159.33)
('xVr', 2896, 21.39, 10.25, 22.34)
('qWh', 1940, 43.8, 19.13, 143.66)
('san', 1640, 7.37, 61.8, 130.46)
('oeW', 1970, 9.87, 35.28, 85.47)
('dUn', 2004, 57.7, 47.68, 64.45)
('kIo', 1798, 101.82, 41.8, 142.55)
('kMB', 2240, 89.21, 36.34, 121.52)
('lmb', 1824, 89.3, 9.69, 122.24)
('ooP', 2996, 84.9, 13.1, 126.82)
('cmW', 2334, 15.28, 45.36, 190.48)
('DbC', 2970, 66.84, 46.29, 66.36)
('csi', 2878, 53.16, 26.41, 154.41)
('ytc', 2294, 7.46, 54.37, 121.95)
('cMB', 1928, 91.67, 56.51, 164.82)
('BVf', 3028, 56.76, 32.22, 83.3)
('cSF', 2560, 95.17, 37.76, 62.78)
('pPr', 1960, 84.74, 18.37, 84.35)
('qXH', 2096, 71.43, 62.42, 198.3)
('jIX', 2596, 49.43, 29.81, 113.38)
('jdc', 2346, 39.48, 58.42, 78.85)
('gkI', 2254, 29.31, 31.69, 88.35)
('oOr', 2584, 71.75, 66.77, 148.67)
('cUr', 2740, 105.76, 6.63, 15.19)
('yPP', 1592, 21.99, 24.17, 120.74)
('uWw', 2126, 57.6, 48.24, 87.4)
('nBm', 1950, 41.91, 65.0, 134.1)
('BlZ', 2444, 19.43, 54.82, 109.37)
('ocw', 1710, 56.42, 25.58, 34.71)
('Dan', 2836, 105.96, 73.63, 166.6)
('oQA', 2810, 69.12, 38.18, 121.83)
('tRI', 2358, 91.26, 11.35, 14.34)
('qSB', 1564, 9.7, 38.41, 90.77)
('jhJ', 2828, 87.71, 51.85, 109.9)
('cVi', 2826, 79.82, 66.42, 176.3)
('jHh', 2408, 89.67, 6.48, 7.97)
('zPo', 810, 20.24, 70.45, 73.75)
('qVF', 1884, 87.35, 38.45, 44.8)
('hOX', 1608, 20.51, 35.79, 103.92)
('wwW', 1086, 33.34, 63.31, 79.7)
('gpM', 2782, 44.81, 3.39, 113.21)
('tMD', 1828, 43.3, 58.17, 125.71)
('siU', 2538, 13.52, 27.3, 161.72)
('xWX', 3064, 74.3, 27.81, 134.43)
('tWU', 2902, 64.56, 31.44, 148.95)
('zYN', 1796, 107.4, 6.0, 10.7)
('tjr', 1856, 55.22, 71.64, 214.72)
('qvr', 2220, 48.78, 6.36, 31.38)
('onQ', 2894, 94.1, 27.51, 118.5)
('nDA', 2186, 43.15, 8.54, 145.98)
('sGF', 1936, 32.68, 9.45, 61.35)
('ywn', 2628, 3.75, 50.11, 176.1)
('jKf', 2716, 41.58, 63.92, 193.66)
('naO', 2266, 12.36, 68.27, 125.49)
('mAS', 2638, 33.52, 65.23, 67.28)
('jem', 2470, 10.49, 67.32, 158.2)
('bFe', 1882, 43.59, 66.76, 207.68)
('qxG', 2458, 75.82, 13.26, 161.21)
('klD', 2504, 101.43, 15.61, 59.6)
('azK', 2050, 87.65, 56.51, 162.52)
('eBr', 2376, 12.8, 0.51, 31.54)
('qtk', 1998, 2.31, 57.93, 99.32)
('zAp', 2320, 88.23, 49.47, 189.58)
('xUE', 2818, 45.2, 7.74, 156.19)
('ofl', 2000, 27.21, 22.2, 35.55)
('fEd', 1932, 101.19, 44.39, 93.49)
('rdj', 2672, 98.9, 73.27, 162.8)
('wEV', 1916, 32.72, 3.35, 80.7)
('hSD', 1984, 51.57, 34.6, 85.5)
('zXh', 1628, 57.91, 29.88, 116.39)
('fej', 2308, 55.51, 37.92, 38.2)
('rFh', 2512, 37.49, 24.72, 151.43)
('jJa', 2602, 91.13, 7.88, 74.69)
('BPl', 2416, 85.77, 67.3, 103.89)
('aEa', 2498, 52.0, 6.34, 119.8)
('DWx', 1712, 38.18, 10.8, 12.85)
('waE', 1830, 13.86, 24.63, 142.42)
('lvc', 2762, 39.87, 29.31, 164.2)
('mvl', 2052, 2.9, 0.88, 30.8)
('hVA', 2290, 58.15, 7.66, 135.7)
('vej', 2932, 100.25, 58.6, 186.12)
('DVA', 1614, 50.42, 6.44, 42.75)
('BLU', 2070, 0.6, 19.84, 83.22)
('aYG', 1574, 23.77, 64.73, 102.19)
('wIE', 2298, 104.13, 28.31, 165.2)
('bid', 2556, 6.5, 14.62, 46.62)
('kdo', 1642, 38.26, 33.8, 115.24)
('rgJ', 3036, 63.97, 39.87, 150.7)
('neO', 2682, 22.54, 33.82, 102.52)
('sdp', 1956, 92.74, 11.45, 108.64)
('fct', 2120, 79.35, 31.6, 180.68)
('xmW', 2386, 77.1, 43.63, 113.19)
('mCw', 2802, 62.69, 14.44, 147.72)
('qwQ', 2374, 10.98, 47.7, 193.83)
('wgT', 2484, 50.1, 37.82, 58.91)
('tXm', 2938, 67.63, 35.71, 41.67)
('tWh', 2824, 84.3, 19.43, 87.47)
('bNm', 2730, 0.72, 9.13, 148.28)
('huW', 2594, 24.78, 6.15, 95.57)
('kdd', 1620, 113.54, 32.93, 102.34)
('rGR', 2688, 84.13, 57.99, 79.2)
('qZB', 2292, 111.8, 68.23, 198.37)
('fid', 2712, 68.51, 2.87, 13.9)
('fcD', 2140, 57.55, 33.38, 143.14)
('Boy', 2702, 37.85, 14.85, 147.8)
('tPv', 2124, 24.99, 8.6, 55.51)
('ckP', 2112, 73.82, 5.81, 61.18)
('AAl', 1584, 85.33, 65.2, 88.59)
('bdo', 2058, 60.0, 39.43, 61.81)
('fJn', 2472, 22.9, 24.11, 53.15)
('bPT', 3004, 26.12, 71.25, 158.86)
('zCK', 2570, 94.83, 4.43, 128.79)
('grR', 3000, 82.69, 35.5, 45.52)
('smO', 2942, 5.67, 15.4, 35.76)
('zGn', 2940, 92.3, 54.95, 187.91)
('eHE', 3026, 49.34, 30.25, 179.1)
('xNZ', 2132, 106.5, 5.52, 99.36)
('qBK', 2882, 69.4, 58.56, 130.39)
('tKF', 1624, 52.11, 9.77, 123.46)
('htC', 2450, 73.8, 44.91, 167.74)
('uBm', 2990, 75.63, 2.58, 87.2)
('wDl', 1740, 23.13, 39.43, 121.83)
('uyY', 2754, 36.33, 43.9, 50.68)
('AAK', 1634, 69.75, 49.45, 122.53)
('fkb', 2916, 19.14, 10.96, 57.96)
('SI', 1682, 103.36, 45.27, 84.9)
('Aij', 2776, 21.35, 37.9, 173.37)
('tKI', 1630, 105.75, 57.99, 148.92)
('rHQ', 2790, 5.37, 45.14, 159.9)
('hng', 1782, 9.33, 65.1, 140.7)
('lot', 2068, 8.54, 23.54, 27.96)
('kTr', 2948, 109.29, 50.21, 103.49)
('yPN', 1588, 13.68, 68.61, 93.72)
('xQo', 2370, 35.27, 65.86, 202.24)
('tux', 3012, 109.44, 61.37, 151.39)
('zuJ', 1736, 67.89, 16.95, 112.46)
('qpE', 1622, 16.1, 42.2, 99.7)
('ywt', 2640, 104.83, 68.5, 82.71)
('Cqp', 2164, 1.42, 20.9, 51.18)
('AgR', 2636, 36.58, 13.48, 52.5)
('lkz', 1664, 94.14, 26.32, 158.88)
('evb', 1720, 10.48, 45.62, 158.54)
('luG', 2718, 61.96, 59.28, 139.88)
('oEK', 1582, 41.9, 5.78, 18.64)
('aYS', 1598, 72.55, 24.75, 125.71)
('vxn', 1848, 74.2, 46.19, 86.92)
('lSW', 2178, 19.94, 72.21, 191.47)
('dAg', 2978, 100.9, 53.99, 134.41)
('mrT', 1704, 61.69, 33.12, 98.23)
('qpa', 1562, 82.69, 50.86, 118.53)
('okN', 2576, 39.71, 5.65, 47.48)
('gfk', 1686, 30.15, 52.0, 79.38)
('bNi', 2722, 112.67, 11.33, 99.47)
('uXQ', 2270, 19.2, 2.22, 117.45)
('izA', 2342, 96.97, 8.93, 99.3)
('nKS', 2950, 70.42, 28.68, 132.47)
('pUd', 2452, 32.7, 22.99, 147.85)
('dRF', 1728, 22.53, 22.27, 61.4)
('yyZ', 2912, 68.95, 58.81, 97.29)
('lPi', 1786, 21.4, 63.24, 150.26)
('duf', 2352, 102.72, 70.29, 120.7)
('CNS', 1546, 104.48, 32.18, 139.4)
('pLY', 1610, 43.5, 69.62, 158.62)
('vGQ', 2842, 114.7, 51.57, 178.94)
('cXs', 3054, 6.36, 62.65, 206.63)
('eXV', 1656, 66.87, 15.55, 134.15)
('qBs', 2846, 27.86, 49.97, 151.63)
('koU', 2850, 64.88, 23.85, 77.68)
('goi', 2618, 69.81, 4.79, 121.59)
('Edt', 2432, 17.62, 25.97, 139.63)
('qyl', 2520, 98.39, 35.37, 152.12)
('DZX', 2076, 59.53, 24.41, 148.24)
('nIL', 2728, 71.55, 72.34, 184.1)
('rxC', 1722, 111.6, 3.22, 14.9)
('zAD', 2348, 81.86, 11.79, 27.54)
('rwL', 1636, 110.28, 13.34, 111.27)
('luE', 2714, 108.8, 0.59, 56.32)
('BTA', 2862, 98.36, 21.76, 35.59)
('jzd', 1568, 89.89, 19.3, 23.53)
('aAa', 2082, 59.17, 61.15, 61.69)
('xTc', 2658, 71.79, 49.39, 158.25)
('DZV', 2072, 10.56, 41.81, 95.39)
('pZQ', 3050, 30.82, 26.81, 87.7)
('Blp', 2372, 82.92, 1.76, 67.96)
('uYL', 2364, 77.3, 46.56, 185.81)
('bIt', 2224, 84.72, 48.16, 65.32)
('Bol', 2676, 70.16, 45.85, 95.7)
('wdi', 2098, 61.48, 2.25, 51.16)
('AMW', 2906, 110.4, 9.83, 17.24)
('rxj', 1684, 39.34, 8.28, 9.13)
('wff', 2300, 17.25, 16.82, 52.6)
('fCC', 1774, 28.85, 56.9, 190.55)
('hlB', 1616, 113.33, 38.74, 59.7)
('jaw', 2074, 46.15, 70.2, 204.31)
('acW', 2750, 63.64, 46.24, 160.83)
('oGK', 1790, 27.83, 70.6, 219.49)
('qBE', 2870, 32.89, 54.81, 65.46)
('jJX', 2700, 78.81, 14.22, 78.91)
('mxM', 2314, 60.76, 68.18, 170.73)
('BeD', 1672, 63.61, 33.58, 155.41)
('vdN', 2888, 73.63, 25.61, 164.0)
('ynp', 1696, 14.38, 73.45, 78.86)
('gjK', 2154, 103.27, 34.12, 114.61)
('CrY', 2338, 58.9, 26.3, 86.23)
('zBj', 2412, 2.79, 37.38, 121.55)
('vbe', 2610, 41.39, 31.55, 150.0)
('tLD', 1724, 106.78, 4.48, 124.98)
('ryL', 1844, 10.0, 35.78, 40.92)
('nBM', 2002, 72.83, 72.3, 168.58)
('lXP', 2684, 73.82, 25.18, 141.91)
('oFV', 1708, 16.64, 15.67, 114.87)
('pZe', 2974, 52.7, 9.7, 137.18)
('hOq', 1542, 31.19, 7.87, 120.76)
('sLp', 2424, 69.53, 28.46, 152.9)
('niu', 3058, 113.15, 42.16, 86.39)
('qzK', 2674, 72.32, 59.61, 194.45)
('dAA', 3018, 26.6, 54.53, 188.77)
('slv', 2800, 109.28, 36.53, 72.73)
('CxI', 2930, 17.5, 16.8, 41.99)
('sJb', 2188, 5.48, 29.88, 146.1)
('yAt', 3056, 102.48, 37.63, 176.1)
('ctN', 3044, 44.94, 17.61, 165.96)
('lPA', 1822, 92.59, 54.76, 185.29)
('eDb', 2552, 11.7, 52.83, 140.44)
('BQP', 2580, 41.77, 9.78, 136.8)
('mah', 2928, 93.88, 41.63, 106.72)
('qrO', 1850, 21.25, 7.73, 30.4)
('kNK', 2362, 76.6, 37.1, 151.91)
('tCj', 748, 11.75, 25.1, 53.8)
('sFs', 1806, 14.23, 10.55, 113.41)
('kcy', 1558, 57.37, 14.42, 122.73)
('BgG', 1886, 66.7, 13.37, 42.32)
('baB', 1772, 6.43, 27.4, 39.64)
('fNK', 2934, 32.78, 39.53, 134.46)
('nIB', 2708, 20.23, 74.46, 75.77)
('CRk', 1894, 33.43, 10.4, 56.32)
('BUV', 3008, 65.31, 53.84, 70.83)
('nhp', 2944, 114.77, 51.19, 51.86)
('sGQ', 1958, 76.68, 67.98, 191.41)
('xMQ', 2010, 5.22, 46.73, 130.3)
('dQo', 1590, 29.73, 52.29, 131.27)
('kgW', 2022, 15.72, 71.93, 171.71)
('BUN', 2992, 103.23, 63.15, 153.38)
('pTB', 2396, 50.21, 50.4, 88.6)
('hXC', 2502, 25.9, 63.73, 152.3)
('cUh', 2720, 103.16, 1.38, 1.66)
('gdT', 1548, 78.4, 7.4, 110.18)
('xWh', 2980, 41.2, 71.8, 160.91)
('dqx', 1972, 91.57, 23.18, 26.21)
('jcl', 2260, 62.92, 15.82, 134.6)
('BdH', 1576, 77.76, 56.88, 198.82)
('oHs', 1858, 77.5, 65.1, 76.29)
('reD', 2816, 92.87, 39.94, 142.14)
('fMP', 2840, 40.13, 40.6, 175.6)
('hkR', 1544, 58.0, 13.9, 31.95)
('pro', 2526, 81.72, 5.66, 109.7)
('uuk', 2258, 45.95, 64.15, 122.21)
('wIc', 2242, 11.68, 48.39, 173.72)
('CVB', 2344, 99.18, 50.92, 167.74)
('jCE', 1934, 29.68, 56.22, 166.97)
('iuH', 1836, 51.81, 41.23, 118.98)
('tTn', 2524, 79.9, 22.3, 169.67)
('hmO', 1746, 76.92, 73.86, 129.51)
('kfN', 1900, 81.92, 68.34, 79.21)
('EcH', 2356, 49.88, 35.24, 44.73)
('prQ', 2582, 63.2, 35.48, 93.83)
('mzv', 2488, 65.32, 54.62, 197.42)
('wlJ', 2984, 73.27, 60.6, 148.28)
('dqY', 2026, 106.65, 21.78, 46.64)
('eFn', 2784, 97.23, 40.25, 146.8)
('AEI', 2046, 41.67, 15.6, 140.26)
('iCj', 2620, 105.3, 23.69, 91.22)
('aFx', 2648, 26.78, 36.38, 75.78)
('llY', 1818, 52.83, 59.69, 119.65)
('ads', 2794, 106.62, 59.21, 124.82)
('weA', 2238, 13.56, 67.6, 214.32)
('oOO', 2630, 56.47, 13.57, 99.6)
('exX', 2024, 63.71, 36.2, 158.62)
('jIM', 2574, 10.65, 38.39, 143.7)
('hnY', 1870, 42.88, 67.31, 80.5)
('tku', 1966, 76.49, 44.46, 74.14)
('wNF', 2820, 106.65, 53.32, 65.81)
('gVV', 3060, 17.26, 14.51, 71.7)
('tqG', 2614, 64.2, 53.27, 88.33)
('nNr', 140, 1.6, 48.48, 100.16)
('ACM', 1846, 67.33, 6.8, 114.75)
('bMp', 2632, 58.0, 24.34, 119.73)
('azN', 2056, 37.5, 40.93, 51.16)
('uxs', 2586, 99.47, 19.18, 154.32)
('xJM', 1690, 100.39, 32.6, 46.7)
('sDC', 1618, 48.95, 16.99, 103.71)
('gir', 2012, 82.28, 14.11, 153.96)
('qwv', 2332, 55.72, 31.57, 104.77)
('bGY', 2078, 22.64, 5.34, 87.68)
('xtm', 3042, 110.26, 46.4, 127.54)
('wDp', 1748, 93.72, 13.28, 40.93)
('obQ', 1646, 68.2, 42.33, 191.0)
('rzS', 1962, 54.34, 32.36, 94.91)
('eDv', 2592, 26.42, 63.94, 206.47)
('vDq', 2478, 38.47, 6.43, 33.41)
('oQZ', 2860, 45.82, 44.2, 175.46)
('sjg', 2562, 22.69, 16.15, 103.89)
('zdd', 2972, 75.7, 35.36, 119.71)
('uxC', 2606, 16.29, 13.87, 139.34)
('kPI', 2566, 59.21, 40.56, 83.42)
('ogj', 2100, 112.18, 3.61, 104.83)
('gij', 1996, 109.31, 14.99, 109.82)
('fex', 2336, 36.79, 74.3, 208.9)
('kor', 2792, 55.65, 69.97, 205.14)
('zBg', 2406, 82.69, 19.18, 156.7)
('nIt', 2692, 22.16, 25.17, 44.31)
('yzO', 2994, 8.15, 74.55, 199.62)
('fdg', 2198, 74.17, 52.51, 71.1)
('bNG', 2770, 48.19, 10.39, 141.55)
('iai', 2774, 42.41, 54.28, 120.97)
('Eay', 2130, 99.55, 70.77, 174.29)
('rzu', 1914, 98.89, 67.92, 119.84)
('yUQ', 2114, 51.71, 68.59, 71.44)
('goy', 2650, 21.96, 3.66, 22.16)
('Cko', 1538, 45.45, 50.23, 73.83)
('tRt', 2328, 47.29, 7.95, 71.6)
('fiE', 2766, 20.55, 59.99, 152.94)
('Cls', 1650, 85.14, 37.8, 184.11)
('dwy', 2598, 13.0, 9.58, 77.22)
('onv', 2852, 84.28, 53.3, 152.31)
('kiW', 2230, 95.28, 37.1, 102.15)
('zuH', 1732, 33.69, 22.21, 33.57)
('qts', 2014, 2.92, 68.73, 213.27)
('unv', 1552, 106.84, 40.29, 131.7)
('xRY', 2546, 87.25, 49.75, 53.17)
('nEr', 2272, 28.88, 66.22, 187.62)
('aEw', 2542, 78.87, 23.7, 118.23)
('kdS', 1702, 73.8, 2.63, 37.63)
('iBO', 2578, 96.5, 0.54, 32.84)
('tpS', 2534, 32.13, 12.13, 154.12)
('xtk', 3038, 108.27, 69.63, 132.81)
('lsG', 2510, 20.35, 66.34, 179.79)
('gjg', 2094, 78.64, 68.23, 177.49)
('oHp', 1852, 61.9, 21.98, 39.5)
('mZM', 2158, 35.72, 49.97, 165.59)
('kLd', 2088, 103.6, 52.29, 166.55)
('fcu', 2122, 69.36, 20.1, 85.38)
('qsa', 1874, 88.2, 24.9, 87.5)
('Bnj', 2568, 86.4, 15.96, 115.57)
('WE', 2090, 48.49, 9.23, 115.31)
('tJZ', 1560, 22.43, 61.35, 125.1)
('qzA', 2654, 61.74, 16.1, 104.14)
('koh', 2772, 76.11, 58.67, 64.32)
('cmS', 2326, 48.11, 74.6, 138.52)
('bjb', 2656, 90.51, 37.73, 124.43)
('ClC', 1670, 8.26, 57.74, 146.5)
('dva', 2446, 32.1, 51.16, 197.51)
('snI', 3034, 55.93, 24.48, 50.78)
('tng', 2250, 56.1, 24.11, 101.1)
('eyb', 2032, 69.96, 31.21, 59.64)
('qzh', 2616, 0.19, 35.66, 68.52)
('xjC', 2034, 52.99, 54.3, 149.97)
('ezY', 2234, 38.3, 2.68, 75.99)
('ayZ', 1976, 106.57, 30.49, 65.68)
('lQi', 1890, 65.81, 45.38, 133.32)
('lQN', 1952, 16.74, 26.71, 47.67)
('ACl', 1792, 61.46, 42.13, 86.19)
('DZv', 2020, 10.5, 15.86, 109.55)
('ysp', 2216, 112.65, 23.16, 31.55)
('cKq', 1698, 98.37, 61.77, 150.62)
('cLI', 1838, 5.2, 68.2, 165.25)
('AMH', 2876, 80.42, 57.28, 94.5)
('ySS', 1910, 7.99, 58.88, 97.3)
('CSQ', 2062, 77.16, 60.56, 136.11)
('Cve', 2662, 22.63, 29.7, 41.13)
('kHK', 1738, 109.1, 61.26, 191.29)
('yQj', 1632, 45.79, 4.17, 88.93)
('CQv', 1812, 4.53, 57.84, 80.75)
('fdW', 2282, 65.88, 13.24, 66.78)
('vdV', 2904, 8.7, 34.35, 86.24)
('sGc', 1878, 99.2, 5.77, 147.4)
('aFf', 2612, 9.81, 62.39, 187.27)
('urI', 1994, 78.6, 34.1, 46.56)
('xVF', 2924, 1.93, 17.55, 61.64)
('biD', 2608, 33.39, 23.38, 106.0)
('zxe', 1986, 91.64, 42.83, 125.44)
('tiZ', 1820, 76.32, 5.65, 68.31)
('lor', 2064, 75.22, 8.91, 36.59)
('tLM', 1742, 40.69, 59.98, 67.67)
('ckC', 2086, 4.27, 47.64, 100.28)
('DEW', 2958, 82.71, 65.8, 154.92)
('iwz', 2028, 72.85, 57.57, 171.51)
('cfI', 1578, 52.83, 1.38, 131.49)
('aGc', 2710, 85.34, 72.31, 127.9)
('ysq', 2218, 114.76, 13.25, 125.1)
('my', 701, 17.16, 26.73, 261.7)
('qE', 915, 74.0, 37.91, 81.74)
('pw', 855, 6.65, 0.24, 198.93)
