UylN
FdgF
RBwP
UzyD
izja
sYmu
zFc0
3lzs
wLHt
PXs7
6deY
GerP
co6o
gBI2
cHJP
E1oE
Ves9
eaeg
saXp
pN8g
3zW8
Fowe
PsLe
SEvf
v6Og
8Zn8
v7aa
SOkj
DvUl
ySj5
pDrF
andj
KPO5
4kM4
3jnu
T0yV
2i1Q
eMyH
8jFw
Dj7R
YYqA
K38b
Og1h
HcI3
1kcD
2SLq
y67F
0w7o
r23J
ApRJ
ZPC3
64SD
odJn
coa3
MZzl
JcU4
YuyJ
NDGI
Z4kH
AS9z
Xjt6
5SWi
5Hdk
BxHg
5eh7
vORA
YIoM
VMeY
vndM
iczP
VJbX
Kp7r
xkXO
hjao
4nlw
xPID
CeLi
twvP
R9Wy
ZcI4
bJT9
0G3x
dmII
JK9T
PQLq
FUwJ
2SDr
UI1f
lrAe
eQ0k
34UT
lpXE
YehY
oCnh
GrTa
zgd4
OIX2
7wdh
ep9j
YTs4
nrTH
KEYd
nSoj
sTxV
Vk3I
YygA
4Zc6
fz4e
7MrT
nPtv
h7GS
MGDt
VKpr
zeie
lxK5
OV0t
ddJg
Df2R
9k0i
qoLc
TbO5
cBVm
cfNo
MQty
qBEm
Ab2J
NRcp
u3Gs
r77B
OoU8
J88A
3iQI
dYG9
Ywsh
6eIc
WNYt
8k0k
1kUS
SHMB
9jp3
OHQu
AYKz
ZDcP
RJRS
w2gd
JrVH
KVUg
Q4uM
rCut
fbpo
uefE
ImBC
Mq7F
RDQb
ODXr
ag33
KJx7
42LE
YdZF
lXYk
LK3p
NezP
MHKb
43FO
nfPq
Vd4s
PLZa
peWF
3Cwd
YGRh
Z4HL
O7Fz
If5k
VlsE
aOpW
kNe6
I90i
BbW6
TPop
aJ7N
fK6I
BkLj
7XKK
33z3
TBiq
qMd0
PGQR
7HkE
plYb
zxCL
Ocqj
vneL
YXdU
4jPb
4UrJ
Fo68
L6A0
i5tA
MshU
23JT
zkFW
Q7Wa
zf1U
GrhM
H1fw
OotF
aIiR
zky5
dlDw
daoN
rhYs
B5ky
E14D
ppGG
QYIh
F80i
ImF3
w393
OcLj
eB4M
ooJp
r3br
TPmk
UP5Y
zrbZ
wxid
DGjm
v5Eo
gXPn
htmf
kTlZ
0XcI
GKu5
FGoT
htpy
QlJ5
x1eh
dLRx
GZCk
kk0A
u1Mk
M0O1
0CBB
RYxj
gaG5
Fa1Y
Zbi2
8npQ
3MdC
bQ5u
q2Um
BElq
q9W6
uPJz
FqKg
ob24
SK9V
fq8T
eUsJ
4Ff4
smI5
GK24
R2OQ
dq5c
XgTd
tLsr
12Cf
WiLj
wlo6
bGcM
G8Dn
rlze
9Rvk
6TcD
8f3S
xZx5
XV4v
7MoT
T82Q
X7zo
kRdn
xPac
fHOw
UBNK
TJaV
widw
FreX
yEuv
mFYN
WO9K
fpFa
GYxG
LF3I
r3Um
jAQf
5Nz0
hIb8
mT5E
Hl6I
F1OC
d1f3
5Th5
FxUc
n5ga
1avV
FinN
Lhrh
E5Gm
xJqi
D2ft
Mt2W
kIaS
nH3q
WXc2
FYij
iapn
rX6z
Xvvv
HDLR
ClId
82X8
TA2Z
kixI
Fm2k
MQi7
WUmu
BEO2
wS0s
lYWk
bhYY
qP9p
RcLF
8p5m
TLmb
RAjx
7CRr
gWn5
JqfU
Xvbo
HkUO
PBi9
z7oR
xhWA
Tay9
QExo
9ai2
sog4
nvGe
rz7F
QyeI
Vsyw
WZgU
Bz1D
RXD0
KAxq
Y5vN
epv3
cA2c
63Ya
irlx
7RSL
bGOp
dn9f
Wxpd
pDYw
oY6P
QxeN
geuJ
0g2P
wJiJ
AeQB
J1NN
oGgP
oA1h
6Q9V
EDxo
Rm7v
7grM
c8G0
8Qpw
bMHp
YHYr
YmRT
Yaie
qFZH
DIVN
GGZb
fHwG
ours
zqse
Weh5
gtE2
A4Nj
YEZb
kv4z
6AMq
bTs3
OaK5
eALj
OOU0
8qNS
2AY1
CoLU
74rw
0UgP
soBe
fWOd
IDgH
qSKC
KCnT
LyQl
Jt3N
XOrl
9ZlI
PcCv
pq7B
nD7I
HYLt
7R6B
kzpd
n8ia
HNgi
b5BV
x1iN
VlUY
icOX
5Ke3
wub1
DGuY
QHwe
IoNw
e6Sl
AOoQ
B0Lt
kMwt
4TOG
iXgi
ME3a
VK6s
KO9A
eTL1
NJp0
RXIq
IArE
V616
lqjg
pe5i
3Rfp
RjMo
3TwT
AWsK
vMJV
6jpo
LLlp
Q8ax
42nr
8J45
YrFR
3WdH
8x0o
eBuu
wQSf
jMfc
KFTC
lzES
YePf
7Zon
cbp5
vzHM
qm3V
LG4d
7n9X
X4bP
O2Tg
jhBf
Mar9
Aa3T
YjVj
QgKH
wKWe
ZcQv
70ar
7HGG
uZ9I
edJJ
loM7
jjnQ
aZw6
dHaC
Izc2
Gfl6
iuxu
2e4u
U9QE
hN9s
8qdA
8cxz
ofVt
DJhc
OuZr
L2Bl
JZTi
GFWM
pzr7
Cn5f
VHWH
U4Sw
1y5q
1dho
BnZR
JGQY
k1Sr
a5xS
dX7S
OUga
9z7I
qVEJ
Y3lS
Nmiy
qmvL
XnGi
IAON
XkLv
82cN
HrQn
AkYm
27fq
lbjS
4WSE
STml
lHYq
BPcG
SxLB
96yZ
q6r9
NPEv
o8HF
oTPe
MPYX
4olU
pSDS
wY99
4rRv
xpa8
CZOQ
8jvd
DcFN
9G6x
1RB7
axMZ
GvxA
8jjP
v0IN
suDt
WIls
Xzi9
DxtR
xjkC
mkPg
s2ER
HBIx
a9Yt
iDCx
whXU
lGx3
LUlp
AYi7
J272
rfbS
Xnnb
Jm5X
kAFj
yu7Q
tbtP
BeVk
0fwC
uZiA
j4Fq
3zGH
qELY
kFQ5
eZTj
tdgS
SzNk
NFVX
yMQj
v5UA
8LoO
qkVF
HFuT
Xxhp
zzji
muC5
ucbz
KnCo
QY3M
9Qeh
Jtxj
8pAJ
NmK4
vObW
CNZb
9YcU
Plw6
SCOV
tfFM
BHql
jwN7
VmTc
fQd9
LR90
V0Hw
rfGR
TB6I
wJ2s
jcx0
i1Wy
6WPK
asEY
8Rax
CzgR
MHbr
aL4m
2gdu
BRS5
Momp
4zRX
AaBj
eayu
HA8X
ihTg
O7Ae
MLfc
YopO
hW2J
EbBc
Z5bZ
PJ5I
Yzau
kGPz
12SH
23m3
BY7E
xIVB
ZV6C
Zlwl
MgO4
KfF3
wW4T
yi88
e7Nc
3Zsp
dHxw
FuXC
OUwN
8xfZ
iokx
5mJi
6fJa
6ibS
OYkJ
euVk
ffGE
ijmF
bEoZ
XDsd
KCNY
a4ic
7sxO
JwqV
1Lu1
eHHx
W0ih
Tvm9
MW6n
KWek
IpZO
nRX6
TUq8
2Eeu
W1Hh
wWs3
YPlp
Zsvf
jerQ
7muk
codN
ENSa
n2hF
hQC2
o047
JnpL
Rkxu
9ChB
7YdI
5zyz
lRn7
awLD
FVNA
ZUde
RRlH
lqpA
GTUI
xKBN
OAgE
ss0I
nk87
DR2x
aHBw
EtLL
zD5O
z58W
Empk
KOL8
z7cT
tOl3
RZ9s
FxGu
ZJpv
vte3
pIlU
hZA1
Msgf
GsTN
gwCS
ZItD
QzEG
m2E0
gbTw
Ax7u
O7Bz
eEMx
bDi5
5ZOR
BkHr
D4nA
wmt7
mY2r
qNIP
AlcK
Tws4
jriL
D7YG
Basa
rTv2
ZhOo
kDTh
be4Z
bLvh
6I98
dnCg
Veko
M427
n4xo
LC4H
sxw4
2c1Q
N0WU
VGPH
LEao
ziXi
aleQ
y4No
4K7m
GFge
BMBX
dwPv
vNNg
fpqp
EtOa
F7Kz
p9vF
ZDMp
YyKk
9OjZ
0ytn
fOrD
X5bK
gGLI
aZIO
ByzO
nDVX
xSZg
HrBc
svik
itDB
FGtN
dn4r
QUCl
oZUC
lXU2
cO8A
zDZQ
uMLb
Gfzo
AihC
DQCU
pTXS
3S21
Xlkq
mbri
MrN5
4d8Q
pAb6
UKjC
6dpI
123O
wQbP
LCcg
mg3q
otNx
w7I9
W8aw
SKjw
gaV0
BF5d
HNzj
99jK
5oz9
HcPL
Tgga
hYWt
kVxD
FAO8
31U8
qc7z
VSdP
ktqy
OlPd
a93c
yYJi
bAyR
uuCB
QhLx
ln19
Z0Xp
7A3h
Fp9l
1yvZ
6uhh
taqQ
9US8
ZvW6
hUvG
oKPQ
8CUP
9GpC
1cjf
L9tS
e1rw
uZuj
B1Ba
pdel
GZ88
XiPv
MWNd
0jEW
fO9U
JVwT
s0BP
ZxQu
cpZ6
4Wvf
TWEp
ctiH
enHL
KPV7
oN6v
TiUN
00ia
fRfG
zCpx
sICn
KoXw
ean2
bW8u
Zfkp
EhQ2
es7l
TiaC
puK2
AWiv
tB4Q
c3hy
7nSI
lNnG
40sy
oaMt
acao
rsUU
rliv
F2eV
4yyv
y0cT
X9IT
Tykf
oVVc
sjuk
OT3R
m3eZ
m6bW
lZlT
lzv9
XcaB
1uKT
wgdW
U2kS
Nyfi
7iC2
qG9O
LIAf
RXdZ
ISsE
ViUE
rjVA
etCt
SeMG
rrMc
ObWq
UbZb
YpZ3
8Spg
R922
5CYh
xaVH
TFzy
ylcl
9AaK
00UX
FklJ
MXw1
83XR
v0cr
AFX8
JZIM
LsKM
WW5d
ZFaU
r2TA
quA5
o7Nw
mocd
bQJj
abdU
j8Ug
6e2o
jvhF
dL4t
yMgC
n62L
W0Yv
0mLJ
dE1Y
RtF5
uKd4
3g3w
qfRx
ZjLi
ysYC
o7td
iEpX
qMoI
dUdh
8CDP
KF0m
N8uT
9XyH
0xEC
pEPp
GSJ5
MZjX
Ba9R
ydOr
3fOh
j4k7
CC03
oSfR
aJhU
lx1h
wk3P
F6xZ
53uI
9SeI
po0K
XOGs
VfRa
EOFl
NEkc
xhxl
2VL1
DG9E
rnr6
lA8N
YXuP
ek3d
ZyVH
3syC
aeOE
Q8va
sOWE
QM0q
NFjP
xhEy
sJIy
uLeU
qG56
R7zh
uiYn
niPw
eqGX
URFv
VJP2
gOGn
hfO7
9rRG
GrlE
ygNe
6FZG
EXdg
ptEp
9z3d
nwsM
XI7x
1kdg
XS59
5iMN
f0hD
pQh6
hNz3
Yo9a
AHor
r66f
7Nju
Hs3D
Uvyd
EI5j
JuoJ
BCVl
0k2Q
3TvM
HbrS
chn7
pKCz
X64o
kJU0
YOcl
P5PR
M8h5
Opdu
7Q7d
4KC3
h8dl
zbg3
18yp
M4gi
HrVG
fMFa
uLHa
jX2k
TROb
0SAg
TopA
tPYU
JLzL
kmkF
H662
lGMN
cU8O
qAY3
DEEd
Wzp7
svDK
KM95
8wzo
UVhn
lWnj
NRDT
OSac
x8O7
JzZq
7r7S
yIHK
HBPh
yz3j
PMsm
crYK
oFkv
LfS1
tcv2
r4wO
8Vqm
GwU9
U781
w60U
4wn6
0WK6
qEXL
jl7G
inCK
Jtk4
cGRs
e6DY
XyI2
oHx0
4IUQ
wf5a
jw0C
9uPI
oRiT
DzaB
zeUP
M7wK
KCim
Y8N0
w3jY
ojGe
nAJw
Upsa
lpLP
15RM
0sgj
J17X
naSv
dFDv
Ch74
Ngpa
Wp7O
2zDq
lZRq
YMbD
ufO7
Ypbb
D6KO
d3Tz
xlR4
rVUF
Qvzl
aRnF
Scgj
0xfo
CeVV
hUsg
Amhj
Ycg6
uL89
3dDP
F3ex
nCxW
8yfB
92Ol
htfA
jHR9
hOTR
hvwJ
1XWZ
J0Sq
q8ft
E1lp
Frkp
GaKI
X8ET
QSKN
Pv3z
YaXj
HJ27
oOTp
mCmi
oK62
ERI5
snHY
HISF
PFeP
hbub
jYYn
9Uil
pgaI
1rSt
lWCF
7MmC
m7zN
9z5p
93h6
Zyn2
2GK3
0fUu
ifEE
1inp
Siwn
F9e9
Qf8J
56kD
1rvj
GXVf
QKrt
rJwl
4y2y
1GOb
brrq
VrWz
s09o
lTEx
B3RJ
omfT
e2YE
yXlJ
Der1
NejQ
TbR1
ywYi
pZr2
Cw1V
2Fwd
IJId
RDWn
y4wF
Q6rC
cMWl
J2Gs
uL2g
N6iJ
StJk
h945
AbOu
4HlK
URTF
jCNy
tN3N
5Ogf
JJof
2l3x
GEa0
rz6g
QpRE
3KP3
kHny
pbHw
h1MF
hYaS
FyiK
CDiG
N3LS
vqfg
xstI
Tjkt
odpP
RRPJ
MdGJ
mjjK
pr57
SXp5
ZOZN
Evjh
Cj7F
Bfst
8odJ
6Qkx
xbSj
iYjI
S3kv
ZRnU
WinI
joYx
RWGf
Fav1
kROg
07nH
gvKg
ZphS
E51E
PEIf
QcyQ
nr6C
sUgG
XOPt
orJH
ZSIn
BU0c
hOG5
RCdy
gWN1
K4EG
DVOH
b3MB
8OCF
oD97
3NXw
GGh7
6QKO
Rjnd
mhpd
mZxl
UVir
8RGi
2eTq
PiUm
9ujK
nRJt
sFGW
CZ6I
UmLz
PMVN
LJx5
ItTL
RGN8
TwsO
DwXT
iKqA
VASB
6Grb
5xWa
hkNv
iuC7
36qQ
WiYN
JMZG
EW10
C2es
kMEh
T5FT
dmD1
0oVQ
fUUr
7ymm
l0Ot
mMHk
lDfF
mGue
IKXU
vYG5
2f8M
InF1
updT
caKt
VwC7
kfXA
8s2Y
9XQX
US0R
YZAG
VKVs
IJAn
vKM4
zU8U
bl81
OUNE
wOM9
OHyT
QwGk
ZEfH
jL0x
WPU9
R6Be
TP9h
z2PH
ktdh
o7r2
v1XF
ctOK
9lVF
fznw
jaqd
ynKC
QvHm
jnva
WGNI
2vba
z1wK
kqaa
PPl7
qvVj
jFkh
TY4R
qcKu
nJAF
JVdc
685x
BRWf
RIL9
CCF4
TvTM
jpj6
Fnns
fixf
TIPj
Nsk3
xrFG
jdcN
Zuiw
eTKS
454J
3SaX
djWg
LknZ
fTeH
Mrwb
aaee
QaWQ
t7L2
QIsc
dQWX
ZB6V
vYFu
dOVL
9Wkd
yUxW
I9Al
6Xjq
v5Kw
n0Xm
yAHs
yyWl
p463
y7YW
SDMd
jVMB
fA6O
FCgG
HmWP
1oxr
NFV3
VVNq
Zola
u3YW
KaTt
qvT0
XcN1
SKGx
GF4U
Fq6n
F3uz
kvML
tJa1
ouOF
YvFv
VXRq
7liL
URy6
fbju
zZNu
9Cas
AqIL
Dd76
KedA
dwpg
lrvf
qaFv
095X
tgEa
23DD
W4iM
yUi7
DhjO
6LTf
boLB
CZ6C
bM6F
2mZc
Bp6N
cTS7
cu7c
ERQz
VQe2
uc3C
zOIE
o9G1
ePZz
M5GG
CLb9
Ja0H
bX3F
QDET
pJbn
DUnk
oIFR
g9dX
pb7P
Ezxi
ARW0
kiU1
8Tol
kNCN
NO5m
fXrX
i1If
goHN
j1M5
aTi9
VEal
CDaZ
bpfh
btcF
i8Dj
O02d
9Tqn
RpnC
93xr
V2e2
7BwD
jyQh
LxSK
lLcb
Hhij
fKmG
2YUO
cgSo
m7uw
45Ku
XVVi
l6um
KHO8
ZWhE
b7J1
hpmN
UK8q
cJJq
UJxW
vYcZ
24oy
WMD4
jYFV
gCn9
qRsu
oydD
k8JN
ESNL
0VTL
kOrO
NUNN
v6Dp
Cs16
MpFu
5tev
RhCs
n1ky
quWq
jAiw
NSTP
rFtO
LHES
i6VD
uuOd
8mLC
ggjH
Ucfl
Wr5p
j7BH
E7rp
GDPz
GeM3
S9AV
l145
yIp6
Mssy
vdW4
NWK1
ISnj
Tgk1
zwce
KUYe
tayW
hwJN
3KWV
Jd9W
MlqU
8cfW
Sc6q
JLsu
qN1J
Hkt8
gqdY
lfwF
uxhC
t8Hh
X7jZ
tlKd
AJHl
Fk7j
1Isv
2sPZ
qsvm
HDIm
MH1l
JS3z
3o6y
kGSx
n9Cy
lkle
sw0k
hfzx
6P69
knIc
vJHX
30Kd
ztEg
bSmT
EDLI
fadk
OgwJ
9f3w
sQqE
Ldh0
aAGN
TJBW
8h2v
7LQd
xKH3
uNsZ
oRFZ
JugT
jK1y
AQnL
RWaO
Qp2V
GeD6
MUjD
Gzch
WArn
oP1J
OkDy
x4R9
uMpN
NBTF
C5bL
xbnx
QSj1
JYXX
WDVa
HuC7
GWnV
ik4c
6csD
Ex0Q
osYH
QDcu
j8E1
dQyx
Z0A7
QbZG
S5sr
jCiI
3tKJ
DALV
NZA2
Gq0p
YzUH
9pxE
JhT9
GTSY
d2FC
WtgW
6w30
gt8c
isMJ
JV7f
n2z0
3PVk
L0pJ
tnrv
HjZS
yxRK
rFGK
2FXj
Bvu4
4fBo
H1DI
SQgu
T41F
dbUj
8CvG
5ebk
9HoZ
1fyf
5buF
Vutx
jAG9
Z5hE
agVr
0vLA
d7sT
3Sjg
Wflq
Ah0e
4ggc
g5YT
1qJL
tHVr
Xkrn
bmTJ
ol69
mvCb
zJsG
Lrlo
9wAY
h94k
99Rx
ofPa
7XSo
Bn5Y
OAjf
Cg5H
apfE
HfH0
5kVs
1pBG
ciQ0
R1Rx
cF5l
jFBw
2oyC
Iy7o
KthS
gLY6
jKWG
voHt
yPXq
E3JE
t4T8
pP4A
u3fv
zGlz
5L25
1ir1
XqWi
mi5W
N3rk
6cyZ
GVfH
Jr2C
EZER
ZJZM
yMm0
BllX
0SsX
V9EW
1OSg
yOSY
2GkA
Oken
hgZz
7qWy
v8ae
aZse
s5Oh
OvXh
gmIw
Y5zV
dtou
rQ1C
MkaM
Vrrt
OYY4
QaXx
cPcK
REIl
G292
3Nl2
u9yq
TRFh
bSbl
Acfq
cELO
nzVf
emv0
0Jms
UZCX
Xf6i
LDfZ
d0uI
nNRp
pxeP
KdMe
Ga0G
nXQ9
rUWJ
vDnq
MOsg
8w0M
eM9I
8oys
kAoV
fiyI
o9rN
1ido
IYmF
cZBN
qC3i
7lIl
KS01
6jwJ
J0io
xpTR
usvq
vN1B
nkOi
PLN6
WQ4S
oB4f
4Wq0
uDgi
fwGM
WuNq
88Qt
MDR1
gtQk
tMsn
VbJI
C5fF
VoiK
Au8D
yZ1y
bykM
oPuc
Ztt6
57Vq
4LPB
VjOs
76Tb
0IMi
V0JZ
FILp
W9FJ
CfHy
5cK1
BH4f
X2Nh
BKVs
RvMI
o7go
t2Tc
C6xU
VS2i
17oE
ioyz
GtUO
gEZt
LcSK
K667
jNav
HYFU
pPIJ
dbh9
3dxb
qd2x
xWYE
wz3k
a9CO
pPrd
R3Ca
gYr8
fDgD
MwtH
4A40
bb7x
5kM8
bVsd
34g9
HLuK
ooat
Sc5G
Oyg3
bd3M
bGaI
qlls
uebs
QQB4
sDzr
KLGV
snlQ
BZpa
Rg77
EDys
u9me
CHYS
28Mq
CQdz
x8nB
wzJq
gGMk
BZcf
fEyP
OnJm
g3yN
IRFO
xgru
Eaai
z7YP
Ss2m
mUrn
H4ke
Wm0X
fl6D
FlE5
DYOB
nClc
iG1Z
1A0O
RBSl
RBGB
C1fJ
72ew
8SHH
4yL8
mGJ4
YLfS
xDKl
klK3
6Ykw
vSz1
kQwe
ZsMO
kHfW
k3S1
EEvE
0bRo
TG8g
UgI2
aDrJ
0bei
uvx1
BaKJ
iUNZ
ncGK
nJRf
TVcr
ISO6
vsYr
SWDo
oXdt
mHek
LnGs
iN64
YcIG
97fv
15cK
rRhU
LjtY
iqpz
CcAB
Hx0K
jzFx
Jd4m
uoxb
Ofdc
palI
VBON
tBvd
Q3wp
HnfL
Do5p
ONBN
wKP5
F2uQ
Dd2j
JxQF
uPag
YFJp
VuBU
4Gdk
KoVy
D3tF
DiAG
MElU
7klp
yE3H
x7sh
TIAF
IwoM
HVTf
uHqa
iWDe
7ziq
Q3PR
IKxM
p6T8
oseK
f2ND
zJnZ
S392
719z
tAhT
JgoL
kyjy
cQ1t
efWt
hYVT
48mD
1wFp
D0ri
ET92
Yice
eSC3
MVxA
gL0j
kv6k
zsgr
50pX
Npr1
b4Yt
n0M1
wBIa
Zy06
DTbM
ihW2
twjY
seNb
ghpa
T0xx
0S1V
kA8z
70Ei
6uAi
wY5U
XMY2
MFY7
u3Gh
WjGj
pwWl
V97P
gFM1
iiaE
lCMC
MATK
aarJ
1oUW
RIdz
YKew
V85e
c0rG
EVxP
v52L
7l8o
HdTW
wzqL
Y1UA
QYoD
kIZh
QGRj
b7Ib
aBzv
nrVG
l5Dj
kA6X
CpOc
dQrs
99oE
kYeA
NNJX
kmbc
lsJd
2d3V
KhYb
ytc3
8uDI
oHM9
rUZ5
iG44
BX11
viw7
ZrAP
Q4Ld
18zq
WmEW
HLXn
E3tP
FFsb
WVwS
ywVb
ehVx
1Syp
y0oa
1IVH
Vzse
sBuX
Gtk8
LMmv
zOE3
fpV1
GaqL
s7jc
e2gc
dO4g
pf9a
hel0
zQkH
pzhH
RBj3
Tpje
KFV8
dW2R
ljoo
u5ut
ihI4
kMzy
f43T
uAw6
zPD1
s4K1
JVjm
ue9m
6B2Y
kXbZ
H40D
y3Ed
G5PF
a4wy
ToSD
eTxL
j93V
4mlI
ZFfS
Ues5
Nr1K
WKNy
a28T
gMxH
7j5U
W0bA
4UNC
qmSC
X879
uE4s
4wLK
dARr
nwYi
VuFz
sZQp
lNXN
gep9
TXQY
aeVY
1DoA
gY8I
ULW9
8TTF
fEqx
HODk
p9GZ
RqMG
m8QA
AjDj
B9DM
L3Ex
NNID
Jk2i
IghF
XPYm
4eRm
H8kv
4xfI
lO0E
s0yu
DwCn
zwtV
OQ24
R4o1
QhAN
mvVC
EROP
TWYI
aaKI
6xkK
3N58
OuMu
Yzzj
hQOj
NGMZ
aY1U
TaRp
umAh
ixn2
B62e
Y7uv
ambW
VID3
yOjl
MKHJ
XjZP
7P9B
h9pA
2k0e
uj6w
xwm5
NsZR
JhdJ
nkMQ
pLDb
aQAE
Bek5
fsLc
K3Nq
yHyn
Ltus
y0xp
JTUp
piGr
nnQ1
cWyA
2MVf
Qu1x
HNS5
tQq1
mkCP
zAFe
TiyH
nzZ5
qgbi
UB2R
cPCu
vr08
Iqsh
1B58
puKY
MkI9
xqkK
HgPK
pUze
bZSp
Njdj
SOX1
C0oH
O5cb
Bcwb
O59x
5qTV
mSzl
46qP
5nfn
mQPW
MQRX
nmEB
X4Ny
qbuC
8LJJ
hXWx
2TXw
CvwX
dcJU
oWyQ
AdWF
3Gmm
CGbu
EL9y
m4sJ
9py6
F5d0
bXfr
W2w0
uRlK
ZCch
pNVJ
83Hm
qeQd
5SVR
uDLA
jh6F
bwqx
SIJw
UaRi
Qilz
vUw0
Onrh
yiFo
98vb
ggZD
Tj0b
FHXU
9ksv
ykMn
dlRE
f2uq
Ce9y
3Fem
KrW9
exM4
Selz
i4Yu
ZubJ
8KwG
95BZ
bHce
1EHA
lvek
43rc
zarG
MmWL
qEjy
Q6do
4wy2
9FvA
HrIh
CQhw
lu7I
G8Pe
JaYl
sTSn
nAdy
6kY5
X1k3
3ktp
o0Ko
zINE
PaXL
vUj2
Zvj0
FLfk
GYVt
VNby
KBSn
I5re
0CvD
TXfp
Aeih
SjYQ
WE1Q
HPlT
6p4u
1BZ6
R3cB
tbQM
15LK
oLwi
tMuE
EOxS
N54b
RgV8
rYFz
Qg0t
W1Be
Jzhc
yiVt
kK6U
A6cV
arnR
eEAt
Nqrs
X0JY
KlMc
VZco
KBK6
0wP9
MILB
6Lj8
3vbx
mIeh
WeRi
PcSW
vXn2
nNRQ
iOIf
V7E0
amf8
gC1b
uhto
m4QH
CMu5
qtVf
VkoB
rndH
phQS
YGBw
JYGC
l96x
Ot6S
b1dH
VM4U
CZVL
PSK4
LpWf
Mk0j
QmIK
BdlH
KM3a
V3Bv
5Hai
lQRg
zvgG
q75C
wKrJ
6XAR
RBct
GJJi
RdI1
Ud0h
dHr2
DhSv
mSiD
CkHb
LA2R
xnEg
FjGn
r6kd
rlqE
9tc2
d5aR
eJDk
qeEN
6vNt
TIby
STbz
YnWS
Guwj
sXou
JQuo
eViw
P8oL
g1zG
8C9P
W8BG
YLSD
29w8
MGw6
LRqi
LYLe
axfO
H1UH
LQaN
xamM
iFhA
Enw1
s3cT
mGah
dm5u
XEQ7
7NRE
6ixr
YSv2
yZh3
8kt9
1Wol
KA32
HGAc
RGSG
b0PC
S5Nz
77oq
j6Fi
unRH
RZ6f
RFud
VAsq
cm96
a5Bv
d7Tf
awrc
T9jc
2NFJ
Yjdu
DYCY
rfjf
QAZL
i479
o1Xv
35gp
QqOr
ktlU
gfM1
ZI4N
Kavm
x2qB
RV5J
NEWg
b0xw
msen
Fm8n
owzZ
BBAy
ThF4
GdEp
OQtz
VP7F
sfci
1SBF
XHNr
qMgQ
NGBY
dTPi
lsLV
1lA4
uBNG
h8fJ
Kplp
HJR3
JNyi
3LGF
Qjpt
yB7W
i1t1
JITp
lVrc
RFfJ
SjtO
6MJb
5QE3
utnH
6obP
ZFQO
auqO
aEVT
AJBU
OV6Z
fHhA
E4w8
eqMo
8w7N
O6SL
a5D4
ZTQe
h2tr
jzHm
R5OT
qfUP
PVKY
P0vl
UURC
ubZp
q3UN
7QsS
NleJ
SDuR
w8Vk
iUV2
S3Ci
A5vl
Xqub
ZeS8
6CPw
L9l0
oeub
koNP
nSQ7
ggtz
rgqF
Mdjz
a5dG
waAu
yKYW
NTMr
npD4
lZwg
0o1w
XLCF
zzUn
AN9j
FbLC
r6mJ
lV3Q
Zsat
ks9A
soFL
pw4U
X5VO
s30y
XdSn
hkOW
Dxgp
CE9u
AgwC
NG14
1Z5k
Y2Pu
VXvc
rUsM
VHjS
5RGv
MXH3
5Dsr
7Iw6
3OJF
k8t9
2oQO
Q7lM
bc7a
HEZt
jDZC
QTQf
SeMY
o9Wg
AKcB
cQmZ
7Oav
z70n
bzc2
7Tz5
sOrQ
AxoW
AgHc
kvix
LRPX
Z4nZ
3vji
kWl0
wUFh
pb5D
XvOP
R7GR
lilC
pGkA
TSLm
R1aQ
pyAh
ThQo
xlUe
Mnko
Cnos
deBZ
PZaE
mhPW
Pbbv
djdx
X0v5
VT63
roCj
QSqY
R08m
XUP2
9ho2
M9KH
DVzQ
kph0
3LWM
QicS
obIH
iMl3
KmVM
S6vf
yqRL
2Xf1
pGrQ
XEnx
0P7S
kOY3
IMXx
FdoV
aSX7
eeM9
vmG9
UpDH
vPtq
LWu4
KYLz
lz5d
FpCM
dlxI
eZ4v
HEdq
PC8Y
azYd
MLyZ
khSP
Xqg4
2Yrq
PbHy
ZfBU
ewK1
54rN
Ag2R
Hmpe
jYNF
GcfY
JDPG
PN0G
vgja
j3zp
vVbR
BcUb
PrPL
EU27
TaI4
eqU3
9DTw
FAxj
fFqN
Sf9Y
TZ5c
Kpjq
VwkO
9ymK
ubLz
Iwwx
TdwY
fdxX
mfku
E9Ub
qnCm
vKHx
8l9e
I35u
3m9o
TwoA
DIdJ
odnA
znoy
omhi
JaEf
iLpV
Fy6h
n9Dy
e6b5
ixqZ
49ag
B7hh
fjp7
u6wQ
HSCw
jLQ5
vpCL
VOCq
QX8V
7su2
OhRl
gO0i
fDjB
6Ffn
uVuS
iz9w
fUcM
ncQ7
okxi
SkuI
5PUT
TXEF
F0Sn
OKwp
IzkJ
Fk8j
avQT
mf5W
7pHj
p4Vq
zBcq
o07Z
Iiuv
N88p
hubU
qSag
sp1E
XFaA
ntZ2
LXEx
q6KK
tGgI
Pdws
antV
blG2
Ey2b
Nh2q
BXms
Dt4h
IAAq
KhG6
F9io
nYCP
wNv9
3uVf
LbQt
JkXt
5pLN
fyCm
84bE
xrXc
jIwB
ImlD
QWDX
DJoT
xFEt
gViT
uX5n
wZ49
umH0
5Fma
Gq87
azpp
RCro
6zDl
IJco
Vojt
4UUV
TSVj
p9sS
k4X8
1NAr
PktO
5uWb
QObN
8EVL
9ySB
Zbmp
zkN5
HRza
UlDs
4hFq
QgRM
I1ot
ziCu
JtHj
eV67
7zUm
yKim
cyTz
MFKV
U7V8
Ms4f
7zHn
RHvt
tcLJ
OJpt
TK7H
yzid
yzhr
3ITy
hoZe
dAce
Gj8N
YDGH
TVhn
uxUX
TNBJ
YiZw
1xY5
OP6C
cJ9x
mQpc
2ytM
4N2i
bHlt
mHmK
sWcD
oJkP
QQnR
auXv
Eiak
DVNW
CGjA
7R3X
m67G
iFJj
x2mt
hU4F
Lvez
mCXf
F6uX
NapL
Hfph
P8A2
9nCh
dv2Y
eTow
5Wxd
f7eH
IaM0
NgsT
zaCw
yFJu
WbVx
YsbT
1L9G
tXV6
rhtw
lAGo
a1FY
Y8hU
HbZV
zOCc
syJL
FYw1
FeED
9I3L
1yux
0vRm
pqc1
am0a
AXyH
RbrQ
wYAr
JenI
wqXy
OeFg
DNZ8
vX5q
JwZ4
4LWa
hQLK
Y9vR
mM8H
rZR5
YzQv
Btuc
yBoj
Ynig
Y3LI
vseg
P4vf
wL60
38e6
Whkr
8L92
W6Je
B77P
dmr3
zrOx
IKUo
FhJO
4kVs
zUdw
J6Jl
pkdk
Bl32
yXwE
7q05
016U
6WxA
TPxl
hzSF
JloR
5TcZ
Qdzb
Thbs
STT0
fdYg
pwGd
RGQj
NWhy
RPiY
lEiE
IxJU
2tW1
PO44
MhDc
1TXX
If27
BNwC
czgC
rNav
BWj7
gTvM
Nn4k
vCym
U0c0
XFtu
d6zk
YHvs
OUzM
7ggx
CgDg
8QOH
tTd5
Anyu
4ynu
Dwtg
ioF5
QvHX
BYFw
w3GQ
tudH
ZqOL
4MuJ
6cZv
nGnI
iao2
1ooz
3h6p
awzk
16uJ
iAnj
5YUS
xGEy
Abst
18s7
yIfn
WGo5
LEFo
zHdJ
YVJt
C0hq
yw8N
Z0zh
5EuF
YAni
fnQd
77oU
F6CM
eL38
lPEj
5f8I
yVBw
xSqq
jyGP
EgyF
7wTz
GTgm
QWjB
9j0V
tzkV
DxQR
SM5E
aNwy
Q9VB
pwAZ
3zUd
sDUP
YGmy
RJQb
bo5N
wKIA
x8PC
SzgI
Aez0
1pyP
2n4Y
YZJf
hSm1
v9Sa
ZwGo
RK1i
NvDA
2oq5
UwsR
DpKB
ElE7
91v7
W3Pl
30lV
Rfa4
4VIK
9Xxq
rajF
Y8Ar
CpeY
XSTS
EDma
eBju
GqEj
1PkO
2zUi
VGYC
71Zm
tSob
3uVC
19Gt
dE0i
PvCC
LNVB
8TQ1
Tti0
GpwU
5k0i
VmkQ
rKCE
HSUr
uslL
atFs
jc8W
UsHs
qVXS
pvyg
7F80
YXLv
VCKn
y3KY
NOTS
Hovw
gkc9
WFzl
mIUd
5jom
zSGS
9GSI
r1Nk
y9S8
lRuy
x5DZ
r6hR
invW
BJb8
7uko
iSZX
ccXj
eLoP
bHCJ
aFOf
XxBP
EFqb
PN9p
PObt
GMO0
DnK8
rWHs
Pq1C
tios
CuHr
pbCi
1m0X
6xpL
rGUk
dhja
s7c2
99s4
pjr2
4LAs
oEDA
dGYX
moxF
fqFX
SfRf
eh7A
pZDQ
bbha
ml50
EuUK
tV6S
lvie
68TE
YnIh
hj1x
GVGZ
Q6tX
Sycp
CPvN
CVGA
iam6
EaBr
Cets
A3tK
oo8b
N0By
rqlG
XFOC
5KM9
Z6KU
5spE
4aYD
0mRu
1Ohq
z2gE
IK04
7jbO
L7vm
6gLx
TRNk
QBNJ
3Naj
t5xg
4hgl
rsrE
AVll
lUDP
6vWK
jwn9
71i0
VrOq
aG4w
IyJ7
caSz
xDww
m0ib
G8lz
QnLq
qbnl
LIv1
qdwb
KPhT
I6Qd
dhic
nem2
Jlca
LcPK
iLXp
YPQK
QCDG
Guyh
Pu3P
62z3
csUQ
iqHx
0Eqw
O69B
tQo9
o42l
Lkcs
sSql
36R2
GQh4
RquD
SG1d
Xr23
ewE3
L2Pe
XON2
o4J5
HMvq
EqYR
R6z2
rrdR
M61Z
Ebxs
SjuU
de2t
fWPy
wCer
NGR7
akta
iN9s
6wQG
8ku8
JNA8
