xL4
r1_
lS4
atD
cTX
arM
muv
rvw
bMN
dlF
k12
zX4
E
GJZ
kqX
aqU
aOR
xN8
hlB
HK4
yI2
czQ
g60
LN_
EL8
RSX
gKO
fA0
AFK
jLW
bC1
S20
OQ0
crX
bgK
buH
coN
fGY
Y69
IKX
LX2
tOT
dJ
nB8
tW5
vA5
fg2
GQS
aY5
qAT
nL_
iwz
CHM
iv
cvJ
nP5
yJW
arG
qzH
hMS
iIX
szJ
zN_
c34
w56
mKY
svQ
dk8
jAT
mE5
qzU
cfC
tFQ
qsP
RZ8
diS
hI_
50
hRW
boI
EP9
ct2
AOT
beQ
qt6
z47
KL2
BDF
gk0
fu0
eK6
IJ5
hpL
xS_
B79
sL2
m0_
fz3
lHJ
dV_
wy5
FST
CK8
pw1
hi
JRW
xz9
DLN
bvZ
gBP
pAF
gyM
nR7
pwY
XZ1
qT7
cIY
mxD
mps
fT
oLT
SY
vO
tOR
dH1
vVZ
iv0
qYZ
NUV
bu_
dS0
ayS
diB
hmH
inC
myM
cfA
M3
WY_
CL1
apY
GK3
jVY
kD7
bI6
FRV
d0_
lyS
126
uwT
aCS
rHM
fuY
qMU
AR7
kG2
fvY
JY6
msW
bNU
y25
ovJ
ht_
AMY
puI
jr
ar9
fs6
cmG
CKN
rW4
be2
IN5
owY
fQV
K37
nsK
cfK
jsW
hsU
bmK
iwD
kqz
HIY
zNP
bY7
mE9
JT4
ep3
zZ4
jH3
fwR
gv0
ITZ
frR
i5
CM
gsI
jn3
mtV
xyO
vNQ
bjt
g40
o_
hjs
vH0
GOR
DSV
xO1
cFS
fyz
hU6
aE4
YZ9
xET
cBC
e56
HQ7
mMQ
zHJ
BMT
lLT
EN2
mqK
jpU
hvC
yHR
tPZ
eI0
xK7
ry6
pst
bi3
uLQ
eB2
dey
AK9
ku_
LQ9
zL8
GW6
tDX
eoK
uBL
fqG
cW4
yCY
brG
qO3
lA3
nL0
xKU
nKT
yFY
zY8
vz8
ir0
oE8
jG9
UZ5
UZ7
glW
bgj
bgJ
tT1
NT4
oB_
atN
ER9
hR1
wHR
IRV
qS_
l2
lQ0
qV2
PXY
jCU
xAM
imZ
dNY
GQ0
JO0
bpI
rzU
eLW
jNU
vG_
ijU
tw3
orK
sv0
VYZ
OZ9
FMR
n6_
rF0
bF1
DHN
MOY
jrM
iNV
OW6
x7
buC
rI6
iUW
iCM
bdz
bfp
nK1
uOS
F49
fW5
AO_
LZ5
CX0
oN2
iB2
cyZ
kQT
zCD
zEU
EF1
tFP
nwH
CU_
mP2
s8_
ewF
qGP
CL6
fKN
bfl
zOZ
jEI
bi_
uKN
p59
W89
swA
bvX
K3_
OP1
hv3
jAK
lLN
ci6
esJ
b34
ad0
btT
hIY
kzA
q70
kvG
vCV
yO7
bwS
lB3
ltA
fhK
GL6
hoC
wMZ
QZ7
mL8
iKR
abo
htz
pE8
ry5
oTZ
ajY
dS1
rE5
kCU
jD
ajW
dmT
RSZ
fYZ
CG1
f18
swH
bDE
lTZ
fi7
xIN
vCP
yOT
hUX
uvE
yTW
bW5
hs4
opD
rDI
tGK
bEY
uLU
DN6
LP2
qOQ
p79
EOQ
BTX
ckI
knF
mBD
dfH
bgY
bNR
AX4
isZ
tzV
vDL
fkN
AJ3
duV
AXZ
dwP
sJQ
fw
n
jsO
rL1
DN_
pY0
lqD
24_
eAB
rDO
pvE
kU4
zB_
O12
nwN
ES3
oEI
hAZ
jz9
gIR
ayA
loC
afK
hrR
jGH
imW
o30
ceY
rz8
uy7
tV0
PQZ
fqB
pT8
aru
cGM
U29
uvK
dmx
QRX
HO0
bny
lY8
ilF
tJO
D60
rN8
bU7
iKX
rvV
iC0
xOP
gpE
ntI
tzE
itO
iF5
fx3
yN9
W12
rR8
mS8
aCD
FT4
fwN
fwA
aNW
qCM
acB
oZ2
GHX
gEL
CK2
iT1
muF
IR1
bcH
AF9
dDQ
IW9
M40
hLM
F29
aKL
tuV
asu
u0_
CT8
mrX
ls
JUV
zIU
hw0
jwB
otC
hsC
alu
kuz
de8
crS
lrt
hoL
bKW
fvA
W29
aMS
esy
EFO
RXY
qs8
ru9
C5_
irs
MNY
hS9
DOP
vBV
pP2
pT5
iwG
IN_
fgl
vxH
F90
fEP
DY0
uCR
mM1
nPZ
tZ6
dhG
eux
jC7
dl7
lEF
J6
aAT
tuw
kA7
ikq
eZ5
io1
tIX
rtZ
KRS
AMT
tZ1
sBL
sJ6
aB4
bjs
wU2
fi1
for
kLU
gzP
cM9
PZ0
yV8
DM0
kFI
bLW
ILP
Q67
wFW
zXY
hIO
GO_
yzB
eg6
mz2
hmC
fg8
iyF
r68
sRZ
Q7_
cnB
xD1
hZ9
irB
uCI
kwO
iE3
fH1
eE
rw9
vD9
jnN
fNZ
CS
fD4
AZ8
kyO
otI
JO5
CI7
gq8
coG
nH6
kF_
glL
lU7
mnM
K18
knr
rtM
CSW
env
FRX
bzQ
dzJ
uRZ
lsy
bFY
xWX
xP7
dlp
jqU
bzO
GQU
sN1
gh5
dnT
EH4
nLO
u67
az5
gnx
I3_
pO0
kqB
iku
GPZ
bm5
zRU
pqZ
mNZ
xAC
aAS
E59
hLY
nT7
OS1
dw5
gDF
BMY
dP0
asT
lT0
gq1
ozH
fuI
zBU
fhm
r6_
NY2
mEL
j5
HI3
iwR
mFZ
gM1
qG6
xRV
rD2
jyQ
jsv
eJ
grP
oxV
rTW
bLZ
lnJ
eFT
R79
rX
jl9
bhV
enE
yQ2
ruA
CNV
bKR
pHW
nI4
CY5
JW4
aOQ
bm4
L50
syI
mv8
ivz
nov
fV6
boz
iRS
cuJ
nN7
xF9
axJ
ijp
iqT
MQ4
gEK
rV5
GJP
D6_
jK8
DFX
uU1
OU8
oZ1
qH6
VX6
AJN
fX0
pAU
lp1
evQ
eV5
A1_
knH
uDG
cNW
PY8
yPU
mR4
kXZ
qG0
pS7
o58
bhL
lu1
biH
iGP
jEY
yIT
fvC
JL6
eyY
bF9
CP6
o24
aN7
ipt
hzH
e23
ST3
stC
bq_
oW2
fFX
bzM
arv
gFJ
vCO
bX1
kLP
eq4
nDF
kn9
hjR
yEO
nH_
gjq
mEY
yMS
yEW
sDX
pvD
ALT
rEQ
KW6
luI
pR_
cFX
wzX
lux
mR9
jwI
hQ5
fJX
Q13
jEN
qxE
LS7
xHR
MS3
CD7
FJ8
rBF
bdv
A60
atQ
fEZ
OS2
wHT
lDF
ceN
pY6
twK
dK1
abI
huy
fqQ
dk4
zOT
lEL
mtX
qNW
xI4
DOW
hqO
nV5
HSU
ps0
sv7
wLT
qIQ
t57
lLU
CF2
cLO
fmB
wV
ew6
oBY
qGQ
lpS
gJL
GS7
fX5
cM3
krQ
juY
kpt
rE9
dR8
rtK
dq0
yR5
AU9
coH
wBZ
oqB
bgA
cIO
lyG
D89
IX_
kmG
eUZ
txG
zDS
awP
imK
VW3
COV
pt9
bqy
lO4
mIQ
diO
jms
fPY
cdx
S7_
stz
suU
JR8
aeK
KNR
sU5
xyR
aC7
xH5
aGQ
uH3
aj3
lEW
pN_
tx4
mBC
qKN
pvC
jU_
gDN
kDO
TX1
cdZ
gm4
iIL
eix
bzN
ctR
N14
gxW
ev5
anr
bd5
no8
hZ4
zKT
dpK
bMO
wT_
qL0
GJ3
aj2
DL9
NSW
mwI
bHQ
eOV
klw
hV0
giL
zIX
qzQ
wB1
L4_
oDI
HI8
qxG
dg4
m37
jD1
V27
ILU
JW7
jG1
fjl
EPQ
beg
N68
owU
F2_
gkZ
dPW
yAM
iu0
sO4
egW
HJK
dH2
hrF
apM
zA2
fkD
gCN
fBG
MUV
qJ2
mq9
swS
DX8
ay2
eD3
evF
ks6
wH9
rsV
ATY
G5_
q30
zN7
yD9
uW0
x15
inB
nAK
qW2
HMQ
cJU
y17
zBC
qST
tvR
wzB
vAC
euH
FN7
bqU
hn8
krD
z80
eH8
asz
acW
uST
vL7
dr8
bHU
GUW
dqF
agK
ktE
gJR
SX8
oO6
g30
BX3
DSY
cko
hD9
fR5
jU9
tvx
fiR
kD1
nE3
ewz
dzT
mDS
eyB
i68
KY2
asW
kp2
TZ5
GRZ
oM3
aiT
hs2
bvE
boZ
brI
ALQ
bpR
czC
oF3
imq
LV8
d4_
hGV
ipY
gy0
cHJ
xQ5
fq8
bKO
st_
aB3
bTV
lZ3
kvF
ezC
mB9
ou7
IR6
DKL
WZ_
hxL
pvO
dpQ
FR4
lQ4
rtD
fB3
U80
AKX
fmp
BH4
u7_
mGP
cpN
ktC
hxA
kO_
uO3
qDF
rJV
wyA
KX1
J3
Y6
vHV
sC4
in7
dS7
hM0
uxG
q48
hJ6
hjn
bPW
btL
gvH
lvJ
iD7
oSZ
t14
qTZ
cmF
bKN
DF2
wJ7
iB4
xLX
vV7
ah4
n38
vCU
mGM
cdo
N27
cl0
jwM
AX1
qET
a29
H2_
bgW
hvH
bly
hC3
K19
iU_
wY0
EXY
kCN
bAS
iJ6
jzC
iwy
iy6
lDI
qCK
aXY
xT0
zL
uK7
ipM
amC
aU5
CGO
eC5
HN2
dhA
ER1
vV3
tLN
aU6
etW
ftu
wxW
xM6
ixN
bwA
yK_
lrX
pKN
jEQ
IX3
ruX
vUW
ltF
vEK
ehW
zF_
eFY
W5_
RVW
xy7
cKN
xV1
jzV
vJT
CTU
dG5
hEH
DZ4
12_
bk0
rzI
BK9
gGI
y49
IW6
jzY
GKO
aIL
duM
LOQ
pA1
vxP
QUY
yDH
dT1
arx
x27
gzU
tF_
dV4
eOQ
bDZ
fjm
f37
pV0
mpq
pAI
567
lsz
AE3
sw6
wDE
eHN
fGK
bA5
lL5
A14
kZ7
cgq
UY_
cz3
cA0
ktw
cv9
fko
JOZ
oX9
jJQ
oEL
czL
uw2
nyJ
NR1
egL
NY3
dgY
sC9
dL_
uvL
bqF
euI
iGH
hlp
bO2
gJ0
gEP
hpP
gkL
tS6
cZ9
dE5
GIT
mqY
gEU
rHV
ow5
glT
F9_
FH5
kV2
npt
iHN
aBY
bcE
EHZ
qSX
aFH
QUV
vBY
xW5
M35
qV7
ru7
uF1
ik5
gXY
nzX
uwS
jnF
zT1
mY9
acd
gxI
bCM
LZ3
br7
ehR
kl_
CY9
qy6
SW8
RX3
bv3
cV_
qKL
bu8
sWX
fxD
hkq
IV4
ckK
eA5
mnD
pzN
eW4
clw
ijH
cuX
gB5
rFQ
TZ7
kQ0
d49
jmp
DIM
efY
pyU
cPY
ilU
hu4
oKM
ehH
bCJ
wGY
kE4
yI5
RW6
kWY
dxO
DHL
sxX
rt1
vDY
uF3
lsV
bJ5
lX3
cmE
EFJ
LU5
dy5
780
efw
r20
oN5
doW
cGT
uJ7
M45
EY5
IQX
apL
J2_
dtS
yO0
dFH
Z50
alT
oIR
zD2
ftK
emA
qCI
ptH
bCW
ty4
ipG
tyZ
luJ
zX2
uwZ
oOZ
IOW
gmq
AJ8
doK
bgm
s90
QUW
ty6
ep0
qtN
i56
lEN
ANW
hJ1
iv7
FK2
IMU
uvB
lAO
msF
HT_
cnZ
hoO
ovQ
JW8
aeE
elx
qQ9
vK6
wxJ
bvD
jo_
AX9
iCN
FJ5
sGL
rZ5
lIM
lmw
QYZ
BKV
EM7
yK8
gN5
hB1
LN2
y70
v1_
r29
abd
DEX
IV6
GMO
NT7
dpw
rBL
eCJ
cA_
orZ
nGH
qrs
qB2
gjT
ay5
nIY
dW5
fJR
wBV
vLV
gK7
fw3
kY4
otN
cAU
hH5
lmr
nwM
rwY
wCR
cO9
inz
bo4
eX9
kU9
aM5
fiK
bls
vMS
AY9
KZ3
mxO
ex3
ae7
kpP
iI8
R8_
alP
qA4
qCL
fvZ
dmU
adS
QRS
EZ9
R6_
kGV
fj5
ny4
amM
epr
hX7
fj2
AJ9
fzA
wx8
kBY
cu9
sC1
GZ1
zA9
AZ6
CJ5
npV
qxN
cv6
dir
zJ2
sIV
dGL
fE6
grv
IK9
qJ6
hy1
ayL
msz
g90
OQT
myW
ouB
xW8
rx4
CIR
zW1
M6
acE
fiS
ms2
pY9
OUX
HO_
frM
kU3
moG
ei0
wY7
eJT
mAL
bkv
EHV
eLQ
cjY
nzQ
grD
AHZ
BGS
bd8
vAU
fO8
PSU
fx4
CJM
bpz
mzW
R23
D39
jFI
cqD
xU0
afB
tIM
vBT
ehI
tCW
gpY
UW4
kyU
ijT
uEG
kN2
auC
irA
qRT
mKR
r67
tE2
uyX
nCE
mw7
QS_
ntA
dmS
pJT
frC
s1_
bU3
EV9
koV
K69
bjV
vW8
QZ_
Y47
wy4
KP6
MSW
hK6
kGM
NYZ
KMY
iZ1
qMS
cTU
sMT
bM3
fCO
QTV
svz
bOR
sw8
buR
V29
tY0
jsI
hpZ
jD8
hEX
yJX
dDG
aeo
hyE
inK
pu2
nq8
rDQ
coz
uW8
nJ1
af6
euN
tK0
T30
aC9
cPW
cMY
NS7
lK1
o57
wH5
IR8
lA7
aW8
aq5
dyz
cdf
oyG
xBS
mXZ
dm_
ko6
gY
deK
exN
ij2
gw9
ajV
kS9
BI0
gzB
TY1
MYZ
qyL
lqO
FGY
DPU
o1_
mAG
dtX
mnI
mn3
svx
qMW
cyC
ekO
m56
stA
nBI
kKN
vA6
FUV
CDM
sJR
BHO
etM
OW1
tBJ
rJK
nF5
dzF
f80
zCG
cN0
dwR
hB8
dkK
EGZ
cY9
dP5
MV5
quB
ax3
iH_
ahU
fI0
cs_
jFP
BJ_
dBU
qwJ
vwS
suT
itz
pQ3
ct4
cqW
BN5
fO6
Y70
hsv
dl2
xFK
ef8
n20
GK6
hoW
eGP
emt
wP3
bKZ
dGM
qD4
Z5_
GU8
fh2
eFZ
lGH
zBK
sQ4
R70
cOW
czH
fjA
mx6
kI4
nP_
vOX
adu
n60
hk8
jkP
z35
fAT
egR
fsu
uA3
gpD
czG
uHJ
RUX
ceO
dBF
wJW
am5
hmQ
S4
dgC
TU3
qsE
jS9
npY
fU9
vMW
DEV
jnu
kL6
dgJ
AK3
giy
yEI
bhZ
U12
ksT
ER6
x3_
lou
CL5
kWZ
wL1
hky
vQS
yX0
ce_
lpM
qxP
r27
GN5
kBW
jz2
h2
cu6
vQ1
mwx
hw
ftF
k8
uLT
xIZ
V0
mU4
dq5
C25
hwE
koM
i35
xz3
fvL
qL5
qPW
asG
qD2
mHS
mTZ
rU2
ejB
S4_
vwR
doy
j23
fs4
INR
vTU
TVX
anI
eL0
lp_
hj4
X60
QX0
ltZ
mpT
otZ
460
pV5
mMU
oKQ
yC8
gm9
oT2
lAZ
lpO
lyK
dAW
I79
249
Z28
wR7
rBQ
dUZ
eBD
gzC
bI1
tyD
hls
lS3
gCI
bq8
UZ6
np0
ANU
gJM
sxH
qyO
C18
ip8
nY_
pP5
tKL
uNR
cx1
mwM
luY
hsN
aV2
iNY
fs5
yOY
AG3
bL3
nsW
tyA
JZ7
g47
nG2
jZ_
aC3
puK
cfk
lR3
nzG
zU4
AFN
CRS
puJ
kv_
uA8
vG4
rEL
b40
QT6
GO5
ceZ
ce5
m17
kqN
uv0
lrN
bJ9
xQ1
er3
uL2
mMY
hDL
jpr
cKR
gxA
fpx
txF
ER8
abw
agy
fgR
efB
EJ7
mx_
BEU
dU2
xyB
lqB
gH4
nG7
pH0
LR6
ew5
jRX
cgU
tvB
nqD
jH9
nLM
UZ4
zPY
oKR
lrx
jwL
HP3
jBI
sT_
jI4
jJP
aqJ
tG9
hnA
mQU
klz
W2_
b7_
hw8
x8_
CDY
dS3
rOT
uVY
qJZ
wGP
pPV
uDO
glX
xIV
cqK
hiZ
e16
bJ6
klN
sv4
hqM
dkY
aCK
C78
cu1
lKZ
wzI
RV6
fjq
eG6
sBI
ly9
cEW
lpz
kpR
cvK
bZ_
xDE
lr1
vBU
kwI
bQ5
wNP
jV7
dtG
or5
MRZ
CDS
ntv
yzC
bU5
bhp
DOS
rVX
hqJ
BDQ
ber
yP4
swE
sMR
hiz
JS2
in_
eR6
alJ
dmR
tIP
swT
gnE
GTV
lUV
jow
wU3
mnC
an8
gQ4
aRU
aes
inG
W79
wDQ
fU
hlG
S19
huI
HW9
bcJ
exQ
K56
jr_
gn1
bxY
lqu
GI4
fO0
JNO
p49
vVX
irt
dAH
mtu
RW_
m18
AFW
vz6
KX8
ghn
E34
fnE
jrR
jpq
czB
HV9
bBP
bqZ
X49
uzU
kX9
d67
V90
I34
hzF
kV_
ATZ
qFJ
sR7
jAU
oIO
asP
JV7
qJQ
iUX
uZ3
klr
rGT
afw
hrx
z48
CDQ
izF
gMO
g14
p7_
hAT
vD3
gzW
pNR
iPQ
cpZ
lX_
xIM
HL9
ady
clL
c19
DI0
ci8
jpu
B0_
psD
hY5
bdy
lwB
iy2
zM4
dH0
tDV
nDM
LX6
EP1
pqw
jS0
eV_
oQY
svB
ijR
FLV
xM3
pq2
pzF
gDO
bgX
hk_
rX5
lP3
kG5
qU2
cQ9
fEK
fJ3
lEQ
aFP
AEP
CIP
mqL
R60
ky1
eB9
U14
hFK
ovE
rSX
aE_
JNR
chs
eO5
gmG
eyU
CW8
oY6
fqP
xP5
wPS
lqv
qNQ
ipE
ijs
nw2
lsw
nI
DUV
hiH
I68
ai5
mLT
oAK
stT
pO3
zUY
rCL
hr2
KMQ
fxB
wX2
KMO
gkD
hkC
pEZ
ef6
BCW
oOT
xFT
HR8
ps3
A40
rNW
C50
R20
boq
atE
sZ5
sv2
TZ1
yzR
iRW
HRY
ls4
ftA
wAM
eip
sQ1
zEI
ptB
mRV
kPV
uTW
nuA
exA
sD8
hz7
wB0
twD
nvO
fuE
aq0
sIO
CZ0
DYZ
vJ5
rF7
anP
qE0
HU9
uRX
sBP
jq4
GJ4
rHX
asv
fhX
pFR
bJ7
wx4
gs9
tBD
biU
bO0
cwX
fq2
HWY
EX3
joL
yX7
HS4
g78
AR3
B49
luH
ej3
qR_
qR7
sMZ
jK7
mX0
kpO
nA1
bs5
p60
xM_
gCD
IJR
oEO
pvJ
FR7
afo
biC
U78
x9_
cP7
O30
azV
mSU
R67
jV2
dUW
sP4
pxF
kuV
hk5
rtP
iEV
cHW
bu9
noM
qyQ
FNT
NP6
oAP
vPS
iMS
sNZ
iC9
syS
np2
a17
XZ_
iuJ
MT2
b17
aM_
btJ
yGP
eTY
RY_
bXY
ksC
fpM
pCI
yXY
iOU
hL4
A69
AD4
mty
cC_
HW4
cP_
JQ8
fOT
cGH
br2
qrN
qQ7
bT7
hq_
xY7
AG4
BP0
SY2
eD7
IZ9
aoJ
eoD
nT5
oAJ
zEK
aFI
378
ES9
oDJ
fR0
opz
csD
hGL
hp7
rI0
nIW
kK_
467
lYZ
GNY
bdN
DVZ
xSW
ouD
DFM
jln
svT
ptL
btw
bO_
hR4
noY
F89
sOX
ix6
aBO
jU7
mHR
IM4
bAQ
juy
pT7
gJ_
bC3
mAH
bO3
eyT
btX
bL4
X80
hrV
HKM
OZ3
F57
BD1
fu8
vA8
V38
az4
T89
GMN
lC9
koy
oH7
buS
wB2
uLZ
ij5
hHW
nCP
bkV
jI6
uT3
j4_
eMN
lpL
jxJ
kBT
lzF
i80
jt4
B10
QSY
kl0
dlK
aT0
ioN
tHW
pE0
tO4
nvM
oLQ
efi
rv7
nN8
erT
s46
vER
hjP
gip
uDI
kDQ
stU
IK5
bLU
awX
mx0
nE6
kX4
lwO
wzK
qvZ
qI_
fWY
VX1
qrB
eBU
BH_
hu1
lRS
bY0
FR9
qK2
W1_
EX1
mn6
kVW
HP0
qs_
gqF
kpF
x20
oXY
kJ6
rDY
uQX
pAG
n45
mn0
kGS
ekq
aS0
hn1
qT6
hN4
vK4
HT0
hpN
nA4
wG_
mzQ
jMW
9
kST
V67
nzK
eKO
xFV
os2
w16
gBS
fQ0
myR
M90
ftM
HM_
jEO
yTX
gwD
cfx
kr5
jrG
aW6
jGI
pVW
cmO
KY4
p68
dBY
oqN
DN4
rEP
PZ9
qBG
OV2
uKY
IKY
BIS
aoA
hQS
nxz
cqN
vNO
cfM
IU5
VZ8
hPS
lGM
kB3
u27
biF
eOX
eC3
gVX
AL1
qEO
mzC
mx7
avG
V56
iqK
drK
eAS
ei8
eB4
lU9
rM1
evH
cpE
lwC
AR_
uO7
aD1
ah8
aq1
zLV
cuF
gyL
dqJ
ABI
fmZ
oCV
wyM
gmF
gns
dC1
cfh
kAM
cr8
h47
rv5
zJ9
qA6
fU1
hOX
cnE
xEO
suY
APY
yD7
ip2
PSY
PTU
fD8
mv9
qGT
inu
lnw
KZ0
kvP
ak4
tKO
q13
itP
bIR
hsK
eF9
S10
AER
hGR
bfY
ao1
qL_
uI3
loO
jv3
aV6
zBW
zF0
vHK
D28
XY4
yER
pG3
nEK
DV7
jq1
im0
g37
bkn
qt2
gJK
afp
uMU
AC1
bgO
yQ9
su0
rAT
eV8
lHV
htX
nrG
eL8
rLX
GN4
MU7
cHX
LT4
gu8
q56
lJV
lDU
MVY
ewB
W28
vL8
zDG
xR1
ep7
IJ8
huF
ruV
hVX
pV3
qry
yDR
ekT
emu
tP9
cnu
iy8
BQ_
LU7
iS6
wKM
mN2
dX7
vV_
sBR
hpw
ck0
dmp
zJT
asY
jUX
mCF
DO3
ckw
iRZ
iG1
xD9
zA6
bB4
bio
gBC
del
zKL
iB_
mIR
yW6
cfs
xIW
ioS
GSX
k69
AQ9
aPQ
rC9
czN
yS4
nqQ
aD8
aeS
oIJ
jpI
CIX
dh9
IX7
CEQ
bv7
xM7
cHM
irU
nzC
opu
byz
bxD
duZ
gPQ
kIX
JT5
gZ0
jH4
dwJ
iS3
tH1
kuK
ouU
dsY
dm6
mG1
jC8
bfy
zV0
aTW
mKT
oSW
djK
kAT
qF7
xT9
qC1
fI_
ivw
wyP
ajz
aqx
dek
iP9
irS
rE6
MUY
av3
MS1
oCJ
dGI
hr8
a20
GLR
xR0
BRU
KOU
dxT
uD_
b67
aVY
es4
IR3
GR7
inM
lTU
zCK
coJ
nD2
HU4
BE1
yG2
mrC
RW5
BJK
mq4
hkm
jCZ
qJN
v14
DGX
duv
M50
tuA
pQ4
uV
w49
gG0
gjw
LWY
tIW
HJV
gCZ
hkT
uMW
ERT
vDV
AHY
kpH
tuX
lQY
qsK
agv
ac5
lF8
qW7
fkm
T49
eEM
oI5
wO0
gln
dkl
JM7
CMR
z70
jyA
hR_
CDO
JOX
kMP
fW0
CV2
zZ3
kT1
Y23
w12
lrU
rY2
BQV
EYZ
EFG
qCT
FHV
brN
eU3
FZ0
szV
rA6
dWX
qT3
yE8
hz9
itR
r58
BCN
tHO
PX3
lpX
CFM
aMO
DEO
dx5
ksR
ryP
SUV
zDL
qvA
oQX
box
iEI
gR6
E69
aIX
wIV
pSV
jC2
agP
jKY
k23
ADH
mOU
nqE
BIQ
fiJ
lH4
JMP
LP7
fVX
GV4
pvL
DG1
kzO
JKY
aQ6
E24
eR8
wX3
c36
iH2
yP6
s9_
fV5
fTU
vA4
pSW
kNS
I28
pR5
bcu
N37
yE9
dxX
vKM
dfK
oU2
sG7
xG6
AEY
jOT
enr
AOV
KS6
iyL
gy5
fuS
iw_
xEH
pL1
bH2
jHT
EJZ
lU4
z23
pU5
DG8
ABN
EI2
ixU
zG3
vE_
rN_
TV2
t13
eR2
lO7
eH4
apU
tyE
npu
dEZ
HW3
wFH
eGZ
esU
psv
U47
NTU
bE7
lx0
CNS
dqA
qVZ
C10
lwE
ruE
nt3
B70
pq_
lrJ
lL2
QTX
vEF
U56
hBZ
nH5
aF
AL8
sST
nq7
ehk
PTW
vP4
pry
a26
bBD
dvJ
uS7
lwW
mCI
cv2
MTZ
yAR
iX2
RY4
dB4
bBJ
GX7
hR6
EN5
kM0
bGS
xyX
vJ4
sw3
wyH
cZ2
gF0
ahL
AW2
tI6
gPV
nC1
hj_
bjU
qU4
CGS
FX1
lr6
diJ
LNY
CS4
uLN
hk4
tzA
EQ1
jW1
zZ2
yM1
zB
lvO
kH9
efS
CFN
oz0
chE
eKY
DL_
iAS
DI6
dN9
uJ5
PQR
nOX
Y24
tzX
jT2
n69
bE6
yHU
B45
qFZ
xBJ
kn4
pEG
zKM
ySW
jA0
pK7
ntR
hip
ntP
cuT
xR8
dj2
bnK
rS6
pVX
fgT
h8_
nJ9
yM7
dyJ
mAE
ruW
gk3
jxA
JPY
UY7
bpu
kpv
PY0
ado
fEL
iJX
CNO
oxG
HQV
uDS
oEX
pC9
BKT
lQ_
APR
fvG
qr9
NZ_
flS
JY_
c60
EPU
dfv
RX6
hQ4
iB7
oDY
epF
AV9
det
zG7
JPU
SX3
zD5
bfA
fLW
TUW
ny8
blv
oGZ
wD3
QY8
pFJ
yP3
IJ0
qAJ
uW4
oA6
aqz
zE3
d14
tA3
fn5
ctH
hE8
JU0
iIN
A28
B89
fiZ
OP0
fZ9
fyA
QT1
ksA
FNO
ghk
qAE
adH
nwE
tM5
dsG
sxW
itH
pq4
do0
dj3
zK_
kOR
NRW
ERW
BH8
lnF
uGY
xHS
fBV
cv4
RS9
isA
lnv
aeh
uT2
OV1
AF1
iyW
cez
iT2
KO2
p25
qzV
wU8
oKL
qvE
bFL
aor
suB
pv7
nsT
kqL
LV6
mIJ
ry4
jk8
aAG
gkH
exI
uxX
lwT
DH5
bgV
d16
g5_
osX
mTV
gB_
bUZ
kqO
w34
fiy
SZ2
eoX
iTW
rAQ
sBK
bL6
y90
bOS
fY8
rCZ
wIL
eM8
vDK
mGL
jK4
mH9
lm9
HU3
rsv
C7_
cf5
uwQ
nRS
BN9
AOX
kzH
oW4
Z4_
zT6
vwZ
deW
FN3
fwD
gNQ
fxA
lA_
R15
479
bt1
jyO
swB
iLZ
nGW
lV7
alz
dkW
AQX
koN
hjZ
qY0
aM8
jJY
CJL
bN2
bUX
iE6
abq
M10
eEF
cZ_
iyH
UV3
KSX
eZ2
LS1
wGN
nFT
uY5
wF9
k14
eRZ
eN1
bv0
AU6
gkm
clK
epw
nDZ
nT6
FHK
wLW
jn7
fqM
czK
pt1
qEH
nzA
INO
nW9
OTZ
mMV
fqL
eKQ
wCM
qU9
pHY
fhH
bzI
DZ9
svI
orF
uF5
irF
jJ4
qwX
sLY
zIK
kxH
x90
wJP
xI8
lKR
ktP
dx6
kDR
di8
iDY
dh2
NPW
nIM
bpx
mt7
hmE
AKT
uU6
hn7
z59
mrM
hzC
nX5
sB0
HZ4
lmo
tNO
INS
JM_
z56
qSW
MNV
vy8
lnr
hm
iQS
ovF
huE
X16
CPQ
mE8
doA
bqx
fij
deO
DL5
ekA
vX9
y5_
eo8
fFU
LMV
jV_
kW1
mpK
biD
lV0
gV1
nF_
pT9
pS3
lC4
zE9
iCP
EUZ
x56
cf2
gPS
qrS
gHZ
hA5
JNS
bW0
mF8
rQT
rGV
mFJ
wQ1
diF
eV2
GJW
GT1
ABP
xFQ
pBD
kEH
pE3
eCI
dj6
bkq
tLY
DE9
eAW
qFM
MZ9
awJ
lnU
hvQ
HY
oEQ
uW5
nPY
hQR
dqX
JK7
eqW
owE
iL8
xYZ
qN4
KS5
bvO
HQ9
qEX
vyL
GTZ
ptG
sDJ
pDF
ADL
nY2
jET
nAU
hAK
yJL
hE0
BY6
q2_
doM
GUY
huK
qw7
l35
rzE
suz
gHU
X34
wNV
AF6
kXY
joQ
aF0
aiz
iN5
nBT
dEQ
wV_
GKQ
qv0
xB_
sDL
dBV
bP0
mnZ
jO8
BE3
gsT
TUY
tU1
jFW
pGS
CEJ
bZ3
hmW
pRS
ivK
CX9
uGV
lCG
ko8
zG1
zC1
cyF
KNO
e3_
jy5
fin
akC
qB3
PQX
lmV
tTY
EP3
eG3
ciM
dt6
fsH
gF_
ADE
jt8
bp5
uFM
awI
dHT
fJ5
hwF
hsP
BP9
nT_
pr2
dry
xN4
rT7
suR
GPR
xIL
zDM
vyM
bRZ
pJ8
kOX
hOU
fu4
JK9
RSY
vLY
n59
IS9
L3_
pF6
xV_
d59
nN_
quP
rw8
fju
CGV
iyI
eNW
oW5
fkn
fu3
bq3
xDF
ivG
efT
kq0
uNU
DGH
fER
DFJ
uBS
sCW
nq6
HVY
sxA
sTV
avB
dkq
rtI
fjn
vY0
hxS
cCL
zF8
efh
AJR
BIT
uMO
bfP
cM7
a56
x67
f89
jnr
hyU
pAT
nxR
gIS
c30
nr2
inX
deA
ntX
xRW
vA2
RX7
hv5
mwK
NVW
JNQ
FUW
kw1
lDR
AH7
myO
lxE
sQ2
GZ9
wKQ
bl2
ER2
iqR
uxQ
sK0
bfh
emp
EHI
gTV
eY4
y67
hxF
fnr
lCE
CMV
de9
fuZ
FQ9
ozU
yA_
IOX
dCS
atK
pSZ
pyF
pxC
ox6
AKY
yFZ
eqy
Y19
GNR
amY
kMN
nQ1
UW2
avO
zO3
rvA
zM1
cj_
dgX
be1
aP3
uxA
tFY
vGS
GHP
jS2
hwV
es5
wCU
cgS
LM_
ny_
sY1
jL2
sH_
mL9
vD_
iHT
arV
ayY
iqv
kl8
yHP
lI1
IU9
vQ8
txO
bnQ
rOW
jA_
rwH
eqx
bnO
esG
aIK
qKS
zFL
hT1
cd9
O10
iT3
aU9
J16
ES_
dqC
nQ_
kIM
APS
cKS
kzD
bgu
cgD
gtE
cxR
btK
al7
rs0
nJ0
iOT
hOV
dux
grE
CMT
pqE
EZ7
nP1
BJN
HS_
uvR
hnH
D9_
tuN
dr7
DE6
cfP
E80
lqE
xAV
bn0
rJ
mDV
py_
stI
iL4
pxR
bnw
iKY
fPZ
yzK
ETV
tyN
eP6
EFH
eJK
tOY
oFO
eQ6
pPR
lJS
iJW
ASX
M3_
gBO
fgK
mv5
dAK
rFV
Z10
cfU
jpX
B68
GO9
gy6
aY3
kFL
gBI
xI5
wQ_
jC5
HK7
nE0
NP_
ex7
htR
sKM
iCI
zY_
r2_
hqN
iS7
xP0
gT0
bD5
kuF
gzN
nz3
KPW
kHM
GJ1
A49
ot2
hnM
HQ2
qX1
ow6
csx
gmr
akP
u16
fW1
yG7
PRY
agp
sv8
hU0
rEX
MN2
nS5
ops
DX5
vO_
lvN
dX6
bNS
IY5
beF
giC
dh3
dr3
HQU
gjN
HU0
bAW
bij
x1_
ny9
giV
gqK
BIV
R57
EN0
eAQ
chB
CLW
eI7
tAE
uGX
kvA
oq2
zJX
moH
hlH
eNT
kNR
GM8
kHP
rz9
goN
iDJ
mqR
pK3
tDG
pvB
jS6
jtL
eHK
sGZ
cHN
nvS
dqw
HZ3
c12
zEQ
lo_
gH2
dD7
QW5
mnp
gvZ
HUW
AGP
cEV
u58
lFH
cp2
qS1
hRU
tGH
euO
JV4
Q20
dC0
rDK
WX5
qEP
iuO
no0
eE8
ovO
ceB
dhi
qzF
eAI
lKV
lmu
oH3
hJY
aV5
gR4
pJ4
zNZ
fln
ktB
nAB
lps
v37
sH0
jux
pQS
pvV
ers
uzJ
gDI
a78
eoA
iw3
iGL
dmy
dV0
CIK
cTV
qRV
cfH
dB3
u34
lw8
OZ0
c
