AAF
ACr
ADP
AGI
AWF
A6r
Ag1
AzY
BGn
BPM
B5F
B5J
BaU
Bj5
Bs_
CDe
CGB
CMU
CNN
CQy
CTN
CVT
C6w
C91
Cft
Co7
CtR
CyQ
Cz3
DEy
DHt
DOe
D0x
D4Y
D5p
DfF
Dgk
Dk4
DtR
Dw2
Dxn
EAV
EEE
EGN
ERa
ES9
ETL
ETo
E5M
E_d
Efv
Emd
Eme
Ewk
Ey9
FJP
FPJ
FPR
FQT
FYX
F1r
F3N
F7w
Fcj
Ff1
Fg1
FkV
GFH
GGg
GKs
GLW
GQX
GSQ
GS9
GTm
GW5
GYg
G2w
G5i
G98
G_E
GbD
Ggh
Gz2
HAD
HBh
HBs
HDB
HDR
HLJ
HLR
HPK
HPg
H1C
H2w
H4u
Hl9
HoM
HwS
Hy6
Hz6
Hzn
IB3
IVP
IVZ
I6x
IaW
Ic_
Ifl
Igf
Ijw
IoG
JG2
JHQ
JJ9
JKN
JNz
JOR
JSI
JS_
JTi
Jcx
JlQ
Jn9
Jr1
JyG
Jzd
KPy
KV_
K0V
K1c
K4g
K60
Kcc
Kkg
Kmb
KnD
Kxa
LCL
LDq
LIZ
LK0
LOr
Lsd
Lxf
Lzk
MFd
MSp
MTB
MWP
MXQ
MZn
M_8
Mbt
Mhz
Mji
Mq_
MtC
NGe
NHQ
NIy
NPJ
N0R
N7G
NdZ
Nhp
NPs
BLk
BgV
J6F
NTU
Lqv
BwD
AkW
Iy4
Eyq
BQa
Kgg
MZP
FEu
GsG
C6J
Gov
Cx2
AcM
Cmd
IhS
FlY
Lbr
AKL
ISH
HYE
KAx
ATJ
D8g
Kjw
Hfy
Bgs
Cff
LmJ
AJP
Men
FYq
IO_
Jar
BDR
GEc
MID
Bq3
MD6
JX1
Nm8
NSZ
Iao
Ee4
H1U
Hwr
EEM
KoZ
G0k
D24
H2C
DOw
AaV
Ase
Bl0
IdX
MHL
FCS
InP
Ab9
Lcz
CCA
BAV
Jqg
L7K
IKZ
Jo_
D3K
BTI
I0M
FSw
Bv5
GtH
COL
JMB
M8Y
LR4
Hjy
FXC
Elt
AA7
BGU
IAw
FvY
N_E
JHc
E7_
Kz0
Gb6
N41
CLc
JQ_
Ioq
KLv
NBd
HkE
Mim
DMJ
GrN
GUP
JRo
Chq
K3J
G2Z
CGr
Kr9
Mt4
BLJ
F9N
ARO
L7F
AJI
AIC
MdJ
EGv
EVO
LFz
HbD
N9b
HuE
Lmi
Dwf
Cgb
LCh
J6j
LLF
IOI
B1Q
FWX
Jj2
B3x
B74
Gox
HjH
J1r
Loy
Jbk
Esf
FhO
D4w
KW8
BwN
HCO
CgU
MpH
Aea
L03
KyS
LU5
Ksu
LR2
Ito
HoL
IsK
A1F
DvC
G2j
Iza
JYq
Mxy
N5B
LTI
EhJ
Amu
Caq
FyY
DrF
JD6
L5z
EoJ
EDi
E2_
Iqm
Fo5
A7t
FhY
AZz
HcU
CmS
Hz_
Eho
Bkd
Dap
JvP
AcR
K1Y
G9Q
ERt
KJk
JU5
NVN
FBf
JN_
GOc
C_t
IWA
LU2
EiY
NMi
LRj
HMu
IQb
Dnz
JGY
AJS
Jsc
CyE
HC6
CBn
K34
Lwm
G4n
H_I
Ijy
Ao8
Fob
DNK
DuU
MOU
Koq
Byg
LpU
Gl7
DnD
BZe
KNf
Dx4
GnZ
JSo
LkB
A49
NhF
JWB
AUf
Et5
E39
DWO
Asp
ClD
IAJ
Ca3
EOW
Fvw
B1M
Dkg
EOC
NFG
DJu
BCZ
EHb
Dq4
Cpd
Ido
Gfe
CRZ
I6D
Gxh
BCS
HOU
H8V
JDc
HYn
Aa2
EJc
LbO
CfA
Fa_
DZQ
H4D
MyD
Gy9
G7a
AI3
EJ5
Gv9
JeT
Kdx
BPP
AJt
Amq
INS
GYC
D7K
BsA
Dul
CFv
F4x
BOD
Eye
GjF
HmW
Eeb
BH9
DXX
HHR
JCs
DAa
HWC
IKI
NNA
I84
K0_
KHO
E9g
JOa
ESZ
JVd
Ma8
BO5
HwE
F4J
IlT
DxF
Gof
Igh
Bzi
MkA
Kav
NjL
C2O
DFD
JBL
Clm
Bbq
FCp
A98
D9N
Hro
CxK
Kp4
DwY
HCY
MFM
HK4
E_m
IoM
D7G
JTm
IQG
Hkk
G2O
Fo_
BAB
I7C
L86
HEE
F2C
Gl9
FEU
HXN
B3h
Jng
IXU
GeD
FVG
E8j
Kcm
DGp
MM1
G6p
Mk7
Buo
Nca
HXI
Bkr
MBc
Iim
LPH
BKF
IJT
Ddy
Djo
Hck
FsY
Lp_
A9o
FsU
F5a
FDZ
HL1
INY
CLO
KiS
Fff
F7U
NDn
N4T
A0Y
LwH
JhI
Giq
AB_
CPm
Afr
Eyj
IQU
LhW
JR0
BWS
DLd
MMy
CuI
Ffd
Hvs
LEi
Gu1
BiI
LJD
JzN
H5U
E3R
I6Q
AzU
Geo
Iiq
Lrm
LAj
CnV
N_z
Kpn
Ix6
FdC
D1E
CDq
HA_
Jnc
IAg
E44
M6S
Htc
HKg
EeN
GZc
I4I
KZ0
KbA
N_T
HPi
C3q
Mdm
L8P
Cdi
HPc
KOC
FGB
KVt
KVQ
IMj
NEj
BeB
NBI
EZI
JXF
MU4
MC8
HBJ
LAt
DGH
HnR
Hfm
F1F
Hj5
NfB
A62
GcO
IQk
Aii
Gd5
KQ4
Ken
BHv
N6o
FMw
DEh
EGU
MAA
HHY
DzG
KsY
FZe
Ilv
BEq
Drs
MAu
Ak6
N4K
BAM
JCy
ECS
Ft_
Hw7
HHT
Ipt
DWh
BXX
H_q
EBQ
H_r
EKs
M9D
Mys
NKD
Kj6
CT5
MOX
Atm
MpS
KLy
E4E
DHZ
ESr
FYc
MRj
JWD
DEb
HCC
E1X
EKe
Kwx
IDy
CuW
Dll
Drg
DW2
MJR
KIz
Lav
CKs
Cte
AFb
C2i
J12
IkS
MLY
AH1
Krx
DYM
DzZ
GvO
CxU
Lq2
B6b
HJc
Fjq
F2e
Air
IDz
Cy_
BJr
B46
FLq
KfW
B_f
DHM
CuV
Lnk
NDe
CoW
NYj
KFE
Mls
LwJ
Mbl
C8E
An1
Mal
NKE
Kas
J6Z
NPi
FBS
C82
J3W
H3l
Ij8
C2G
BOn
DYL
HKm
Kzb
BB_
GB0
DXd
F25
MVt
G4Q
HqJ
H99
Ji6
Lfq
JcO
MyS
Cpg
Anj
BZY
JCz
Anb
Hil
JRj
D4r
F3c
DSu
FaF
LW8
NBJ
NZA
CWc
C2H
B3f
NoM
Hyk
DDL
K_2
CbM
M49
KVA
LUV
AZW
MV2
NVl
JtL
JtD
KUH
MwA
HqL
FdK
LGk
Hd3
Af5
BcG
F4T
NPB
MBe
Agq
HtJ
B75
HbL
BIu
NSY
JwE
FR_
MYi
D8e
Dht
HHW
MzC
KB_
N0y
HMF
DwU
BiS
KTZ
Bte
C2g
Nlf
N3w
JFO
EUj
G6F
Fod
JNs
FPU
BPK
IbD
LJM
NTx
HjO
Dp0
DTh
BUu
EXz
Dev
CGW
H2T
NKX
IKQ
LHX
KZf
DxR
Dki
GJI
HY3
I1w
CQC
B5N
EFs
EMr
KcX
BCi
DzB
Kc_
IlE
J78
AbJ
KRM
MOz
JwA
IDG
IKz
BHJ
AQq
JTU
Eky
AQ_
BNb
LYh
FwR
CjC
B1X
Gk0
LXT
AUN
BIH
HQZ
GNJ
G4C
AhX
J7z
K4X
Hd4
GFP
Fs5
EgO
Bh4
BTT
Lkj
IWZ
Gna
EFe
HVH
BcK
ChJ
Hu2
LhX
Gow
HAB
KIV
DLU
Kdz
Hqo
AkS
Kyr
CTY
LYZ
FSO
FfW
F_E
BVe
BvL
LwL
Gl6
K5h
NBP
H7i
MQG
F9G
N4W
ItK
LsQ
Lid
Aoi
HYZ
Cig
K_4
NUY
IF5
B_S
AuD
CEA
GTu
MSi
GPb
ER_
LbC
GqT
KJe
ACi
MLM
HP5
HOf
Hfj
Cn0
Fmm
JUj
DHE
H2W
L_q
Fvp
C6Y
KzB
NbD
IM1
JBX
BAv
LcN
EwP
DSZ
IMH
ATL
C6C
F_Z
Mc3
ERC
Lbu
Cgh
