cqfy
cazv
awbu
azba
azfg
brbb
bhxp
aosc
aoff
ajkf
auaf
bpeq
bnmy
crmm
biuu
buin
airp
cbel
baog
cmat
cebs
cexy
btap
aock
byrm
bzbx
ckey
bxih
ayfe
bsox
cgut
ayqf
bied
bida
ccfb
cjxu
ahti
bajn
bzjx
acie
bacd
awoe
acmx
atpj
cstv
btvd
bbxu
cuja
ajyn
basr
chxx
cmzk
bhzz
atwd
cimr
asrq
ahpp
cmwb
cbos
aawc
ccyu
caix
cuqj
bohb
ckea
cftu
blwg
bjgw
buke
bpcb
ajsr
alxu
blvp
bkzc
cssb
bqtt
asnu
ceug
boes
alft
bfra
aoba
cnvq
bbym
anhh
aflm
cakv
cpzg
asbv
cewl
cpwy
adai
blki
bvjr
bjng
beet
beyc
ahas
ahpb
avkw
csvp
asta
aacq
cinq
catn
anih
bboi
criu
ccnk
avlw
bveh
cslr
bykf
bocc
abzg
cffl
aqdn
apmq
bovl
aerc
boxa
abwn
btji
clhf
atbl
biki
axuo
ahag
aust
ajzb
ctyp
bssn
brde
axuz
cqhw
arpl
brwr
bkna
assa
ceck
ctgl
boof
bqfi
ayzx
bsnf
bjkl
afag
bndi
cput
cfje
anli
ckqu
blhz
apwu
bqck
boxw
askx
cqjh
bmxw
ctzk
avsg
bwqv
cunp
cnnu
clgi
bdfn
aces
atqy
ainb
ceiy
bndw
ckcc
aqbg
cmhs
cdtx
afkw
amtk
bhjn
anoo
aojt
akzg
