ftv
ape
acyh
sxm
wmc
ung
enq
alzt
trx
ykd
eda
jbt
hmy
jnk
yhc
jxz
ajst
obz
klm
oxv
ahxo
txe
ayni
oem
abpo
bmi
aihk
bryc
tfa
bnyt
atdr
twr
zha
otc
bfvu
cur
bofp
bryn
api
aghs
bjyz
frv
gqz
fjk
akxb
akef
aszj
uhv
xuy
tmg
zcn
anor
bdlc
anut
bals
avho
vkq
bpoq
ahyw
bpet
bvw
rqx
arpl
blzv
hrx
cuh
bdce
bah
bcef
anbh
goh
sbg
ajbp
agtb
bair
aovq
sxp
mcv
gt
pho
owb
athp
auyo
zhk
bsvc
awpv
oly
vcz
vni
uqw
nsr
amjr
mjr
ors
ajtq
xer
bkml
pga
dqt
bjiv
bmzu
bux
fdz
baft
aixr
sgo
euo
uki
hly
azvh
ahyi
wnk
cji
bpa
bnva
auxt
aidv
egf
ahnr
avqb
zbk
dgy
baod
aios
ajml
bauk
auls
nsj
erx
bhaq
bdfx
auev
bjnz
aqcf
luq
fuo
biuy
obx
cil
bntk
ufe
aebw
drc
teo
csn
awzu
bnx
bcyt
amnx
akpb
bsfr
bmuf
har
bfwn
mtn
blxn
axyo
qob
axlo
arqf
azbg
agdi
apfw
bkuf
jeu
brdw
asiy
mtb
alug
ipw
aldw
bjea
akqj
aue
stl
azmj
abgl
hmb
aebg
bigr
mdg
bksn
bnox
qu
gih
bqwo
bohr
sau
bghc
bec
bjvo
lgn
aqk
yrh
alfq
akjp
bky
lcv
qlf
fni
bkgo
fxg
aoeu
xef
afmj
bza
awgm
kfc
bewd
bljw
arxm
bltg
alzu
ajbx
vkn
mf
ypj
ajgu
gpk
avrk
ajce
bktp
bjkx
azey
brzm
awno
bcri
bdry
amno
botx
wpl
che
gls
abfw
bfrq
apcg
bgik
fhl
bje
bfpu
bpie
bgki
eos
bcih
aevh
biyz
bsoc
bfpt
akdu
azqt
vkt
azyf
aozb
bpzj
xki
qrf
artb
acfs
bhkw
seq
axhy
anck
lcm
bhao
bo
agdx
augk
oql
bhil
syc
tiu
ghj
apsu
bguh
fin
bf
oke
guq
aegr
axsv
baps
bkgc
wki
xen
wxz
vod
afoe
lym
aite
gfz
aqbh
aote
yil
ejz
kvl
peq
aiqe
fsy
blze
jlb
gtl
bdhz
yzv
hud
anpw
agwn
aurv
auci
ufw
ec
bnfc
aics
ypk
cro
zpl
atkv
bhvr
krn
aslq
bavs
yhg
apwv
aywf
mqz
bslm
eqs
bown
amqc
avkr
eyl
sav
ajtb
aebv
xol
akrj
kid
bjnw
bmvk
jsp
agkt
bdan
albs
twc
obd
rux
bkih
bqxp
bekl
odi
zn
axhr
awvz
asnh
aunq
ajfx
bgt
ajxs
abel
bety
ikl
bjfo
bnmr
wkt
bqjt
eiq
agfw
zhl
ahml
brls
vsc
yih
gwu
aibc
bdxr
atie
bgqe
ydu
qzc
auzh
ahkw
xts
anri
ayqn
eoc
amxg
aqwk
bito
bpcj
dex
aqzf
bqft
mnj
azto
mwt
bpxn
aoxw
smc
avld
bhnu
mso
avcy
bfui
ask
dzi
aykz
biyv
syn
atsn
ehr
agsz
qni
atnj
astx
aqxd
pso
bhr
bkal
vlz
bmaw
bgnl
ijx
bary
abie
bngi
basr
aogh
adgq
bhdt
zmv
acpm
lwy
kxa
bags
becp
aelp
axoe
qsd
alwi
gru
yer
bfzg
bfyi
bhow
qog
mal
avyj
artc
bnei
hmc
jdp
bqcj
yjl
vtc
btx
xsk
bajo
brvc
brmu
besw
acds
phq
bkpv
bghd
actz
bmzy
ansl
tjy
lnv
bcui
bhiw
los
apwt
wsq
azgk
anod
anrp
barv
gqf
adyj
ayfz
bqrj
nio
bgte
akcs
bsdu
asph
gpx
btz
aofb
atcu
nmw
kti
tuy
bkuc
noy
bqtw
ydc
bhzn
ugq
bpls
rxl
almp
bpyo
adkw
acem
hjl
bord
viq
amps
eso
bcqo
gex
bfaj
bqvk
bquy
ito
alqn
jcq
lbj
afy
oqn
broe
dks
uah
hcd
hzq
ahpy
dvu
bhqw
aqkm
auyx
bkgr
bhmo
ngj
bknd
bgfj
arzf
ltd
boia
ajpt
bgfq
agle
aflo
jar
ahym
asnl
amct
adli
bax
swq
aomh
ofu
aorc
aweb
apxl
bani
apfc
bljy
acsu
ckf
bhzv
elk
ugk
ziu
zpa
fxm
aigz
ayoh
gnq
kew
hnp
wni
akep
atei
bseq
pqi
bva
ecf
acev
ajpv
jkr
brfl
alir
bhfk
mdf
upz
ajsk
ahqx
boqk
anjl
bqts
yas
lmt
ardh
swu
psb
aoux
aqrd
nvf
usf
vku
azjo
bfjp
bpru
ydn
kjq
pec
cog
jnh
ambn
azgi
bqyj
ajuf
cep
asgn
aqh
anjc
nb
ebp
bnjx
aczw
oih
oea
agsd
apiv
anvh
bfcz
bogt
betq
hun
agvj
kjh
atkr
bqgz
iky
anuc
bgvf
rlf
ufd
bchg
axtg
ajpf
qn
pbh
aijp
eu
ywo
xav
vzl
zry
afdz
aieq
boul
ajtw
bmvz
ayvl
rpb
bnxa
bcht
abvs
aczb
bfap
awgu
ayen
aszb
cik
lrf
autj
bfsz
abhl
boai
md
aczr
aiuq
awol
oxr
zfd
qrt
hvf
bsvk
qhk
dlu
siz
akgm
bmtr
bkau
badm
mob
beml
avjm
bcrd
ekq
owf
adoq
gue
kls
vmh
cyq
bagi
axpg
xeb
zoc
agpw
yat
arko
agm
agbu
cxb
bawc
exf
eoi
ahfn
bieu
batv
jql
is
ihz
ayjg
auog
biqv
eri
bdgh
aerf
afvm
blaq
iom
xby
vay
ywd
pdc
aihz
bktr
fzv
axtw
vyi
srj
rlp
akdc
azsr
blxv
anex
bta
qnk
bfhy
nmy
bkow
aimp
per
bsoh
bhkz
bkqe
bnqp
pxr
ayui
vgq
jqt
bkyt
auvn
bdpl
akho
jai
sv
apfm
jqs
ahrx
hfr
bdrg
gfd
aefs
bnxo
bhak
ocq
bolu
brug
jkg
bspm
ugb
bdgn
akdm
dut
bshj
bkhp
wjy
bspa
ahij
bnlu
wyl
ham
avxl
fat
amlt
wxb
jpf
ny
aecx
baig
bgjn
akde
vol
aduq
bqfc
adft
cxm
enm
ansg
ovg
reh
adys
bial
azxq
hqw
bcxm
avpl
bcdx
kgf
bjhl
ejr
xih
bemc
bsmy
axco
agxd
wgv
nek
adlc
hdz
jte
aphz
tcp
anmf
omy
ayg
ahyt
bqrw
agof
bidx
aysk
apwl
bjiy
atyb
zop
msq
mdp
ahmg
ruj
aquj
aejl
aqtj
vdq
ocl
aupn
agjt
tsq
pmq
ankj
dag
akvc
arwg
bsir
bqnt
agtf
bskt
bdyc
zys
ide
rzi
ausw
lmh
amhl
pcg
azrm
axvd
xg
auno
rmz
awup
aghp
apbk
bgxo
bnty
tmy
ela
bgfa
tdj
tmo
awz
axwm
brky
atom
bqlr
afkw
apjh
zef
mnx
arpo
alsf
ahsz
lyr
bslc
azct
iew
aulw
blhx
yvf
gvp
fre
rsg
blmn
bnvc
apjd
be
ampf
pbn
oxp
admu
bcuz
aion
blqh
zab
abec
naw
bide
abpg
bsmh
auly
anym
axyl
akyj
akmt
ahzj
awyz
dbw
guh
hqy
brnm
lmy
bsdc
bsyz
arjc
fgu
bity
amwx
cyr
fcs
oy
aujz
bmpa
ryw
bclq
bjmh
bixy
zul
amij
amcr
zsk
bkey
cjy
uni
baul
bhec
suq
ajhf
lvb
aizd
dai
fdc
ijf
clq
adwg
bpvn
asgt
biwl
bhdf
bcsy
bxg
bhtq
agfm
mxa
aywr
ubt
amed
autk
kle
anh
abzv
bjcx
fpr
vst
eft
eia
zpk
gbp
actq
lfy
aqoc
dis
aqyr
bizq
aubw
bqpg
bquv
bher
ix
jrl
yvb
adiz
aiyq
bnts
qvj
agw
tak
wgt
bjdl
hva
afus
awjv
coz
bjfa
ncp
almf
alsc
ahlr
zwd
zcp
agry
agvy
fjb
arty
roe
aplr
aozs
avny
afyo
sax
lez
bixq
wzm
adqh
bols
meb
abds
aefw
bled
jcv
lxd
bamu
aiev
amcd
bawg
brga
bfut
aqte
zbi
aqxi
bmcl
apjc
bjzq
aqb
igp
nhc
gzj
io
bkhe
eji
imj
arqu
bkls
eqf
ajcx
bgqt
aiuw
apzb
hy
bswk
bdrk
qmy
aukb
bodi
bose
oxk
aglw
obk
awlp
bnkt
bstd
agku
adnv
bovd
beah
kjd
axzc
ybr
bafw
abth
avwn
awyk
bpzm
bcyk
bqcn
bcop
bnut
kxl
abek
auge
arli
blzy
bcol
bkpt
dxr
aryx
cks
adrf
joq
aicb
jqv
rhb
ahky
aexp
axvh
boew
bhsg
aygl
ogq
abnz
ayeh
biln
aeh
aykw
bzx
pbk
xmz
behw
rsw
bmp
rdt
mip
aswb
arhx
eur
akot
bipm
lag
fjz
blfc
adty
ocv
bowz
qli
msu
azms
uqm
wkz
nls
abhq
gnb
blax
nck
aspj
aoym
hox
hae
aqdx
bcra
nty
syx
brzw
aqtx
bltq
bhfc
uip
yvd
gsv
bhcf
aqns
becn
avkq
pdm
akve
aurq
anom
bqad
amth
agqu
azhu
awnk
adqw
bqhj
adck
bfjq
albd
aiwp
abxt
apqy
rdl
aelm
vfo
lp
aimt
hji
anpy
pwc
qaj
azit
binl
jpo
bdqh
balx
avpz
wdr
anyt
gzn
svq
zna
bihz
aiqv
dfj
brcn
atzw
adtl
avol
pqj
agmo
gum
gdi
agow
afzq
acok
bjgu
cjz
atld
knl
yot
mab
zgh
axbm
iyb
tci
wgr
bnjk
mud
pfw
fo
tv
acdf
boif
kdh
atoq
apzy
zfp
kyq
tgk
kua
brhd
qbh
awql
mpe
amvk
agmp
bfxg
agcj
sjz
alow
arkp
akxn
aojd
mpy
blap
ayde
aqyf
asgb
qka
ewo
bgix
syt
acuv
blsx
aqko
uxd
auet
lbh
bflu
asgu
nrh
bgme
bgzd
svc
aipr
bdqe
bgpn
bdfk
wgx
bivk
bfyv
qzl
yna
aoqs
pzs
ebf
axub
asmo
yru
ajwf
efs
bkxd
ahou
aqur
ahmv
bscl
yez
ayls
avsx
xzb
ajif
rag
gtr
aetf
xai
bhsq
amdx
baqy
tcv
nzb
bgzj
beif
baoq
aegq
bnyz
vjq
sxh
uqd
brzi
alsh
bkrq
isr
avwh
uge
acjv
aquw
flz
ozv
bptv
uhy
ajtk
vrw
aqyz
tfo
pab
aeju
aybs
bfe
bkyi
pua
aiup
xwh
agmb
bjke
nzl
akts
agvh
aknh
bpsn
aqrk
bmn
idk
ruz
dxi
afty
bfgc
ole
aogw
atqw
acyn
ahog
njz
eku
biza
ljp
kbm
bdoh
efv
kcx
bmdt
ivf
akic
alew
eba
aksd
ahbm
afnt
asfy
akvh
hgt
arlj
alcj
bona
aesb
bipe
auvh
evn
buc
qhe
jop
bgk
bswh
afvs
anvd
auwj
msn
bpmh
nik
atbn
gmp
xab
aubf
lzn
anmr
anzq
agqt
aerk
muy
bdvu
zkg
hjs
bgwe
czg
dka
ojd
cmz
atwe
qfr
bdta
biry
biuz
aopd
aose
ajqr
ces
aqmn
wsr
qbx
aind
agin
bmhx
bjfk
auwy
akcb
ayf
azsg
okq
dqi
bfad
bjgz
pzr
adjs
alzo
abnk
azqf
bsod
bkyn
lbz
hbf
aidq
acm
bmvr
aqp
brsy
vzc
adom
fkd
avmz
fsr
akyq
auqw
bcae
ytj
azxj
baqi
bdqf
asjq
efi
bpoc
ajcu
enc
cnf
afvb
auyn
amfh
go
bpjv
bdpi
igt
akfu
bpng
qla
atqm
siv
kut
bmiv
ycf
apif
aecs
lat
ski
asek
wav
mpo
bgko
alkb
jbl
rzg
zqp
qxo
lfb
wy
bjqu
bcom
gsw
poi
bktm
amzk
rvc
aewm
bsjq
bcxj
bgpv
fqu
adc
qg
akpq
auks
blcs
aupt
bong
blra
ajrb
aqwl
bskj
bgwd
h
bcpv
uqx
bey
apfi
blec
bsut
abdw
atbw
inl
fdo
trg
asuy
anrb
bfgs
apnh
bkmq
ailp
amjf
ets
bsev
atju
alit
evl
tyf
dew
gqx
blyi
aowb
fdp
giw
sqn
ibr
vus
wbi
bcp
alwc
adjt
arkg
fnm
ajno
srw
cqs
aiej
akz
ajlz
aftn
bkgd
dmk
bksw
agyx
brfe
avur
rjf
fto
acws
emk
bnyp
atcz
awix
dyz
ansu
pdb
aohv
avjf
aqnj
ainx
avjr
bhvo
bgnm
bkzs
vgl
apsi
avuc
tms
bdjw
zgc
asdy
azuq
blz
rma
ceh
pbm
bqei
pcv
rzm
bisk
bpck
axkw
auod
pfy
acgt
bdvk
tuq
bhnx
bmau
ahnm
loe
abdl
arhj
mr
ygz
sbn
fcd
awcg
yui
mcz
ait
ajzo
ahye
adhy
spf
dyi
vry
jbz
fip
aiqr
aysn
jdu
arhk
gfk
jh
atfi
bnsh
aiy
aygb
mgk
ugo
acpg
xyw
aqms
ajnh
bcpe
eut
bogz
arpm
atiu
adzn
bfkj
begv
aypq
alcq
acvi
ahyp
qvg
zjm
twn
khe
boep
bdcw
kze
bfoe
ech
hoe
brnf
akqm
myu
woa
briy
blsf
ajhs
mbz
bske
ahwe
xbn
bmad
ybl
zcd
bfok
albh
dui
aybi
blj
bktz
my
yz
ahbq
anqo
rpi
asig
bqdr
ydo
xya
afcv
awg
ayrs
nwu
rtc
amey
bdwq
agdy
ahsf
dg
auvm
aqik
ghu
bfqy
riv
jgu
zme
armh
ahot
abot
hxr
aifh
oht
waf
akjq
bone
xly
dmp
akf
awpf
hfx
bkuh
agkn
bsyw
hmr
anmt
aozi
axcz
bsvn
tnr
aejf
bpvg
aozu
ared
hin
awdy
awfi
azsw
uvc
bahq
zju
blky
fqc
blng
k
bhag
aquc
ayuz
ayes
xbw
alpq
nip
tyj
abjn
ayks
bhop
hsg
baie
hxg
bpwj
vxo
abmk
bqoj
mwq
ezr
vmq
bphy
tzr
ahbu
kzh
lac
bkry
es
kbn
azvf
awih
anlc
czy
awcz
bcut
bfze
lxw
amue
bdlk
gzh
bfna
xsw
ais
arht
abkm
br
ajsu
lwp
bfnc
altu
bcda
xma
atlm
qzi
hza
aonv
binc
atwy
mye
aidp
nvr
gyd
ahbt
udg
bics
hne
aebz
rfm
brei
oib
bdla
des
smo
aosv
ansk
fux
hal
bcmh
bhlk
aiuo
aliu
vhs
bacy
ajet
auih
arpw
oac
aslm
agke
nzw
jmh
afuh
eob
dvw
lkr
bkyw
bjdm
bchd
aubi
boyd
ois
ian
kw
bgzn
bstu
wjn
fzi
aug
wrf
aiwf
atdl
acqh
bqyn
aozn
ehp
bguf
biqt
briv
akun
bafn
pki
batd
yis
sgx
alfh
db
arog
axnh
afvx
epn
anhq
bmcq
bdzg
lin
grk
bsol
chv
yxl
bjqp
bfjx
aqct
ajxh
bjuc
lab
bgie
ayit
bluy
bwm
wsh
aehd
nfs
bokf
auwr
scn
acbh
aubk
ibz
myb
abom
azoc
avgc
ajt
bpjn
zce
aveh
asgm
bhid
him
bjqi
avwt
ahod
da
atnb
rja
bnel
beoz
bmfd
abid
bosr
pbd
lqp
oqm
brsj
aepv
bmeu
baoh
gdl
avdb
blvg
bozc
slk
iyo
hxb
dnt
aysg
bnez
gva
ajtl
azcj
axig
xjt
bdr
aftm
vwg
bjtf
bihk
nwi
bmkl
bsr
aqcd
bsja
kwh
mag
aorg
ajrs
bqvr
otg
syu
bowf
xtg
uh
bory
hd
ajbu
vhk
bfxh
afjb
kae
afgt
mva
blfp
cnb
umb
agpe
beta
aybx
bdwi
bpyx
bdnu
arpe
azhm
uio
bgwz
agvl
awsl
bdhi
alqh
alsk
aekb
avnk
bgyl
autr
tqa
awmk
nju
bocn
ayxq
cus
bnfo
bmsn
afql
aqup
atqj
hid
vgb
uox
bpns
brvi
adjv
atne
xge
bgas
aout
gpu
akdh
ikz
bckr
kex
qvn
bjoy
fek
cbe
absu
aosf
lc
apcq
id
wat
xna
hre
ayek
amhj
aqhb
poz
binp
aenu
aybf
aejq
anzh
ioz
azsh
ampx
vht
adbe
aqmw
auvb
bgau
ajyx
dus
axki
abyx
aiel
bivm
bfri
atqc
abeg
aoxn
axwb
biat
boml
tnk
sgd
aple
bhum
atgi
bqhd
gat
bpyh
kyh
ekm
brlz
afup
bedl
bci
bjt
awdf
ahxr
bmzj
bqyk
ahku
bgnw
hiu
ayzl
ih
bhwg
bfwl
bdit
auln
aob
aolb
zgy
belg
aijo
admi
bmyt
koh
beon
abct
abgy
hev
bced
bgqh
zdv
sq
fb
bamp
blcz
aezb
ihq
zpy
aspi
bsvm
aog
tfj
actj
ayjh
auyh
cyk
bjzh
biyt
aduh
bhzs
ajqg
bqet
acsg
anpd
axeh
bpnq
vpq
bmcw
bnzd
anfl
amhq
cdi
bowi
bapc
aior
tsj
bevs
aygs
rkw
ailz
sjm
dfg
asu
bhcg
bliu
axow
idn
ahxi
blfz
auhn
bhut
fw
brzx
axqo
bikr
ezi
wrh
rdf
kot
wcj
kib
itz
asqk
edp
azmp
azco
ipf
bakz
aqes
awuy
besq
cgv
aowm
almy
aemv
akvf
qkc
pdo
bfuw
swy
adem
apmc
pwm
bhsx
bkso
oip
bigd
bnlz
yxa
bmxj
kgp
hfc
dlm
bakm
blq
ygu
imt
blmi
alsy
brtp
ahkv
aqi
mzt
wfr
amjn
tsf
nru
sjy
asuz
ysz
dpo
amni
hkw
bdrp
atic
fid
nzi
apnl
nkr
back
bsxi
qcj
bgms
acpb
axbe
bkad
biyl
bizf
agri
bstj
bgue
ahxe
astf
beuo
thr
apml
bkdz
boam
asoh
wje
mki
ahlx
isz
atyf
pcq
awdh
adfw
avjo
xaz
bszc
wvq
bmud
vlw
bglj
aoyv
aoyi
ajuk
awny
aist
avze
cey
azmt
audk
beca
gso
adbr
bmlx
aope
yno
bliq
aymr
bkac
drt
braf
aevn
aeiv
badx
bpzo
axnt
bjau
aejp
yen
areg
aqew
zln
zky
bent
amzu
ius
atxh
shr
bmcz
rms
yap
bszf
atum
bnol
adjw
aegf
ayhm
bhgu
bfvl
gkw
awmx
huf
bhmw
cmr
bpwu
cnj
aupf
bwr
bdwm
afz
amwu
sjl
nps
zyw
bgw
bqoy
aklg
azsn
azyt
bjoi
rob
ahle
sra
avzt
bdax
blym
uij
sz
crf
oiv
bhce
agon
belh
blx
ynq
aqzv
dpf
syl
bncl
bkyv
tar
kin
end
bdiv
azgx
mgl
adfj
asry
apko
bset
bguo
tlz
ayoz
atwi
jpu
zfb
xyr
axzt
bdpu
aojc
taw
aqer
qol
bhai
fes
ayjk
cds
thx
aupg
ke
anyh
mcd
bkvr
lqk
ysb
qct
lie
bjmp
areo
bdkh
arbo
avyg
bgyc
azyp
inw
alfk
advu
jgr
anhu
bmev
bndt
bdkj
rnz
ajrt
akdx
bnpw
asdp
aebf
qio
bkzc
dqu
bgul
bsfi
niv
acfr
aeqj
bojq
bfpj
bmjv
bldq
agbx
cer
otq
aipw
bfzn
boji
anxj
adbt
cwv
ufx
bnvy
apnr
sze
adnj
hcq
xz
awnl
acdj
bqhp
jec
aznp
aoep
eko
ftd
erg
banl
bhny
bjfz
afbq
cag
qcr
avxd
iwl
iht
bfnm
clh
axid
bctm
arcn
iq
azgs
qpz
lcj
wvh
gut
lyn
bfou
muo
bpe
aqrs
aqvo
qlt
ayxf
aylr
ikb
bgzx
slu
ova
sjx
sgl
udr
abwu
anvr
msa
awmg
rwp
edz
nde
mbd
bdyl
xdj
egq
azig
rks
jyf
oyh
bfxe
ahwy
typ
biaq
arbv
ocz
bavi
cpb
bdzv
avdl
bmig
ahw
axsz
afjk
rtw
cvp
avfj
foj
aegh
bfps
afox
akoh
syh
abon
flw
aoxp
arzw
nba
aiod
kqu
bqjp
azjn
xib
tdo
ehs
blnk
fad
tqf
anre
azby
gpq
bqcr
rpd
bsil
ukc
iol
luz
adyg
wqf
thd
wnm
bmox
jms
mre
bgod
cpj
awvs
nie
apny
ufv
anih
anfk
tl
bowd
alfx
ndi
azsy
roj
auoe
abuj
pwb
bdhe
oi
befn
adbl
bjxa
axt
ldh
apku
rfc
adqt
bgvn
baks
xiu
nto
bdig
vqy
acsq
vtg
aruo
adbv
hwn
azif
ymw
amrk
qfy
ksu
avxc
gcx
lgd
sgn
amib
anjg
zxk
htx
vwz
bleo
aifm
anzk
wjg
zey
amwf
auhj
adge
auqc
axfj
yzs
fco
bczk
aqgm
aztl
xqo
awoe
wai
gof
uqo
lm
agus
blfg
lsd
brvj
auhx
bahl
rse
img
alng
bdaq
bacs
agzi
awzf
shf
snr
vie
ancg
haw
gev
bslv
jhx
aoqi
bfmo
alre
awh
afcn
uqy
nrg
bisr
astz
bgyj
akvq
bhfo
acbg
acdm
cpu
aewl
ysl
wti
ai
dhq
bqzp
hdp
aqtf
atfd
auos
pcw
ztq
cmw
lr
dji
avtz
ahci
jta
bsdl
bcok
bfti
axyh
exy
akbv
cie
aerc
hlq
aghi
aguo
puq
bryz
dht
aqus
qzf
fbp
bjfp
acik
bjfd
cda
bqvz
gyi
aexz
bkgh
agpz
ybt
afih
bqdu
cev
vkb
bmji
azlv
bzu
jfb
gqs
bftj
ody
atxl
tpk
abzj
fbk
gok
abqm
bihr
awj
fiq
apne
apik
vef
avcf
besf
amdb
uva
bfyc
crd
ays
bcvu
aptf
aojs
btu
apjk
wra
aibw
blnf
yfa
wql
bqkv
lqc
fku
alxm
bfev
ugi
agmi
iph
rs
gbm
brpk
ahrp
azkn
vtk
lva
gvb
brjy
aqzw
afwc
aoln
tuv
bgxz
balw
bcqi
gje
ajes
vmy
auck
suz
blts
ahmd
blgw
ra
ahiv
pjg
dnc
bczv
tnv
bqpd
alzw
qia
atbc
aoeg
xif
ajbo
htp
yvt
bsey
qfd
ktq
eis
oes
bqle
blkr
qyp
azgu
seg
aszi
qjw
qlo
bmq
agoy
akpv
amsw
bkpy
blie
hkb
bgrx
aspy
alth
bels
njk
egz
hfw
bld
thu
awbj
acom
zmp
atjh
afkb
azmb
aigs
ajgq
bpgo
bliy
bsfe
uir
zot
qmt
mrl
apw
wld
bnwz
brlu
blzk
ahql
bmpt
qf
atlj
duv
auzq
atdh
gdv
bhvw
bfgd
akds
ejx
cqn
aerp
ztc
pyl
aoke
zsa
aiqu
hif
aehp
bnqf
bixz
jlw
bpsa
cqr
pws
se
bomy
