variable_conduct
late_shelter
japanese_rinses
appalling_river
mad_airspeeds
crude_women
shiny_gangway
tender_lender
long_overlays
rear_mineral
incredible_stacks
charming_multimeter
sensitive_restaurants
helpful_oxide
encouraging_son
global_area
spotty_monoliths
great_kit
orthodox_rockets
real_drug
annual_distance
hot_throttle
distinct_ammunition
living_exceptions
valuable_conversions
soviet_batch
manual_top
worried_crack
known_number
adjacent_retirement
horrible_ground
little_pan
monthly_aluminum
sticky_texts
thick_flashes
large_lubrication
wasteful_plots
jittery_stapler
young_mineral
advisory_companies
endless_strobe
presidential_gap
medical_originals
reduced_seamanship
political_amperage
violent_rays
blank_figure
scared_cement
corporate_checkout
satisfied_sockets
rare_capstans
bumpy_cleanliness
hungry_aims
eastern_freight
ripe_station
wooden_averages
amused_certificate
rigid_molecule
multiple_significance
little_zone
mid_decoder
intellectual_lamp
helpful_tip
disturbed_humans
presidential_burglaries
nearby_coordinates
ripe_cause
extensive_junction
worthwhile_whips
tasteless_tour
deep_insanities
unfortunate_taxi
swiss_income
revolutionary_hems
tall_heat
practical_sewers
easy_salts
awkward_veterans
standard_mercury
chinese_friction
vast_arrow
quiet_prison
exceptional_sleeves
nervous_surpluses
harsh_stones
full_time_admiralty
obedient_boil
mad_stars
economic_line
skinny_finishes
many_payroll
dependent_conventions
democratic_region
healthy_health
favourable_second
isolated_agreements
living_plastic
interested_screws
fuzzy_mouth
ordinary_polices
italian_midnight
powerful_documentations
peaceful_comma
wicked_decision
white_wrecks
disturbed_hour
loud_brushes
ok_longitudes
inherent_guideline
fond_lapse
dry_couples
tricky_finger
purple_object
slow_aircraft
light_transfers
amused_moisture
lucky_equivalents
excessive_harmony
mathematical_blows
doubtful_forecasts
gleaming_nines
concrete_equivalent
initial_twig
significant_hoop
drab_instrumentation
handicapped_district
mushy_trunk
fascinating_acceleration
collective_formats
wasteful_initials
wicked_sonar
latin_aptitudes
violent_drawings
sweet_candles
western_parachutes
quaint_ores
obnoxious_auditors
odd_troubleshooter
tory_dears
foolish_tastes
occupational_torque
explicit_braid
dirty_medicine
neighbouring_transportation
renewed_hands
anxious_days
tame_intent
annoyed_distresses
neat_installation
radical_tendencies
stable_cost
allied_depth
narrow_initiator
agricultural_door
electronic_lasers
quickest_pier
honest_validation
unsightly_ones
mysterious_rule
alright_paws
intact_scales
nutritious_exhibit
terrible_coxswain
physical_ribbon
cold_checkpoint
satisfied_legs
great_tie
inherent_decisions
careful_play
lexical_bushel
thorough_trailer
sour_computation
inner_mistakes
fast_glass
rear_weight
mysterious_possession
simple_rescues
defensive_struts
regional_touch
toxic_plays
firm_department
ordinary_summary
joint_arrow
super_limbs
fun_stresses
opposite_crawl
frail_yards
bloody_platter
brilliant_employees
comfortable_regulator
loud_segment
outdoor_detachments
late_tank
oral_warships
hot_copies
outdoor_capabilities
wet_documents
significant_boils
precise_lee
wicked_soup
rational_wayside
broken_echelons
adjacent_oscillator
religious_fashion
powerful_workings
sparkling_lender
rigid_release
ill_lot
negative_gyroscope
parental_adjustments
unfortunate_berries
similar_deployments
anxious_tire
unfortunate_preventions
lively_rescuer
well_airships
immediate_tires
radical_flashlights
cooperative_slash
electoral_files
capable_screw
kind_trains
hilarious_shotline
adjacent_entrances
orange_coordinators
big_drip
square_spray
nice_additives
angry_spoon
chinese_peck
poor_teaching
european_gasoline
strange_wells
entire_lubricant
continuous_fireplugs
casual_steamer
melodic_machinery
ugly_peg
sticky_adherences
spare_compressor
active_propose
outdoor_idea
early_minutes
lonely_relocation
net_chase
funny_years
palestinian_labels
quaint_macros
working_hygiene
overwhelming_bather
embarrassed_hunk
regulatory_welds
abundant_union
nineteenth_century_gardens
quick_arrays
chemical_integers
british_forehead
likely_calculators
careful_bristle
principal_hardware
tall_meters
southern_wound
appropriate_firearms
nasty_waterline
entire_ticket
hon_entrapment
helpless_calendar
big_slinging
liquid_toss
hungry_attesting
ethical_arraignment
obnoxious_discounts
poor_wishes
mild_surges
federal_weldings
marine_intensity
innocent_rescuers
equal_condensers
military_hashmark
intermediate_felt
friendly_makeup
glad_odds
delightful_fishes
monthly_sash
hon_charts
immediate_width
roasted_cheat
quickest_lieutenant
related_recruiters
insufficient_listing
bumpy_dips
mere_pavement
overwhelming_student
quick_cost
unusual_man
conceptual_trades
zealous_helicopters
silent_solenoids
continental_trim
thoughtful_commendations
intellectual_door
satisfied_stuffing
exotic_track
concerned_portion
unwilling_housefall
shivering_suppressions
existing_tape
iraqi_control
geographical_ending
black_finish
shocked_coordination
adorable_flash
satisfied_warehouses
varying_mast
mute_nods
latin_paragraphs
interior_itinerary
environmental_overalls
repulsive_preference
nasty_appraisal
famous_categories
so_called_opportunity
whole_shave
precise_mast
comparable_counselors
free_operator
lucky_illustration
better_ropes
uniform_swells
steep_crowds
sparkling_fees
overseas_driller
polish_dials
helpful_cleat
lovely_excesses
registered_skirt
respectable_defeat
diplomatic_advance
flat_kisses
nursing_energy
joyous_drip
united_mitt
roasted_splashes
charming_condensation
medical_cause
significant_volt
long_blades
vital_railroads
gigantic_nods
sole_boil
normal_nickel
individual_evenings
blank_pencil
faint_capitals
splendid_hinges
inherent_fruit
frozen_receipt
numerous_benches
steep_splice
splendid_stairs
innocent_carburetor
loud_citizen
future_jumpers
historic_retrieval
latin_circles
fine_hugs
linguistic_teaching
static_choice
formal_reservist
ugly_turns
clinical_fear
sole_arches
german_chairperson
tasteless_steamer
genuine_liquor
insufficient_data
immediate_meet
sophisticated_pears
live_society
faint_programmers
individual_friends
noisy_bets
wonderful_athwartship
sexual_maps
electronic_buoy
asleep_glides
condemned_brush
married_tapers
monthly_groan
magnificent_motels
ordinary_dabs
welcome_voids
melted_verses
awful_positions
primary_damages
welcome_recovery
fiscal_check
big_helmsman
controlled_puddles
frantic_keyboard
funny_uniforms
judicial_highways
hollow_spirals
dusty_contempt
slow_jack
tender_prisoners
successive_supply
eligible_deed
various_load
big_sabotage
scornful_judge
little_location
mutual_bulk
right_emergencies
lonely_diagonals
ashamed_candle
successful_piers
complicated_july
uncomfortable_students
voiceless_nurses
expected_fan
fat_intents
damp_apparatuses
sacred_automobile
wet_averages
combative_fear
integrated_trials
noble_aggravation
selective_persons
upper_wake
wet_compensations
accessible_spikes
armed_messengers
mass_human
full_thirty
strategic_floors
ultimate_sunset
hollow_nonavailability
hushed_exchange
wonderful_road
standard_grip
brief_ticks
religious_blazes
unconscious_swing
strong_limit
experimental_davits
underlying_plan
identical_hills
video_taped_shell
grubby_cakes
eldest_assembly
well_known_purposes
closed_share
electoral_prevention
shocked_flange
royal_pen
embarrassed_submarining
artificial_shafts
opposite_head
silly_seamen
realistic_stub
presidential_highlines
aesthetic_boatswain
back_smoke
wet_crafts
occupational_cause
lengthy_hilltop
magnetic_diagonals
molecular_shares
hard_alcoholism
agricultural_turpitude
convenient_center
official_lamps
grotesque_heat
correct_swims
political_escorts
massive_insertion
supposed_courts
heavy_volts
islamic_sevens
arbitrary_guideline
quick_examination
spotless_removals
promising_battleships
economic_centimeter
stupid_trackers
mobile_overvoltages
steady_pea
capable_chock
managerial_mass
constitutional_hooks
wealthy_thermocouples
huge_thursdays
nervous_pole
controversial_valve
complicated_ration
puny_catches
unusual_loss
middle_class_conversion
immense_fixture
wise_nation
flexible_stuffing
dear_fallout
high_debt
fast_module
evil_acronyms
keen_modes
existing_prisoner
remaining_sill
motionless_basements
awkward_category
continental_ribbon
fast_flights
drab_bones
comparative_catalog
glorious_searchlights
early_facility
encouraging_screws
diverse_medicine
wide_leak
evolutionary_receiver
sparkling_hearts
remaining_trees
strategic_mattress
comparative_pushups
international_hatch
deaf_eighties
awful_readings
comfortable_notation
divine_equation
italian_ax
managing_streak
clinical_inclinations
giant_concurrence
proper_trust
light_cards
bright_towers
high_architecture
provincial_endings
fantastic_rap
reluctant_giant
organic_coating
frequent_flags
causal_respirations
panicky_possession
plain_auto
exact_panels
inevitable_sales
mad_puncture
deafening_fare
compulsory_lumps
artistic_savings
sound_gram
dynamic_tensions
intact_driver
forward_differences
colossal_patter
dying_docks
continuing_shocks
intellectual_coders
Sound_record
silent_openings
registered_respect
neighbouring_violations
thorough_beacon
academic_listings
joyous_cruises
boring_enlistments
gross_affiants
characteristic_warning
permanent_tabs
purring_guidance
rare_interruptions
wonderful_plans
musical_failures
splendid_laps
absolute_bearing
long_term_nail
tough_recordkeeping
good_stowage
nervous_delight
new_coordination
miniature_breakdown
red_demonstration
adverse_spray
sharp_knee
agreed_recess
scottish_chairmen
nursing_coordinators
homeless_swimmer
rubber_hub
stable_peaks
comprehensive_biases
distinct_disasters
remarkable_amperages
powerful_stresses
chief_rating
delicious_procurements
alleged_valve
content_chamber
helpless_rock
efficient_abuse
welcome_basket
philosophical_weight
progressive_masts
retail_senses
united_ribbons
terrible_radian
warm_desert
probable_sterilizer
subtle_cannon
solid_erasers
preliminary_removals
rainy_shields
hostile_accountabilities
jealous_submissions
shared_streaks
heavy_taper
living_space
beautiful_specifications
cheerful_prints
historical_east
compulsory_pull
tense_soles
magnetic_drainers
innocent_dials
registered_fetches
uptight_fences
colorful_advances
weekly_subsystem
prior_lashes
fair_democracies
mighty_sail
lengthy_submarining
compact_savings
tough_documentations
okay_itineraries
horizontal_jackboxes
thorough_committees
productive_goal
gentle_chit
manual_funding
extended_option
misleading_wiggle
ugly_requisition
foolish_regrets
stuck_spray
allied_brackets
canadian_bushings
occasional_expenses
uncomfortable_mists
meaningful_chains
genuine_bottom
select_petitions
special_hazards
criminal_cartridge
high_felt
chubby_claws
aware_fellows
dear_needle
brainy_buoy
printed_loan
registered_adherence
loud_dip
rolling_shelves
obliged_donor
strange_compressions
unexpected_solenoids
other_limits
ltd_file
victorian_pier
wet_peacetime
back_adjectives
supposed_hints
easy_pound
kind_differences
unable_impulses
wide_exits
chronic_ways
smooth_flow
wicked_deposit
fundamental_heading
crazy_controls
incredible_remainders
absent_paygrade
stupid_warship
traditional_trails
detailed_babies
nineteenth_century_hilltop
stuck_stapler
coastal_accountability
boiling_activity
witty_update
cruel_foreheads
vague_missions
desperate_beat
extraordinary_administrations
generous_bundles
well_known_mix
devoted_facts
blue_liquor
ill_swamps
stable_lapses
molecular_inventories
wrong_lights
experimental_bands
quick_qualifiers
shivering_realignments
colonial_misalinement
selected_cliff
many_bow
inevitable_weapon
thorough_entrances
fat_detonation
economic_bite
wee_catcher
colourful_escape
tight_neutron
elated_dolly
acceptable_drags
cuddly_timers
disappointed_axes
painful_insertions
full_countries
damp_attachment
general_admirals
tough_honks
fascinating_cube
yellow_colons
strong_heel
content_blades
resident_kick
whispering_quality
precious_bank
evident_engineering
wooden_blows
democratic_capstan
detailed_straightener
courageous_thimbles
secret_woods
lively_zips
sexual_abrasions
gastric_liquors
rude_capstan
relieved_pops
long_unit
graceful_firearm
tough_sweeps
distinctive_stuffing
invisible_chattels
red_quotas
endless_utilizations
immense_filter
roman_latitudes
sorry_operands
ultimate_continuity
splendid_bang
slimy_duration
technical_raincoats
damp_can
continental_marble
strategic_wing
alternative_government
encouraging_horizons
sad_expert
lazy_fours
sensitive_human
comparative_transmissions
unsightly_figures
old_ohm
double_insulation
embarrassed_logic
shy_curvature
original_mind
mad_breeze
curly_flap
mental_breaches
vivacious_things
reluctant_sponges
fat_statements
pretty_welders
grubby_prime
aware_pupil
orange_sums
unusual_autos
significant_games
innovative_towers
mild_major
considerable_effect
tropical_loop
busy_hoop
nice_efficiency
previous_training
final_launch
current_stamp
conceptual_tenth
harsh_bather
colonial_hoops
silent_continuity
dry_swab
sad_much
victorious_army
high_acre
near_processors
beautiful_pipe
relieved_challenge
static_transiting
dual_civilians
different_transits
commercial_cry
passing_realinements
estimated_hospitals
local_spot
large_scale_maps
smoggy_days
alternative_analyst
handicapped_time
hollow_products
broad_hopes
boiling_shipping
puzzled_marble
careful_discussions
satisfactory_milks
swift_amplitude
interim_days
eldest_percents
only_lees
crazy_classifications
supporting_commander
crazy_purchaser
roman_legging
commercial_windlasses
rude_detonation
blue_change
envious_duplicates
intermediate_giants
equivalent_purpose
exceptional_usages
tall_trigger
hard_claw
renewed_shipments
occasional_moves
welcome_interface
middle_class_highways
blue_july
convenient_cathodes
dry_honor
fellow_crops
prickly_loudspeaker
inquisitive_payment
fat_legs
japanese_pennant
magnetic_wound
clean_calendars
silent_runoffs
responsible_augmentation
unwilling_occasions
tiny_sterilizer
convinced_blades
internal_odor
plain_interface
elegant_habit
unique_elections
preliminary_processes
patient_clothes
eventual_abrasion
alright_amplifier
reasonable_rams
surprised_conflict
clean_missiles
temporary_nod
blushing_contacts
reduced_itineraries
left_liver
worthwhile_reader
increased_feed
tasteless_volume
joyous_groups
legislative_copies
wet_cells
tremendous_pulses
faithful_gage
everyday_rod
living_springs
poor_cliff
normal_rollouts
orthodox_surfaces
joyous_aim
fit_forecast
bored_mats
wooden_loops
real_loan
ok_zips
canadian_winters
glorious_presidents
careful_vehicles
holy_ceiling
partial_video
convincing_tomorrow
harsh_abbreviations
juicy_links
many_glazes
dead_face
overall_tire
horrible_slash
tame_baseline
dead_trunk
printed_carriers
comfortable_thousand
proper_pits
important_tens
soviet_commanders
ideal_landings
long_capital
entire_memorandums
essential_examples
firm_offender
annoyed_ices
coming_goal
marvellous_dividers
tired_tank
naked_signal
empty_kites
creative_shipmate
sparkling_cable
thundering_elapses
subtle_hours
latin_alignments
alive_chases
eager_misfit
neighbouring_insertion
noisy_fasteners
male_morning
quiet_starts
increased_mat
quickest_chimney
sacred_analog
statutory_stream
disciplinary_importance
okay_quartermasters
dynamic_representative
thorough_apron
broken_pail
legitimate_turns
modern_bracket
preferred_rides
melodic_arches
private_siren
economic_sip
compact_heels
tough_twigs
scary_hitch
warm_outlet
giant_barometers
costly_stones
dry_july
fierce_torque
vocational_photodiodes
remote_locations
military_seamanship
academic_codes
happy_jump
late_admiralty
awkward_sheets
normal_tenth
neighbouring_numbers
perfect_worth
delightful_reactors
impossible_fracture
unusual_justice
disturbing_prefix
lesser_engineer
native_notice
middle_class_accusation
witty_show
impossible_releases
excited_commission
high_pitched_tricks
pale_alphabets
scary_damages
voiceless_beings
lively_semicolons
evident_fold
rough_mists
simple_arch
lively_machinery
linear_diaries
glorious_drydock
steep_counselor
continuing_rings
juicy_pilots
dying_bail
straight_policies
huge_disease
wide_eyed_minority
perfect_bubbles
male_stub
wise_puncture
forthcoming_longitude
key_injector
realistic_spoons
polish_hoods
wonderful_air
loyal_closure
digital_gangways
rear_dollars
mobile_life
lively_plays
real_area
wicked_gaskets
calm_holds
rich_stock
communist_ammunition
linear_dress
itchy_capstan
enthusiastic_feeders
fortunate_shame
strong_fathom
brave_ice
husky_average
misty_overcoats
tender_withdrawal
grieving_shoes
visiting_midnight
interior_biases
early_chits
innovative_inventions
english_bristle
fierce_chocks
male_struts
curly_visits
tender_abbreviations
influential_hisses
comparable_rumbles
lonely_statement
successful_comparison
cautious_squeaks
smart_ideal
crucial_rear
cheerful_bends
unpleasant_priorities
unchanged_plane
exclusive_protection
various_displays
modest_detail
impossible_cap
chronic_cannons
cruel_status
palestinian_misalinement
electric_entry
shrill_engineer
valid_diameter
living_rule
tory_ribbon
isolated_cloths
jolly_indications
fluffy_acceptor
organisational_orifices
minimal_ordnance
thundering_marches
fierce_glossaries
useful_inspection
fluttering_deputies
wet_guy
continued_hold
special_meetings
severe_chairwoman
ultimate_primitives
greek_bushels
excited_submission
cautious_love
fast_cave
competitive_giants
plain_mustard
standard_skin
encouraging_points
civic_destruction
stiff_bunches
monetary_burns
wrong_deputies
preliminary_contact
splendid_wounds
automatic_strut
small_electronics
muddy_shots
long_magazine
low_dial
active_encounter
many_master
public_salutes
contemporary_hulls
damp_tracker
mere_traces
colossal_indicator
diverse_problems
outside_ambiguity
angry_galleys
elderly_stair
bad_specifications
modest_fuses
funny_call
straight_sense
bitter_misconduct
stiff_shaft
intimate_reactions
slow_jugs
olympic_crusts
icy_economies
fashionable_torpedo
dead_berry
sensitive_driller
shiny_plastic
rich_processes
old_fashioned_scheduler
intact_vibration
persistent_haul
dusty_utilities
afraid_prefix
uneven_stitch
excited_cardboard
hollow_vessel
clear_fleets
bloody_wax
mature_rinse
various_helmets
only_schedules
driving_preference
definite_company
uniform_consequence
slim_gunfire
shiny_pistol
assistant_compresses
preferred_canals
successful_pears
great_majority
static_aluminums
orthodox_cuffs
liable_bridges
good_paragraphs
moaning_participations
coming_blade
advisory_blows
blank_character
friendly_exercises
assistant_smoke
conscious_formation
inner_drives
solar_lever
foolish_diagrams
royal_slide
controlled_dependence
eager_alcohol
dangerous_overtime
comparative_sixties
loose_dedication
commercial_twirl
internal_marches
atomic_body
ratty_price
straight_parties
intact_buckles
estimated_attesting
compact_donor
calm_swimmer
cautious_petition
invisible_fleet
flat_discoveries
successive_value
domestic_son
long_meridian
sporting_halts
abstract_kits
initial_riddles
relaxed_eliminator
husky_coin
proposed_slashes
systematic_misfit
living_flags
thick_relations
ministerial_upside
novel_schedules
blind_tests
terrible_terminologies
helpful_frames
intelligent_priority
uninterested_interests
faint_kick
stiff_fillers
ordinary_brothers
poor_marbles
fine_public
maximum_specialties
easy_witnesses
tired_discontinuance
frail_guard
adequate_discoveries
rational_lane
disturbing_powder
odd_tree
super_slashes
orthodox_walks
japanese_feathers
evil_straighteners
delighted_promotions
premier_cathodes
valuable_fractions
innocent_clothing
quick_grasp
short_term_endeavor
friendly_leave
middle_class_condensation
ruling_leakage
ugly_ornaments
junior_hiss
low_start
actual_inclination
happy_generations
fortunate_warranty
alive_aluminums
rapid_chambers
marine_latch
urgent_impulse
powerful_bytes
planned_wonder
pretty_progress
boring_pieces
elegant_technology
gothic_manuals
dark_semicolon
flat_capacitances
cultural_auditors
impressed_cycle
boiling_affairs
bored_exit
soft_improvement
mean_decimals
considerable_returns
complex_reinforcement
electric_swivels
distinct_dust
lovely_math
helpful_receptacle
wasteful_picture
unlikely_wholesale
conservative_subprogram
beautiful_topping
rational_touch
russian_thermals
husky_blankets
colorful_margins
prior_interaction
courageous_splicer
interior_front
dutch_axes
brilliant_measurements
yellow_displacements
ill_pea
inclined_navigations
helpful_religions
video_taped_ceilings
feminist_accordance
embarrassed_nurses
expensive_requirements
ill_cleanser
distinct_fuel
residential_chest
absent_abuses
canadian_rights
isolated_vessel
strange_defection
diverse_suction
upper_initiators
crowded_levers
theoretical_slate
gleaming_contacts
busy_folds
correct_sole
black_lee
rich_nickels
helpful_pass
precious_desertions
driving_gas
pale_titles
mushy_chains
permanent_coal
forward_jail
irish_duress
new_calibers
wonderful_plate
grotesque_dioxides
vivid_lenses
shy_scenes
competent_raincoats
whispering_seasoning
beautiful_storms
living_clay
blue_satellites
binding_interior
cold_bottoms
fun_band
successful_compositions
middle_procurement
encouraging_harness
impossible_intercoms
acceptable_legends
genuine_velocity
frightened_crop
specified_processors
liberal_commanders
slippery_printout
wrong_inceptions
constant_aid
abstract_requisitions
rude_abbreviation
respective_tables
imaginative_inaction
foreign_september
naval_decoders
yummy_aircraft
ill_purges
depressed_stump
linguistic_afternoon
technical_subject
retired_history
ltd_lenders
olympic_troubleshooters
nice_arms
tall_umbrellas
principal_output
late_slaps
desperate_tendency
many_cruise
enthusiastic_bristle
mobile_surprise
comparable_schoolhouses
chosen_propulsions
varied_exercise
abstract_material
worried_coordinator
shocked_format
similar_silver
grotesque_illustrations
doubtful_possession
flat_minuses
dangerous_help
multiple_adhesives
judicial_swimmers
big_messages
subtle_outline
comfortable_cabs
uncertain_rations
israeli_thunder
accepted_gunpowder
delightful_prompts
increasing_compresses
exact_engineer
conventional_puff
sticky_schoolhouse
closed_deposits
unusual_hips
kind_defects
low_harmony
shiny_terminator
continuous_writing
spectacular_insanities
alternative_seam
flying_decrease
surviving_object
quaint_ride
payable_shoulder
rising_night
tall_total
shrill_striker
conceptual_rifles
conceptual_performance
secure_intake
reliable_trips
rotten_debit
mathematical_cement
super_representative
plastic_ear
ashamed_size
slippery_brakes
sour_daughters
new_magnets
minimal_hammers
persistent_geography
glad_streams
scottish_bowls
uncomfortable_loaves
wicked_folder
magnificent_resource
surviving_toolboxes
depressed_stators
afraid_models
philosophical_accountabilities
tender_maps
binding_trails
supporting_bar
cognitive_listing
tired_watches
wrong_minimum
gorgeous_burglaries
outer_glove
fatal_belt
elegant_decay
grateful_pupils
devoted_revision
provincial_compartments
concerned_subject
gorgeous_events
glad_refrigerators
strict_dollar
busy_options
furious_validation
fluffy_pair
sleepy_decontamination
radical_sounds
modest_half
protective_checkouts
faint_resolution
ill_laces
concerned_sugar
required_deployments
educational_touch
conservative_junctions
willing_boresights
eastern_world
tasteless_tap
eastern_multitask
traditional_photos
victorian_inclinations
separate_watts
critical_intakes
bumpy_being
critical_radiator
immense_velocity
casual_aim
zany_payroll
kind_setting
voiceless_ribbon
confident_analyzers
raw_ditch
teenage_feather
little_tests
soft_reports
big_certificates
independent_diaphragms
printed_designations
sleepy_fog
compatible_subprogram
helpful_dangers
korean_toothpicks
drunk_transformer
puzzled_drag
worrying_atom
energetic_public
lonely_recommendations
anxious_relocation
complete_assembly
rolling_shoulder
historical_dioxide
hollow_adjustments
cool_relationship
sound_offers
early_inventions
actual_respects
yellow_volt
ordinary_monitor
available_implantation
damp_link
married_servo
proposed_highlines
unemployed_admiralties
fresh_reenlistments
basic_harmonies
numerous_tendencies
mental_shower
different_implements
cuddly_plots
main_wheels
tender_abusers
unknown_biases
managing_float
slight_affiants
miserable_participation
costly_crop
dying_expansions
enchanting_terminator
perfect_tan
romantic_leaves
large_shock
ordinary_places
white_diesels
reluctant_connection
late_buckets
ashamed_codes
clean_flare
olympic_moves
institutional_candle
inquisitive_silence
varying_circuitry
fresh_bigamies
compact_sides
narrow_charge
impossible_gap
missing_thyristors
violent_legend
following_core
verbal_milliliters
striped_span
clear_calendars
european_finishes
naughty_messenger
sudden_screws
professional_circumstances
scattered_regulator
marvellous_cottons
alright_cements
glad_book
efficient_morale
nursing_railways
marvellous_credit
big_checkouts
great_nights
emotional_dash
big_wafers
rare_vices
ripe_misalignments
everyday_servants
disgusted_fathoms
compatible_makeup
awful_privates
corporate_weeds
operational_cements
verbal_heaps
modern_grants
overseas_hands
glad_daughter
conservative_bulb
rolling_surprise
full_discontinuations
worthwhile_oscillations
keen_lights
extended_duties
foreign_occasions
tiny_plexiglass
ultimate_multiplex
quick_allocations
unable_tracker
continuous_balance
bumpy_staff
unfair_appearance
weary_stem
loose_pins
mighty_bay
open_ovens
keen_jurisdiction
experimental_dealer
pleased_classroom
dying_warships
formal_drills
flying_livers
slippery_lifeboats
slippery_clearance
pretty_forces
drab_photos
tough_principle
immense_commitment
usual_locomotives
increasing_hoses
faithful_educator
ok_uniform
initial_grooves
ethical_performance
central_knob
joint_breath
regional_specialties
outside_quality
willing_eddy
mysterious_store
precious_sex
bright_electron
ultimate_balances
dead_circle
healthy_fold
bright_pages
legislative_pulls
black_salutes
hon_rowboats
variable_soils
supposed_branch
realistic_painting
favourite_oranges
curly_barriers
quiet_originators
mammoth_signalers
negative_steeples
overall_bunks
funny_bags
united_lightning
steep_flake
sad_missions
creepy_tubes
guilty_misses
intimate_overcoat
light_opportunities
short_petroleum
romantic_circles
strong_press
short_mule
cruel_extension
wonderful_blueprint
just_amperages
delicious_lips
mean_opinions
palestinian_propulsion
increased_apparatus
formal_acquisitions
lesser_researchers
accused_occasions
outdoor_addressee
rough_clay
tiny_polisher
thorough_submarining
rough_quart
hollow_dimension
terrible_ensign
iraqi_countermeasures
thick_workload
resident_compounds
fundamental_orifice
pink_transportation
embarrassed_currents
long_printouts
environmental_funds
nineteenth_century_anthem
partial_detentions
regulatory_education
comfortable_arts
furious_disabilities
outside_dangers
fascinating_accord
distinguished_morals
fair_cycles
vocational_average
nasty_alibis
due_schedule
tricky_eights
poor_meetings
doubtful_pilots
solid_fold
light_minimums
convincing_header
rising_tie
smart_brightness
unusual_cruisers
mathematical_thyristors
ridiculous_cities
cute_buzzer
running_radars
different_fare
proud_chests
green_interests
turkish_upside
native_spill
soft_discontinuance
damp_percentage
quickest_concern
uniform_lake
vital_helicopters
clear_violet
alright_shed
nearby_chain
registered_hazard
occasional_discount
marvellous_branches
dreadful_burglaries
profitable_play
good_feathers
crooked_visibilities
assistant_standardizations
distinguished_meters
famous_fireplugs
distinct_shovel
zany_call
chosen_recruits
icy_telecommunications
contemporary_boosts
exuberant_hum
central_grade
casual_carts
genuine_runout
patient_success
economic_hoods
wooden_president
ltd_nomenclature
adverse_accomplishment
lively_lifts
average_inferences
joint_paws
equal_instruction
united_cottons
gentle_guard
wild_saddle
injured_sirens
fit_plan
stingy_hilltop
universal_servants
alone_chits
protestant_deductions
real_end
crude_clerks
random_pistols
powerful_capacitors
damaged_rescuer
assistant_relations
handsome_bells
exclusive_okays
leading_matter
spare_twin
encouraging_sharpener
aesthetic_valley
dull_units
empty_courtesies
injured_managements
successful_discharges
intelligent_reproduction
reasonable_nineties
innocent_tablespoon
many_feather
collective_circulation
splendid_fishes
loyal_auditors
superior_attacker
deaf_maps
faithful_menu
dead_canyons
rising_floats
particular_automation
decisive_wire
acute_deficiencies
resonant_alcoholic
available_puddles
junior_shipmates
intensive_cone
appropriate_bays
defiant_cap
imaginative_toothpick
supporting_speeder
capable_radians
young_shower
prominent_breeze
victorian_tanks
political_guards
unconscious_flames
weekly_prompts
hungry_showers
unwilling_hug
geographical_admiral
muddy_trade
outer_nozzle
blank_nickels
clear_learning
upset_servants
defensive_breakdowns
marxist_fractures
long_commissions
calm_stage
elated_rigging
pleasant_nulls
chilly_rowers
diplomatic_spins
sufficient_desire
ratty_dealers
rich_columns
slight_component
spotless_commissions
confused_drunks
icy_resident
rigid_clap
shy_ices
creepy_schoolhouses
considerable_misalinements
big_qualifications
curious_assignment
mature_diamond
genetic_windlasses
mathematical_submissions
loud_powders
intelligent_signals
original_creek
past_sinks
intact_motion
sparkling_lungs
comfortable_reenlistments
motionless_hammer
wandering_tick
korean_solution
handsome_cans
doubtful_feeders
harsh_location
enchanting_cathodes
wasteful_distance
tasteless_sling
short_bullet
special_numbers
disciplinary_broadcast
southern_drunks
cold_memorandum
professional_journey
low_quarterdecks
compulsory_realignments
artistic_latitude
lexical_rescues
crazy_staff
screeching_bite
awake_header
red_schooling
brown_fiction
arrogant_listings
uncertain_vice
sad_concentrations
sticky_students
industrial_fellows
lazy_breast
direct_forces
dirty_threes
steady_operator
dear_attesting
unusual_batches
confidential_mothers
royal_doorknobs
mighty_replenishments
exclusive_blot
gigantic_handles
recent_garages
scrawny_drums
upset_dispatchers
bored_entry
individual_invoice
central_neutrons
joyous_deployments
Sound_locomotives
polish_negligence
blind_stool
scattered_lakes
prior_passes
efficient_horns
tropical_junk
used_weeds
unfortunate_disposal
legislative_discrepancy
controversial_secretaries
fresh_waxes
feminist_ink
cooing_schedulers
required_prerequisite
hurt_adjectives
fucking_pencil
funny_result
equivalent_interfaces
rapid_striker
simple_diamonds
just_pilots
stable_cent
remaining_oils
overwhelming_workman
cool_roads
motionless_loads
hot_maximums
gradual_chairpersons
cool_limps
frail_cuts
small_law
proper_chemicals
disgusted_distresses
jolly_sponge
ratty_picture
outdoor_strokes
elegant_sort
old_cell
full_time_weights
lonely_resource
quickest_delimiter
glad_dynamometers
miniature_cause
great_symptom
annual_evaluation
pure_residents
stormy_road
disabled_azimuths
fast_echoes
selected_commas
stupid_handful
good_clump
modern_relief
german_repairs
dry_presence
many_detents
final_platforms
unique_blackboards
friendly_briefings
round_poles
public_auto
impressed_oven
necessary_press
mean_component
electrical_sunday
sure_moistures
minimal_fakes
classic_glands
driving_aggravation
shiny_stone
icy_puff
magnificent_attachments
puzzled_office
intelligent_examples
dull_appeals
wrong_benches
open_precaution
busy_locations
large_scale_illustrations
previous_railway
commercial_alphabet
sole_leaper
hungry_pit
friendly_speeches
vivid_fasteners
developing_farads
subsequent_fishes
chilly_recruits
maximum_toothpicks
scrawny_hotels
evolutionary_tosses
long_buoy
rapid_thimble
active_stability
bewildered_disabilities
many_deaths
functional_amplitudes
premier_workbook
insufficient_plead
linear_tourniquet
peculiar_cough
jolly_property
coloured_watches
promising_kiloliters
okay_winch
broken_comparison
agreed_leaders
related_reveille
better_writings
diplomatic_transmittal
provincial_registers
stuck_leapers
nervous_batch
sympathetic_staples
broad_college
long_term_officer
compulsory_cliffs
willing_docks
tragic_inductance
shallow_floors
welcome_brakes
socialist_winters
increasing_candidates
silent_administrator
puzzled_failure
systematic_brother
breakable_swabs
disturbing_uniform
just_routine
wee_servant
normal_flight
accused_craft
nineteenth_century_commander
irrelevant_pea
middle_class_parenthesis
future_choke
linguistic_victims
level_surveys
holy_conductors
hissing_loudspeaker
slow_automobile
sweet_background
little_slate
loose_curl
strange_objects
grand_brackets
divine_multisystems
canadian_punishments
unusual_knees
autonomous_evidence
horrible_area
angry_ceremonies
classic_kill
organic_demonstrations
encouraging_breeze
ltd_weaves
entire_income
successive_focuses
unknown_gangways
ltd_nozzle
silent_sip
open_acceleration
monthly_deputies
chief_effect
legislative_dive
unexpected_splitter
soviet_dispatcher
perfect_whistle
able_pond
general_elapses
exceptional_tips
respectable_stare
interior_technician
large_alloy
ugly_funds
qualified_cheaters
tame_armies
full_time_forests
qualified_societies
labour_apprenticeships
elegant_transmission
handsome_pear
early_doorsteps
able_individuals
wise_village
silent_allocations
payable_cars
printed_deduction
known_exchanges
cold_bulkheads
tense_bands
grand_spike
secondary_circumstances
tall_quiet
absent_recesses
financial_recognitions
fatal_crewmembers
stiff_wardrooms
blind_magnitude
welcome_runs
charming_act
inland_boxcar
valuable_submarined
low_agent
amused_scratchpads
nuclear_music
testy_duplicates
innovative_settlement
strange_oscillations
marked_surges
added_collections
ugly_bins
noble_committees
urgent_compensations
eastern_fault
remote_cockpits
generous_entrapment
upper_pops
adjacent_drivers
famous_bins
spotless_carrier
global_counts
vital_workload
sure_messenger
agreeable_approval
bitter_tapers
constant_weights
disturbing_sevens
useless_prop
collective_stem
sheer_rugs
musical_litres
smiling_traffic
scientific_vents
scattered_marble
previous_honks
thundering_checkers
generous_spades
happy_stake
brave_demonstrations
filthy_aggravation
supporting_board
proposed_age
planned_acquisition
financial_value
everyday_freights
giant_tourniquets
innocent_missile
cute_brooks
white_segments
elated_apprehension
splendid_variations
uneven_theories
lovely_apostrophes
used_turn
arbitrary_propose
retail_necks
renewed_pints
independent_extension
mild_confidence
straight_curves
burning_circuits
round_exposures
new_backup
russian_organ
red_tasks
senior_sundays
homely_medals
mean_jeopardy
practical_choke
necessary_image
missing_agents
smooth_property
fancy_chattel
purring_beginners
chinese_thermometer
steep_list
open_hair
likely_shift
long_tables
voiceless_capacitance
loud_rings
troubled_countermeasure
furious_canals
surviving_completions
invisible_nerve
polish_reservist
tall_panel
forward_snap
previous_wires
novel_side
required_admirals
remarkable_scale
metropolitan_armfuls
surprised_commission
average_majorities
educational_skills
wise_parcels
functional_seasons
sweet_bridges
green_shows
blue_composition
shiny_depletions
green_catches
specific_saps
intensive_damping
desirable_rake
strange_warranties
multiple_angle
linguistic_sentry
modern_escape
terrible_peak
identical_pistols
expected_policies
wealthy_cupful
forward_works
dizzy_tugs
alive_emitter
proud_dolly
coherent_seventies
different_deal
live_bushes
productive_attitudes
big_primitives
respectable_mediums
faithful_chit
teenage_footing
inadequate_user
rich_cents
explicit_splashes
accurate_hope
artificial_addition
central_glossary
flaky_compressions
medieval_tin
hissing_nation
classical_confidences
global_offense
early_tuesday
raspy_crop
grumpy_comment
fat_saturdays
digital_jeopardies
selective_conjunction
determined_church
palestinian_sheds
angry_cases
delicate_pipes
confident_waste
polite_lines
classical_apprenticeships
responsible_verification
hon_crank
specific_breakdowns
harsh_desertion
overall_lungs
cultural_year
palestinian_discontinuations
coloured_cork
minimal_cruiser
missing_flower
shiny_grasps
swiss_club
managing_creek
tight_sap
nice_visions
marine_mechanic
excellent_kill
prominent_article
liable_durability
gross_advances
powerful_tubs
deliberate_tar
witty_observations
poised_attesting
shy_discard
vague_amplifiers
super_halt
happy_lightning
deep_technology
deaf_cracks
supreme_requirement
supreme_condensers
worthy_percent
ambitious_sugar
wandering_piece
american_contamination
absolute_feeders
eligible_software
wonderful_batteries
conservation_cellars
attractive_refurbishment
bare_city
brave_stowage
thoughtless_fan
violent_swivels
so_called_principals
faithful_cheeks
real_profits
average_hickory
personal_hygiene
regular_belief
minimal_modules
average_polarity
improved_efficiency
elaborate_folder
arbitrary_captures
so_called_energy
loose_facepieces
rapid_views
healthy_reach
coastal_sunday
wide_eyed_eligibility
toxic_subprograms
redundant_manpower
spare_balloon
dark_hose
closed_freezes
biological_burn
satisfied_heaps
strategic_egg
open_rainbows
profound_portion
okay_troubleshooter
allied_forecasts
mechanical_mailbox
symbolic_class
liquid_sizing
flat_windlasses
right_boards
tall_pistol
ugly_guard
legitimate_jams
proud_mints
chemical_allotment
scary_drill
usual_major
convenient_mind
motionless_morning
underground_sticks
wooden_relay
silent_figures
injured_hardcopy
married_transactions
sensitive_researchers
scornful_electrodes
past_aims
civilian_quiet
daily_pit
stiff_ejection
upset_splice
global_reactance
scornful_mountain
agricultural_collectors
certain_scissors
white_chest
cloudy_blades
severe_hundreds
global_swabs
faithful_depositions
shrill_vouchers
sad_tactic
fancy_knee
strong_humps
rotten_disadvantages
implicit_ore
crooked_paces
unknown_classification
fundamental_loaf
uncertain_annexs
prickly_sleeves
historic_peas
whole_files
smooth_ensigns
encouraging_flange
added_minority
occupational_stitches
uninterested_receipts
passing_terminology
grumpy_parachute
glorious_garage
other_canisters
dangerous_builders
blushing_disasters
parliamentary_drums
nasty_nozzles
sparkling_shame
supporting_barges
advanced_linkage
premier_libraries
combative_groves
coastal_employee
vague_treatment
asian_refuse
modest_strut
old_fashioned_shore
sticky_interfaces
beautiful_attack
local_peace
angry_bronze
medieval_kisses
imperial_tilling
shiny_flap
rainy_tendency
right_compliance
dry_ice
bewildered_laws
upset_mill
shy_antenna
symbolic_drunkeness
leading_swaps
protestant_arches
large_disciplines
german_diesels
abstract_figures
experienced_electron
formal_shadows
uneven_potatos
appalling_hand
magenta_sample
armed_fifteen
evil_nights
crude_bins
small_tumbles
vertical_chattel
greek_base
wealthy_educators
remote_shelters
causal_greases
very_blurs
varied_recipient
western_leap
blonde_haul
maximum_taper
combative_engine
ultimate_rag
empty_stoppering
romantic_polls
primitive_advertisements
unhappy_wastes
gorgeous_plants
qualified_spar
mobile_flicker
fierce_beacons
numerous_marble
noble_highline
misleading_anchor
ethnic_biases
worried_deaths
silent_coordinators
modern_top
public_groups
delicious_dittos
controversial_linkage
new_reproductions
expected_volts
anonymous_matches
favourite_formats
criminal_fashions
crooked_transformer
steep_combs
victorious_skins
voiceless_strips
appropriate_howl
integrated_certificates
consistent_linen
dead_screams
straight_star
homeless_alloys
helpful_jug
stingy_pilots
gentle_surveyors
unlikely_impact
agreeable_personalities
stuck_rolls
wooden_application
specified_decorations
continuous_negligence
smart_bar
used_meter
quick_prices
prime_wool
independent_rumbles
managing_adhesive
guilty_coxswains
slippery_jail
adequate_discontinuations
prickly_cylinder
disciplinary_wardroom
sudden_wonders
elated_spoon
historic_ceremonies
whole_haste
fantastic_publications
tremendous_closure
silent_embosses
compulsory_breach
prickly_runouts
absolute_enemy
sick_parcel
good_stream
zany_delimiters
profitable_cycles
creepy_packs
working_mine
curved_journeys
sad_strengths
successive_books
afraid_proportion
tender_semaphores
regulatory_soldiers
critical_ear
islamic_rowboat
labour_leggings
insufficient_september
right_stationery
shrill_decorations
available_mosses
deaf_operator
promising_swaps
central_troubles
misty_ideals
dry_reservist
eventual_clouds
gradual_bails
daily_wheels
wonderful_alley
tasteless_gasket
supporting_awards
circular_worksheet
plastic_gland
lexical_appraisal
worried_farm
crucial_sponge
jewish_types
happy_stool
envious_workman
stable_airships
agreeable_body
encouraging_couplings
uneven_nights
global_oaks
faithful_brooks
notable_burglaries
gorgeous_valleys
quiet_totals
evident_presents
current_reconfiguration
nutty_cause
economic_accusation
grim_platform
skinny_look
clear_rivers
fresh_plane
crude_carpets
constant_sunrise
dominant_leader
reduced_moisture
glamorous_publication
premier_escape
visiting_spares
australian_sunrise
high_remains
living_suppression
private_sets
sporting_copper
puny_alcoholism
comparable_capacitor
inc_computation
iraqi_particles
worried_loudspeaker
welcome_flashlights
combined_hubs
thoughtless_coordinate
flexible_abrasion
creepy_policies
helpless_salts
zealous_alarm
excess_citizen
operational_henrys
multiple_audits
poised_blackboards
tiny_oils
unexpected_investigations
helpful_mates
technological_gram
quaint_beaches
armed_winches
linear_lane
parallel_drainers
flaky_escort
lost_core
beautiful_cleansers
filthy_giant
patient_crime
accepted_gates
cuddly_minimums
better_goggles
static_ditto
geographical_butt
territorial_fire
shiny_configuration
creative_spike
outdoor_can
roasted_sod
allied_overload
experienced_walls
nervous_publication
annual_holes
plain_probabilities
loyal_milligram
mechanical_person
vague_revolution
straightforward_hate
sleepy_resources
fancy_procedure
vocational_market
eager_sticks
amused_holds
logical_initials
applicable_ceremonies
contemporary_nights
surviving_eggs
noisy_mechanisms
probable_claws
pregnant_convenience
thorough_joints
assistant_leggings
fuzzy_overcoats
conventional_breaches
labour_voids
liquid_lees
rigid_vines
medical_oak
psychological_ribbon
parliamentary_wafer
spotless_lent
impossible_coders
alternative_drinks
vivacious_mule
rational_contents
worried_adjectives
different_thins
impossible_rollout
everyday_decision
continued_wines
little_certificate
salty_observations
regulatory_stone
partial_overcurrent
surrounding_facility
fundamental_nines
rough_settlements
crazy_lard
anxious_cliffs
colonial_types
previous_blazes
obnoxious_chairpersons
annual_steeple
kind_projectile
lazy_accordance
rough_lenders
impressive_distresses
resulting_relays
mature_presumptions
hostile_executive
shared_post
english_weapon
bizarre_purchase
straightforward_standards
energetic_terminations
future_freight
confident_coordinator
ridiculous_shows
evolutionary_chamber
widespread_sonar
immense_sequences
obnoxious_greases
accessible_comments
cautious_bunch
artificial_back
salty_day
usual_tooth
intensive_report
urgent_kiss
conventional_investigations
exceptional_strip
right_root
delighted_drifts
live_construction
fierce_malfunction
fierce_propeller
thoughtless_destroyer
marvellous_aliases
eastern_candidates
cheap_positions
bold_gleam
complicated_projectiles
gentle_dollars
unacceptable_drydock
shrill_submarined
only_bulk
handsome_outing
distinctive_acres
abundant_sill
diverse_programmers
wide_crew
black_chest
light_batch
continued_facepiece
motionless_offer
fatal_board
ltd_vectors
related_generations
colorful_destroyer
religious_alphabet
sharp_briefing
tired_basement
lonely_varieties
immediate_rain
equal_piers
powerful_whispers
fair_readers
frail_stitch
colossal_apples
conservative_hit
isolated_assistance
natural_juries
visual_lane
new_reactions
rainy_shapes
crazy_decrement
additional_cage
central_workmen
bright_subtotal
occupational_apple
wise_windlasses
depressed_truth
charming_chaplains
tasty_injector
excess_freezes
light_bin
blind_cries
strange_trailer
long_twin
gorgeous_fallout
ministerial_compression
fond_verse
graceful_burns
probable_machines
selfish_deposits
standard_loads
international_constitution
close_bullets
estimated_headers
poor_device
victorian_vapors
awkward_cycles
strange_event
outrageous_initials
metropolitan_pairs
respective_sister
excessive_clerks
outstanding_taxi
injured_breeze
chubby_statement
happy_levers
short_version
patient_hangars
comparative_lessons
disgusted_grades
residential_runways
cooperative_garden
plain_wash
vocational_paragraph
automatic_fish
suspicious_hose
average_generators
swift_projectiles
medieval_squeaks
fine_tax
homeless_checkout
brief_bilge
female_ovens
blank_dye
clinical_moon
necessary_clips
complete_remains
conceptual_things
advisory_telecommunications
arbitrary_burglaries
appropriate_merchandise
weak_conventions
bitter_revision
thin_clangs
chief_student
lucky_specifications
linguistic_butters
defeated_props
good_majors
grand_auditors
expensive_mounts
huge_spring
satisfactory_stoppering
mighty_battle
purple_nation
hurt_dials
mental_connection
improved_body
noisy_pine
french_condensation
hidden_lapses
straight_thousand
melted_weed
particular_tooth
deaf_bond
Sound_alignment
bold_reenlistments
territorial_equator
logical_illustrations
early_disasters
wide_meter
dead_voucher
jolly_sales
disastrous_energies
alleged_difficulty
effective_case
arab_analysts
puzzled_circulations
well_failures
valuable_laps
exciting_swallows
realistic_math
brown_loans
profound_station
tasteless_curls
identical_drunk
constitutional_reams
warm_lessons
redundant_overcurrents
soft_daughters
bizarre_dynamics
decisive_slits
green_orders
efficient_spacer
nutty_dolly
adequate_okays
charming_acronym
social_actions
structural_world
marginal_warehouses
deafening_canisters
long_collars
social_occurrence
liberal_ounces
inquisitive_ammunition
elaborate_opposites
great_stripes
ambitious_laugh
rotten_prisons
empty_view
confused_humor
various_staffs
reluctant_hisses
flexible_sequence
comfortable_knocks
low_program
blue_quart
natural_turnarounds
illegal_documentation
double_nods
random_propellers
curious_schedules
ministerial_trap
minor_governments
blank_hub
naughty_strands
coloured_patrol
scary_polisher
inc_berry
big_quartermasters
robust_substance
desperate_launch
principal_motel
random_line
expensive_parity
right_august
remarkable_sling
registered_fabrication
busy_arraignments
unwilling_pans
clever_appellate
determined_restrictions
high_fountains
digital_forearm
top_investigator
domestic_chemistry
wet_checkpoints
super_ports
formal_fish
alleged_merchant
conventional_thing
comparative_navigations
prepared_thermals
secret_tugs
excellent_stretches
fit_ream
conscious_courts
pink_seasoning
corresponding_direction
smiling_bodies
tasty_warfare
adorable_acquisition
miserable_tones
redundant_azimuths
top_facepiece
cautious_silver
okay_wage
faithful_checkers
specified_retention
firm_howl
original_coil
russian_basins
productive_crowd
perfect_dress
straight_nylon
married_bubbles
ordinary_cubes
medical_starts
real_demonstrations
welsh_basin
neutral_strobe
managerial_sharpeners
hot_market
objective_superstructures
magenta_nations
unemployed_bond
disturbed_variety
uninterested_substance
mixed_privates
amateur_cart
above_repair
solar_punishment
ugly_officers
bitter_arms
excited_mounts
structural_pin
rare_detonation
unusual_choices
technological_sweeper
impossible_surplus
solid_stock
light_detonations
bitter_allocation
female_submarines
intense_hisses
beautiful_career
super_implementations
premier_offset
sympathetic_dears
harsh_bricks
australian_heaps
specified_file
payable_hold
asian_issues
intelligent_defenses
fascinating_proofs
hurt_manufacturer
quaint_churn
uninterested_possibility
oral_tag
amazing_neglect
intimate_leather
developing_sleeves
practical_help
industrial_tire
busy_harmony
pleasant_supply
short_dyes
rapid_shortage
existing_throttle
bored_comparisons
dry_selectors
rear_oranges
interior_rack
chilly_effects
intellectual_week
above_shears
reluctant_classrooms
moderate_knobs
worldwide_curvatures
