CXSW
BQQS
AQEV
AYYO
AUFQ
BUBO
ATFO
AASP
AQMT
AOGC
ATPG
CIZB
DESF
ADAQ
DBRN
DEMH
BKHK
AJPJ
ASKZ
DEUK
BDNT
CTZH
CKOM
BDIK
BYUH
ATWT
AABK
CCTQ
DISA
AECQ
ACHC
BMKL
CCWI
BBOU
CCEC
DECK
BSXJ
CXUA
CARK
DJTH
AQPQ
DBGC
CXFY
ARUJ
DHTE
AQFS
DCOE
AYMG
CQMR
AZSX
CWRB
BWKQ
CYBG
AFTV
BJUO
DABM
DGHZ
AASF
DCAL
ACSW
DCWW
CKIO
CTVJ
CTIT
CZGD
ADSK
CUSE
AOXT
CYUX
DEUV
AWLC
BETN
AVMV
AZRS
AASX
CCJA
DFQS
CYRT
CBIG
BARN
CFMJ
BTBG
ABSJ
CXMU
ADIW
DFQL
CZXD
CAHU
AETC
AFFE
CVPS
BDTA
BLGI
DDWG
DAWE
BDTD
CHVI
BFSO
AYVA
CCRX
CPCF
BBSE
CMSA
AJER
APID
AHKR
CRPW
DANF
ARYN
CMJP
CSKL
BYKN
BSPD
AJXJ
BSHJ
BXAF
AGMQ
CGOK
CYTI
AZWZ
CCLJ
ADWU
AJVX
DEAB
BUMN
AVEK
BAEA
BDFK
AHBK
ADAH
ADFG
BNNA
CUHX
CNPE
CLQO
DHIJ
CYHQ
AFZI
BTVJ
BUPG
CHHH
BONV
COSW
CYAG
BEZR
BUOT
BDCD
BXEZ
AFYP
BGIB
CPRC
DBSQ
BCSN
BESV
CQPA
BGGI
BPXU
BKUO
CCWW
DEYA
BKOT
BTPG
CGGH
AGZB
AJPG
BHXS
BMAZ
CNLO
ANYD
BWTY
DAUQ
BDBL
BTRT
CMCU
BSND
CNDU
BCUK
DCFC
DCJL
BEIE
CFSX
CJLI
CWEG
BNDY
AYHO
ARDK
BYMO
DAWV
DIVP
ATJG
AEVY
ATEZ
BNEN
BMIN
CVEF
BXCC
CSVE
DBOS
CXJB
BRWF
BHYC
BYCR
BXLE
AGOZ
CYFF
AAHZ
BTJC
BEUH
DBTI
CVDS
BMAI
DDQC
AFBU
DBQQ
BALM
ABHT
BFAK
BBYM
AWFN
AOLC
AJFN
AIPF
BWOD
BGXN
AHWK
BSIG
CZBO
BXUD
CWVY
CSXS
CYTJ
CMRI
ABJG
BNNO
CNFP
CXQS
ABSH
BJTR
COWA
CRMC
ADZZ
DFGL
DDNJ
BGTQ
CUWV
DJSA
AZHS
CPKV
BWRU
BNHD
CNGN
DEZY
BQQE
BJDQ
AKAI
CHXZ
BYTN
BPIH
CDMX
BCRU
AEFU
ACQJ
DAEM
DCHE
ATBQ
CUVU
BNDR
BWQB
BJHL
CJBZ
BLBB
CUZN
DDFX
BWUS
AFAM
AWMR
DJAW
AFVG
AZDJ
AJIW
BDUZ
BYWD
BLZD
BJRR
DIGK
DAGK
ATGM
CAFX
BPKE
BVBY
DEGY
AFSH
AOQD
BWFU
BXZS
CXHN
DDNN
BTJM
AWQH
CNNC
AYOE
CAWF
CGIJ
CRVP
ADTF
BBNL
BGDQ
ANFS
ARPA
BVCL
CFIU
AXFQ
CZPU
BIMK
BYCT
AZAM
CQXJ
BNCM
BXMV
BZGO
CVOT
AQZS
CKCP
BHXW
CMGB
ASOG
CKTW
CBRC
AJHK
BIFO
BSYH
CLGK
BEVW
CKVD
DIZV
AIVV
ARVW
AGRP
CZKE
CZUW
BFAX
BQJW
APRB
BTCX
BWNJ
BQHM
ASIQ
AJUI
CVZG
CFCH
CGZH
CYPJ
DFDC
ADPB
CWYD
CWLZ
BGKX
AQHD
CBYA
CFCU
BIRX
CSBU
CBPH
ASIS
DGKJ
AHFN
CXSS
CRNH
DGJR
CYQR
AYJP
BBBB
BWHE
BTDU
CDDI
DKJV
CYUL
BBTJ
CZOT
BFQL
CUGD
CAOR
AGWM
BQPW
CFLN
CRDO
BJRS
DGKU
ALMF
DDEJ
CZLM
ALHN
CZAY
BPID
ASRD
APCB
BQDR
CZWL
BITJ
CLIH
CWHR
BMYY
AEIJ
CPZV
CUVR
BACV
BPPN
CGTJ
CZKC
CUXA
AXPJ
CUYS
AJAQ
AHKG
AZCQ
AZBQ
AZEX
AXYZ
ALAP
AYMY
AJLE
CLMB
DGFE
BMZQ
BMGW
DCXJ
CLLJ
BZZS
BEET
ALRR
CDKC
CIMJ
BVGN
ADQP
BTFJ
ARSE
BXLZ
BOZM
ACML
BYCZ
CSGB
ALRZ
AFSQ
CLTV
DKTI
CZFQ
BJJC
BVTT
BIKV
CIFQ
BUDW
ABVO
DEMW
BCKO
BBAB
COOH
DHSK
CSQY
BWES
AHSA
AKGH
AEQD
DEQO
BAWL
AUGM
CIQN
DARN
CDHL
DAPE
CFTK
DDQM
COZT
DILW
AHQM
BVAF
BJXW
ANUJ
CZGP
BKHH
AKTM
AQPI
DKPP
DFMZ
ARBR
BSME
AKRY
AHVK
BONZ
CRNI
AMFF
CYEN
BSVZ
AVZC
BPIL
CACY
BKPL
AGHE
BECU
DKOO
BTIR
DISR
CWVR
CXKT
BOTZ
ASAK
CXRJ
BDLP
CNVM
CMXO
CTWP
CDRX
DGNT
CKLW
AFPK
AJTH
CRTC
AAYR
DFHJ
AMYI
BNSZ
AGNT
CKTP
CNUV
AIQI
AXGF
BACF
CWBL
BQKS
DGCX
BBBW
BXLM
AGMP
BNYU
BJDN
AMQJ
CBLQ
ASYV
DJFY
BSXK
BAAV
BTVM
BWPE
DFIJ
AMQH
CQGT
ATZF
CAXL
CXRO
CGHD
CVIY
ASFU
AMPH
DHEL
BVXD
BQUU
DGSM
BAVV
DALX
BPNS
CVKR
ACYR
AILG
CHIV
AUMC
CPOX
CHAR
CZDA
BOXJ
CEOV
AEEP
AQCP
CCIQ
CHYK
BSLJ
ABAX
CTMK
BPQI
DDUT
CENN
AJMP
CMGX
DJIB
CRHK
BUQZ
CZVB
BNXR
CXWC
DINE
AJNO
DDHZ
CEZW
BDXI
AART
CYHN
BVTM
ANKO
BMMZ
AKBG
AHVB
DCNV
AWAW
BMQH
ADOG
AFEO
BIKB
BUTN
BKHO
AEQF
CHLQ
DJEI
CHRV
BFUH
BQWW
BJWM
AXXV
CAVB
AYLP
BCWB
BSPP
CNXJ
BRMZ
BNDP
BWBE
CQEW
BRIQ
BNKA
BEUO
AOEN
BYFM
AKVV
BZKC
BQQM
ATPE
AQPW
BCIH
AOGL
BSNB
AJES
BGRK
BOCH
BTTW
BNUL
CUEX
BPEN
DFYQ
ALDW
AUTF
CNFF
DFDU
AOJE
BAXM
BQZZ
CTBF
ABSY
ASUE
ATWJ
BCTA
BUON
AKGY
AZSM
AIDI
AQNV
CDMD
CIZX
