KOZ
KOI
JzK
LPn
JXr
EKc
IMR
EAf
Gxu
KQN
EjJ
KyJ
VN
QI
AkF
IA
DhX
KIx
AdP
Fjq
BRu
KwV
JCh
Gtc
Hha
DCN
HUR
KhB
IDe
LOH
EGU
ADP
LDi
Gu_
AMB
EmY
AIn
Htr
ITq
KUh
BWB
Kjs
HCJ
Hok
GMe
LKW
UP
Gfi
IaP
CJT
FIR
AGT
B
EZR
Biu
JsA
hm
EUS
LUz
Ibo
HM
F_S
AUA
KTo
Gpo
HT
LBe
Kc_
LFl
Vt
EeC
AdH
LFk
EuE
QP
KaE
KKO
ALs
HVo
GCU
KiT
AVl
LOm
G_v
AJn
KcN
KdM
FkI
Anr
KXj
FVi
KmW
WR
BvP
Bae
KQo
TG
KiP
NQ
Jl
IjK
GH
KbS
BFT
lQ
Am_
ATv
D_b
JGM
JiF
BGX
KDD
GvY
Aaw
LOc
KHz
FUR
MU
Eui
Aoq
FVy
Qz
KKU
FmS
Khl
gp
LQu
KRL
K_q
Ia
Gyl
Ezf
DHy
KlR
Kkt
Ckh
AXs
Fmf
JWx
AYH
rn
Kww
gX
KSN
AXT
AWV
LMH
Hka
KwN
INn
IDw
KIs
Ggy
Cfi
AUX
KDH
Kiu
JrU
JBm
KS
LMS
Dkr
AIp
CRT
LOX
GXa
CyG
COf
JLz
KKS
Jwa
HiP
JpF
GKK
EVT
HZZ
Fyp
GT
AJp
yI
Kho
Bdu
KKe
GDt
Kgm
AI_
Y_
DD
DIa
JfS
AtQ
Byp
GDI
Ahh
GUw
bh
AFC
JbW
HVe
AmC
KRM
Jif
LA_
mj
CZw
KQp
qb
_r
EdY
CP
LOz
yU
C_v
DVx
Kxk
JrA
TA
AFa
DyT
ACP
LJJ
IdW
hL
BDP
KFv
JSS
Kzy
GpV
KeU
ISh
CZQ
ICc
KWQ
DIh
KMK
ABr
QD
LDZ
KTi
Jmy
GnF
Jdq
ECM
KVd
Jmp
fW
KqF
Bfp
Gmh
Gdn
KxN
Cdd
FOu
NH
Kja
Aid
nD
Krf
KlG
Klt
KCx
JST
GSs
JZf
FpB
vE
KOp
BWq
Kpc
KWl
LHk
AOi
KvW
GBc
AVI
KcR
KxR
FJR
AcK
KSZ
KPl
Kgf
Kmf
BnQ
Fsd
Lb
DQm
IOe
HaH
GIZ
DKp
bq
KHW
AOr
Bqk
CoX
KjJ
KIQ
Dgy
Eii
ITy
APJ
ARO
LSD
GTI
bR
Icf
JJg
HSX
KGV
LDC
GWr
AIb
JsD
Ti
Ccx
HQT
AZF
KPY
Dft
Ahq
GwU
JoO
EH_
FPK
CEr
AVR
Ade
Dqe
Ai
KI_
DvK
Ksr
DrB
tB
HJr
BXN
ABV
Azg
zs
ImH
CHi
KGS
sR
LFR
FOx
JML
FYg
Bwc
JAV
HlC
Pi
Hvu
AmU
HGf
cO
Knh
an
Amx
CGn
Jss
AFs
KLM
Sp
jM
DHD
GAI
IH
CAY
gE
CZC
LNg
KZF
KNp
KVE
zu
DbL
LHB
Evs
LJu
EzI
G_G
JNl
GGr
FxL
LLy
gx
Jji
GBv
OM
Jrz
DAK
EEL
BQS
Kri
AfV
AOd
Adw
EDf
GyE
IcR
KFW
ARF
BvC
Kxh
GkA
Dnw
KDJ
Aql
LDg
CSn
KJZ
ItM
Coj
FKb
KpS
Aqi
BFF
vB
EPW
Hxl
LWN
EIr
Dqv
JYv
uR
dn
JwJ
F_H
LCO
Hoo
Kjm
FJ_
Dh
FjX
JwR
BZn
ASe
Jjz
KhC
EJs
LMC
Kvx
CNv
Jj
JpY
KAD
LSQ
Dik
Amd
KiN
LOr
AU_
LFi
AmY
LVx
JeK
Jk
ArD
GPK
Joa
KP_
JIi
Gta
FaP
BRc
Hsl
LVI
GjL
BcW
Gn
JGA
Hq_
Xp
Ibz
AZr
ChO
Ins
CIj
LVT
APF
CaO
ip
GAH
ze
Avr
EDE
ADd
FQf
Es
wF
EXD
JZo
IQH
Edv
Jdu
Bgq
KeT
KZT
KYq
Jsm
BqS
RF
LLO
Kow
Krb
Kwq
Krp
eJ
KyM
AiF
wc
ARm
FgS
if
KUk
EHh
nX
AJL
KLs
HUo
JiT
vi
GBh
LId
Goy
KOU
Elg
BMA
ESy
ELT
KBa
Kf_
Cru
KAZ
COW
IUq
By
ABd
CFV
KGu
Cwn
KKH
GiM
AZi
IDm
Fg
FYS
EEm
ALh
Cxv
Se
Xc
gm
KLf
KhM
FRp
JsZ
Bds
DPo
Bla
Keu
Iqb
LPk
JjO
LEO
Fjm
JOV
IHT
Ajh
KQV
KTw
BTY
Cqx
JlN
KKw
I_k
KnJ
sD
BMl
Ky_
AA
KSs
JRH
Iti
KRo
BFY
Kos
KaJ
B_B
Dvl
Jkn
hE
GeA
EFl
HQS
Abe
Bnx
KLE
JIC
Kpi
Ehc
OZ
JIA
nd
AlG
JaC
Kax
DyC
FzT
JvR
yK
hz
CyZ
GeY
DgQ
KIe
EqL
Ey
xI
Giu
EzW
GmW
HuA
HDw
ks
ALe
Fmw
Jjw
KtQ
_L
HuX
sd
D_A
ju
HYs
Ahz
AOf
KgQ
WU
FAx
KmT
GIy
EBs
LET
Erg
Hij
KxM
HJz
ak
F_G
DWS
Cen
DXk
KfO
HHd
LAH
KTu
AJB
Wc
LXI
KWO
Me
Ets
UL
A_Z
GpA
KvS
LGC
AXC
KBw
AcC
AMi
LUH
JyW
KUf
Jxl
LGS
BEI
AkB
LDG
A_c
EKW
ALR
KBG
If
JyR
JmB
AtB
CTc
KZr
LUY
KNJ
B_C
HnV
Jir
KUp
KmR
IED
JuG
D_G
Aig
Anj
JpJ
CWG
yz
HgR
Bca
Blp
APS
Dtf
AjJ
DwT
Kyj
AZp
FfR
KRR
LGJ
LHM
KXM
Kr
AHY
IwL
Lv
Ibs
LXO
JoV
AkH
vd
Hyk
LFX
GyP
LKw
ADz
KzN
LRs
AOn
AFR
FAI
VD
COr
AQX
Atw
IiY
LGP
Hyj
BNk
LHJ
KTS
Xo
KXT
KrX
BqI
LMh
Kie
Agr
AkA
KLC
Aea
_N
AFS
FxA
Duq
AQw
jE
JyD
CxY
AeV
Jtw
ChP
GzB
KGz
Jxh
AWd
LCt
KNM
Aeo
BTs
Hux
al
KQr
FdI
Evx
GIO
AIk
CHB
BkL
Jaz
Ew
GZi
Jxr
Qf
CEe
Jee
DPg
KIt
nK
HxG
Kap
EqN
JaG
Jve
Gkt
Bhf
Dmc
AaU
Kfn
ARa
IXE
Aiy
Kef
HDk
CBw
AJV
KEP
KPP
Age
ax
Kqa
Hmz
LIt
HRy
KSH
cY
BGS
IGw
Axy
KiY
KAh
Jur
GIM
A_z
CYm
KYS
E_v
Dzn
nJ
KBn
KXZ
LFb
Cfs
DIF
IS
EVb
iq
Bus
CFt
AYT
K_G
Auv
EDA
EZZ
AOU
FDY
cN
_z
EbG
NZ
CEv
EdK
Kyf
AIS
iE
ABC
MD
JX
AaK
KOV
KHw
GEW
DPU
IWP
LGb
ADX
AYS
_D
I_T
ME
AUo
IcQ
GQm
TL
KQZ
KKz
Koz
LE
Aat
KPs
JrC
Ers
Hl
FTg
IvN
IeU
Te
Kpb
LAS
DfH
JXq
Fma
KtU
DET
Btc
KBO
Duc
JyE
fA
Fuf
GYm
CSS
yC
AFg
Ixy
GnH
AIU
JXO
KBr
lY
FpQ
KJQ
IrI
KLT
FCz
FVk
Jiv
KPS
ZI
LPf
GbD
KUm
JxT
lO
JNi
DlE
z_
bA
CSo
Ei
Ktr
KcT
FDT
GAN
HPK
OS
DMD
IKd
pd
LPV
Ffz
Ty
oc
CAi
Kkl
VT
AGO
Agj
Iu_
ArW
AEf
kt
JRj
dM
Flo
HLQ
KZf
Ha_
EEZ
Dn
LKf
Jpi
DuV
KgG
GnV
js
AOv
IjX
JPs
CWs
KBA
DmW
EiN
Zv
BYW
LIk
HJk
Jtx
LMX
EcU
CP_
Ry
Ag
BAG
DdR
DSz
EJn
GrG
Jcc
Egl
C_
Czy
Kge
AmS
Frz
KzD
Gg
KhN
GMO
tt
GUY
AXc
KeG
LKy
wB
_k
AAl
HxE
ELh
DAN
DeR
JjZ
JBQ
EJk
KqY
KlM
HWT
A_j
AID
LTu
IOK
Jyu
Dzi
Dja
Hbs
AhF
Khm
Gei
IyK
BXX
Chl
AKu
Kcp
KaX
AHr
APH
LDb
JfM
It
Jfq
Idc
BhD
Kbc
IB
Fv
KQ
Hxz
Kyd
Clr
lH
DHr
CgV
IHO
GnT
ARY
KMn
ot
Dki
Kjj
AeE
BOW
GPe
CHv
wk
Kkf
Jnk
JyB
GPg
KOm
cZ
AWn
KmM
Rw
ILF
IeW
Amo
A_m
AOK
IrK
DeZ
AXm
Dxx
SZ
HmS
KvC
IDY
AB
KHv
JtL
Ajs
LUn
CKf
A_s
Kwc
JwO
FNs
IkI
ARJ
AOM
CVT
COP
BtH
FSn
BT
DyV
CYn
LHS
FxT
Rg
AEU
HKC
ZC
Ctv
CbY
HMb
BCr
rV
BX
Kv
k_
Ggm
Drl
Jor
ITr
Gvi
Hgh
Ayf
Fpg
BYL
FIf
AfT
GsY
AmG
AzV
IOZ
Cz
BAo
Hmj
Eut
GJU
Ecv
Dqd
JMU
BoR
JFQ
ABy
FUX
HVH
Kfh
Xf
Pl
BOx
Kxp
KDg
LIY
AbY
KW
_M
IeZ
AiK
Bdt
Ct
ANL
CcN
Dw
ClT
Kxq
aS
Hxv
Mm
AQd
CxA
APT
cW
KS_
rv
rO
yY
KsD
jk
Bkn
AGg
HIN
JmE
DJK
Gcc
Sl
ASx
GUo
CLu
IDh
BmI
LWj
EAV
Gl
HrE
EhY
bd
JPq
AnC
XR
FUt
CLT
Fxa
LKI
a_
Cgr
ALk
AOw
JmA
KEV
KKv
AZn
LVG
GBs
Jll
AIF
kE
CfC
JxU
KcU
HPW
InM
gq
AZg
JtU
F_C
AFX
DJy
ri
Wp
FiF
Gmb
hY
Hig
Cxq
BgW
CTd
Kig
ALt
JtY
Sf
Afr
KhJ
Iox
wR
Jqb
KCg
FRy
Drs
ATR
LHo
Cnz
DZ
LSi
Iqa
ACG
KZK
IWU
IOp
HL
KsE
Krm
KuY
AED
FWK
BDg
FI_
Cco
KHZ
pE
Jij
ICk
GV_
KaI
AHR
HXE
Acy
Rp
Bqi
BNL
Cqy
EaM
Gpn
Agk
KPn
KBV
CLL
Aca
tn
HBc
CIC
aE
BW
KkF
Cbx
D
JiL
Kjr
LQg
AHZ
IBQ
Kzf
JN
CND
Jka
JSW
Jkl
IPZ
LQy
IFc
ACr
EAY
HEU
JTH
GHG
JCK
KqU
KmB
FdM
JeO
HhD
DBR
Hlv
AlE
ACa
KEH
vn
LHy
Kdx
ADl
KrH
GlE
FPx
ITJ
A_i
GvW
LOl
LFI
FZe
LKx
JTS
LGj
A_l
Bl
CVm
HpT
KoU
KpQ
Ayo
AeF
IcY
xh
LKB
Ml
zM
Kj_
LG
KzZ
Hmr
LMr
Esd
AFV
CGK
KFC
KKJ
FfO
fj
KiV
AcQ
Ghx
jG
DVu
BJN
DiJ
AKq
EDH
AOP
KXh
Au
AiO
IzG
FDQ
GDY
JBG
KeW
AqI
_m
Aah
HMZ
Cal
JB
FAZ
AlH
Jwu
Ayw
HVE
LEQ
AEH
KXL
LU
JoA
FDC
Jjk
AYi
DPl
HOs
AnA
GqS
VF
GZx
LXC
JIH
Kde
LTA
GW
JqO
KwF
Jmr
Knu
Yx
Klp
zN
LXE
LWp
JmF
KGh
KSS
KyR
CyC
AaG
ASo
Jue
HUI
Kpl
jQ
KTG
Azn
INy
kX
ACU
kN
K_P
Dk
AW_
ARI
FAm
KMW
JLn
AKi
HeV
Goo
AwP
LRD
x
AWg
KBQ
KgP
AWB
xd
LSf
EwL
pe
HR
wu
Dvv
Ewm
GPR
Jnl
Dct
IBi
Hwr
Krd
DuR
KaG
BGv
Jsu
IMl
Bww
Kuu
JnN
KIZ
Cox
KxW
LNm
JxI
LLP
Kg
EFE
Jop
CaX
GOI
iM
JpC
AIg
ABb
AHW
G_
cy
aH
Ale
SO
CYO
HPM
ABK
KbT
HQ_
GMg
Ahs
KXf
Gmx
Ejf
JVR
LCp
JhW
EsI
DWP
JrJ
FaG
IKm
DkT
DHk
K_d
FNJ
Oj
KPL
KPU
GGh
JUv
DCF
JuS
Jtt
Idm
JlG
KrF
gL
AWP
KmC
RX
KXg
AIj
JTd
KPW
tP
LFS
LWz
AFx
HYk
JAp
KSl
Knk
DLQ
FUd
EnV
IrL
LNN
AgC
Jph
K_r
HVj
AQW
Kxy
CAH
DO_
AAF
Eza
AAk
JvI
KJ_
FVb
LHu
GDM
DZH
Yi
EH
Eqy
JxC
GNk
AlW
CRz
AJJ
VQ
KCw
Acf
AGU
Kvg
_v
AXK
Adk
Ob
Kdw
zW
Kgo
AhH
LSM
KZM
vR
Kou
KZG
LVP
KKE
ERA
IHB
KBz
LL_
hl
JwZ
El
KSb
CZL
KrU
KPM
DgK
GiU
AmI
ACE
LLh
IBa
nR
fK
AzK
JbH
LRH
AZt
IYP
Jya
AXQ
EDC
KNf
ASs
cU
HpW
KZg
IID
AKp
KFz
KdF
KSi
Hxd
BuN
Ggd
KCC
KCh
Fdo
CBt
Dwa
XD
Ewb
Gdr
Kwj
Elh
KDS
KMa
LWM
fU
KHE
AGh
DoF
CqI
ILv
Ack
WG
IwK
Hm
KNs
FIB
FCP
FEW
DiA
IQX
SU
LNy
ACm
KaY
ZY
Fnw
kh
KbN
CU
E_K
Evk
JnD
LAA
ATG
BQm
EXQ
Knd
LEq
JzT
LFf
GNA
EhI
_O
Kun
KyU
KZB
JDO
AH_
Ahu
KUj
LMM
kd
Fr
KFw
Gxa
CGq
iX
Kds
KqT
dl
ABR
AYt
KM_
Jpb
HRF
Jjy
Afs
cq
Aaj
AWO
LWB
ALj
AVf
K_H
JnT
CIT
HNR
F_U
AHl
FvJ
Exx
FIM
LRS
xc
vs
xz
LEM
DSN
Kqt
KZZ
APd
ux
ADn
KsB
UU
GII
EnD
fl
Wt
Jvo
EYv
KKm
IWD
AJZ
AWH
Kha
BFs
KsL
LDw
Eei
ElN
AQK
LGn
AxP
LKj
Iek
po
EJI
Ada
CnV
Hfi
KHV
Jjm
CHf
BvI
rW
HLX
HMS
FZt
Dip
BKo
Aad
EvL
KFE
hB
KQs
A_D
EXb
KC
AzO
KNk
LDK
AdV
APl
JuW
AdL
AKV
AnG
Dxe
nC
IQn
CNw
Jxa
Dxc
DcF
ItG
Gqk
jg
FWz
H_k
Ico
CWp
DTQ
KXp
LFd
uP
LWd
yH
JDj
A_M
JoZ
FLK
Cqh
HOx
IS_
HlR
AhW
nF
LWY
bC
AhX
zc
FkA
FFz
Kmg
ASN
AhB
YT
BrM
GG_
uJ
INU
Ixs
BkI
HOP
Jqz
QK
LWf
Hgg
Eco
Ck_
BVE
Tv
LOG
tZ
KAi
AzL
wf
CXe
BHE
DOm
JUO
pR
KUy
LTc
Jys
Bfo
KBv
DYH
ACN
BP
Erm
KQz
KJm
HwT
Ixn
KCH
JLE
SD
KQG
qE
JQm
Itx
KdL
Gvg
AVQ
Kqb
Jne
VP
Att
JZG
JiM
Gjj
JnJ
LDe
DVj
CqE
lC
APK
IJf
E_P
nH
Jkj
HGx
CXr
ISF
FPy
DDR
Jnc
Gvb
Inr
AId
KPC
GEk
EZs
ErX
QM
Hy
qW
LGV
KwJ
LTN
Ktk
JvP
AIm
Aj_
AKe
Efn
EMT
HfT
Akk
AOo
bm
KKy
FyN
ENA
CE
GgW
GKE
ARl
LKK
KA
KBh
IkN
LNV
A_H
Gfj
AmJ
AYK
Frd
Gpb
HWM
vh
xE
Gpl
LFC
Aen
JLF
Abp
Ars
KvI
nf
FcM
Fn
DCa
LAG
KkC
AfJ
KdT
IYT
ILi
HQn
EJT
JTx
IdG
Nb
CMh
JlD
IKU
HpO
EAX
H_X
AnM
AAV
xO
KiO
Kav
LHU
ATh
KhE
ImN
Cki
zy
BdO
KUP
HGg
JoK
IVn
OA
XQ
FtZ
HyK
ERa
HEa
IYg
KWP
Afi
Akl
HkN
BEx
IVs
Jxp
Cjo
JuH
qp
AKP
R
COg
MR
Ail
BmQ
IeL
EUM
HuK
AiB
AlI
Ket
LNR
FWX
fS
Juz
LBE
FkZ
AcV
BnC
Dey
KpO
IJy
IbR
ARV
K_I
JtC
Gnu
KCA
LWW
FCf
KmS
B_E
iY
Azs
ADR
DrH
r_
Cc
HxB
DPm
FXg
Aej
Ajy
DjD
Im
JqT
LQU
FF
Fnt
GQc
KGT
End
FT
nO
LFJ
HZ_
HyB
AAZ
EQ
FMJ
AMe
F_g
GSf
_y
Bvf
Kgt
BOY
AFK
ij
wi
DJn
LBq
JxH
Aav
Eyf
KRD
KnF
ACR
DnY
IWg
AyS
FbK
AJY
BYm
DBO
JeX
Jsy
GCE
GmJ
BAR
JZS
LCT
sc
EIZ
Aep
Jyw
CEA
Uy
Dww
yv
Ktw
Wq
ug
KDx
KEF
DtE
LVN
KSr
I_c
BVz
FWW
Jtf
IKG
JzO
Cqn
Koc
sN
KcD
CsJ
CKM
LQe
ABc
JSX
AvK
GCF
Lp
GjE
GCh
Agw
FVn
Jle
KbA
LCI
Kmn
DZe
KbY
Wx
LWI
BmD
Dwg
uq
U
Gfr
Xs
HQl
OR
EQz
KDQ
CIN
LPL
JzU
ASj
FMD
KFS
Biq
pM
DEM
Jma
KlH
ac
AdX
FcT
EWc
UB
GLV
tw
AyT
AIH
HlZ
AQV
KJo
EQo
Enz
AkT
JuL
LBz
FVm
AUE
DCK
HdQ
JCG
EJ
GKg
CCe
EMA
LNS
KcK
GhN
LLS
ASg
BDI
LBU
J_A
EGg
EUJ
IOR
CgF
DWV
JYb
Agl
rb
Jpn
KHI
GwT
Erl
JnL
WO
JrD
Fgi
AHh
IrT
HQI
KJP
IHj
BRg
DPx
GKI
JAP
Kal
FYN
AAp
Klj
FyS
FNp
sz
Beg
KWU
JjT
M_
Hn
KfT
HKB
Hav
HZB
Ezy
GzT
LIv
Keq
Jiq
JWc
HNk
yX
EgA
Nd
BPw
Dva
Jyc
BzU
KCe
GSi
KKi
WC
Jux
KbP
KSh
H_I
JWE
BQH
Irq
KXQ
Kic
iF
FZ
KyX
KsN
FjN
JQT
fq
CMI
UH
GRl
oJ
hX
Kq_
ESl
KgX
KSw
Ftc
KfH
JiD
BGg
IRg
Kbd
Awr
CaS
BhN
QH
HdW
jP
HLV
du
KlP
JzW
Cpe
DLx
KER
Jpl
ICt
LDX
ANH
DPZ
Kqw
CBk
FHj
BK_
GFK
Nm
CNY
DQV
AEs
AGj
EuS
GjA
Hc
Abf
Jls
CRN
KAH
AiL
ui
KOc
Kcx
CKB
Jny
IKw
ADK
UQ
HYT
IFy
Kgj
AaS
Kjl
EiZ
LUi
DIv
KRZ
KxO
EEb
LRY
HQH
AKJ
zL
Jre
Diz
AAY
LJl
aJ
Wi
JYX
IJE
Iqv
KOQ
ACv
LES
wS
AKS
JUK
KKn
LSN
AXl
LKl
Dpx
Coc
LBl
DSV
Kbe
DdX
UE
KKQ
AvG
Aym
FvT
rE
IXa
ZO
qX
vU
KUb
DpF
Gfy
BeC
LUD
AxZ
LUK
GtL
sb
ABD
Ami
Cyu
rN
Ioy
pX
Jyg
IjR
HiG
Jq
Ktm
Hby
LEs
FJY
FHG
Gar
FBv
Dok
LGo
LIn
uD
LWK
EQy
BvU
C_H
jD
BSu
HTU
Emg
yL
WS
Gev
ALW
AWA
Zr
Efk
KtP
HkF
GeE
KYW
DN
DK_
Zc
Kkd
LRw
KNn
GBd
JCN
JCY
BMa
CJQ
Hs
Dtd
CDO
S
Fjh
p
KyS
LNX
KoE
Knr
ANw
PB
LF_
KuT
DuB
GLH
EoQ
Kvm
GU
LHA
FZq
tY
CmP
KoX
rj
KR_
AMA
ki
KAy
EVs
KBg
HJM
Gjk
iQ
eL
xg
IaJ
LTL
vS
LAo
EgF
GlN
Cry
lR
Jsb
EWG
HMU
Jro
AJA
JlW
AUb
Exm
KIJ
Kxx
FlS
Zq
QS
JjC
KCu
Sy
TF
Dyt
AYh
Jot
Aa
A_F
GQs
C__
APQ
GD
BAA
KdR
BSA
FxY
Asl
XT
mO
AOB
KwR
Yu
BZP
J_E
HBl
IWf
AgS
AX
EBv
Jqu
KCI
KHC
Igi
KKp
bn
AGr
Ue
Kng
Dyv
KoT
JjV
HFc
fu
Hdz
KyH
AGM
pK
IbA
AlL
KNV
IWQ
KVS
JzF
Ibm
Jmb
AUg
LIH
EFF
CVH
IU_
ABA
HUk
J_z
Lc
Iaf
LQn
GVb
DAM
FPt
AMy
Khr
KDW
ea
KJ
kb
GVg
Apz
D_d
Jfw
KPE
Jmj
ENG
JHU
AOp
AyJ
LVJ
CMj
KEy
Kqj
AQD
FyX
KgK
CjO
LGe
Ens
KoM
Kug
ACF
Kak
AzD
IUY
FlJ
ld
CtF
CwU
KjA
GYz
IsZ
D_J
Jog
LIX
Idw
AVG
Fa
JPc
KNw
Ese
ICM
KwT
Ixi
Csw
FoH
LVE
JLQ
mM
Gf
FTS
at
Grs
Aho
oQ
Bda
DTj
Ksp
JCd
JkV
LEt
Fab
di
yj
HIA
Cwu
APY
ANT
Kmi
Ac_
Kbf
Ns
eR
LGu
DrI
Ks_
KpW
AJm
IxQ
HUp
LJe
EUu
Jse
BNS
Bed
Dwc
vp
AOL
Awm
EsX
vo
BP_
Cnf
ANo
BE
CTA
KfU
KAB
JOR
KPw
EGt
KJS
IwX
IBp
BxI
LMc
HRB
EdD
HTZ
Imu
LQt
KmN
Jsf
EWk
CaN
HRP
qr
GoD
Gwm
_Q
AlR
ADQ
FpI
BuS
AGQ
FcY
Jns
AAW
KkM
AHD
DPe
DiU
BIS
BOk
ANV
Guy
lI
CtT
Dhj
Bjh
_T
KBM
INp
AR
AkI
Bjp
ASm
LOp
Kil
GXL
LTg
Eiu
Jv_
LFp
KDK
ASY
AWf
AMz
GBD
ASn
KDm
KUu
KMY
K_S
Ikh
SR
Byv
Jtq
Dzx
mz
hP
JnS
EU
KuW
xU
Ksf
JpW
Ejj
Afo
JqN
DEW
NX
KpV
AXX
ym
xa
CoE
CjT
IBx
Amn
_j
AVo
G
KYv
IBJ
K_W
BNH
LQm
EYe
IsD
KyV
JXK
BTg
Epw
JmY
KVf
ASC
Jxe
KJl
HZf
JvF
ADg
lx
HBW
i_
BzL
LWE
LTi
LVY
Mc
Bdh
CzZ
LPd
KzB
LBu
Kdk
yZ
xN
AX_
Lg
Vp
AmW
Kiz
KiB
KZO
qQ
WX
InW
LHv
LQS
KwX
zE
JqV
LUA
AbQ
AdT
BcG
BI_
Kti
FSc
GvU
ND
AYw
AbO
KYk
DHA
LSn
EWl
IyH
AhQ
LGc
oo
D_H
KjY
DHP
Iqk
Jiz
qm
sA
CZp
LRT
J_J
LAQ
KGH
HyC
EB
DxP
DnJ
CCp
KqL
Op
CmA
kn
AJe
ECO
CdN
de
Agc
tv
Gb
JsP
ADU
uc
Guv
Kxf
CLp
JDb
KKa
On
CoG
md
HcM
JOU
IGX
AIQ
BV
BjP
Dlx
Ccf
Ags
EEj
AEg
ACz
JxP
LJy
BzO
AXh
JFw
BbC
Kep
KWW
LBp
FVx
Dpe
GQE
ILX
IDP
LEn
Oz
Efo
AEE
rG
KsC
GUL
AEL
JkM
Pu
nn
LGZ
KVK
AiU
DXt
HIT
DgF
KHb
CMF
JIT
gb
CaT
H_
JAg
JDi
LMm
ARz
HnR
KwA
LSB
EaS
BAp
DZA
LHj
Ar
AwH
APP
JzR
Krh
Fdh
IsO
xk
DHf
dK
Jic
CZj
KCD
Ec
BW_
Heg
ADe
ls
Cj
Gxt
Xx
LBt
Kv_
LHT
xr
Aup
_Y
FtL
Ps
HEh
GiA
ILZ
Djv
mN
H_K
LKk
KEj
Juo
JkY
BzS
LPt
Kza
Fno
JDx
DMM
LSH
mS
Hx
Ur
EVV
CeQ
ANu
Fup
DZp
Bj
GK
qo
Akx
FVt
LTb
AaI
DpR
FXK
Fsg
AFj
FKl
LPA
AfL
Hzq
Jnn
hQ
And
AND
CvM
KWV
AIf
KnB
LUJ
Khx
Aul
Bug
eN
Hiu
BxU
GGy
FoZ
FLn
ACK
BbN
Ej
KlA
FaC
gk
FgQ
ADM
EBc
CNW
EVi
KbC
AyY
FhC
Hrv
LHV
_R
AKC
AcI
ELW
Eav
ANc
LIq
Kek
KDT
GdN
DJL
Ioq
K
BtC
Gph
KXE
LJ
Kxi
ABT
BZ
ItT
IKJ
KlI
KMU
JAo
CCb
FuH
IxH
Hhj
Ktx
ASr
KTI
Rf
JpV
LDJ
GHI
GmS
JvT
Fcz
GoV
DyW
AKl
sF
JEs
l_
KVb
IPv
KWf
DcX
Ktg
HrA
ya
Ddu
EyN
Kiw
AFc
GHK
GzR
Klx
Klc
FQd
gQ
Kfe
KBF
CVP
Gjw
Kej
HxD
JZ
jA
KNe
Alz
CbK
EDv
KBC
JtS
BXx
vl
Ito
IfQ
DNe
tS
aF
a
Kol
Vh
JnW
Hbg
AKY
HDS
BOe
KEx
qN
CQG
FEq
JLO
DW
AAq
Gvz
FIh
IJI
Cii
AUV
CDE
HUh
Asx
Ajl
LGM
CIk
JQK
ST
KnK
Dez
Jeg
KJj
Enw
KrS
JBh
mU
AS_
KFf
LJa
IFn
hJ
KmO
Eq
KUn
LSW
Eg
Kzk
GFU
KGr
KLp
ICE
DIm
LTm
KIK
KgW
KtX
GFc
AYm
AmL
ON
KzM
wl
LKN
pI
KDR
HKX
ISm
Anb
HIe
KRz
KJX
Kum
BoP
Su
KJJ
Kxr
Jlv
Gl_
DlR
Sx
KmZ
rC
CMz
JuI
CVS
GFA
AvW
Et_
JuC
Le
Bsa
Inu
FBW
Did
AGd
CV_
uf
KdD
AXH
Jbr
KGA
St
lV
FyD
Jqe
Baw
GOV
JkR
BGz
Kpt
CSD
dT
TR
IHv
LDd
EnP
ByD
CvL
vx
KhK
K_Y
qU
BuD
Bod
CSk
CPm
HyD
Far
DZv
A_w
ANq
Ika
AhR
Arc
FaQ
KrJ
Jsn
cS
KYb
Joi
ig
CEG
KlW
KMP
Hyv
fN
Alv
FVH
AYR
LFh
Kt_
Jpp
DYL
Ess
LBi
EZJ
aO
ASS
KpK
AHJ
KtY
GnD
JLb
BS_
hK
Fpu
BkO
_h
KJT
KeD
aw
Aeq
KZl
F_L
IFo
Wy
Hb
HOv
Cia
EUs
HPc
C_p
FqU
Jtb
GXN
DJp
AVO
JnR
HcZ
LCL
FBE
AVq
ATu
LUv
LHf
DgM
DPs
Uv
JkG
LBo
VY
Ddo
LPG
xY
ISY
RB
HAS
DQR
KxD
KMq
HmY
AKO
WQ
Aon
Kdh
AIV
AZb
Hjx
AMk
KES
Ksg
Kju
EY
DRA
Tc
aM
KNO
zR
fc
HIt
GXx
KYe
Bqe
KJO
KVX
GTw
Jqo
HUa
AGI
Jud
es
KKB
mp
FMz
GnX
KCT
AaL
IiO
GiT
jm
AGs
HMq
KGe
ABj
FCC
Fwa
Qx
JJH
GTY
Vw
ERC
xV
KKL
DaD
JfE
KBT
Hhs
AAh
IsQ
MN
JvG
KRS
Jah
LRu
Akt
Hhn
jC
Bh
Kez
FiT
EwE
LJo
FwK
IYE
Jnf
HLu
Js
HYV
KtR
AZK
GJi
Jqn
IUt
Coi
AUe
KOL
af
UI
Egv
IUJ
Ic
LME
JmP
KTO
Aau
JHK
qG
GOo
HUl
Bk_
ARE
EuY
EL
KyL
KhW
HPB
IOI
CW_
BIq
DRg
GVY
GaY
AMQ
LGT
HJR
Ebs
AXR
DdJ
JTR
KjH
dc
IXx
LPu
Jpd
JGa
AgQ
AxA
DhN
KFZ
CQu
Krl
KkE
GgK
KHp
Kva
FAn
LCw
Afl
IGm
Kks
C_F
AjL
AkW
Jwd
Gif
Fmh
Afy
CZs
HzP
GJu
LDH
AJC
IXI
LKM
IXy
LAc
FwE
IPT
Gld
HcO
no
JtE
KDG
AOA
nI
Ktn
AXa
fJ
DuZ
AMU
rL
KVQ
ALl
HAt
Hzp
Bzk
IuB
FYU
KVz
BKW
BgQ
Jug
AaB
QQ
Hml
AQZ
DAt
LRA
HRY
HyZ
AOg
Cq
Ak
Isz
ATr
BQJ
AMY
FaA
AWt
HeZ
AcA
ZX
AJd
AT
AUH
APs
bN
DQX
ASc
HnT
Bym
Pe
KrW
Irz
Jvn
LBb
fQ
IDp
AZl
KRG
JO
HXP
Bir
LOq
DHU
AeN
rH
KGg
CRt
EtU
KDv
Hnq
NM
JMC
AGP
KDA
Gbr
Kg_
LIi
Kni
IFQ
d
GvF
Kjz
Dph
eO
tI
JMW
LBB
BBZ
Joc
ENB
Gxg
FOS
Kab
ChH
CB
en
Jrq
BiJ
AQy
Kso
Kfw
Ajk
GGk
Cy
JkX
LJn
Ea
C
LFQ
Jvg
LNJ
AKg
DJr
JJo
Bxv
Jwf
EHG
h
BOr
KKb
Bxa
EoH
ABq
FTQ
gj
LLr
JbU
EfM
JwU
YX
Fad
Fc
Fuu
DRi
JPT
EbA
Kym
LRR
YA
oz
LRq
JzM
Jxd
GkO
LWc
Jrh
IKt
Eyg
OT
AKv
Ku
Jsl
FQH
Jjt
KV_
LVg
AyC
KEv
JFj
LNc
JZN
JwF
CyH
KNA
CRx
YU
KjZ
KbF
ATM
AYQ
gT
aC
FYF
BfH
AWG
Aw
CL
DH_
GtX
DAp
EQA
Bdp
BVe
DMN
Of
Agy
ry
KQd
EdT
DkI
GSH
BGI
EiH
Itm
eG
GZF
KFU
Amb
AQL
Hzm
JnV
INX
ne
CYA
HsX
AH
CmR
LJF
EEI
HmR
BCe
AG_
Xl
ClK
Iit
Uk
KjX
CZF
KJs
AhP
KCG
IzC
sW
bK
Koi
AKQ
Kdz
Ilr
Bvo
KnN
AVp
GvR
Jhy
Kyu
SM
AQi
tj
IUQ
MY
CSd
pp
IDu
DhB
KWr
FNq
Ax
Kar
HB_
LR_
HsS
AUc
KXH
nh
Ddj
AEI
LB_
KBW
JMu
JwB
Jn_
K_t
Kgc
Kpu
AAs
DBa
HWU
JzJ
Kgz
mW
JEI
LOs
LUC
KJN
BKM
AyU
FFR
Kro
EWx
_q
CXc
FbE
Td
rt
GIP
JiW
Fiy
Fsp
Ioa
ACn
BKZ
Env
Afd
uB
Hql
dp
yB
Yt
FJD
AhY
FXY
Dsh
KNZ
_f
BjS
Jui
HYL
CIO
Kxb
SK
CNt
LEI
KyG
KtL
YG
GiE
KCk
APV
JHx
Fs_
zx
KVT
GW_
KkT
CMt
EAk
Faj
F_T
_V
vr
LEK
PC
ek
D_
sa
JVB
AFq
BKi
GsT
IIC
LIF
Aje
JzS
SA
AZo
EJO
XF
KMw
EzD
Jto
KTC
rp
JEz
KaN
KnG
KAr
Byx
Etw
Dmp
CKH
oU
KCW
KgT
Iir
Bvi
UO
HSH
AaM
Yn
KSO
Eay
KeS
CCC
LLg
JMz
LQE
AEp
AtA
IYO
AHO
EEl
AZS
BWD
BYZ
AEk
Apk
Kaq
DDI
BHR
Fur
LRZ
KJx
Buc
LCx
BXY
KzX
Akg
KQm
aQ
Gcn
GGP
KSB
qF
JdR
JiI
Atg
LA
KiG
pD
AZV
Afb
Hjt
IxY
SE
Iin
Ipj
KCN
oP
Hnf
CON
PP
Kjn
FPL
fY
AUF
LBP
IyB
Dox
Epv
FLJ
HQw
AMZ
DC
DtS
Jox
JIu
LQA
LFv
LAL
HRs
Dal
JLx
ag
DGX
LDq
Jsa
LVK
GQV
KPe
ANR
APz
IJL
LJO
JYd
Gzo
KFT
LRj
Kmp
AVt
Kwy
OG
CTY
BNp
AHu
EjM
KKA
ET
AmK
KqQ
Irw
Fjx
Kcl
Kxt
KTE
AVK
AWb
Jv
aZ
xx
KXK
KKh
KXq
LW_
Gsb
GA
KUG
C_V
JrG
HfZ
KOP
Frm
Ama
EWn
KZq
xR
ro
cl
DsZ
KUv
HV_
EsA
APk
BPp
BcB
Jyn
Byz
KxC
KZz
AdQ
AAL
FoI
JpM
AAj
APb
Oc
Gwd
LMK
KDt
DZa
JNL
DxR
Acp
AfE
HmW
KkV
Ut
UR
IE
Kws
AGa
EtN
lb
MP
eS
Ed
kf
Aek
G_u
EFM
AGN
JiE
Fmr
LAW
QR
Fld
UF
Dhn
K_o
DJt
Iy
KTR
Ajg
LRJ
FI
AbM
AEe
CNM
HMm
TU
LEh
Jti
KMQ
KRn
Gnv
KvD
BWC
FsJ
Lx
AHS
IkL
KON
KhD
KVJ
W
JjD
Hbp
GdK
DNl
LF
GSQ
Joe
Abw
eT
J
yp
BHm
LWU
KAu
CPp
BVM
GjQ
C_l
ARQ
LPN
Kbb
Kpj
FX
IQp
ELB
KnW
ZH
Clc
APh
JxV
LQ
FZr
Pa
AWi
Gbl
Avn
AM
AZD
JiU
JiY
FzO
Kwe
Aoe
JoH
AAH
CMk
KPO
ANP
hx
ETK
fM
Ewq
KcB
LMb
Kke
Kyn
Kib
JxO
LGE
KpP
LEr
Flq
uv
cu
CDr
AVM
LWL
_H
Jqp
AlN
HjN
AcF
IGt
ADA
Ans
CiJ
AMG
Fmt
pS
AUI
K_Z
GwM
ION
AlC
LLQ
FDt
IQI
DGn
LEv
Ctn
DMA
Kcy
TB
Fia
Gxl
JeR
GbV
Eiv
AEi
Koe
JwS
Pq
Jd
KFQ
JsQ
AAX
DGc
Bnc
Kuv
KCf
KhZ
dH
Amh
DIk
ATn
Ksa
CSb
Tu
KwB
I_f
Jrc
Jyk
PZ
dX
AO_
LAK
EFW
Gj
KFe
Jwo
Ix
LCj
LJk
DnH
Czq
ANa
Ou
DGi
lt
BJs
NP
JFT
BBu
FLN
KNg
kl
Fp
DMh
GxZ
JjJ
QU
BEg
LIr
Ich
PU
iL
KYR
Jqd
BSg
KGq
vQ
ALU
Ko
TE
EDk
Anv
Kul
H__
Fpm
LFD
CSy
AbN
KLP
KFr
IqZ
FoY
EnE
DXy
Hvv
LAn
ENa
Aai
EWC
JlR
CYd
Kfm
Kuj
sQ
Dp
iu
IPI
JlA
YC
AKE
DCP
KHk
JLW
wY
FGZ
KTm
LKF
Inc
LOP
FwL
Aum
AEb
BQA
DTI
KJF
KUZ
tL
Jmm
yk
GVF
CqU
LPX
Kh_
yA
AZW
Aey
K_
AKN
BAt
Kgi
KOu
IoF
AXN
HfG
En_
Jvb
KJV
Rs
KtE
KIE
HwX
KJu
za
BSF
zT
FtV
Qc
HLl
Aex
HAk
KpR
J_
FM
KNr
LKO
KWY
LQl
CUL
AYd
KVu
GPz
LKD
eX
FGN
Mz
Kts
HWL
IpH
_X
LWq
kk
Jbf
ExD
EZI
Kpf
GCc
s_
Jrv
Aed
ARU
Gth
KEr
LU_
IEi
GjU
DOA
KE_
CYx
FqV
BEQ
HqH
uu
Epr
t
LWk
uK
DNV
ANh
Aip
Czx
JUr
FjO
DDe
GWD
KGn
Ivd
BYH
HSW
Xe
IEL
Ief
Wd
Jav
IpI
Krr
LJH
LUm
DkY
Fvs
Jze
EQK
BLP
wM
MG
KLo
EIU
Jdt
Ken
BSN
Jni
AWY
ADL
AAx
KzY
FV_
KXJ
Klo
xm
Jw
GMi
Kqn
KXF
Jzz
EDc
AMv
Kad
BVS
kw
KnL
LBg
IZc
AkY
LNZ
GCy
Kcv
CBS
Ayk
KUd
Tf
FcZ
EPK
Gzs
FVD
KYL
EJP
ACh
CZD
dd
CZO
JIM
BLI
KVv
tR
Jlb
JIg
HEP
Haz
ByZ
dq
MZ
Jsx
Jva
